<?xml version="1.0" encoding="UTF-8"?>
<!-- Generated by org.testng.reporters.JUnitXMLReporter -->
<testsuite hostname="Vinod-PC" name="All tests" tests="176" failures="39" timestamp="27 Apr 2017 06:39:28 GMT" time="2382.938" errors="0">
  <testcase name="RP_01_Verify_Reprint_Page" time="0.13" classname="com.testScripts.Reprint_Test">
    <failure type="org.openqa.selenium.NoSuchElementException" message="no such element: Unable to locate element: {&amp;quot;method&amp;quot;:&amp;quot;xpath&amp;quot;,&amp;quot;selector&amp;quot;:&amp;quot;//*[@id=&amp;apos;wrapper&amp;apos;]/nav/div[2]/ul/li[1]/a&amp;quot;}
  (Session info: chrome=57.0.2987.133)
  (Driver info: chromedriver=2.29.461591 (62ebf098771772160f391d75e589dc567915b233),platform=Windows NT 6.1.7600 x86) (WARNING: The server did not provide any stacktrace information)
Command duration or timeout: 35 milliseconds
For documentation on this error, please visit: http://seleniumhq.org/exceptions/no_such_element.html
Build info: version: &amp;apos;2.2.1&amp;apos;, revision: &amp;apos;16551&amp;apos;, time: &amp;apos;2012-04-11 21:42:35&amp;apos;
System info: os.name: &amp;apos;Windows 7&amp;apos;, os.arch: &amp;apos;x86&amp;apos;, os.version: &amp;apos;6.1&amp;apos;, java.version: &amp;apos;1.8.0_121&amp;apos;
Driver info: driver.version: RemoteWebDriver">
      <![CDATA[org.openqa.selenium.NoSuchElementException: no such element: Unable to locate element: {"method":"xpath","selector":"//*[@id='wrapper']/nav/div[2]/ul/li[1]/a"}
  (Session info: chrome=57.0.2987.133)
  (Driver info: chromedriver=2.29.461591 (62ebf098771772160f391d75e589dc567915b233),platform=Windows NT 6.1.7600 x86) (WARNING: The server did not provide any stacktrace information)
Command duration or timeout: 35 milliseconds
For documentation on this error, please visit: http://seleniumhq.org/exceptions/no_such_element.html
Build info: version: '2.2.1', revision: '16551', time: '2012-04-11 21:42:35'
System info: os.name: 'Windows 7', os.arch: 'x86', os.version: '6.1', java.version: '1.8.0_121'
Driver info: driver.version: RemoteWebDriver
	at org.openqa.selenium.remote.ErrorHandler.createThrowable(ErrorHandler.java:175)
	at org.openqa.selenium.remote.ErrorHandler.throwIfResponseFailed(ErrorHandler.java:128)
	at org.openqa.selenium.remote.RemoteWebDriver.execute(RemoteWebDriver.java:459)
	at org.openqa.selenium.remote.RemoteWebDriver.findElement(RemoteWebDriver.java:227)
	at org.openqa.selenium.remote.RemoteWebDriver.findElementByXPath(RemoteWebDriver.java:312)
	at org.openqa.selenium.By$ByXPath.findElement(By.java:344)
	at org.openqa.selenium.remote.RemoteWebDriver.findElement(RemoteWebDriver.java:219)
	at com.pageLibrary.Reprint.rp_01_verify_reprint_page(Reprint.java:33)
	at com.testScripts.Reprint_Test.RP_01_Verify_Reprint_Page(Reprint_Test.java:18)
... Removed 28 stack frames]]>
    </failure>
  </testcase> <!-- RP_01_Verify_Reprint_Page -->
  <testcase name="RP_36_Verify_SelectBillType" time="0.03" classname="com.testScripts.Reprint_Test">
    <failure type="org.openqa.selenium.NoSuchElementException" message="no such element: Unable to locate element: {&amp;quot;method&amp;quot;:&amp;quot;css selector&amp;quot;,&amp;quot;selector&amp;quot;:&amp;quot;input[type=&amp;apos;text&amp;apos;][id=&amp;apos;guestname&amp;apos;][name=&amp;apos;guestname&amp;apos;]&amp;quot;}
  (Session info: chrome=57.0.2987.133)
  (Driver info: chromedriver=2.29.461591 (62ebf098771772160f391d75e589dc567915b233),platform=Windows NT 6.1.7600 x86) (WARNING: The server did not provide any stacktrace information)
Command duration or timeout: 28 milliseconds
For documentation on this error, please visit: http://seleniumhq.org/exceptions/no_such_element.html
Build info: version: &amp;apos;2.2.1&amp;apos;, revision: &amp;apos;16551&amp;apos;, time: &amp;apos;2012-04-11 21:42:35&amp;apos;
System info: os.name: &amp;apos;Windows 7&amp;apos;, os.arch: &amp;apos;x86&amp;apos;, os.version: &amp;apos;6.1&amp;apos;, java.version: &amp;apos;1.8.0_121&amp;apos;
Driver info: driver.version: RemoteWebDriver">
      <![CDATA[org.openqa.selenium.NoSuchElementException: no such element: Unable to locate element: {"method":"css selector","selector":"input[type='text'][id='guestname'][name='guestname']"}
  (Session info: chrome=57.0.2987.133)
  (Driver info: chromedriver=2.29.461591 (62ebf098771772160f391d75e589dc567915b233),platform=Windows NT 6.1.7600 x86) (WARNING: The server did not provide any stacktrace information)
Command duration or timeout: 28 milliseconds
For documentation on this error, please visit: http://seleniumhq.org/exceptions/no_such_element.html
Build info: version: '2.2.1', revision: '16551', time: '2012-04-11 21:42:35'
System info: os.name: 'Windows 7', os.arch: 'x86', os.version: '6.1', java.version: '1.8.0_121'
Driver info: driver.version: RemoteWebDriver
	at org.openqa.selenium.remote.ErrorHandler.createThrowable(ErrorHandler.java:175)
	at org.openqa.selenium.remote.ErrorHandler.throwIfResponseFailed(ErrorHandler.java:128)
	at org.openqa.selenium.remote.RemoteWebDriver.execute(RemoteWebDriver.java:459)
	at org.openqa.selenium.remote.RemoteWebDriver.findElement(RemoteWebDriver.java:227)
	at org.openqa.selenium.remote.RemoteWebDriver.findElementByCssSelector(RemoteWebDriver.java:304)
	at org.openqa.selenium.By$ByCssSelector.findElement(By.java:406)
	at org.openqa.selenium.remote.RemoteWebDriver.findElement(RemoteWebDriver.java:219)
	at com.pageLibrary.Reprint.rp_36_verify_SelectBillType(Reprint.java:723)
	at com.testScripts.Reprint_Test.RP_36_Verify_SelectBillType(Reprint_Test.java:161)
... Removed 28 stack frames]]>
    </failure>
  </testcase> <!-- RP_36_Verify_SelectBillType -->
  <testcase name="BS_105_Verify_Cash_Option_In_Paymentmode" time="0.009" classname="com.testScripts.Bill_Settlement_Test">
    <failure type="org.openqa.selenium.NoSuchElementException" message="no such element: Unable to locate element: {&amp;quot;method&amp;quot;:&amp;quot;xpath&amp;quot;,&amp;quot;selector&amp;quot;:&amp;quot;//*[@id=&amp;apos;wrapper&amp;apos;]/nav/div[2]/ul/li[1]/a&amp;quot;}
  (Session info: chrome=57.0.2987.133)
  (Driver info: chromedriver=2.29.461591 (62ebf098771772160f391d75e589dc567915b233),platform=Windows NT 6.1.7600 x86) (WARNING: The server did not provide any stacktrace information)
Command duration or timeout: 8 milliseconds
For documentation on this error, please visit: http://seleniumhq.org/exceptions/no_such_element.html
Build info: version: &amp;apos;2.2.1&amp;apos;, revision: &amp;apos;16551&amp;apos;, time: &amp;apos;2012-04-11 21:42:35&amp;apos;
System info: os.name: &amp;apos;Windows 7&amp;apos;, os.arch: &amp;apos;x86&amp;apos;, os.version: &amp;apos;6.1&amp;apos;, java.version: &amp;apos;1.8.0_121&amp;apos;
Driver info: driver.version: RemoteWebDriver">
      <![CDATA[org.openqa.selenium.NoSuchElementException: no such element: Unable to locate element: {"method":"xpath","selector":"//*[@id='wrapper']/nav/div[2]/ul/li[1]/a"}
  (Session info: chrome=57.0.2987.133)
  (Driver info: chromedriver=2.29.461591 (62ebf098771772160f391d75e589dc567915b233),platform=Windows NT 6.1.7600 x86) (WARNING: The server did not provide any stacktrace information)
Command duration or timeout: 8 milliseconds
For documentation on this error, please visit: http://seleniumhq.org/exceptions/no_such_element.html
Build info: version: '2.2.1', revision: '16551', time: '2012-04-11 21:42:35'
System info: os.name: 'Windows 7', os.arch: 'x86', os.version: '6.1', java.version: '1.8.0_121'
Driver info: driver.version: RemoteWebDriver
	at org.openqa.selenium.remote.ErrorHandler.createThrowable(ErrorHandler.java:175)
	at org.openqa.selenium.remote.ErrorHandler.throwIfResponseFailed(ErrorHandler.java:128)
	at org.openqa.selenium.remote.RemoteWebDriver.execute(RemoteWebDriver.java:459)
	at org.openqa.selenium.remote.RemoteWebDriver.findElement(RemoteWebDriver.java:227)
	at org.openqa.selenium.remote.RemoteWebDriver.findElementByXPath(RemoteWebDriver.java:312)
	at org.openqa.selenium.By$ByXPath.findElement(By.java:344)
	at org.openqa.selenium.remote.RemoteWebDriver.findElement(RemoteWebDriver.java:219)
	at com.pageLibrary.Bill_Settlement.bs_105_verify_cash_option_in_paymentmode(Bill_Settlement.java:4228)
	at com.testScripts.Bill_Settlement_Test.BS_105_Verify_Cash_Option_In_Paymentmode(Bill_Settlement_Test.java:427)
... Removed 28 stack frames]]>
    </failure>
  </testcase> <!-- BS_105_Verify_Cash_Option_In_Paymentmode -->
  <testcase name="BS_51_Verify_Name_on_CreditCard_With_Valid_Alphabets" time="25.166" classname="com.testScripts.Bill_Settlement_Test"/>
  <testcase name="BS_106_Verify_Amount_Accepting_EqualTo_Netamount" time="4.006" classname="com.testScripts.Bill_Settlement_Test">
    <failure type="org.openqa.selenium.WebDriverException" message="chrome not reachable
  (Session info: chrome=57.0.2987.133)
  (Driver info: chromedriver=2.29.461591 (62ebf098771772160f391d75e589dc567915b233),platform=Windows NT 6.1.7600 x86) (WARNING: The server did not provide any stacktrace information)
Command duration or timeout: 4.01 seconds
Build info: version: &amp;apos;2.2.1&amp;apos;, revision: &amp;apos;16551&amp;apos;, time: &amp;apos;2012-04-11 21:42:35&amp;apos;
System info: os.name: &amp;apos;Windows 7&amp;apos;, os.arch: &amp;apos;x86&amp;apos;, os.version: &amp;apos;6.1&amp;apos;, java.version: &amp;apos;1.8.0_121&amp;apos;
Driver info: driver.version: RemoteWebDriver">
      <![CDATA[org.openqa.selenium.WebDriverException: chrome not reachable
  (Session info: chrome=57.0.2987.133)
  (Driver info: chromedriver=2.29.461591 (62ebf098771772160f391d75e589dc567915b233),platform=Windows NT 6.1.7600 x86) (WARNING: The server did not provide any stacktrace information)
Command duration or timeout: 4.01 seconds
Build info: version: '2.2.1', revision: '16551', time: '2012-04-11 21:42:35'
System info: os.name: 'Windows 7', os.arch: 'x86', os.version: '6.1', java.version: '1.8.0_121'
Driver info: driver.version: RemoteWebDriver
	at org.openqa.selenium.remote.ErrorHandler.createThrowable(ErrorHandler.java:175)
	at org.openqa.selenium.remote.ErrorHandler.throwIfResponseFailed(ErrorHandler.java:128)
	at org.openqa.selenium.remote.RemoteWebDriver.execute(RemoteWebDriver.java:459)
	at org.openqa.selenium.remote.RemoteWebDriver.findElement(RemoteWebDriver.java:227)
	at org.openqa.selenium.remote.RemoteWebDriver.findElementByXPath(RemoteWebDriver.java:312)
	at org.openqa.selenium.By$ByXPath.findElement(By.java:344)
	at org.openqa.selenium.remote.RemoteWebDriver.findElement(RemoteWebDriver.java:219)
	at com.pageLibrary.Bill_Settlement.bs_106_verify_amount_accepting_equalto_netamount(Bill_Settlement.java:4253)
	at com.testScripts.Bill_Settlement_Test.BS_106_Verify_Amount_Accepting_EqualTo_Netamount(Bill_Settlement_Test.java:432)
... Removed 28 stack frames]]>
    </failure>
  </testcase> <!-- BS_106_Verify_Amount_Accepting_EqualTo_Netamount -->
  <testcase name="BS_52_Verify_Name_on_CreditCard_With_InValid_Alphanumeric" time="4.016" classname="com.testScripts.Bill_Settlement_Test"/>
  <testcase name="BS_106_Verify_Amount_Accepting_LessThan_Netamount" time="4.013" classname="com.testScripts.Bill_Settlement_Test">
    <failure type="org.openqa.selenium.WebDriverException" message="chrome not reachable
  (Session info: chrome=57.0.2987.133)
  (Driver info: chromedriver=2.29.461591 (62ebf098771772160f391d75e589dc567915b233),platform=Windows NT 6.1.7600 x86) (WARNING: The server did not provide any stacktrace information)
Command duration or timeout: 4.01 seconds
Build info: version: &amp;apos;2.2.1&amp;apos;, revision: &amp;apos;16551&amp;apos;, time: &amp;apos;2012-04-11 21:42:35&amp;apos;
System info: os.name: &amp;apos;Windows 7&amp;apos;, os.arch: &amp;apos;x86&amp;apos;, os.version: &amp;apos;6.1&amp;apos;, java.version: &amp;apos;1.8.0_121&amp;apos;
Driver info: driver.version: RemoteWebDriver">
      <![CDATA[org.openqa.selenium.WebDriverException: chrome not reachable
  (Session info: chrome=57.0.2987.133)
  (Driver info: chromedriver=2.29.461591 (62ebf098771772160f391d75e589dc567915b233),platform=Windows NT 6.1.7600 x86) (WARNING: The server did not provide any stacktrace information)
Command duration or timeout: 4.01 seconds
Build info: version: '2.2.1', revision: '16551', time: '2012-04-11 21:42:35'
System info: os.name: 'Windows 7', os.arch: 'x86', os.version: '6.1', java.version: '1.8.0_121'
Driver info: driver.version: RemoteWebDriver
	at org.openqa.selenium.remote.ErrorHandler.createThrowable(ErrorHandler.java:175)
	at org.openqa.selenium.remote.ErrorHandler.throwIfResponseFailed(ErrorHandler.java:128)
	at org.openqa.selenium.remote.RemoteWebDriver.execute(RemoteWebDriver.java:459)
	at org.openqa.selenium.remote.RemoteWebDriver.findElement(RemoteWebDriver.java:227)
	at org.openqa.selenium.remote.RemoteWebDriver.findElementByXPath(RemoteWebDriver.java:312)
	at org.openqa.selenium.By$ByXPath.findElement(By.java:344)
	at org.openqa.selenium.remote.RemoteWebDriver.findElement(RemoteWebDriver.java:219)
	at com.pageLibrary.Bill_Settlement.bs_106_verify_amount_accepting_lessthan_netamount(Bill_Settlement.java:4303)
	at com.testScripts.Bill_Settlement_Test.BS_106_Verify_Amount_Accepting_LessThan_Netamount(Bill_Settlement_Test.java:437)
... Removed 28 stack frames]]>
    </failure>
  </testcase> <!-- BS_106_Verify_Amount_Accepting_LessThan_Netamount -->
  <testcase name="BS_224_Verify_Name_on_CreditCard_With_InValid_SpecialCharacters" time="4.007" classname="com.testScripts.Bill_Settlement_Test"/>
  <testcase name="BS_106_Verify_Amount_Accepting_MoreThan_Netamount" time="4.024" classname="com.testScripts.Bill_Settlement_Test">
    <failure type="org.openqa.selenium.WebDriverException" message="chrome not reachable
  (Session info: chrome=57.0.2987.133)
  (Driver info: chromedriver=2.29.461591 (62ebf098771772160f391d75e589dc567915b233),platform=Windows NT 6.1.7600 x86) (WARNING: The server did not provide any stacktrace information)
Command duration or timeout: 4.02 seconds
Build info: version: &amp;apos;2.2.1&amp;apos;, revision: &amp;apos;16551&amp;apos;, time: &amp;apos;2012-04-11 21:42:35&amp;apos;
System info: os.name: &amp;apos;Windows 7&amp;apos;, os.arch: &amp;apos;x86&amp;apos;, os.version: &amp;apos;6.1&amp;apos;, java.version: &amp;apos;1.8.0_121&amp;apos;
Driver info: driver.version: RemoteWebDriver">
      <![CDATA[org.openqa.selenium.WebDriverException: chrome not reachable
  (Session info: chrome=57.0.2987.133)
  (Driver info: chromedriver=2.29.461591 (62ebf098771772160f391d75e589dc567915b233),platform=Windows NT 6.1.7600 x86) (WARNING: The server did not provide any stacktrace information)
Command duration or timeout: 4.02 seconds
Build info: version: '2.2.1', revision: '16551', time: '2012-04-11 21:42:35'
System info: os.name: 'Windows 7', os.arch: 'x86', os.version: '6.1', java.version: '1.8.0_121'
Driver info: driver.version: RemoteWebDriver
	at org.openqa.selenium.remote.ErrorHandler.createThrowable(ErrorHandler.java:175)
	at org.openqa.selenium.remote.ErrorHandler.throwIfResponseFailed(ErrorHandler.java:128)
	at org.openqa.selenium.remote.RemoteWebDriver.execute(RemoteWebDriver.java:459)
	at org.openqa.selenium.remote.RemoteWebDriver.findElement(RemoteWebDriver.java:227)
	at org.openqa.selenium.remote.RemoteWebDriver.findElementByXPath(RemoteWebDriver.java:312)
	at org.openqa.selenium.By$ByXPath.findElement(By.java:344)
	at org.openqa.selenium.remote.RemoteWebDriver.findElement(RemoteWebDriver.java:219)
	at com.pageLibrary.Bill_Settlement.bs_107_verify_amount_accepting_morethan_netamount(Bill_Settlement.java:4410)
	at com.testScripts.Bill_Settlement_Test.BS_106_Verify_Amount_Accepting_MoreThan_Netamount(Bill_Settlement_Test.java:442)
... Removed 28 stack frames]]>
    </failure>
  </testcase> <!-- BS_106_Verify_Amount_Accepting_MoreThan_Netamount -->
  <testcase name="BS_225_Verify_Name_on_CreditCard_With_InValid_Numeric" time="4.002" classname="com.testScripts.Bill_Settlement_Test"/>
  <testcase name="BS_115_Verify_Amount_Accepting_Alphabets_Invalid" time="4.014" classname="com.testScripts.Bill_Settlement_Test">
    <failure type="org.openqa.selenium.WebDriverException" message="chrome not reachable
  (Session info: chrome=57.0.2987.133)
  (Driver info: chromedriver=2.29.461591 (62ebf098771772160f391d75e589dc567915b233),platform=Windows NT 6.1.7600 x86) (WARNING: The server did not provide any stacktrace information)
Command duration or timeout: 4.01 seconds
Build info: version: &amp;apos;2.2.1&amp;apos;, revision: &amp;apos;16551&amp;apos;, time: &amp;apos;2012-04-11 21:42:35&amp;apos;
System info: os.name: &amp;apos;Windows 7&amp;apos;, os.arch: &amp;apos;x86&amp;apos;, os.version: &amp;apos;6.1&amp;apos;, java.version: &amp;apos;1.8.0_121&amp;apos;
Driver info: driver.version: RemoteWebDriver">
      <![CDATA[org.openqa.selenium.WebDriverException: chrome not reachable
  (Session info: chrome=57.0.2987.133)
  (Driver info: chromedriver=2.29.461591 (62ebf098771772160f391d75e589dc567915b233),platform=Windows NT 6.1.7600 x86) (WARNING: The server did not provide any stacktrace information)
Command duration or timeout: 4.01 seconds
Build info: version: '2.2.1', revision: '16551', time: '2012-04-11 21:42:35'
System info: os.name: 'Windows 7', os.arch: 'x86', os.version: '6.1', java.version: '1.8.0_121'
Driver info: driver.version: RemoteWebDriver
	at org.openqa.selenium.remote.ErrorHandler.createThrowable(ErrorHandler.java:175)
	at org.openqa.selenium.remote.ErrorHandler.throwIfResponseFailed(ErrorHandler.java:128)
	at org.openqa.selenium.remote.RemoteWebDriver.execute(RemoteWebDriver.java:459)
	at org.openqa.selenium.remote.RemoteWebDriver.findElement(RemoteWebDriver.java:227)
	at org.openqa.selenium.remote.RemoteWebDriver.findElementByXPath(RemoteWebDriver.java:312)
	at org.openqa.selenium.By$ByXPath.findElement(By.java:344)
	at org.openqa.selenium.remote.RemoteWebDriver.findElement(RemoteWebDriver.java:219)
	at com.pageLibrary.Bill_Settlement.bs_115_verify_amount_accepting_alphabets_Invalid(Bill_Settlement.java:4439)
	at com.testScripts.Bill_Settlement_Test.BS_115_Verify_Amount_Accepting_Alphabets_Invalid(Bill_Settlement_Test.java:447)
... Removed 28 stack frames]]>
    </failure>
  </testcase> <!-- BS_115_Verify_Amount_Accepting_Alphabets_Invalid -->
  <testcase name="BS_53_Verify_Name_on_CreditCard_Without_Entering_Name" time="4.038" classname="com.testScripts.Bill_Settlement_Test"/>
  <testcase name="BS_115_Verify_Amount_Accepting_AlphaNumerics_Invalid" time="4.027" classname="com.testScripts.Bill_Settlement_Test">
    <failure type="org.openqa.selenium.WebDriverException" message="chrome not reachable
  (Session info: chrome=57.0.2987.133)
  (Driver info: chromedriver=2.29.461591 (62ebf098771772160f391d75e589dc567915b233),platform=Windows NT 6.1.7600 x86) (WARNING: The server did not provide any stacktrace information)
Command duration or timeout: 4.02 seconds
Build info: version: &amp;apos;2.2.1&amp;apos;, revision: &amp;apos;16551&amp;apos;, time: &amp;apos;2012-04-11 21:42:35&amp;apos;
System info: os.name: &amp;apos;Windows 7&amp;apos;, os.arch: &amp;apos;x86&amp;apos;, os.version: &amp;apos;6.1&amp;apos;, java.version: &amp;apos;1.8.0_121&amp;apos;
Driver info: driver.version: RemoteWebDriver">
      <![CDATA[org.openqa.selenium.WebDriverException: chrome not reachable
  (Session info: chrome=57.0.2987.133)
  (Driver info: chromedriver=2.29.461591 (62ebf098771772160f391d75e589dc567915b233),platform=Windows NT 6.1.7600 x86) (WARNING: The server did not provide any stacktrace information)
Command duration or timeout: 4.02 seconds
Build info: version: '2.2.1', revision: '16551', time: '2012-04-11 21:42:35'
System info: os.name: 'Windows 7', os.arch: 'x86', os.version: '6.1', java.version: '1.8.0_121'
Driver info: driver.version: RemoteWebDriver
	at org.openqa.selenium.remote.ErrorHandler.createThrowable(ErrorHandler.java:175)
	at org.openqa.selenium.remote.ErrorHandler.throwIfResponseFailed(ErrorHandler.java:128)
	at org.openqa.selenium.remote.RemoteWebDriver.execute(RemoteWebDriver.java:459)
	at org.openqa.selenium.remote.RemoteWebDriver.findElement(RemoteWebDriver.java:227)
	at org.openqa.selenium.remote.RemoteWebDriver.findElementByXPath(RemoteWebDriver.java:312)
	at org.openqa.selenium.By$ByXPath.findElement(By.java:344)
	at org.openqa.selenium.remote.RemoteWebDriver.findElement(RemoteWebDriver.java:219)
	at com.pageLibrary.Bill_Settlement.bs_115_verify_amount_accepting_alphanumerics_Invalid(Bill_Settlement.java:4454)
	at com.testScripts.Bill_Settlement_Test.BS_115_Verify_Amount_Accepting_AlphaNumerics_Invalid(Bill_Settlement_Test.java:453)
... Removed 28 stack frames]]>
    </failure>
  </testcase> <!-- BS_115_Verify_Amount_Accepting_AlphaNumerics_Invalid -->
  <testcase name="BS_54_Verify_Name_on_Credit_Card_Textbox_with_Minimum_6_Char_Valid" time="4.005" classname="com.testScripts.Bill_Settlement_Test"/>
  <testcase name="BS_115_Verify_Amount_Accepting_SpecialCharacters_Invalid" time="4.007" classname="com.testScripts.Bill_Settlement_Test">
    <failure type="org.openqa.selenium.WebDriverException" message="chrome not reachable
  (Session info: chrome=57.0.2987.133)
  (Driver info: chromedriver=2.29.461591 (62ebf098771772160f391d75e589dc567915b233),platform=Windows NT 6.1.7600 x86) (WARNING: The server did not provide any stacktrace information)
Command duration or timeout: 4.01 seconds
Build info: version: &amp;apos;2.2.1&amp;apos;, revision: &amp;apos;16551&amp;apos;, time: &amp;apos;2012-04-11 21:42:35&amp;apos;
System info: os.name: &amp;apos;Windows 7&amp;apos;, os.arch: &amp;apos;x86&amp;apos;, os.version: &amp;apos;6.1&amp;apos;, java.version: &amp;apos;1.8.0_121&amp;apos;
Driver info: driver.version: RemoteWebDriver">
      <![CDATA[org.openqa.selenium.WebDriverException: chrome not reachable
  (Session info: chrome=57.0.2987.133)
  (Driver info: chromedriver=2.29.461591 (62ebf098771772160f391d75e589dc567915b233),platform=Windows NT 6.1.7600 x86) (WARNING: The server did not provide any stacktrace information)
Command duration or timeout: 4.01 seconds
Build info: version: '2.2.1', revision: '16551', time: '2012-04-11 21:42:35'
System info: os.name: 'Windows 7', os.arch: 'x86', os.version: '6.1', java.version: '1.8.0_121'
Driver info: driver.version: RemoteWebDriver
	at org.openqa.selenium.remote.ErrorHandler.createThrowable(ErrorHandler.java:175)
	at org.openqa.selenium.remote.ErrorHandler.throwIfResponseFailed(ErrorHandler.java:128)
	at org.openqa.selenium.remote.RemoteWebDriver.execute(RemoteWebDriver.java:459)
	at org.openqa.selenium.remote.RemoteWebDriver.findElement(RemoteWebDriver.java:227)
	at org.openqa.selenium.remote.RemoteWebDriver.findElementByXPath(RemoteWebDriver.java:312)
	at org.openqa.selenium.By$ByXPath.findElement(By.java:344)
	at org.openqa.selenium.remote.RemoteWebDriver.findElement(RemoteWebDriver.java:219)
	at com.pageLibrary.Bill_Settlement.bs_115_verify_amount_accepting_specialcharacters_Invalid(Bill_Settlement.java:4477)
	at com.testScripts.Bill_Settlement_Test.BS_115_Verify_Amount_Accepting_SpecialCharacters_Invalid(Bill_Settlement_Test.java:458)
... Removed 28 stack frames]]>
    </failure>
  </testcase> <!-- BS_115_Verify_Amount_Accepting_SpecialCharacters_Invalid -->
  <testcase name="BS_55_Verify_Name_on_Credit_Card_Textbox_with_Maximum_30_Char_Valid" time="4.004" classname="com.testScripts.Bill_Settlement_Test"/>
  <testcase name="BS_116_Verify_Amount_Leaving_Blank_Invalid" time="4.036" classname="com.testScripts.Bill_Settlement_Test">
    <failure type="org.openqa.selenium.WebDriverException" message="chrome not reachable
  (Session info: chrome=57.0.2987.133)
  (Driver info: chromedriver=2.29.461591 (62ebf098771772160f391d75e589dc567915b233),platform=Windows NT 6.1.7600 x86) (WARNING: The server did not provide any stacktrace information)
Command duration or timeout: 4.03 seconds
Build info: version: &amp;apos;2.2.1&amp;apos;, revision: &amp;apos;16551&amp;apos;, time: &amp;apos;2012-04-11 21:42:35&amp;apos;
System info: os.name: &amp;apos;Windows 7&amp;apos;, os.arch: &amp;apos;x86&amp;apos;, os.version: &amp;apos;6.1&amp;apos;, java.version: &amp;apos;1.8.0_121&amp;apos;
Driver info: driver.version: RemoteWebDriver">
      <![CDATA[org.openqa.selenium.WebDriverException: chrome not reachable
  (Session info: chrome=57.0.2987.133)
  (Driver info: chromedriver=2.29.461591 (62ebf098771772160f391d75e589dc567915b233),platform=Windows NT 6.1.7600 x86) (WARNING: The server did not provide any stacktrace information)
Command duration or timeout: 4.03 seconds
Build info: version: '2.2.1', revision: '16551', time: '2012-04-11 21:42:35'
System info: os.name: 'Windows 7', os.arch: 'x86', os.version: '6.1', java.version: '1.8.0_121'
Driver info: driver.version: RemoteWebDriver
	at org.openqa.selenium.remote.ErrorHandler.createThrowable(ErrorHandler.java:175)
	at org.openqa.selenium.remote.ErrorHandler.throwIfResponseFailed(ErrorHandler.java:128)
	at org.openqa.selenium.remote.RemoteWebDriver.execute(RemoteWebDriver.java:459)
	at org.openqa.selenium.remote.RemoteWebDriver.findElement(RemoteWebDriver.java:227)
	at org.openqa.selenium.remote.RemoteWebDriver.findElementByXPath(RemoteWebDriver.java:312)
	at org.openqa.selenium.By$ByXPath.findElement(By.java:344)
	at org.openqa.selenium.remote.RemoteWebDriver.findElement(RemoteWebDriver.java:219)
	at com.pageLibrary.Bill_Settlement.bs_116_verify_amount_leaving_blank_Invalid(Bill_Settlement.java:4503)
	at com.testScripts.Bill_Settlement_Test.BS_116_Verify_Amount_Leaving_Blank_Invalid(Bill_Settlement_Test.java:464)
... Removed 28 stack frames]]>
    </failure>
  </testcase> <!-- BS_116_Verify_Amount_Leaving_Blank_Invalid -->
  <testcase name="BS_56_Verify_Name_on_CreditCard_with_Morethan_30_Char_Invalid" time="4.003" classname="com.testScripts.Bill_Settlement_Test"/>
  <testcase name="BS_226_Verify_Name_on_CreditCard_with_below_6_Characters_Invalid" time="4.006" classname="com.testScripts.Bill_Settlement_Test"/>
  <testcase name="BS_57_Verify_CreditCard_Number_with_Numeric_Valid" time="4.003" classname="com.testScripts.Bill_Settlement_Test"/>
  <testcase name="BS_58_Verify_Credit_Card_Number_with_SpecialChar_Invalid" time="4.022" classname="com.testScripts.Bill_Settlement_Test"/>
  <testcase name="BS_227_Verify_Credit_Card_Number_with_Alphanumeric_Invalid" time="4.003" classname="com.testScripts.Bill_Settlement_Test"/>
  <testcase name="BS_228_Verify_Credit_Card_Number_with_Alphabets_Invalid" time="3.996" classname="com.testScripts.Bill_Settlement_Test"/>
  <testcase name="BS_59_Verify_Credit_Card_Number_with_Blank_Invalid" time="4.003" classname="com.testScripts.Bill_Settlement_Test"/>
  <testcase name="BS_60_Verify_CreditCard_Number_with_4_Digits_Valid" time="4.031" classname="com.testScripts.Bill_Settlement_Test"/>
  <testcase name="BS_61_Verify_Credit_Card_Number_with_Morethan_4_digits_Invalid" time="4.004" classname="com.testScripts.Bill_Settlement_Test"/>
  <testcase name="BS_62_Verify_Credit_Card_Number_with_below_4_digits_Invalid" time="4.001" classname="com.testScripts.Bill_Settlement_Test"/>
  <testcase name="BS_63_Verify_Default_Option_At_Credit_Card_Type_Dropdown" time="4.005" classname="com.testScripts.Bill_Settlement_Test"/>
  <testcase name="BS_64_Verify_Credit_Card_Type_Dropdown_Valid" time="4.005" classname="com.testScripts.Bill_Settlement_Test"/>
  <testcase name="BS_65_Verify_Credit_Card_Type_with_Blank_Invalid" time="4.012" classname="com.testScripts.Bill_Settlement_Test"/>
  <testcase name="BS_66_Verify_Amount_Lessthan_or_Equal_to_NetAmount" time="4.003" classname="com.testScripts.Bill_Settlement_Test"/>
  <testcase name="BS_67_Verify_Amount_with_Morethan_NetAmount" time="4.007" classname="com.testScripts.Bill_Settlement_Test"/>
  <testcase name="BS_68_Verify_PaymentMode_Cheque_Option" time="6.004" classname="com.testScripts.Bill_Settlement_Test"/>
  <testcase name="BS_69_Verify_BankName_with_Alphabets_Valid" time="4.115" classname="com.testScripts.Bill_Settlement_Test"/>
  <testcase name="BS_70_Verify_BankName_with_SplChar_Invalid" time="4.015" classname="com.testScripts.Bill_Settlement_Test"/>
  <testcase name="BS_229_Verify_BankName_with_Numeric_Invalid" time="4.017" classname="com.testScripts.Bill_Settlement_Test"/>
  <testcase name="BS_230_Verify_BankName_with_AlphaNumeric_Invalid" time="4.014" classname="com.testScripts.Bill_Settlement_Test"/>
  <testcase name="BS_71_Verify_BankName_with_Blank_Invalid" time="4.063" classname="com.testScripts.Bill_Settlement_Test"/>
  <testcase name="BS_72_Verify_BankName_with_Minimum_3_Char_Valid" time="4.049" classname="com.testScripts.Bill_Settlement_Test"/>
  <testcase name="BS_73_Verify_BankName_with_Maximum_15_Char_Valid" time="4.009" classname="com.testScripts.Bill_Settlement_Test"/>
  <testcase name="BS_74_Verify_BankName_with_Morethan_15_Char_Invalid" time="4.003" classname="com.testScripts.Bill_Settlement_Test"/>
  <testcase name="BS_75_Verify_Cheque_Number_with_Numeric_Valid" time="4.077" classname="com.testScripts.Bill_Settlement_Test"/>
  <testcase name="BS_76_Verify_Cheque_Number_with_Spl_Char_Invalid" time="4.165" classname="com.testScripts.Bill_Settlement_Test"/>
  <testcase name="BS_231_Verify_Cheque_Number_with_Alphabets_Invalid" time="4.022" classname="com.testScripts.Bill_Settlement_Test"/>
  <testcase name="BS_232_Verify_Cheque_Number_with_AlphaNumeric_Invalid" time="4.001" classname="com.testScripts.Bill_Settlement_Test"/>
  <testcase name="BS_233_Verify_BankName_with_below_3_Char_Invalid" time="4.007" classname="com.testScripts.Bill_Settlement_Test"/>
  <testcase name="BS_77_Verify_Cheque_Number_with_Blank_Invalid" time="4.006" classname="com.testScripts.Bill_Settlement_Test"/>
  <testcase name="BS_78_Verify_Cheque_Number_with_Minimum_6_Digits_Valid" time="4.058" classname="com.testScripts.Bill_Settlement_Test"/>
  <testcase name="BS_79_Verify_Cheque_Number_with_Lessthan_6_Digits_Invalid" time="4.026" classname="com.testScripts.Bill_Settlement_Test"/>
  <testcase name="BS_80_Verify_Cheque_Number_with_Morethan_6_Digits_Invalid" time="3.999" classname="com.testScripts.Bill_Settlement_Test"/>
  <testcase name="BS_81_Verify_Cheque_Payee_with_Alphabets_Valid" time="4.016" classname="com.testScripts.Bill_Settlement_Test"/>
  <testcase name="BS_82_Verify_Cheque_Payee_with_Spl_Char_Invalid" time="4.006" classname="com.testScripts.Bill_Settlement_Test"/>
  <testcase name="BS_234_Verify_Cheque_Payee_with_AlphaNumeric_Invalid" time="4.007" classname="com.testScripts.Bill_Settlement_Test"/>
  <testcase name="BS_235_Verify_Cheque_Payee_with_Numeric_Invalid" time="4.01" classname="com.testScripts.Bill_Settlement_Test"/>
  <testcase name="BS_83_Verify_Cheque_Payee_with_Minimum_3_Char_Valid" time="4.006" classname="com.testScripts.Bill_Settlement_Test"/>
  <testcase name="BS_84_Verify_Cheque_Payee_with_Lessthan_3_Char_Invalid" time="4.087" classname="com.testScripts.Bill_Settlement_Test"/>
  <testcase name="BS_85_Verify_Cheque_Payee_with_Maximum_20_Char_Valid" time="4.001" classname="com.testScripts.Bill_Settlement_Test"/>
  <testcase name="BS_86_Verify_Cheque_Payee_with_Morethan_20_Char_Invalid" time="4.1" classname="com.testScripts.Bill_Settlement_Test"/>
  <testcase name="BS_87_Verify_Cheque_Payee_with_Blank_Invalid" time="4.011" classname="com.testScripts.Bill_Settlement_Test"/>
  <testcase name="BS_99_Verify_Cheque_Date_format" time="4.007" classname="com.testScripts.Bill_Settlement_Test"/>
  <testcase name="BS_100_Verify_Cheque_Date_with_Morethan_SystemDate" time="4.008" classname="com.testScripts.Bill_Settlement_Test"/>
  <testcase name="BS_101_Verify_Cheque_Date_with_Lessthan_SystemDate" time="4.004" classname="com.testScripts.Bill_Settlement_Test"/>
  <testcase name="BS_102_Verify_Amount_Lessthan_or_Equal_to_NetAmount" time="4.011" classname="com.testScripts.Bill_Settlement_Test"/>
  <testcase name="BS_103_Verify_Amount_Morethan_NetAmount_Invalid" time="4.012" classname="com.testScripts.Bill_Settlement_Test"/>
  <testcase name="BS_104_Verify_Cheque_Date_Blank_Invalid" time="4.067" classname="com.testScripts.Bill_Settlement_Test"/>
  <testcase name="BS_117" time="3.614" classname="com.testScripts.Appointment_Module_Bill_Settlement"/>
  <testcase name="BS_118" time="6.02" classname="com.testScripts.Appointment_Module_Bill_Settlement"/>
  <testcase name="BS_119" time="6.296" classname="com.testScripts.Appointment_Module_Bill_Settlement"/>
  <testcase name="BS_120" time="6.016" classname="com.testScripts.Appointment_Module_Bill_Settlement"/>
  <testcase name="BS_121" time="5.846" classname="com.testScripts.Appointment_Module_Bill_Settlement"/>
  <testcase name="BS_122" time="5.737" classname="com.testScripts.Appointment_Module_Bill_Settlement">
    <failure type="org.openqa.selenium.NoAlertPresentException" message="no alert open
  (Session info: chrome=57.0.2987.133)
  (Driver info: chromedriver=2.29.461591 (62ebf098771772160f391d75e589dc567915b233),platform=Windows NT 6.1.7600 x86) (WARNING: The server did not provide any stacktrace information)
Command duration or timeout: 3 milliseconds
Build info: version: &amp;apos;2.2.1&amp;apos;, revision: &amp;apos;16551&amp;apos;, time: &amp;apos;2012-04-11 21:42:35&amp;apos;
System info: os.name: &amp;apos;Windows 7&amp;apos;, os.arch: &amp;apos;x86&amp;apos;, os.version: &amp;apos;6.1&amp;apos;, java.version: &amp;apos;1.8.0_121&amp;apos;
Driver info: driver.version: RemoteWebDriver">
      <![CDATA[org.openqa.selenium.NoAlertPresentException: no alert open
  (Session info: chrome=57.0.2987.133)
  (Driver info: chromedriver=2.29.461591 (62ebf098771772160f391d75e589dc567915b233),platform=Windows NT 6.1.7600 x86) (WARNING: The server did not provide any stacktrace information)
Command duration or timeout: 3 milliseconds
Build info: version: '2.2.1', revision: '16551', time: '2012-04-11 21:42:35'
System info: os.name: 'Windows 7', os.arch: 'x86', os.version: '6.1', java.version: '1.8.0_121'
Driver info: driver.version: RemoteWebDriver
	at org.openqa.selenium.remote.ErrorHandler.createThrowable(ErrorHandler.java:175)
	at org.openqa.selenium.remote.ErrorHandler.throwIfResponseFailed(ErrorHandler.java:128)
	at org.openqa.selenium.remote.RemoteWebDriver.execute(RemoteWebDriver.java:459)
	at org.openqa.selenium.remote.RemoteWebDriver.execute(RemoteWebDriver.java:463)
	at org.openqa.selenium.remote.RemoteWebDriver$RemoteTargetLocator.alert(RemoteWebDriver.java:723)
	at com.testScripts.Appointment_Module_Bill_Settlement.BS_122(Appointment_Module_Bill_Settlement.java:1852)
... Removed 28 stack frames]]>
    </failure>
  </testcase> <!-- BS_122 -->
  <testcase name="BS_123" time="6.182" classname="com.testScripts.Appointment_Module_Bill_Settlement"/>
  <testcase name="BS_124" time="8.051" classname="com.testScripts.Appointment_Module_Bill_Settlement"/>
  <testcase name="BS_125" time="10.079" classname="com.testScripts.Appointment_Module_Bill_Settlement"/>
  <testcase name="BS_126" time="8.186" classname="com.testScripts.Appointment_Module_Bill_Settlement"/>
  <testcase name="BS_127" time="3.762" classname="com.testScripts.Appointment_Module_Bill_Settlement"/>
  <testcase name="BS_128" time="5.67" classname="com.testScripts.Appointment_Module_Bill_Settlement">
    <failure type="java.lang.AssertionError" message="expected [true] but found [false]">
      <![CDATA[java.lang.AssertionError: expected [true] but found [false]
	at com.testScripts.Appointment_Module_Bill_Settlement.BS_128(Appointment_Module_Bill_Settlement.java:1996)
... Removed 28 stack frames]]>
    </failure>
  </testcase> <!-- BS_128 -->
  <testcase name="BS_129" time="5.978" classname="com.testScripts.Appointment_Module_Bill_Settlement">
    <failure type="java.lang.AssertionError" message="expected [true] but found [false]">
      <![CDATA[java.lang.AssertionError: expected [true] but found [false]
	at com.testScripts.Appointment_Module_Bill_Settlement.BS_129(Appointment_Module_Bill_Settlement.java:2013)
... Removed 28 stack frames]]>
    </failure>
  </testcase> <!-- BS_129 -->
  <testcase name="BS_130" time="6.049" classname="com.testScripts.Appointment_Module_Bill_Settlement"/>
  <testcase name="BS_131" time="6.044" classname="com.testScripts.Appointment_Module_Bill_Settlement"/>
  <testcase name="BS_132" time="5.869" classname="com.testScripts.Appointment_Module_Bill_Settlement">
    <failure type="org.openqa.selenium.NoAlertPresentException" message="no alert open
  (Session info: chrome=57.0.2987.133)
  (Driver info: chromedriver=2.29.461591 (62ebf098771772160f391d75e589dc567915b233),platform=Windows NT 6.1.7600 x86) (WARNING: The server did not provide any stacktrace information)
Command duration or timeout: 2 milliseconds
Build info: version: &amp;apos;2.2.1&amp;apos;, revision: &amp;apos;16551&amp;apos;, time: &amp;apos;2012-04-11 21:42:35&amp;apos;
System info: os.name: &amp;apos;Windows 7&amp;apos;, os.arch: &amp;apos;x86&amp;apos;, os.version: &amp;apos;6.1&amp;apos;, java.version: &amp;apos;1.8.0_121&amp;apos;
Driver info: driver.version: RemoteWebDriver">
      <![CDATA[org.openqa.selenium.NoAlertPresentException: no alert open
  (Session info: chrome=57.0.2987.133)
  (Driver info: chromedriver=2.29.461591 (62ebf098771772160f391d75e589dc567915b233),platform=Windows NT 6.1.7600 x86) (WARNING: The server did not provide any stacktrace information)
Command duration or timeout: 2 milliseconds
Build info: version: '2.2.1', revision: '16551', time: '2012-04-11 21:42:35'
System info: os.name: 'Windows 7', os.arch: 'x86', os.version: '6.1', java.version: '1.8.0_121'
Driver info: driver.version: RemoteWebDriver
	at org.openqa.selenium.remote.ErrorHandler.createThrowable(ErrorHandler.java:175)
	at org.openqa.selenium.remote.ErrorHandler.throwIfResponseFailed(ErrorHandler.java:128)
	at org.openqa.selenium.remote.RemoteWebDriver.execute(RemoteWebDriver.java:459)
	at org.openqa.selenium.remote.RemoteWebDriver.execute(RemoteWebDriver.java:463)
	at org.openqa.selenium.remote.RemoteWebDriver$RemoteTargetLocator.alert(RemoteWebDriver.java:723)
	at com.testScripts.Appointment_Module_Bill_Settlement.BS_132(Appointment_Module_Bill_Settlement.java:2073)
... Removed 28 stack frames]]>
    </failure>
  </testcase> <!-- BS_132 -->
  <testcase name="BS_133" time="6.232" classname="com.testScripts.Appointment_Module_Bill_Settlement"/>
  <testcase name="BS_134" time="8.11" classname="com.testScripts.Appointment_Module_Bill_Settlement"/>
  <testcase name="BS_135" time="13.312" classname="com.testScripts.Appointment_Module_Bill_Settlement"/>
  <testcase name="BS_136" time="11.449" classname="com.testScripts.Appointment_Module_Bill_Settlement"/>
  <testcase name="BS_137" time="3.733" classname="com.testScripts.Appointment_Module_Bill_Settlement"/>
  <testcase name="BS_138" time="4.368" classname="com.testScripts.Appointment_Module_Bill_Settlement"/>
  <testcase name="BS_139" time="4.539" classname="com.testScripts.Appointment_Module_Bill_Settlement">
    <failure type="java.lang.AssertionError" message="expected [false] but found [true]">
      <![CDATA[java.lang.AssertionError: expected [false] but found [true]
	at com.testScripts.Appointment_Module_Bill_Settlement.BS_139(Appointment_Module_Bill_Settlement.java:73)
... Removed 28 stack frames]]>
    </failure>
  </testcase> <!-- BS_139 -->
  <testcase name="BS_140" time="14.145" classname="com.testScripts.Appointment_Module_Bill_Settlement">
    <failure type="org.openqa.selenium.NoSuchElementException" message="no such element: Unable to locate element: {&amp;quot;method&amp;quot;:&amp;quot;id&amp;quot;,&amp;quot;selector&amp;quot;:&amp;quot;&amp;quot;}
  (Session info: chrome=57.0.2987.133)
  (Driver info: chromedriver=2.29.461591 (62ebf098771772160f391d75e589dc567915b233),platform=Windows NT 6.1.7600 x86) (WARNING: The server did not provide any stacktrace information)
Command duration or timeout: 10.01 seconds
For documentation on this error, please visit: http://seleniumhq.org/exceptions/no_such_element.html
Build info: version: &amp;apos;2.2.1&amp;apos;, revision: &amp;apos;16551&amp;apos;, time: &amp;apos;2012-04-11 21:42:35&amp;apos;
System info: os.name: &amp;apos;Windows 7&amp;apos;, os.arch: &amp;apos;x86&amp;apos;, os.version: &amp;apos;6.1&amp;apos;, java.version: &amp;apos;1.8.0_121&amp;apos;
Driver info: driver.version: RemoteWebDriver">
      <![CDATA[org.openqa.selenium.NoSuchElementException: no such element: Unable to locate element: {"method":"id","selector":""}
  (Session info: chrome=57.0.2987.133)
  (Driver info: chromedriver=2.29.461591 (62ebf098771772160f391d75e589dc567915b233),platform=Windows NT 6.1.7600 x86) (WARNING: The server did not provide any stacktrace information)
Command duration or timeout: 10.01 seconds
For documentation on this error, please visit: http://seleniumhq.org/exceptions/no_such_element.html
Build info: version: '2.2.1', revision: '16551', time: '2012-04-11 21:42:35'
System info: os.name: 'Windows 7', os.arch: 'x86', os.version: '6.1', java.version: '1.8.0_121'
Driver info: driver.version: RemoteWebDriver
	at org.openqa.selenium.remote.ErrorHandler.createThrowable(ErrorHandler.java:175)
	at org.openqa.selenium.remote.ErrorHandler.throwIfResponseFailed(ErrorHandler.java:128)
	at org.openqa.selenium.remote.RemoteWebDriver.execute(RemoteWebDriver.java:459)
	at org.openqa.selenium.remote.RemoteWebDriver.findElement(RemoteWebDriver.java:227)
	at org.openqa.selenium.remote.RemoteWebDriver.findElementById(RemoteWebDriver.java:256)
	at org.openqa.selenium.By$ById.findElement(By.java:216)
	at org.openqa.selenium.remote.RemoteWebDriver.findElement(RemoteWebDriver.java:219)
	at org.openqa.selenium.support.pagefactory.DefaultElementLocator.findElement(DefaultElementLocator.java:69)
	at org.openqa.selenium.support.pagefactory.internal.LocatingElementHandler.invoke(LocatingElementHandler.java:38)
	at com.sun.proxy.$Proxy7.isDisplayed(Unknown Source)
	at com.testScripts.Appointment_Module_Bill_Settlement.BS_140(Appointment_Module_Bill_Settlement.java:89)
... Removed 28 stack frames]]>
    </failure>
  </testcase> <!-- BS_140 -->
  <testcase name="BS_141" time="4.38" classname="com.testScripts.Appointment_Module_Bill_Settlement"/>
  <testcase name="BS_142" time="4.695" classname="com.testScripts.Appointment_Module_Bill_Settlement"/>
  <testcase name="BS_143" time="4.56" classname="com.testScripts.Appointment_Module_Bill_Settlement">
    <failure type="java.lang.AssertionError" message="expected [false] but found [true]">
      <![CDATA[java.lang.AssertionError: expected [false] but found [true]
	at com.testScripts.Appointment_Module_Bill_Settlement.BS_143(Appointment_Module_Bill_Settlement.java:153)
... Removed 28 stack frames]]>
    </failure>
  </testcase> <!-- BS_143 -->
  <testcase name="BS_144" time="4.61" classname="com.testScripts.Appointment_Module_Bill_Settlement">
    <failure type="java.lang.AssertionError" message="expected [false] but found [true]">
      <![CDATA[java.lang.AssertionError: expected [false] but found [true]
	at com.testScripts.Appointment_Module_Bill_Settlement.BS_144(Appointment_Module_Bill_Settlement.java:175)
... Removed 28 stack frames]]>
    </failure>
  </testcase> <!-- BS_144 -->
  <testcase name="BS_145" time="3.774" classname="com.testScripts.Appointment_Module_Bill_Settlement"/>
  <testcase name="BS_146" time="14.0" classname="com.testScripts.Appointment_Module_Bill_Settlement">
    <failure type="org.openqa.selenium.NoSuchElementException" message="no such element: Unable to locate element: {&amp;quot;method&amp;quot;:&amp;quot;id&amp;quot;,&amp;quot;selector&amp;quot;:&amp;quot;&amp;quot;}
  (Session info: chrome=57.0.2987.133)
  (Driver info: chromedriver=2.29.461591 (62ebf098771772160f391d75e589dc567915b233),platform=Windows NT 6.1.7600 x86) (WARNING: The server did not provide any stacktrace information)
Command duration or timeout: 10.01 seconds
For documentation on this error, please visit: http://seleniumhq.org/exceptions/no_such_element.html
Build info: version: &amp;apos;2.2.1&amp;apos;, revision: &amp;apos;16551&amp;apos;, time: &amp;apos;2012-04-11 21:42:35&amp;apos;
System info: os.name: &amp;apos;Windows 7&amp;apos;, os.arch: &amp;apos;x86&amp;apos;, os.version: &amp;apos;6.1&amp;apos;, java.version: &amp;apos;1.8.0_121&amp;apos;
Driver info: driver.version: RemoteWebDriver">
      <![CDATA[org.openqa.selenium.NoSuchElementException: no such element: Unable to locate element: {"method":"id","selector":""}
  (Session info: chrome=57.0.2987.133)
  (Driver info: chromedriver=2.29.461591 (62ebf098771772160f391d75e589dc567915b233),platform=Windows NT 6.1.7600 x86) (WARNING: The server did not provide any stacktrace information)
Command duration or timeout: 10.01 seconds
For documentation on this error, please visit: http://seleniumhq.org/exceptions/no_such_element.html
Build info: version: '2.2.1', revision: '16551', time: '2012-04-11 21:42:35'
System info: os.name: 'Windows 7', os.arch: 'x86', os.version: '6.1', java.version: '1.8.0_121'
Driver info: driver.version: RemoteWebDriver
	at org.openqa.selenium.remote.ErrorHandler.createThrowable(ErrorHandler.java:175)
	at org.openqa.selenium.remote.ErrorHandler.throwIfResponseFailed(ErrorHandler.java:128)
	at org.openqa.selenium.remote.RemoteWebDriver.execute(RemoteWebDriver.java:459)
	at org.openqa.selenium.remote.RemoteWebDriver.findElement(RemoteWebDriver.java:227)
	at org.openqa.selenium.remote.RemoteWebDriver.findElementById(RemoteWebDriver.java:256)
	at org.openqa.selenium.By$ById.findElement(By.java:216)
	at org.openqa.selenium.remote.RemoteWebDriver.findElement(RemoteWebDriver.java:219)
	at org.openqa.selenium.support.pagefactory.DefaultElementLocator.findElement(DefaultElementLocator.java:69)
	at org.openqa.selenium.support.pagefactory.internal.LocatingElementHandler.invoke(LocatingElementHandler.java:38)
	at com.sun.proxy.$Proxy7.isDisplayed(Unknown Source)
	at com.testScripts.Appointment_Module_Bill_Settlement.BS_146(Appointment_Module_Bill_Settlement.java:206)
... Removed 28 stack frames]]>
    </failure>
  </testcase> <!-- BS_146 -->
  <testcase name="BS_147" time="4.375" classname="com.testScripts.Appointment_Module_Bill_Settlement"/>
  <testcase name="BS_148" time="3.855" classname="com.testScripts.Appointment_Module_Bill_Settlement"/>
  <testcase name="BS_149" time="4.4" classname="com.testScripts.Appointment_Module_Bill_Settlement">
    <failure type="java.lang.AssertionError" message="expected [false] but found [true]">
      <![CDATA[java.lang.AssertionError: expected [false] but found [true]
	at com.testScripts.Appointment_Module_Bill_Settlement.BS_149(Appointment_Module_Bill_Settlement.java:264)
... Removed 28 stack frames]]>
    </failure>
  </testcase> <!-- BS_149 -->
  <testcase name="BS_150" time="3.646" classname="com.testScripts.Appointment_Module_Bill_Settlement"/>
  <testcase name="BS_151" time="3.648" classname="com.testScripts.Appointment_Module_Bill_Settlement"/>
  <testcase name="BS_152" time="3.933" classname="com.testScripts.Appointment_Module_Bill_Settlement">
    <failure type="org.openqa.selenium.UnhandledAlertException" message="unexpected alert open: {Alert text : Please Enter valid amount }
  (Session info: chrome=57.0.2987.133)
  (Driver info: chromedriver=2.29.461591 (62ebf098771772160f391d75e589dc567915b233),platform=Windows NT 6.1.7600 x86) (WARNING: The server did not provide any stacktrace information)
Command duration or timeout: 2 milliseconds
Build info: version: &amp;apos;2.2.1&amp;apos;, revision: &amp;apos;16551&amp;apos;, time: &amp;apos;2012-04-11 21:42:35&amp;apos;
System info: os.name: &amp;apos;Windows 7&amp;apos;, os.arch: &amp;apos;x86&amp;apos;, os.version: &amp;apos;6.1&amp;apos;, java.version: &amp;apos;1.8.0_121&amp;apos;
Driver info: driver.version: RemoteWebDriver">
      <![CDATA[org.openqa.selenium.UnhandledAlertException: unexpected alert open: {Alert text : Please Enter valid amount }
  (Session info: chrome=57.0.2987.133)
  (Driver info: chromedriver=2.29.461591 (62ebf098771772160f391d75e589dc567915b233),platform=Windows NT 6.1.7600 x86) (WARNING: The server did not provide any stacktrace information)
Command duration or timeout: 2 milliseconds
Build info: version: '2.2.1', revision: '16551', time: '2012-04-11 21:42:35'
System info: os.name: 'Windows 7', os.arch: 'x86', os.version: '6.1', java.version: '1.8.0_121'
Driver info: driver.version: RemoteWebDriver
	at org.openqa.selenium.remote.ErrorHandler.createThrowable(ErrorHandler.java:175)
	at org.openqa.selenium.remote.ErrorHandler.throwIfResponseFailed(ErrorHandler.java:134)
	at org.openqa.selenium.remote.RemoteWebDriver.execute(RemoteWebDriver.java:459)
	at org.openqa.selenium.remote.RemoteWebDriver.findElement(RemoteWebDriver.java:227)
	at org.openqa.selenium.remote.RemoteWebDriver.findElementById(RemoteWebDriver.java:256)
	at org.openqa.selenium.By$ById.findElement(By.java:216)
	at org.openqa.selenium.remote.RemoteWebDriver.findElement(RemoteWebDriver.java:219)
	at org.openqa.selenium.support.pagefactory.DefaultElementLocator.findElement(DefaultElementLocator.java:69)
	at org.openqa.selenium.support.pagefactory.internal.LocatingElementHandler.invoke(LocatingElementHandler.java:38)
	at com.sun.proxy.$Proxy7.isDisplayed(Unknown Source)
	at com.testScripts.Appointment_Module_Bill_Settlement.BS_152(Appointment_Module_Bill_Settlement.java:305)
... Removed 28 stack frames]]>
    </failure>
  </testcase> <!-- BS_152 -->
  <testcase name="BS_153" time="4.285" classname="com.testScripts.Appointment_Module_Bill_Settlement"/>
  <testcase name="BS_154" time="6.178" classname="com.testScripts.Appointment_Module_Bill_Settlement"/>
  <testcase name="BS_155" time="6.231" classname="com.testScripts.Appointment_Module_Bill_Settlement"/>
  <testcase name="BS_156" time="8.054" classname="com.testScripts.Appointment_Module_Bill_Settlement"/>
  <testcase name="BS_157" time="7.836" classname="com.testScripts.Appointment_Module_Bill_Settlement"/>
  <testcase name="BS_158" time="5.743" classname="com.testScripts.Appointment_Module_Bill_Settlement">
    <failure type="org.openqa.selenium.UnhandledAlertException" message="unexpected alert open: {Alert text : Sorry no Room avilable in this Building !}
  (Session info: chrome=57.0.2987.133)
  (Driver info: chromedriver=2.29.461591 (62ebf098771772160f391d75e589dc567915b233),platform=Windows NT 6.1.7600 x86) (WARNING: The server did not provide any stacktrace information)
Command duration or timeout: 2 milliseconds
Build info: version: &amp;apos;2.2.1&amp;apos;, revision: &amp;apos;16551&amp;apos;, time: &amp;apos;2012-04-11 21:42:35&amp;apos;
System info: os.name: &amp;apos;Windows 7&amp;apos;, os.arch: &amp;apos;x86&amp;apos;, os.version: &amp;apos;6.1&amp;apos;, java.version: &amp;apos;1.8.0_121&amp;apos;
Driver info: driver.version: RemoteWebDriver">
      <![CDATA[org.openqa.selenium.UnhandledAlertException: unexpected alert open: {Alert text : Sorry no Room avilable in this Building !}
  (Session info: chrome=57.0.2987.133)
  (Driver info: chromedriver=2.29.461591 (62ebf098771772160f391d75e589dc567915b233),platform=Windows NT 6.1.7600 x86) (WARNING: The server did not provide any stacktrace information)
Command duration or timeout: 2 milliseconds
Build info: version: '2.2.1', revision: '16551', time: '2012-04-11 21:42:35'
System info: os.name: 'Windows 7', os.arch: 'x86', os.version: '6.1', java.version: '1.8.0_121'
Driver info: driver.version: RemoteWebDriver
	at org.openqa.selenium.remote.ErrorHandler.createThrowable(ErrorHandler.java:175)
	at org.openqa.selenium.remote.ErrorHandler.throwIfResponseFailed(ErrorHandler.java:134)
	at org.openqa.selenium.remote.RemoteWebDriver.execute(RemoteWebDriver.java:459)
	at org.openqa.selenium.remote.RemoteWebDriver.findElement(RemoteWebDriver.java:227)
	at org.openqa.selenium.remote.RemoteWebDriver.findElementByXPath(RemoteWebDriver.java:312)
	at org.openqa.selenium.By$ByXPath.findElement(By.java:344)
	at org.openqa.selenium.remote.RemoteWebDriver.findElement(RemoteWebDriver.java:219)
	at org.openqa.selenium.support.pagefactory.DefaultElementLocator.findElement(DefaultElementLocator.java:69)
	at org.openqa.selenium.support.pagefactory.internal.LocatingElementHandler.invoke(LocatingElementHandler.java:38)
	at com.sun.proxy.$Proxy7.findElements(Unknown Source)
	at org.openqa.selenium.support.ui.Select.getOptions(Select.java:70)
	at org.openqa.selenium.support.ui.Select.getFirstSelectedOption(Select.java:94)
	at com.testScripts.Appointment_Module_Bill_Settlement.BS_158(Appointment_Module_Bill_Settlement.java:416)
... Removed 28 stack frames]]>
    </failure>
  </testcase> <!-- BS_158 -->
  <testcase name="BS_159" time="10.016" classname="com.testScripts.Appointment_Module_Bill_Settlement">
    <failure type="org.openqa.selenium.NoSuchElementException" message="no such element: Unable to locate element: {&amp;quot;method&amp;quot;:&amp;quot;xpath&amp;quot;,&amp;quot;selector&amp;quot;:&amp;quot;//*[@id=&amp;apos;wrapper&amp;apos;]/nav/div[2]/ul/li[1]/a&amp;quot;}
  (Session info: chrome=57.0.2987.133)
  (Driver info: chromedriver=2.29.461591 (62ebf098771772160f391d75e589dc567915b233),platform=Windows NT 6.1.7600 x86) (WARNING: The server did not provide any stacktrace information)
Command duration or timeout: 10.01 seconds
For documentation on this error, please visit: http://seleniumhq.org/exceptions/no_such_element.html
Build info: version: &amp;apos;2.2.1&amp;apos;, revision: &amp;apos;16551&amp;apos;, time: &amp;apos;2012-04-11 21:42:35&amp;apos;
System info: os.name: &amp;apos;Windows 7&amp;apos;, os.arch: &amp;apos;x86&amp;apos;, os.version: &amp;apos;6.1&amp;apos;, java.version: &amp;apos;1.8.0_121&amp;apos;
Driver info: driver.version: RemoteWebDriver">
      <![CDATA[org.openqa.selenium.NoSuchElementException: no such element: Unable to locate element: {"method":"xpath","selector":"//*[@id='wrapper']/nav/div[2]/ul/li[1]/a"}
  (Session info: chrome=57.0.2987.133)
  (Driver info: chromedriver=2.29.461591 (62ebf098771772160f391d75e589dc567915b233),platform=Windows NT 6.1.7600 x86) (WARNING: The server did not provide any stacktrace information)
Command duration or timeout: 10.01 seconds
For documentation on this error, please visit: http://seleniumhq.org/exceptions/no_such_element.html
Build info: version: '2.2.1', revision: '16551', time: '2012-04-11 21:42:35'
System info: os.name: 'Windows 7', os.arch: 'x86', os.version: '6.1', java.version: '1.8.0_121'
Driver info: driver.version: RemoteWebDriver
	at org.openqa.selenium.remote.ErrorHandler.createThrowable(ErrorHandler.java:175)
	at org.openqa.selenium.remote.ErrorHandler.throwIfResponseFailed(ErrorHandler.java:128)
	at org.openqa.selenium.remote.RemoteWebDriver.execute(RemoteWebDriver.java:459)
	at org.openqa.selenium.remote.RemoteWebDriver.findElement(RemoteWebDriver.java:227)
	at org.openqa.selenium.remote.RemoteWebDriver.findElementByXPath(RemoteWebDriver.java:312)
	at org.openqa.selenium.By$ByXPath.findElement(By.java:344)
	at org.openqa.selenium.remote.RemoteWebDriver.findElement(RemoteWebDriver.java:219)
	at org.openqa.selenium.support.pagefactory.DefaultElementLocator.findElement(DefaultElementLocator.java:69)
	at org.openqa.selenium.support.pagefactory.internal.LocatingElementHandler.invoke(LocatingElementHandler.java:38)
	at com.sun.proxy.$Proxy7.click(Unknown Source)
	at com.pageLocators.Appointment_Module_Bill_Settlement_Repository.Opening_Bill_Settlement_Page(Appointment_Module_Bill_Settlement_Repository.java:243)
	at com.testScripts.Appointment_Module_Bill_Settlement.BS_159(Appointment_Module_Bill_Settlement.java:428)
... Removed 28 stack frames]]>
    </failure>
  </testcase> <!-- BS_159 -->
  <testcase name="BS_160" time="6.147" classname="com.testScripts.Appointment_Module_Bill_Settlement">
    <failure type="java.lang.AssertionError" message="expected [true] but found [false]">
      <![CDATA[java.lang.AssertionError: expected [true] but found [false]
	at com.testScripts.Appointment_Module_Bill_Settlement.BS_160(Appointment_Module_Bill_Settlement.java:457)
... Removed 28 stack frames]]>
    </failure>
  </testcase> <!-- BS_160 -->
  <testcase name="BS_161" time="5.86" classname="com.testScripts.Appointment_Module_Bill_Settlement"/>
  <testcase name="BS_162" time="6.052" classname="com.testScripts.Appointment_Module_Bill_Settlement"/>
  <testcase name="BS_163" time="6.185" classname="com.testScripts.Appointment_Module_Bill_Settlement"/>
  <testcase name="BS_164" time="6.297" classname="com.testScripts.Appointment_Module_Bill_Settlement"/>
  <testcase name="BS_165" time="6.155" classname="com.testScripts.Appointment_Module_Bill_Settlement"/>
  <testcase name="BS_166" time="7.148" classname="com.testScripts.Appointment_Module_Bill_Settlement"/>
  <testcase name="BS_167" time="6.456" classname="com.testScripts.Appointment_Module_Bill_Settlement"/>
  <testcase name="BS_168" time="17.039" classname="com.testScripts.Appointment_Module_Bill_Settlement">
    <failure type="org.openqa.selenium.NoSuchElementException" message="no such element: Unable to locate element: {&amp;quot;method&amp;quot;:&amp;quot;id&amp;quot;,&amp;quot;selector&amp;quot;:&amp;quot;&amp;quot;}
  (Session info: chrome=57.0.2987.133)
  (Driver info: chromedriver=2.29.461591 (62ebf098771772160f391d75e589dc567915b233),platform=Windows NT 6.1.7600 x86) (WARNING: The server did not provide any stacktrace information)
Command duration or timeout: 10.03 seconds
For documentation on this error, please visit: http://seleniumhq.org/exceptions/no_such_element.html
Build info: version: &amp;apos;2.2.1&amp;apos;, revision: &amp;apos;16551&amp;apos;, time: &amp;apos;2012-04-11 21:42:35&amp;apos;
System info: os.name: &amp;apos;Windows 7&amp;apos;, os.arch: &amp;apos;x86&amp;apos;, os.version: &amp;apos;6.1&amp;apos;, java.version: &amp;apos;1.8.0_121&amp;apos;
Driver info: driver.version: RemoteWebDriver">
      <![CDATA[org.openqa.selenium.NoSuchElementException: no such element: Unable to locate element: {"method":"id","selector":""}
  (Session info: chrome=57.0.2987.133)
  (Driver info: chromedriver=2.29.461591 (62ebf098771772160f391d75e589dc567915b233),platform=Windows NT 6.1.7600 x86) (WARNING: The server did not provide any stacktrace information)
Command duration or timeout: 10.03 seconds
For documentation on this error, please visit: http://seleniumhq.org/exceptions/no_such_element.html
Build info: version: '2.2.1', revision: '16551', time: '2012-04-11 21:42:35'
System info: os.name: 'Windows 7', os.arch: 'x86', os.version: '6.1', java.version: '1.8.0_121'
Driver info: driver.version: RemoteWebDriver
	at org.openqa.selenium.remote.ErrorHandler.createThrowable(ErrorHandler.java:175)
	at org.openqa.selenium.remote.ErrorHandler.throwIfResponseFailed(ErrorHandler.java:128)
	at org.openqa.selenium.remote.RemoteWebDriver.execute(RemoteWebDriver.java:459)
	at org.openqa.selenium.remote.RemoteWebDriver.findElement(RemoteWebDriver.java:227)
	at org.openqa.selenium.remote.RemoteWebDriver.findElementById(RemoteWebDriver.java:256)
	at org.openqa.selenium.By$ById.findElement(By.java:216)
	at org.openqa.selenium.remote.RemoteWebDriver.findElement(RemoteWebDriver.java:219)
	at org.openqa.selenium.support.pagefactory.DefaultElementLocator.findElement(DefaultElementLocator.java:69)
	at org.openqa.selenium.support.pagefactory.internal.LocatingElementHandler.invoke(LocatingElementHandler.java:38)
	at com.sun.proxy.$Proxy7.getText(Unknown Source)
	at com.testScripts.Appointment_Module_Bill_Settlement.BS_168(Appointment_Module_Bill_Settlement.java:602)
... Removed 28 stack frames]]>
    </failure>
  </testcase> <!-- BS_168 -->
  <testcase name="BS_169" time="6.293" classname="com.testScripts.Appointment_Module_Bill_Settlement"/>
  <testcase name="BS_170" time="6.304" classname="com.testScripts.Appointment_Module_Bill_Settlement"/>
  <testcase name="BS_171" time="17.529" classname="com.testScripts.Appointment_Module_Bill_Settlement">
    <failure type="org.openqa.selenium.NoSuchElementException" message="no such element: Unable to locate element: {&amp;quot;method&amp;quot;:&amp;quot;id&amp;quot;,&amp;quot;selector&amp;quot;:&amp;quot;&amp;quot;}
  (Session info: chrome=57.0.2987.133)
  (Driver info: chromedriver=2.29.461591 (62ebf098771772160f391d75e589dc567915b233),platform=Windows NT 6.1.7600 x86) (WARNING: The server did not provide any stacktrace information)
Command duration or timeout: 10.04 seconds
For documentation on this error, please visit: http://seleniumhq.org/exceptions/no_such_element.html
Build info: version: &amp;apos;2.2.1&amp;apos;, revision: &amp;apos;16551&amp;apos;, time: &amp;apos;2012-04-11 21:42:35&amp;apos;
System info: os.name: &amp;apos;Windows 7&amp;apos;, os.arch: &amp;apos;x86&amp;apos;, os.version: &amp;apos;6.1&amp;apos;, java.version: &amp;apos;1.8.0_121&amp;apos;
Driver info: driver.version: RemoteWebDriver">
      <![CDATA[org.openqa.selenium.NoSuchElementException: no such element: Unable to locate element: {"method":"id","selector":""}
  (Session info: chrome=57.0.2987.133)
  (Driver info: chromedriver=2.29.461591 (62ebf098771772160f391d75e589dc567915b233),platform=Windows NT 6.1.7600 x86) (WARNING: The server did not provide any stacktrace information)
Command duration or timeout: 10.04 seconds
For documentation on this error, please visit: http://seleniumhq.org/exceptions/no_such_element.html
Build info: version: '2.2.1', revision: '16551', time: '2012-04-11 21:42:35'
System info: os.name: 'Windows 7', os.arch: 'x86', os.version: '6.1', java.version: '1.8.0_121'
Driver info: driver.version: RemoteWebDriver
	at org.openqa.selenium.remote.ErrorHandler.createThrowable(ErrorHandler.java:175)
	at org.openqa.selenium.remote.ErrorHandler.throwIfResponseFailed(ErrorHandler.java:128)
	at org.openqa.selenium.remote.RemoteWebDriver.execute(RemoteWebDriver.java:459)
	at org.openqa.selenium.remote.RemoteWebDriver.findElement(RemoteWebDriver.java:227)
	at org.openqa.selenium.remote.RemoteWebDriver.findElementById(RemoteWebDriver.java:256)
	at org.openqa.selenium.By$ById.findElement(By.java:216)
	at org.openqa.selenium.remote.RemoteWebDriver.findElement(RemoteWebDriver.java:219)
	at org.openqa.selenium.support.pagefactory.DefaultElementLocator.findElement(DefaultElementLocator.java:69)
	at org.openqa.selenium.support.pagefactory.internal.LocatingElementHandler.invoke(LocatingElementHandler.java:38)
	at com.sun.proxy.$Proxy7.getText(Unknown Source)
	at com.testScripts.Appointment_Module_Bill_Settlement.BS_171(Appointment_Module_Bill_Settlement.java:655)
... Removed 28 stack frames]]>
    </failure>
  </testcase> <!-- BS_171 -->
  <testcase name="BS_172" time="6.63" classname="com.testScripts.Appointment_Module_Bill_Settlement"/>
  <testcase name="BS_173" time="8.547" classname="com.testScripts.Appointment_Module_Bill_Settlement"/>
  <testcase name="BS_174" time="17.326" classname="com.testScripts.Appointment_Module_Bill_Settlement">
    <failure type="org.openqa.selenium.NoSuchElementException" message="no such element: Unable to locate element: {&amp;quot;method&amp;quot;:&amp;quot;id&amp;quot;,&amp;quot;selector&amp;quot;:&amp;quot;&amp;quot;}
  (Session info: chrome=57.0.2987.133)
  (Driver info: chromedriver=2.29.461591 (62ebf098771772160f391d75e589dc567915b233),platform=Windows NT 6.1.7600 x86) (WARNING: The server did not provide any stacktrace information)
Command duration or timeout: 10.09 seconds
For documentation on this error, please visit: http://seleniumhq.org/exceptions/no_such_element.html
Build info: version: &amp;apos;2.2.1&amp;apos;, revision: &amp;apos;16551&amp;apos;, time: &amp;apos;2012-04-11 21:42:35&amp;apos;
System info: os.name: &amp;apos;Windows 7&amp;apos;, os.arch: &amp;apos;x86&amp;apos;, os.version: &amp;apos;6.1&amp;apos;, java.version: &amp;apos;1.8.0_121&amp;apos;
Driver info: driver.version: RemoteWebDriver">
      <![CDATA[org.openqa.selenium.NoSuchElementException: no such element: Unable to locate element: {"method":"id","selector":""}
  (Session info: chrome=57.0.2987.133)
  (Driver info: chromedriver=2.29.461591 (62ebf098771772160f391d75e589dc567915b233),platform=Windows NT 6.1.7600 x86) (WARNING: The server did not provide any stacktrace information)
Command duration or timeout: 10.09 seconds
For documentation on this error, please visit: http://seleniumhq.org/exceptions/no_such_element.html
Build info: version: '2.2.1', revision: '16551', time: '2012-04-11 21:42:35'
System info: os.name: 'Windows 7', os.arch: 'x86', os.version: '6.1', java.version: '1.8.0_121'
Driver info: driver.version: RemoteWebDriver
	at org.openqa.selenium.remote.ErrorHandler.createThrowable(ErrorHandler.java:175)
	at org.openqa.selenium.remote.ErrorHandler.throwIfResponseFailed(ErrorHandler.java:128)
	at org.openqa.selenium.remote.RemoteWebDriver.execute(RemoteWebDriver.java:459)
	at org.openqa.selenium.remote.RemoteWebDriver.findElement(RemoteWebDriver.java:227)
	at org.openqa.selenium.remote.RemoteWebDriver.findElementById(RemoteWebDriver.java:256)
	at org.openqa.selenium.By$ById.findElement(By.java:216)
	at org.openqa.selenium.remote.RemoteWebDriver.findElement(RemoteWebDriver.java:219)
	at org.openqa.selenium.support.pagefactory.DefaultElementLocator.findElement(DefaultElementLocator.java:69)
	at org.openqa.selenium.support.pagefactory.internal.LocatingElementHandler.invoke(LocatingElementHandler.java:38)
	at com.sun.proxy.$Proxy7.getText(Unknown Source)
	at com.testScripts.Appointment_Module_Bill_Settlement.BS_174(Appointment_Module_Bill_Settlement.java:710)
... Removed 28 stack frames]]>
    </failure>
  </testcase> <!-- BS_174 -->
  <testcase name="BS_175" time="9.197" classname="com.testScripts.Appointment_Module_Bill_Settlement"/>
  <testcase name="BS_176" time="7.479" classname="com.testScripts.Appointment_Module_Bill_Settlement"/>
  <testcase name="BS_177" time="17.178" classname="com.testScripts.Appointment_Module_Bill_Settlement">
    <failure type="org.openqa.selenium.NoSuchElementException" message="no such element: Unable to locate element: {&amp;quot;method&amp;quot;:&amp;quot;id&amp;quot;,&amp;quot;selector&amp;quot;:&amp;quot;&amp;quot;}
  (Session info: chrome=57.0.2987.133)
  (Driver info: chromedriver=2.29.461591 (62ebf098771772160f391d75e589dc567915b233),platform=Windows NT 6.1.7600 x86) (WARNING: The server did not provide any stacktrace information)
Command duration or timeout: 10.07 seconds
For documentation on this error, please visit: http://seleniumhq.org/exceptions/no_such_element.html
Build info: version: &amp;apos;2.2.1&amp;apos;, revision: &amp;apos;16551&amp;apos;, time: &amp;apos;2012-04-11 21:42:35&amp;apos;
System info: os.name: &amp;apos;Windows 7&amp;apos;, os.arch: &amp;apos;x86&amp;apos;, os.version: &amp;apos;6.1&amp;apos;, java.version: &amp;apos;1.8.0_121&amp;apos;
Driver info: driver.version: RemoteWebDriver">
      <![CDATA[org.openqa.selenium.NoSuchElementException: no such element: Unable to locate element: {"method":"id","selector":""}
  (Session info: chrome=57.0.2987.133)
  (Driver info: chromedriver=2.29.461591 (62ebf098771772160f391d75e589dc567915b233),platform=Windows NT 6.1.7600 x86) (WARNING: The server did not provide any stacktrace information)
Command duration or timeout: 10.07 seconds
For documentation on this error, please visit: http://seleniumhq.org/exceptions/no_such_element.html
Build info: version: '2.2.1', revision: '16551', time: '2012-04-11 21:42:35'
System info: os.name: 'Windows 7', os.arch: 'x86', os.version: '6.1', java.version: '1.8.0_121'
Driver info: driver.version: RemoteWebDriver
	at org.openqa.selenium.remote.ErrorHandler.createThrowable(ErrorHandler.java:175)
	at org.openqa.selenium.remote.ErrorHandler.throwIfResponseFailed(ErrorHandler.java:128)
	at org.openqa.selenium.remote.RemoteWebDriver.execute(RemoteWebDriver.java:459)
	at org.openqa.selenium.remote.RemoteWebDriver.findElement(RemoteWebDriver.java:227)
	at org.openqa.selenium.remote.RemoteWebDriver.findElementById(RemoteWebDriver.java:256)
	at org.openqa.selenium.By$ById.findElement(By.java:216)
	at org.openqa.selenium.remote.RemoteWebDriver.findElement(RemoteWebDriver.java:219)
	at org.openqa.selenium.support.pagefactory.DefaultElementLocator.findElement(DefaultElementLocator.java:69)
	at org.openqa.selenium.support.pagefactory.internal.LocatingElementHandler.invoke(LocatingElementHandler.java:38)
	at com.sun.proxy.$Proxy7.getText(Unknown Source)
	at com.testScripts.Appointment_Module_Bill_Settlement.BS_177(Appointment_Module_Bill_Settlement.java:770)
... Removed 28 stack frames]]>
    </failure>
  </testcase> <!-- BS_177 -->
  <testcase name="BS_178" time="9.22" classname="com.testScripts.Appointment_Module_Bill_Settlement"/>
  <testcase name="BS_179" time="9.61" classname="com.testScripts.Appointment_Module_Bill_Settlement"/>
  <testcase name="BS_180" time="9.361" classname="com.testScripts.Appointment_Module_Bill_Settlement"/>
  <testcase name="BS_181" time="7.559" classname="com.testScripts.Appointment_Module_Bill_Settlement"/>
  <testcase name="BS_182" time="6.431" classname="com.testScripts.Appointment_Module_Bill_Settlement"/>
  <testcase name="BS_183" time="6.218" classname="com.testScripts.Appointment_Module_Bill_Settlement"/>
  <testcase name="BS_184" time="6.801" classname="com.testScripts.Appointment_Module_Bill_Settlement"/>
  <testcase name="BS_185" time="7.768" classname="com.testScripts.Appointment_Module_Bill_Settlement"/>
  <testcase name="BS_186" time="7.473" classname="com.testScripts.Appointment_Module_Bill_Settlement">
    <failure type="java.lang.AssertionError" message="expected [false] but found [true]">
      <![CDATA[java.lang.AssertionError: expected [false] but found [true]
	at com.testScripts.Appointment_Module_Bill_Settlement.BS_186(Appointment_Module_Bill_Settlement.java:920)
... Removed 28 stack frames]]>
    </failure>
  </testcase> <!-- BS_186 -->
  <testcase name="BS_187" time="9.33" classname="com.testScripts.Appointment_Module_Bill_Settlement"/>
  <testcase name="BS_188" time="9.437" classname="com.testScripts.Appointment_Module_Bill_Settlement"/>
  <testcase name="BS_189" time="9.743" classname="com.testScripts.Appointment_Module_Bill_Settlement"/>
  <testcase name="BS_190" time="9.817" classname="com.testScripts.Appointment_Module_Bill_Settlement">
    <failure type="java.lang.AssertionError" message="expected [false] but found [true]">
      <![CDATA[java.lang.AssertionError: expected [false] but found [true]
	at com.testScripts.Appointment_Module_Bill_Settlement.BS_190(Appointment_Module_Bill_Settlement.java:985)
... Removed 28 stack frames]]>
    </failure>
  </testcase> <!-- BS_190 -->
  <testcase name="BS_191" time="10.005" classname="com.testScripts.Appointment_Module_Bill_Settlement"/>
  <testcase name="BS_192" time="10.286" classname="com.testScripts.Appointment_Module_Bill_Settlement"/>
  <testcase name="BS_193" time="9.951" classname="com.testScripts.Appointment_Module_Bill_Settlement">
    <failure type="org.openqa.selenium.UnhandledAlertException" message="unexpected alert open: {Alert text : You are Entering More amount than Bill Amount}
  (Session info: chrome=57.0.2987.133)
  (Driver info: chromedriver=2.29.461591 (62ebf098771772160f391d75e589dc567915b233),platform=Windows NT 6.1.7600 x86) (WARNING: The server did not provide any stacktrace information)
Command duration or timeout: 2 milliseconds
Build info: version: &amp;apos;2.2.1&amp;apos;, revision: &amp;apos;16551&amp;apos;, time: &amp;apos;2012-04-11 21:42:35&amp;apos;
System info: os.name: &amp;apos;Windows 7&amp;apos;, os.arch: &amp;apos;x86&amp;apos;, os.version: &amp;apos;6.1&amp;apos;, java.version: &amp;apos;1.8.0_121&amp;apos;
Driver info: driver.version: RemoteWebDriver">
      <![CDATA[org.openqa.selenium.UnhandledAlertException: unexpected alert open: {Alert text : You are Entering More amount than Bill Amount}
  (Session info: chrome=57.0.2987.133)
  (Driver info: chromedriver=2.29.461591 (62ebf098771772160f391d75e589dc567915b233),platform=Windows NT 6.1.7600 x86) (WARNING: The server did not provide any stacktrace information)
Command duration or timeout: 2 milliseconds
Build info: version: '2.2.1', revision: '16551', time: '2012-04-11 21:42:35'
System info: os.name: 'Windows 7', os.arch: 'x86', os.version: '6.1', java.version: '1.8.0_121'
Driver info: driver.version: RemoteWebDriver
	at org.openqa.selenium.remote.ErrorHandler.createThrowable(ErrorHandler.java:175)
	at org.openqa.selenium.remote.ErrorHandler.throwIfResponseFailed(ErrorHandler.java:134)
	at org.openqa.selenium.remote.RemoteWebDriver.execute(RemoteWebDriver.java:459)
	at org.openqa.selenium.remote.RemoteWebDriver.findElement(RemoteWebDriver.java:227)
	at org.openqa.selenium.remote.RemoteWebDriver.findElementByXPath(RemoteWebDriver.java:312)
	at org.openqa.selenium.By$ByXPath.findElement(By.java:344)
	at org.openqa.selenium.remote.RemoteWebDriver.findElement(RemoteWebDriver.java:219)
	at org.openqa.selenium.support.pagefactory.DefaultElementLocator.findElement(DefaultElementLocator.java:69)
	at org.openqa.selenium.support.pagefactory.internal.LocatingElementHandler.invoke(LocatingElementHandler.java:38)
	at com.sun.proxy.$Proxy7.getText(Unknown Source)
	at com.testScripts.Appointment_Module_Bill_Settlement.BS_193(Appointment_Module_Bill_Settlement.java:1037)
... Removed 28 stack frames]]>
    </failure>
  </testcase> <!-- BS_193 -->
  <testcase name="BS_194" time="10.646" classname="com.testScripts.Appointment_Module_Bill_Settlement">
    <failure type="org.openqa.selenium.UnhandledAlertException" message="unexpected alert open: {Alert text : You are Entering More amount than Bill Amount}
  (Session info: chrome=57.0.2987.133)
  (Driver info: chromedriver=2.29.461591 (62ebf098771772160f391d75e589dc567915b233),platform=Windows NT 6.1.7600 x86) (WARNING: The server did not provide any stacktrace information)
Command duration or timeout: 4 milliseconds
Build info: version: &amp;apos;2.2.1&amp;apos;, revision: &amp;apos;16551&amp;apos;, time: &amp;apos;2012-04-11 21:42:35&amp;apos;
System info: os.name: &amp;apos;Windows 7&amp;apos;, os.arch: &amp;apos;x86&amp;apos;, os.version: &amp;apos;6.1&amp;apos;, java.version: &amp;apos;1.8.0_121&amp;apos;
Driver info: driver.version: RemoteWebDriver">
      <![CDATA[org.openqa.selenium.UnhandledAlertException: unexpected alert open: {Alert text : You are Entering More amount than Bill Amount}
  (Session info: chrome=57.0.2987.133)
  (Driver info: chromedriver=2.29.461591 (62ebf098771772160f391d75e589dc567915b233),platform=Windows NT 6.1.7600 x86) (WARNING: The server did not provide any stacktrace information)
Command duration or timeout: 4 milliseconds
Build info: version: '2.2.1', revision: '16551', time: '2012-04-11 21:42:35'
System info: os.name: 'Windows 7', os.arch: 'x86', os.version: '6.1', java.version: '1.8.0_121'
Driver info: driver.version: RemoteWebDriver
	at org.openqa.selenium.remote.ErrorHandler.createThrowable(ErrorHandler.java:175)
	at org.openqa.selenium.remote.ErrorHandler.throwIfResponseFailed(ErrorHandler.java:134)
	at org.openqa.selenium.remote.RemoteWebDriver.execute(RemoteWebDriver.java:459)
	at org.openqa.selenium.remote.RemoteWebDriver.findElement(RemoteWebDriver.java:227)
	at org.openqa.selenium.remote.RemoteWebDriver.findElementByXPath(RemoteWebDriver.java:312)
	at org.openqa.selenium.By$ByXPath.findElement(By.java:344)
	at org.openqa.selenium.remote.RemoteWebDriver.findElement(RemoteWebDriver.java:219)
	at org.openqa.selenium.support.pagefactory.DefaultElementLocator.findElement(DefaultElementLocator.java:69)
	at org.openqa.selenium.support.pagefactory.internal.LocatingElementHandler.invoke(LocatingElementHandler.java:38)
	at com.sun.proxy.$Proxy7.getText(Unknown Source)
	at com.testScripts.Appointment_Module_Bill_Settlement.BS_194(Appointment_Module_Bill_Settlement.java:1058)
... Removed 28 stack frames]]>
    </failure>
  </testcase> <!-- BS_194 -->
  <testcase name="BS_195" time="10.101" classname="com.testScripts.Appointment_Module_Bill_Settlement"/>
  <testcase name="BS_196" time="10.203" classname="com.testScripts.Appointment_Module_Bill_Settlement"/>
  <testcase name="BS_197" time="10.399" classname="com.testScripts.Appointment_Module_Bill_Settlement"/>
  <testcase name="BS_198" time="10.151" classname="com.testScripts.Appointment_Module_Bill_Settlement"/>
  <testcase name="BS_199" time="10.163" classname="com.testScripts.Appointment_Module_Bill_Settlement"/>
  <testcase name="BS_200" time="10.907" classname="com.testScripts.Appointment_Module_Bill_Settlement"/>
  <testcase name="BS_201" time="10.402" classname="com.testScripts.Appointment_Module_Bill_Settlement"/>
  <testcase name="BS_202" time="10.548" classname="com.testScripts.Appointment_Module_Bill_Settlement"/>
  <testcase name="BS_203" time="10.262" classname="com.testScripts.Appointment_Module_Bill_Settlement"/>
  <testcase name="BS_204" time="10.492" classname="com.testScripts.Appointment_Module_Bill_Settlement"/>
  <testcase name="BS_205" time="9.309" classname="com.testScripts.Appointment_Module_Bill_Settlement"/>
  <testcase name="BS_206" time="9.604" classname="com.testScripts.Appointment_Module_Bill_Settlement"/>
  <testcase name="BS_207" time="10.265" classname="com.testScripts.Appointment_Module_Bill_Settlement"/>
  <testcase name="BS_208" time="12.018" classname="com.testScripts.Appointment_Module_Bill_Settlement"/>
  <testcase name="BS_209" time="13.981" classname="com.testScripts.Appointment_Module_Bill_Settlement">
    <failure type="java.lang.AssertionError" message="expected [true] but found [false]">
      <![CDATA[java.lang.AssertionError: expected [true] but found [false]
	at com.testScripts.Appointment_Module_Bill_Settlement.BS_209(Appointment_Module_Bill_Settlement.java:1406)
... Removed 28 stack frames]]>
    </failure>
  </testcase> <!-- BS_209 -->
  <testcase name="BS_210" time="9.968" classname="com.testScripts.Appointment_Module_Bill_Settlement"/>
  <testcase name="BS_211" time="11.842" classname="com.testScripts.Appointment_Module_Bill_Settlement"/>
  <testcase name="BS_212" time="12.144" classname="com.testScripts.Appointment_Module_Bill_Settlement"/>
  <testcase name="BS_213" time="3.191" classname="com.testScripts.Appointment_Module_Bill_Settlement"/>
  <testcase name="BS_214" time="8.295" classname="com.testScripts.Appointment_Module_Bill_Settlement"/>
  <testcase name="BS_215" time="3.246" classname="com.testScripts.Appointment_Module_Bill_Settlement"/>
  <testcase name="BS_216" time="5.712" classname="com.testScripts.Appointment_Module_Bill_Settlement"/>
  <testcase name="BS_217" time="5.688" classname="com.testScripts.Appointment_Module_Bill_Settlement"/>
  <testcase name="BS_218" time="5.739" classname="com.testScripts.Appointment_Module_Bill_Settlement"/>
  <testcase name="BS_219" time="6.821" classname="com.testScripts.Appointment_Module_Bill_Settlement">
    <failure type="org.openqa.selenium.NoAlertPresentException" message="no alert open
  (Session info: chrome=57.0.2987.133)
  (Driver info: chromedriver=2.29.461591 (62ebf098771772160f391d75e589dc567915b233),platform=Windows NT 6.1.7600 x86) (WARNING: The server did not provide any stacktrace information)
Command duration or timeout: 3 milliseconds
Build info: version: &amp;apos;2.2.1&amp;apos;, revision: &amp;apos;16551&amp;apos;, time: &amp;apos;2012-04-11 21:42:35&amp;apos;
System info: os.name: &amp;apos;Windows 7&amp;apos;, os.arch: &amp;apos;x86&amp;apos;, os.version: &amp;apos;6.1&amp;apos;, java.version: &amp;apos;1.8.0_121&amp;apos;
Driver info: driver.version: RemoteWebDriver">
      <![CDATA[org.openqa.selenium.NoAlertPresentException: no alert open
  (Session info: chrome=57.0.2987.133)
  (Driver info: chromedriver=2.29.461591 (62ebf098771772160f391d75e589dc567915b233),platform=Windows NT 6.1.7600 x86) (WARNING: The server did not provide any stacktrace information)
Command duration or timeout: 3 milliseconds
Build info: version: '2.2.1', revision: '16551', time: '2012-04-11 21:42:35'
System info: os.name: 'Windows 7', os.arch: 'x86', os.version: '6.1', java.version: '1.8.0_121'
Driver info: driver.version: RemoteWebDriver
	at org.openqa.selenium.remote.ErrorHandler.createThrowable(ErrorHandler.java:175)
	at org.openqa.selenium.remote.ErrorHandler.throwIfResponseFailed(ErrorHandler.java:128)
	at org.openqa.selenium.remote.RemoteWebDriver.execute(RemoteWebDriver.java:459)
	at org.openqa.selenium.remote.RemoteWebDriver.execute(RemoteWebDriver.java:463)
	at org.openqa.selenium.remote.RemoteWebDriver$RemoteTargetLocator.alert(RemoteWebDriver.java:723)
	at com.testScripts.Appointment_Module_Bill_Settlement.BS_219(Appointment_Module_Bill_Settlement.java:1602)
... Removed 28 stack frames]]>
    </failure>
  </testcase> <!-- BS_219 -->
  <testcase name="BS_220" time="10.857" classname="com.testScripts.Appointment_Module_Bill_Settlement">
    <failure type="java.lang.AssertionError" message="expected [true] but found [false]">
      <![CDATA[java.lang.AssertionError: expected [true] but found [false]
	at com.testScripts.Appointment_Module_Bill_Settlement.BS_220(Appointment_Module_Bill_Settlement.java:1650)
... Removed 28 stack frames]]>
    </failure>
  </testcase> <!-- BS_220 -->
  <testcase name="BS_221" time="5.641" classname="com.testScripts.Appointment_Module_Bill_Settlement">
    <failure type="org.openqa.selenium.UnhandledAlertException" message="unexpected alert open: {Alert text : Settlement amount not matching with Net Amount}
  (Session info: chrome=57.0.2987.133)
  (Driver info: chromedriver=2.29.461591 (62ebf098771772160f391d75e589dc567915b233),platform=Windows NT 6.1.7600 x86) (WARNING: The server did not provide any stacktrace information)
Command duration or timeout: 1 milliseconds
Build info: version: &amp;apos;2.2.1&amp;apos;, revision: &amp;apos;16551&amp;apos;, time: &amp;apos;2012-04-11 21:42:35&amp;apos;
System info: os.name: &amp;apos;Windows 7&amp;apos;, os.arch: &amp;apos;x86&amp;apos;, os.version: &amp;apos;6.1&amp;apos;, java.version: &amp;apos;1.8.0_121&amp;apos;
Driver info: driver.version: RemoteWebDriver">
      <![CDATA[org.openqa.selenium.UnhandledAlertException: unexpected alert open: {Alert text : Settlement amount not matching with Net Amount}
  (Session info: chrome=57.0.2987.133)
  (Driver info: chromedriver=2.29.461591 (62ebf098771772160f391d75e589dc567915b233),platform=Windows NT 6.1.7600 x86) (WARNING: The server did not provide any stacktrace information)
Command duration or timeout: 1 milliseconds
Build info: version: '2.2.1', revision: '16551', time: '2012-04-11 21:42:35'
System info: os.name: 'Windows 7', os.arch: 'x86', os.version: '6.1', java.version: '1.8.0_121'
Driver info: driver.version: RemoteWebDriver
	at org.openqa.selenium.remote.ErrorHandler.createThrowable(ErrorHandler.java:175)
	at org.openqa.selenium.remote.ErrorHandler.throwIfResponseFailed(ErrorHandler.java:134)
	at org.openqa.selenium.remote.RemoteWebDriver.execute(RemoteWebDriver.java:459)
	at org.openqa.selenium.remote.RemoteWebDriver.findElement(RemoteWebDriver.java:227)
	at org.openqa.selenium.remote.RemoteWebDriver.findElementByXPath(RemoteWebDriver.java:312)
	at org.openqa.selenium.By$ByXPath.findElement(By.java:344)
	at org.openqa.selenium.remote.RemoteWebDriver.findElement(RemoteWebDriver.java:219)
	at org.openqa.selenium.support.pagefactory.DefaultElementLocator.findElement(DefaultElementLocator.java:69)
	at org.openqa.selenium.support.pagefactory.internal.LocatingElementHandler.invoke(LocatingElementHandler.java:38)
	at com.sun.proxy.$Proxy7.getAttribute(Unknown Source)
	at com.testScripts.Appointment_Module_Bill_Settlement.BS_221(Appointment_Module_Bill_Settlement.java:1673)
... Removed 28 stack frames]]>
    </failure>
  </testcase> <!-- BS_221 -->
  <testcase name="BS_222" time="3.716" classname="com.testScripts.Appointment_Module_Bill_Settlement"/>
  <testcase name="BS_223" time="5.886" classname="com.testScripts.Appointment_Module_Bill_Settlement"/>
  <testcase name="BS_236" time="9.687" classname="com.testScripts.Appointment_Module_Bill_Settlement">
    <failure type="java.lang.AssertionError" message="expected [false] but found [true]">
      <![CDATA[java.lang.AssertionError: expected [false] but found [true]
	at com.testScripts.Appointment_Module_Bill_Settlement.BS_236(Appointment_Module_Bill_Settlement.java:1733)
... Removed 28 stack frames]]>
    </failure>
  </testcase> <!-- BS_236 -->
  <testcase name="BS_237" time="9.87" classname="com.testScripts.Appointment_Module_Bill_Settlement">
    <failure type="java.lang.AssertionError" message="expected [false] but found [true]">
      <![CDATA[java.lang.AssertionError: expected [false] but found [true]
	at com.testScripts.Appointment_Module_Bill_Settlement.BS_237(Appointment_Module_Bill_Settlement.java:1749)
... Removed 28 stack frames]]>
    </failure>
  </testcase> <!-- BS_237 -->
  <testcase name="BS_238" time="9.868" classname="com.testScripts.Appointment_Module_Bill_Settlement">
    <failure type="java.lang.AssertionError" message="expected [false] but found [true]">
      <![CDATA[java.lang.AssertionError: expected [false] but found [true]
	at com.testScripts.Appointment_Module_Bill_Settlement.BS_238(Appointment_Module_Bill_Settlement.java:1766)
... Removed 28 stack frames]]>
    </failure>
  </testcase> <!-- BS_238 -->
  <testcase name="BS_239" time="9.579" classname="com.testScripts.Appointment_Module_Bill_Settlement"/>
</testsuite> <!-- All tests -->
