<!DOCTYPE html PUBLIC "-//W3C//DTD XHTML 1.1//EN" "http://www.w3.org/TR/xhtml11/DTD/xhtml11.dtd">
<html xmlns="http://www.w3.org/1999/xhtml"><head><title>TestNG Report</title><style type="text/css">table {margin-bottom:10px;border-collapse:collapse;empty-cells:show}th,td {border:1px solid #009;padding:.25em .5em}th {vertical-align:bottom}td {vertical-align:top}table a {font-weight:bold}.stripe td {background-color: #E6EBF9}.num {text-align:right}.passedodd td {background-color: #3F3}.passedeven td {background-color: #0A0}.skippedodd td {background-color: #DDD}.skippedeven td {background-color: #CCC}.failedodd td,.attn {background-color: #F33}.failedeven td,.stripe .attn {background-color: #D00}.stacktrace {white-space:pre;font-family:monospace}.totop {font-size:85%;text-align:center;border-bottom:2px solid #000}</style></head><body><table><tr><th>Test</th><th># Passed</th><th># Skipped</th><th># Failed</th><th>Time (ms)</th><th>Included Groups</th><th>Excluded Groups</th></tr><tr><th colspan="7">Command line suite</th></tr><tr><td><a href="#t0">Command line test</a></td><td class="num">65</td><td class="num">0</td><td class="num attn">57</td><td class="num">512,060</td><td></td><td></td></tr></table><table><thead><tr><th>Class</th><th>Method</th><th>Start</th><th>Time (ms)</th></tr></thead><tbody><tr><th colspan="4">Command line suite</th></tr></tbody><tbody id="t0"><tr><th colspan="4">Command line test &#8212; failed (configuration methods)</th></tr><tr class="failedeven"><td rowspan="1">com.testScripts.HomePage_Test</td><td><a href="#m0">Close_Browser</a></td><td rowspan="1">1494218828458</td><td rowspan="1">0</td></tr><tr><th colspan="4">Command line test &#8212; failed</th></tr><tr class="failedeven"><td rowspan="29">com.testScripts.Appointment_Cancellation_Test</td><td><a href="#m1">AC_01_Verify_Appointment_Cancellation_Page</a></td><td rowspan="1">1494218316236</td><td rowspan="1">30</td></tr><tr class="failedeven"><td><a href="#m2">AC_03_Verify_Main_Heading</a></td><td rowspan="1">1494218347894</td><td rowspan="1">8</td></tr><tr class="failedeven"><td><a href="#m3">AC_04_Verify_Sub_Heading</a></td><td rowspan="1">1494218372408</td><td rowspan="1">4017</td></tr><tr class="failedeven"><td><a href="#m4">AC_05_Verify_Web_Table_Display</a></td><td rowspan="1">1494218448743</td><td rowspan="1">4005</td></tr><tr class="failedeven"><td><a href="#m5">AC_06_Verify_All_Labels</a></td><td rowspan="1">1494218460772</td><td rowspan="1">4000</td></tr><tr class="failedeven"><td><a href="#m6">AC_07_Verify_SerachAppointmentID_Result</a></td><td rowspan="1">1494218468789</td><td rowspan="1">4050</td></tr><tr class="failedeven"><td><a href="#m7">AC_09_Verify_SerachAppointmentID_invalid</a></td><td rowspan="1">1494218488869</td><td rowspan="1">4011</td></tr><tr class="failedeven"><td><a href="#m8">AC_10_Verify_SerachAppointmentID_Alphabets_invalid</a></td><td rowspan="1">1494218496903</td><td rowspan="1">4008</td></tr><tr class="failedeven"><td><a href="#m9">AC_10_Verify_SerachAppointmentID_Alphanumerics_invalid</a></td><td rowspan="1">1494218504918</td><td rowspan="1">4016</td></tr><tr class="failedeven"><td><a href="#m10">AC_10_Verify_SerachAppointmentID_SpecialCharacters_invalid</a></td><td rowspan="1">1494218512947</td><td rowspan="1">4060</td></tr><tr class="failedeven"><td><a href="#m11">AC_11_Verify_SerachGuestName_Result</a></td><td rowspan="1">1494218521022</td><td rowspan="1">4007</td></tr><tr class="failedeven"><td><a href="#m12">AC_13_Verify_SerachAppointmentName_invalid</a></td><td rowspan="1">1494218541101</td><td rowspan="1">4027</td></tr><tr class="failedeven"><td><a href="#m13">AC_14_Verify_SearchAppointmentName_AlphaNumerics_Invalid</a></td><td rowspan="1">1494218577214</td><td rowspan="1">4007</td></tr><tr class="failedeven"><td><a href="#m14">AC_14_Verify_SearchAppointmentName_Numerics_Invalid</a></td><td rowspan="1">1494218565178</td><td rowspan="1">4002</td></tr><tr class="failedeven"><td><a href="#m15">AC_14_Verify_SearchAppointmentName_SpecialCharacters_Invalid</a></td><td rowspan="1">1494218553143</td><td rowspan="1">4009</td></tr><tr class="failedeven"><td><a href="#m16">AC_27_Verify_SearchByAppointment_MorethanSystemDate_Result</a></td><td rowspan="1">1494218589249</td><td rowspan="1">4009</td></tr><tr class="failedeven"><td><a href="#m17">AC_28_Verify_SearchByAppointment_LessthanSystemDate_Result</a></td><td rowspan="1">1494218601291</td><td rowspan="1">4002</td></tr><tr class="failedeven"><td><a href="#m18">AC_29_Verify_SerachAppointmentDate_Result</a></td><td rowspan="1">1494218615311</td><td rowspan="1">4008</td></tr><tr class="failedeven"><td><a href="#m19">AC_30_Verify_SerachAppointment_InvalidDate_Result</a></td><td rowspan="1">1494218627334</td><td rowspan="1">4015</td></tr><tr class="failedeven"><td><a href="#m20">AC_31_Verify_Status</a></td><td rowspan="1">1494218643453</td><td rowspan="1">4016</td></tr><tr class="failedeven"><td><a href="#m21">AC_32_Verify_Cancel</a></td><td rowspan="1">1494218655492</td><td rowspan="1">4013</td></tr><tr class="failedeven"><td><a href="#m22">AC_33_Verify_ClickheretoCancel</a></td><td rowspan="1">1494218667520</td><td rowspan="1">4035</td></tr><tr class="failedeven"><td><a href="#m23">AC_34_Verify_OKbutton</a></td><td rowspan="1">1494218679606</td><td rowspan="1">4007</td></tr><tr class="failedeven"><td><a href="#m24">AC_35_Verify_Cancelbutton</a></td><td rowspan="1">1494218691713</td><td rowspan="1">4010</td></tr><tr class="failedeven"><td><a href="#m25">AC_38_Verify_AllText_Boxes</a></td><td rowspan="1">1494218388495</td><td rowspan="1">4008</td></tr><tr class="failedeven"><td><a href="#m26">AC_39_Verify_All_Buttons</a></td><td rowspan="1">1494218424619</td><td rowspan="1">4020</td></tr><tr class="failedeven"><td><a href="#m27">Ac_36_Verify_Cancelled_record</a></td><td rowspan="1">1494218703852</td><td rowspan="1">4012</td></tr><tr class="failedeven"><td><a href="#m28">Verify_AllDates_Fields</a></td><td rowspan="1">1494218408564</td><td rowspan="1">4011</td></tr><tr class="failedeven"><td><a href="#m29">Verify_Web_Table</a></td><td rowspan="1">1494218436668</td><td rowspan="1">4030</td></tr><tr class="failedodd"><td rowspan="8">com.testScripts.Bill_Settlement_Lib_Test</td><td><a href="#m30">BS_105_Verify_Cash_Option_In_Paymentmode</a></td><td rowspan="1">1494218316271</td><td rowspan="1">17</td></tr><tr class="failedodd"><td><a href="#m31">BS_106_Verify_Amount_Accepting_EqualTo_Netamount</a></td><td rowspan="1">1494218347903</td><td rowspan="1">18</td></tr><tr class="failedodd"><td><a href="#m32">BS_106_Verify_Amount_Accepting_LessThan_Netamount</a></td><td rowspan="1">1494218376427</td><td rowspan="1">4011</td></tr><tr class="failedodd"><td><a href="#m33">BS_106_Verify_Amount_Accepting_MoreThan_Netamount</a></td><td rowspan="1">1494218392505</td><td rowspan="1">4002</td></tr><tr class="failedodd"><td><a href="#m34">BS_115_Verify_Amount_Accepting_AlphaNumerics_Invalid</a></td><td rowspan="1">1494218428641</td><td rowspan="1">4012</td></tr><tr class="failedodd"><td><a href="#m35">BS_115_Verify_Amount_Accepting_Alphabets_Invalid</a></td><td rowspan="1">1494218412577</td><td rowspan="1">4018</td></tr><tr class="failedodd"><td><a href="#m36">BS_115_Verify_Amount_Accepting_SpecialCharacters_Invalid</a></td><td rowspan="1">1494218440714</td><td rowspan="1">4016</td></tr><tr class="failedodd"><td><a href="#m37">BS_116_Verify_Amount_Leaving_Blank_Invalid</a></td><td rowspan="1">1494218452750</td><td rowspan="1">4008</td></tr><tr class="failedeven"><td rowspan="1">com.testScripts.HomePage_Test</td><td><a href="#m38">HP_04_Verify_StaffLoginPage</a></td><td rowspan="1">1494218400536</td><td rowspan="1">4014</td></tr><tr class="failedodd"><td rowspan="19">com.testScripts.Reprint_Test</td><td><a href="#m39">RP_01_Verify_Reprint_Page</a></td><td rowspan="1">1494218347870</td><td rowspan="1">23</td></tr><tr class="failedodd"><td><a href="#m40">RP_02_Verify_Main_Heading</a></td><td rowspan="1">1494218368398</td><td rowspan="1">4006</td></tr><tr class="failedodd"><td><a href="#m41">RP_03_Verify_Sub_Heading</a></td><td rowspan="1">1494218384452</td><td rowspan="1">4041</td></tr><tr class="failedodd"><td><a href="#m42">RP_09_Verify_From_Date</a></td><td rowspan="1">1494218404552</td><td rowspan="1">4010</td></tr><tr class="failedodd"><td><a href="#m43">RP_11_Verify_LeavingFromDate_Blank</a></td><td rowspan="1">1494218420609</td><td rowspan="1">4008</td></tr><tr class="failedodd"><td><a href="#m44">RP_16_Verify_To_Date</a></td><td rowspan="1">1494218537073</td><td rowspan="1">4027</td></tr><tr class="failedodd"><td><a href="#m45">RP_21_Verify_SearchGuestName</a></td><td rowspan="1">1494218549133</td><td rowspan="1">4008</td></tr><tr class="failedodd"><td><a href="#m46">RP_22_Verify_SearchGuestName_invalid</a></td><td rowspan="1">1494218561162</td><td rowspan="1">4014</td></tr><tr class="failedodd"><td><a href="#m47">RP_23_Verify_SearchGuestName_AlphaNumerics_Invalid</a></td><td rowspan="1">1494218597274</td><td rowspan="1">4015</td></tr><tr class="failedodd"><td><a href="#m48">RP_23_Verify_SearchGuestName_NumericValues_Invalid</a></td><td rowspan="1">1494218573210</td><td rowspan="1">4001</td></tr><tr class="failedodd"><td><a href="#m49">RP_23_Verify_SearchGuestName_SpecialCharacters_Invalid</a></td><td rowspan="1">1494218585233</td><td rowspan="1">4011</td></tr><tr class="failedodd"><td><a href="#m50">RP_24_Verify_SearchBillNumber</a></td><td rowspan="1">1494218611305</td><td rowspan="1">4004</td></tr><tr class="failedodd"><td><a href="#m51">RP_25_Verify_SearchBillNumber_Invalid</a></td><td rowspan="1">1494218623327</td><td rowspan="1">4004</td></tr><tr class="failedodd"><td><a href="#m52">RP_26_Verify_SearchBillNumber_Numerics</a></td><td rowspan="1">1494218635358</td><td rowspan="1">4004</td></tr><tr class="failedodd"><td><a href="#m53">RP_27_Verify_SearchBillNumber_Alphabets</a></td><td rowspan="1">1494218639363</td><td rowspan="1">4089</td></tr><tr class="failedodd"><td><a href="#m54">RP_27_Verify_SearchBillNumber_SpecialCharacters</a></td><td rowspan="1">1494218651466</td><td rowspan="1">4026</td></tr><tr class="failedodd"><td><a href="#m55">RP_28_Verify_SelectOption</a></td><td rowspan="1">1494218663514</td><td rowspan="1">4004</td></tr><tr class="failedodd"><td><a href="#m56">RP_29_Verify_SelectBillTypeOption</a></td><td rowspan="1">1494218675563</td><td rowspan="1">4042</td></tr><tr class="failedodd"><td><a href="#m57">RP_36_Verify_SelectBillType</a></td><td rowspan="1">1494218743977</td><td rowspan="1">4000</td></tr><tr><th colspan="4">Command line test &#8212; passed</th></tr><tr class="passedeven"><td rowspan="2">com.testScripts.Appointment_Cancellation_Test</td><td><a href="#m58">AC_08_Verify_SerachAppointmentCancellation_Result</a></td><td rowspan="1">1494218476851</td><td rowspan="1">4003</td></tr><tr class="passedeven"><td><a href="#m59">AC_12_Verify_SerachAppointmentCancellation_NameResult</a></td><td rowspan="1">1494218529057</td><td rowspan="1">4011</td></tr><tr class="passedodd"><td rowspan="55">com.testScripts.Bill_Settlement_Test</td><td><a href="#m60">BS_100_Verify_Cheque_Date_with_Morethan_SystemDate</a></td><td rowspan="1">1494218808232</td><td rowspan="1">4009</td></tr><tr class="passedodd"><td><a href="#m61">BS_101_Verify_Cheque_Date_with_Lessthan_SystemDate</a></td><td rowspan="1">1494218812241</td><td rowspan="1">4008</td></tr><tr class="passedodd"><td><a href="#m62">BS_102_Verify_Amount_Lessthan_or_Equal_to_NetAmount</a></td><td rowspan="1">1494218816249</td><td rowspan="1">4011</td></tr><tr class="passedodd"><td><a href="#m63">BS_103_Verify_Amount_Morethan_NetAmount_Invalid</a></td><td rowspan="1">1494218820260</td><td rowspan="1">4024</td></tr><tr class="passedodd"><td><a href="#m64">BS_104_Verify_Cheque_Date_Blank_Invalid</a></td><td rowspan="1">1494218824284</td><td rowspan="1">4005</td></tr><tr class="passedodd"><td><a href="#m65">BS_224_Verify_Name_on_CreditCard_With_InValid_SpecialCharacters</a></td><td rowspan="1">1494218380440</td><td rowspan="1">4011</td></tr><tr class="passedodd"><td><a href="#m66">BS_225_Verify_Name_on_CreditCard_With_InValid_Numeric</a></td><td rowspan="1">1494218396515</td><td rowspan="1">4021</td></tr><tr class="passedodd"><td><a href="#m67">BS_226_Verify_Name_on_CreditCard_with_below_6_Characters_Invalid</a></td><td rowspan="1">1494218464774</td><td rowspan="1">4015</td></tr><tr class="passedodd"><td><a href="#m68">BS_227_Verify_Credit_Card_Number_with_Alphanumeric_Invalid</a></td><td rowspan="1">1494218492882</td><td rowspan="1">4021</td></tr><tr class="passedodd"><td><a href="#m69">BS_228_Verify_Credit_Card_Number_with_Alphabets_Invalid</a></td><td rowspan="1">1494218500913</td><td rowspan="1">4005</td></tr><tr class="passedodd"><td><a href="#m70">BS_229_Verify_BankName_with_Numeric_Invalid</a></td><td rowspan="1">1494218647470</td><td rowspan="1">3996</td></tr><tr class="passedodd"><td><a href="#m71">BS_230_Verify_BankName_with_AlphaNumeric_Invalid</a></td><td rowspan="1">1494218659507</td><td rowspan="1">4006</td></tr><tr class="passedodd"><td><a href="#m72">BS_231_Verify_Cheque_Number_with_Alphabets_Invalid</a></td><td rowspan="1">1494218731939</td><td rowspan="1">4006</td></tr><tr class="passedodd"><td><a href="#m73">BS_232_Verify_Cheque_Number_with_AlphaNumeric_Invalid</a></td><td rowspan="1">1494218739953</td><td rowspan="1">4023</td></tr><tr class="passedodd"><td><a href="#m74">BS_233_Verify_BankName_with_below_3_Char_Invalid</a></td><td rowspan="1">1494218747977</td><td rowspan="1">4014</td></tr><tr class="passedodd"><td><a href="#m75">BS_234_Verify_Cheque_Payee_with_AlphaNumeric_Invalid</a></td><td rowspan="1">1494218776100</td><td rowspan="1">4019</td></tr><tr class="passedodd"><td><a href="#m76">BS_235_Verify_Cheque_Payee_with_Numeric_Invalid</a></td><td rowspan="1">1494218780119</td><td rowspan="1">4010</td></tr><tr class="passedodd"><td><a href="#m77">BS_51_Verify_Name_on_CreditCard_With_Valid_Alphabets</a></td><td rowspan="1">1494218316290</td><td rowspan="1">30501</td></tr><tr class="passedodd"><td><a href="#m78">BS_52_Verify_Name_on_CreditCard_With_InValid_Alphanumeric</a></td><td rowspan="1">1494218347922</td><td rowspan="1">20475</td></tr><tr class="passedodd"><td><a href="#m79">BS_53_Verify_Name_on_CreditCard_Without_Entering_Name</a></td><td rowspan="1">1494218416598</td><td rowspan="1">4011</td></tr><tr class="passedodd"><td><a href="#m80">BS_54_Verify_Name_on_Credit_Card_Textbox_with_Minimum_6_Char_Valid</a></td><td rowspan="1">1494218432655</td><td rowspan="1">4013</td></tr><tr class="passedodd"><td><a href="#m81">BS_55_Verify_Name_on_Credit_Card_Textbox_with_Maximum_30_Char_Valid</a></td><td rowspan="1">1494218444733</td><td rowspan="1">4010</td></tr><tr class="passedodd"><td><a href="#m82">BS_56_Verify_Name_on_CreditCard_with_Morethan_30_Char_Invalid</a></td><td rowspan="1">1494218456759</td><td rowspan="1">4013</td></tr><tr class="passedodd"><td><a href="#m83">BS_57_Verify_CreditCard_Number_with_Numeric_Valid</a></td><td rowspan="1">1494218472842</td><td rowspan="1">4008</td></tr><tr class="passedodd"><td><a href="#m84">BS_58_Verify_Credit_Card_Number_with_SpecialChar_Invalid</a></td><td rowspan="1">1494218480854</td><td rowspan="1">4004</td></tr><tr class="passedodd"><td><a href="#m85">BS_59_Verify_Credit_Card_Number_with_Blank_Invalid</a></td><td rowspan="1">1494218508935</td><td rowspan="1">4011</td></tr><tr class="passedodd"><td><a href="#m86">BS_60_Verify_CreditCard_Number_with_4_Digits_Valid</a></td><td rowspan="1">1494218517008</td><td rowspan="1">4014</td></tr><tr class="passedodd"><td><a href="#m87">BS_61_Verify_Credit_Card_Number_with_Morethan_4_digits_Invalid</a></td><td rowspan="1">1494218525030</td><td rowspan="1">4027</td></tr><tr class="passedodd"><td><a href="#m88">BS_62_Verify_Credit_Card_Number_with_below_4_digits_Invalid</a></td><td rowspan="1">1494218533069</td><td rowspan="1">4003</td></tr><tr class="passedodd"><td><a href="#m89">BS_63_Verify_Default_Option_At_Credit_Card_Type_Dropdown</a></td><td rowspan="1">1494218545130</td><td rowspan="1">4003</td></tr><tr class="passedodd"><td><a href="#m90">BS_64_Verify_Credit_Card_Type_Dropdown_Valid</a></td><td rowspan="1">1494218557160</td><td rowspan="1">4002</td></tr><tr class="passedodd"><td><a href="#m91">BS_65_Verify_Credit_Card_Type_with_Blank_Invalid</a></td><td rowspan="1">1494218569181</td><td rowspan="1">4029</td></tr><tr class="passedodd"><td><a href="#m92">BS_66_Verify_Amount_Lessthan_or_Equal_to_NetAmount</a></td><td rowspan="1">1494218581223</td><td rowspan="1">4009</td></tr><tr class="passedodd"><td><a href="#m93">BS_67_Verify_Amount_with_Morethan_NetAmount</a></td><td rowspan="1">1494218593259</td><td rowspan="1">4014</td></tr><tr class="passedodd"><td><a href="#m94">BS_68_Verify_PaymentMode_Cheque_Option</a></td><td rowspan="1">1494218605295</td><td rowspan="1">6010</td></tr><tr class="passedodd"><td><a href="#m95">BS_69_Verify_BankName_with_Alphabets_Valid</a></td><td rowspan="1">1494218619321</td><td rowspan="1">4006</td></tr><tr class="passedodd"><td><a href="#m96">BS_70_Verify_BankName_with_SplChar_Invalid</a></td><td rowspan="1">1494218631351</td><td rowspan="1">4006</td></tr><tr class="passedodd"><td><a href="#m97">BS_71_Verify_BankName_with_Blank_Invalid</a></td><td rowspan="1">1494218671556</td><td rowspan="1">4007</td></tr><tr class="passedodd"><td><a href="#m98">BS_72_Verify_BankName_with_Minimum_3_Char_Valid</a></td><td rowspan="1">1494218683614</td><td rowspan="1">4095</td></tr><tr class="passedodd"><td><a href="#m99">BS_73_Verify_BankName_with_Maximum_15_Char_Valid</a></td><td rowspan="1">1494218695724</td><td rowspan="1">4061</td></tr><tr class="passedodd"><td><a href="#m100">BS_74_Verify_BankName_with_Morethan_15_Char_Invalid</a></td><td rowspan="1">1494218707866</td><td rowspan="1">4007</td></tr><tr class="passedodd"><td><a href="#m101">BS_75_Verify_Cheque_Number_with_Numeric_Valid</a></td><td rowspan="1">1494218715899</td><td rowspan="1">4002</td></tr><tr class="passedodd"><td><a href="#m102">BS_76_Verify_Cheque_Number_with_Spl_Char_Invalid</a></td><td rowspan="1">1494218723904</td><td rowspan="1">4009</td></tr><tr class="passedodd"><td><a href="#m103">BS_77_Verify_Cheque_Number_with_Blank_Invalid</a></td><td rowspan="1">1494218751991</td><td rowspan="1">4009</td></tr><tr class="passedodd"><td><a href="#m104">BS_78_Verify_Cheque_Number_with_Minimum_6_Digits_Valid</a></td><td rowspan="1">1494218756000</td><td rowspan="1">4029</td></tr><tr class="passedodd"><td><a href="#m105">BS_79_Verify_Cheque_Number_with_Lessthan_6_Digits_Invalid</a></td><td rowspan="1">1494218760030</td><td rowspan="1">4010</td></tr><tr class="passedodd"><td><a href="#m106">BS_80_Verify_Cheque_Number_with_Morethan_6_Digits_Invalid</a></td><td rowspan="1">1494218764040</td><td rowspan="1">4005</td></tr><tr class="passedodd"><td><a href="#m107">BS_81_Verify_Cheque_Payee_with_Alphabets_Valid</a></td><td rowspan="1">1494218768046</td><td rowspan="1">4033</td></tr><tr class="passedodd"><td><a href="#m108">BS_82_Verify_Cheque_Payee_with_Spl_Char_Invalid</a></td><td rowspan="1">1494218772079</td><td rowspan="1">4021</td></tr><tr class="passedodd"><td><a href="#m109">BS_83_Verify_Cheque_Payee_with_Minimum_3_Char_Valid</a></td><td rowspan="1">1494218784129</td><td rowspan="1">4012</td></tr><tr class="passedodd"><td><a href="#m110">BS_84_Verify_Cheque_Payee_with_Lessthan_3_Char_Invalid</a></td><td rowspan="1">1494218788141</td><td rowspan="1">4028</td></tr><tr class="passedodd"><td><a href="#m111">BS_85_Verify_Cheque_Payee_with_Maximum_20_Char_Valid</a></td><td rowspan="1">1494218792169</td><td rowspan="1">4009</td></tr><tr class="passedodd"><td><a href="#m112">BS_86_Verify_Cheque_Payee_with_Morethan_20_Char_Invalid</a></td><td rowspan="1">1494218796179</td><td rowspan="1">4025</td></tr><tr class="passedodd"><td><a href="#m113">BS_87_Verify_Cheque_Payee_with_Blank_Invalid</a></td><td rowspan="1">1494218800205</td><td rowspan="1">4026</td></tr><tr class="passedodd"><td><a href="#m114">BS_99_Verify_Cheque_Date_format</a></td><td rowspan="1">1494218804231</td><td rowspan="1">4000</td></tr><tr class="passedeven"><td rowspan="1">com.testScripts.HomePage_Test</td><td><a href="#m115">HP_01_Verify_HomePage</a></td><td rowspan="1">1494218346792</td><td rowspan="1">1078</td></tr><tr class="passedodd"><td rowspan="6">com.testScripts.Reprint_Test</td><td><a href="#m116">RP_30_Verify_PrintMessage</a></td><td rowspan="1">1494218687709</td><td rowspan="1">4004</td></tr><tr class="passedodd"><td><a href="#m117">RP_31_Popup_OkButton_Click</a></td><td rowspan="1">1494218699786</td><td rowspan="1">4065</td></tr><tr class="passedodd"><td><a href="#m118">RP_32_CancelButton_Click</a></td><td rowspan="1">1494218711874</td><td rowspan="1">4024</td></tr><tr class="passedodd"><td><a href="#m119">RP_33_PrintMessage_ReceiptBill</a></td><td rowspan="1">1494218719902</td><td rowspan="1">4002</td></tr><tr class="passedodd"><td><a href="#m120">RP_34_OkButton_Click</a></td><td rowspan="1">1494218727913</td><td rowspan="1">4026</td></tr><tr class="passedodd"><td><a href="#m121">RP_35_CancelButton_Click_ReceiptBill</a></td><td rowspan="1">1494218735945</td><td rowspan="1">4008</td></tr><tr class="passedeven"><td rowspan="1">com.testScripts.Staff_Login_Test</td><td><a href="#m122">SL_11_Verify_Login_Valid_Username_Valid_Password</a></td><td rowspan="1">1494218484859</td><td rowspan="1">4010</td></tr></tbody></table><h2>Command line test</h2><h3 id="m0">com.testScripts.HomePage_Test#Close_Browser</h3><table class="result"><tr><th>Messages</th></tr><tr><td><div class="messages">                               </div></td></tr><tr><th>Exception</th></tr><tr><td><div class="stacktrace">org.openqa.selenium.WebDriverException: chrome not reachable
  (Session info: chrome=57.0.2987.133)
  (Driver info: chromedriver=2.29.461591 (62ebf098771772160f391d75e589dc567915b233),platform=Windows NT 6.1.7600 x86_64) (WARNING: The server did not provide any stacktrace information)
Command duration or timeout: 86 milliseconds
Build info: version: &apos;2.2.1&apos;, revision: &apos;16551&apos;, time: &apos;2012-04-11 21:42:35&apos;
System info: os.name: &apos;Windows 7&apos;, os.arch: &apos;amd64&apos;, os.version: &apos;6.1&apos;, java.version: &apos;1.8.0_121&apos;
Driver info: driver.version: RemoteWebDriver
	at org.openqa.selenium.remote.ErrorHandler.createThrowable(ErrorHandler.java:175)
	at org.openqa.selenium.remote.ErrorHandler.throwIfResponseFailed(ErrorHandler.java:128)
	at org.openqa.selenium.remote.RemoteWebDriver.execute(RemoteWebDriver.java:459)
	at org.openqa.selenium.remote.RemoteWebDriver.execute(RemoteWebDriver.java:463)
	at org.openqa.selenium.remote.RemoteWebDriver.close(RemoteWebDriver.java:326)
	at com.pageLibrary.HomePage.CloseChromeBrowser(HomePage.java:40)
	at com.testScripts.HomePage_Test.Close_Browser(HomePage_Test.java:64)
... Removed 31 stack frames</div></td></tr></table><p class="totop"><a href="#summary">back to summary</a></p><h3 id="m1">com.testScripts.Appointment_Cancellation_Test#AC_01_Verify_Appointment_Cancellation_Page</h3><table class="result"><tr><th>Exception</th></tr><tr><td><div class="stacktrace">org.openqa.selenium.NoSuchElementException: no such element: Unable to locate element: {&quot;method&quot;:&quot;xpath&quot;,&quot;selector&quot;:&quot;//*[@id=&apos;wrapper&apos;]/nav/div[2]/ul/li[1]/a&quot;}
  (Session info: chrome=57.0.2987.133)
  (Driver info: chromedriver=2.29.461591 (62ebf098771772160f391d75e589dc567915b233),platform=Windows NT 6.1.7600 x86_64) (WARNING: The server did not provide any stacktrace information)
Command duration or timeout: 28 milliseconds
For documentation on this error, please visit: http://seleniumhq.org/exceptions/no_such_element.html
Build info: version: &apos;2.2.1&apos;, revision: &apos;16551&apos;, time: &apos;2012-04-11 21:42:35&apos;
System info: os.name: &apos;Windows 7&apos;, os.arch: &apos;amd64&apos;, os.version: &apos;6.1&apos;, java.version: &apos;1.8.0_121&apos;
Driver info: driver.version: RemoteWebDriver
	at org.openqa.selenium.remote.ErrorHandler.createThrowable(ErrorHandler.java:175)
	at org.openqa.selenium.remote.ErrorHandler.throwIfResponseFailed(ErrorHandler.java:128)
	at org.openqa.selenium.remote.RemoteWebDriver.execute(RemoteWebDriver.java:459)
	at org.openqa.selenium.remote.RemoteWebDriver.findElement(RemoteWebDriver.java:227)
	at org.openqa.selenium.remote.RemoteWebDriver.findElementByXPath(RemoteWebDriver.java:312)
	at org.openqa.selenium.By$ByXPath.findElement(By.java:344)
	at org.openqa.selenium.remote.RemoteWebDriver.findElement(RemoteWebDriver.java:219)
	at com.pageLibrary.Appointment_Cancellation.ac_01_verify_appointment_cancellation_page(Appointment_Cancellation.java:23)
	at com.testScripts.Appointment_Cancellation_Test.AC_01_Verify_Appointment_Cancellation_Page(Appointment_Cancellation_Test.java:16)
... Removed 38 stack frames</div></td></tr></table><p class="totop"><a href="#summary">back to summary</a></p><h3 id="m2">com.testScripts.Appointment_Cancellation_Test#AC_03_Verify_Main_Heading</h3><table class="result"><tr><th>Exception</th></tr><tr><td><div class="stacktrace">org.openqa.selenium.NoSuchElementException: no such element: Unable to locate element: {&quot;method&quot;:&quot;xpath&quot;,&quot;selector&quot;:&quot;//*[@id=&apos;wrapper&apos;]/nav/div[2]/ul/li[1]/a&quot;}
  (Session info: chrome=57.0.2987.133)
  (Driver info: chromedriver=2.29.461591 (62ebf098771772160f391d75e589dc567915b233),platform=Windows NT 6.1.7600 x86_64) (WARNING: The server did not provide any stacktrace information)
Command duration or timeout: 7 milliseconds
For documentation on this error, please visit: http://seleniumhq.org/exceptions/no_such_element.html
Build info: version: &apos;2.2.1&apos;, revision: &apos;16551&apos;, time: &apos;2012-04-11 21:42:35&apos;
System info: os.name: &apos;Windows 7&apos;, os.arch: &apos;amd64&apos;, os.version: &apos;6.1&apos;, java.version: &apos;1.8.0_121&apos;
Driver info: driver.version: RemoteWebDriver
	at org.openqa.selenium.remote.ErrorHandler.createThrowable(ErrorHandler.java:175)
	at org.openqa.selenium.remote.ErrorHandler.throwIfResponseFailed(ErrorHandler.java:128)
	at org.openqa.selenium.remote.RemoteWebDriver.execute(RemoteWebDriver.java:459)
	at org.openqa.selenium.remote.RemoteWebDriver.findElement(RemoteWebDriver.java:227)
	at org.openqa.selenium.remote.RemoteWebDriver.findElementByXPath(RemoteWebDriver.java:312)
	at org.openqa.selenium.By$ByXPath.findElement(By.java:344)
	at org.openqa.selenium.remote.RemoteWebDriver.findElement(RemoteWebDriver.java:219)
	at com.pageLibrary.Appointment_Cancellation.ac_03_verify_main_heading(Appointment_Cancellation.java:49)
	at com.testScripts.Appointment_Cancellation_Test.AC_03_Verify_Main_Heading(Appointment_Cancellation_Test.java:22)
... Removed 38 stack frames</div></td></tr></table><p class="totop"><a href="#summary">back to summary</a></p><h3 id="m3">com.testScripts.Appointment_Cancellation_Test#AC_04_Verify_Sub_Heading</h3><table class="result"><tr><th>Exception</th></tr><tr><td><div class="stacktrace">org.openqa.selenium.WebDriverException: chrome not reachable
  (Session info: chrome=57.0.2987.133)
  (Driver info: chromedriver=2.29.461591 (62ebf098771772160f391d75e589dc567915b233),platform=Windows NT 6.1.7600 x86_64) (WARNING: The server did not provide any stacktrace information)
Command duration or timeout: 4.02 seconds
Build info: version: &apos;2.2.1&apos;, revision: &apos;16551&apos;, time: &apos;2012-04-11 21:42:35&apos;
System info: os.name: &apos;Windows 7&apos;, os.arch: &apos;amd64&apos;, os.version: &apos;6.1&apos;, java.version: &apos;1.8.0_121&apos;
Driver info: driver.version: RemoteWebDriver
	at org.openqa.selenium.remote.ErrorHandler.createThrowable(ErrorHandler.java:175)
	at org.openqa.selenium.remote.ErrorHandler.throwIfResponseFailed(ErrorHandler.java:128)
	at org.openqa.selenium.remote.RemoteWebDriver.execute(RemoteWebDriver.java:459)
	at org.openqa.selenium.remote.RemoteWebDriver.findElement(RemoteWebDriver.java:227)
	at org.openqa.selenium.remote.RemoteWebDriver.findElementByXPath(RemoteWebDriver.java:312)
	at org.openqa.selenium.By$ByXPath.findElement(By.java:344)
	at org.openqa.selenium.remote.RemoteWebDriver.findElement(RemoteWebDriver.java:219)
	at com.pageLibrary.Appointment_Cancellation.ac_04_verify_sub_heading(Appointment_Cancellation.java:85)
	at com.testScripts.Appointment_Cancellation_Test.AC_04_Verify_Sub_Heading(Appointment_Cancellation_Test.java:28)
... Removed 38 stack frames</div></td></tr></table><p class="totop"><a href="#summary">back to summary</a></p><h3 id="m4">com.testScripts.Appointment_Cancellation_Test#AC_05_Verify_Web_Table_Display</h3><table class="result"><tr><th>Exception</th></tr><tr><td><div class="stacktrace">org.openqa.selenium.WebDriverException: chrome not reachable
  (Session info: chrome=57.0.2987.133)
  (Driver info: chromedriver=2.29.461591 (62ebf098771772160f391d75e589dc567915b233),platform=Windows NT 6.1.7600 x86_64) (WARNING: The server did not provide any stacktrace information)
Command duration or timeout: 4.00 seconds
Build info: version: &apos;2.2.1&apos;, revision: &apos;16551&apos;, time: &apos;2012-04-11 21:42:35&apos;
System info: os.name: &apos;Windows 7&apos;, os.arch: &apos;amd64&apos;, os.version: &apos;6.1&apos;, java.version: &apos;1.8.0_121&apos;
Driver info: driver.version: RemoteWebDriver
	at org.openqa.selenium.remote.ErrorHandler.createThrowable(ErrorHandler.java:175)
	at org.openqa.selenium.remote.ErrorHandler.throwIfResponseFailed(ErrorHandler.java:128)
	at org.openqa.selenium.remote.RemoteWebDriver.execute(RemoteWebDriver.java:459)
	at org.openqa.selenium.remote.RemoteWebDriver.findElement(RemoteWebDriver.java:227)
	at org.openqa.selenium.remote.RemoteWebDriver.findElementByXPath(RemoteWebDriver.java:312)
	at org.openqa.selenium.By$ByXPath.findElement(By.java:344)
	at org.openqa.selenium.remote.RemoteWebDriver.findElement(RemoteWebDriver.java:219)
	at com.pageLibrary.Appointment_Cancellation.ac_05_verify_webtable_visibility(Appointment_Cancellation.java:172)
	at com.testScripts.Appointment_Cancellation_Test.AC_05_Verify_Web_Table_Display(Appointment_Cancellation_Test.java:60)
... Removed 37 stack frames</div></td></tr></table><p class="totop"><a href="#summary">back to summary</a></p><h3 id="m5">com.testScripts.Appointment_Cancellation_Test#AC_06_Verify_All_Labels</h3><table class="result"><tr><th>Exception</th></tr><tr><td><div class="stacktrace">org.openqa.selenium.WebDriverException: chrome not reachable
  (Session info: chrome=57.0.2987.133)
  (Driver info: chromedriver=2.29.461591 (62ebf098771772160f391d75e589dc567915b233),platform=Windows NT 6.1.7600 x86_64) (WARNING: The server did not provide any stacktrace information)
Command duration or timeout: 4.00 seconds
Build info: version: &apos;2.2.1&apos;, revision: &apos;16551&apos;, time: &apos;2012-04-11 21:42:35&apos;
System info: os.name: &apos;Windows 7&apos;, os.arch: &apos;amd64&apos;, os.version: &apos;6.1&apos;, java.version: &apos;1.8.0_121&apos;
Driver info: driver.version: RemoteWebDriver
	at org.openqa.selenium.remote.ErrorHandler.createThrowable(ErrorHandler.java:175)
	at org.openqa.selenium.remote.ErrorHandler.throwIfResponseFailed(ErrorHandler.java:128)
	at org.openqa.selenium.remote.RemoteWebDriver.execute(RemoteWebDriver.java:459)
	at org.openqa.selenium.remote.RemoteWebDriver.findElement(RemoteWebDriver.java:227)
	at org.openqa.selenium.remote.RemoteWebDriver.findElementByXPath(RemoteWebDriver.java:312)
	at org.openqa.selenium.By$ByXPath.findElement(By.java:344)
	at org.openqa.selenium.remote.RemoteWebDriver.findElement(RemoteWebDriver.java:219)
	at com.pageLibrary.Appointment_Cancellation.ac_06_verify_all_labels(Appointment_Cancellation.java:109)
	at com.testScripts.Appointment_Cancellation_Test.AC_06_Verify_All_Labels(Appointment_Cancellation_Test.java:66)
... Removed 37 stack frames</div></td></tr></table><p class="totop"><a href="#summary">back to summary</a></p><h3 id="m6">com.testScripts.Appointment_Cancellation_Test#AC_07_Verify_SerachAppointmentID_Result</h3><table class="result"><tr><th>Exception</th></tr><tr><td><div class="stacktrace">org.openqa.selenium.WebDriverException: chrome not reachable
  (Session info: chrome=57.0.2987.133)
  (Driver info: chromedriver=2.29.461591 (62ebf098771772160f391d75e589dc567915b233),platform=Windows NT 6.1.7600 x86_64) (WARNING: The server did not provide any stacktrace information)
Command duration or timeout: 4.05 seconds
Build info: version: &apos;2.2.1&apos;, revision: &apos;16551&apos;, time: &apos;2012-04-11 21:42:35&apos;
System info: os.name: &apos;Windows 7&apos;, os.arch: &apos;amd64&apos;, os.version: &apos;6.1&apos;, java.version: &apos;1.8.0_121&apos;
Driver info: driver.version: RemoteWebDriver
	at org.openqa.selenium.remote.ErrorHandler.createThrowable(ErrorHandler.java:175)
	at org.openqa.selenium.remote.ErrorHandler.throwIfResponseFailed(ErrorHandler.java:128)
	at org.openqa.selenium.remote.RemoteWebDriver.execute(RemoteWebDriver.java:459)
	at org.openqa.selenium.remote.RemoteWebDriver.findElement(RemoteWebDriver.java:227)
	at org.openqa.selenium.remote.RemoteWebDriver.findElementByXPath(RemoteWebDriver.java:312)
	at org.openqa.selenium.By$ByXPath.findElement(By.java:344)
	at org.openqa.selenium.remote.RemoteWebDriver.findElement(RemoteWebDriver.java:219)
	at com.pageLibrary.Appointment_Cancellation.ac_07_verify_SerachAppointmentID_Result(Appointment_Cancellation.java:190)
	at com.testScripts.Appointment_Cancellation_Test.AC_07_Verify_SerachAppointmentID_Result(Appointment_Cancellation_Test.java:72)
... Removed 37 stack frames</div></td></tr></table><p class="totop"><a href="#summary">back to summary</a></p><h3 id="m7">com.testScripts.Appointment_Cancellation_Test#AC_09_Verify_SerachAppointmentID_invalid</h3><table class="result"><tr><th>Exception</th></tr><tr><td><div class="stacktrace">org.openqa.selenium.WebDriverException: chrome not reachable
  (Session info: chrome=57.0.2987.133)
  (Driver info: chromedriver=2.29.461591 (62ebf098771772160f391d75e589dc567915b233),platform=Windows NT 6.1.7600 x86_64) (WARNING: The server did not provide any stacktrace information)
Command duration or timeout: 4.01 seconds
Build info: version: &apos;2.2.1&apos;, revision: &apos;16551&apos;, time: &apos;2012-04-11 21:42:35&apos;
System info: os.name: &apos;Windows 7&apos;, os.arch: &apos;amd64&apos;, os.version: &apos;6.1&apos;, java.version: &apos;1.8.0_121&apos;
Driver info: driver.version: RemoteWebDriver
	at org.openqa.selenium.remote.ErrorHandler.createThrowable(ErrorHandler.java:175)
	at org.openqa.selenium.remote.ErrorHandler.throwIfResponseFailed(ErrorHandler.java:128)
	at org.openqa.selenium.remote.RemoteWebDriver.execute(RemoteWebDriver.java:459)
	at org.openqa.selenium.remote.RemoteWebDriver.findElement(RemoteWebDriver.java:227)
	at org.openqa.selenium.remote.RemoteWebDriver.findElementByXPath(RemoteWebDriver.java:312)
	at org.openqa.selenium.By$ByXPath.findElement(By.java:344)
	at org.openqa.selenium.remote.RemoteWebDriver.findElement(RemoteWebDriver.java:219)
	at com.pageLibrary.Appointment_Cancellation.ac_09_verify_SearchAppointmentId_invalid(Appointment_Cancellation.java:281)
	at com.testScripts.Appointment_Cancellation_Test.AC_09_Verify_SerachAppointmentID_invalid(Appointment_Cancellation_Test.java:83)
... Removed 37 stack frames</div></td></tr></table><p class="totop"><a href="#summary">back to summary</a></p><h3 id="m8">com.testScripts.Appointment_Cancellation_Test#AC_10_Verify_SerachAppointmentID_Alphabets_invalid</h3><table class="result"><tr><th>Exception</th></tr><tr><td><div class="stacktrace">org.openqa.selenium.WebDriverException: chrome not reachable
  (Session info: chrome=57.0.2987.133)
  (Driver info: chromedriver=2.29.461591 (62ebf098771772160f391d75e589dc567915b233),platform=Windows NT 6.1.7600 x86_64) (WARNING: The server did not provide any stacktrace information)
Command duration or timeout: 4.01 seconds
Build info: version: &apos;2.2.1&apos;, revision: &apos;16551&apos;, time: &apos;2012-04-11 21:42:35&apos;
System info: os.name: &apos;Windows 7&apos;, os.arch: &apos;amd64&apos;, os.version: &apos;6.1&apos;, java.version: &apos;1.8.0_121&apos;
Driver info: driver.version: RemoteWebDriver
	at org.openqa.selenium.remote.ErrorHandler.createThrowable(ErrorHandler.java:175)
	at org.openqa.selenium.remote.ErrorHandler.throwIfResponseFailed(ErrorHandler.java:128)
	at org.openqa.selenium.remote.RemoteWebDriver.execute(RemoteWebDriver.java:459)
	at org.openqa.selenium.remote.RemoteWebDriver.findElement(RemoteWebDriver.java:227)
	at org.openqa.selenium.remote.RemoteWebDriver.findElementByXPath(RemoteWebDriver.java:312)
	at org.openqa.selenium.By$ByXPath.findElement(By.java:344)
	at org.openqa.selenium.remote.RemoteWebDriver.findElement(RemoteWebDriver.java:219)
	at com.pageLibrary.Appointment_Cancellation.ac_10_verify_SearchAppointmentId_Alphabets_invalid(Appointment_Cancellation.java:325)
	at com.testScripts.Appointment_Cancellation_Test.AC_10_Verify_SerachAppointmentID_Alphabets_invalid(Appointment_Cancellation_Test.java:87)
... Removed 37 stack frames</div></td></tr></table><p class="totop"><a href="#summary">back to summary</a></p><h3 id="m9">com.testScripts.Appointment_Cancellation_Test#AC_10_Verify_SerachAppointmentID_Alphanumerics_invalid</h3><table class="result"><tr><th>Exception</th></tr><tr><td><div class="stacktrace">org.openqa.selenium.WebDriverException: chrome not reachable
  (Session info: chrome=57.0.2987.133)
  (Driver info: chromedriver=2.29.461591 (62ebf098771772160f391d75e589dc567915b233),platform=Windows NT 6.1.7600 x86_64) (WARNING: The server did not provide any stacktrace information)
Command duration or timeout: 4.02 seconds
Build info: version: &apos;2.2.1&apos;, revision: &apos;16551&apos;, time: &apos;2012-04-11 21:42:35&apos;
System info: os.name: &apos;Windows 7&apos;, os.arch: &apos;amd64&apos;, os.version: &apos;6.1&apos;, java.version: &apos;1.8.0_121&apos;
Driver info: driver.version: RemoteWebDriver
	at org.openqa.selenium.remote.ErrorHandler.createThrowable(ErrorHandler.java:175)
	at org.openqa.selenium.remote.ErrorHandler.throwIfResponseFailed(ErrorHandler.java:128)
	at org.openqa.selenium.remote.RemoteWebDriver.execute(RemoteWebDriver.java:459)
	at org.openqa.selenium.remote.RemoteWebDriver.findElement(RemoteWebDriver.java:227)
	at org.openqa.selenium.remote.RemoteWebDriver.findElementByXPath(RemoteWebDriver.java:312)
	at org.openqa.selenium.By$ByXPath.findElement(By.java:344)
	at org.openqa.selenium.remote.RemoteWebDriver.findElement(RemoteWebDriver.java:219)
	at com.pageLibrary.Appointment_Cancellation.ac_10_verify_SearchAppointmentId_Alphanumerics_invalid(Appointment_Cancellation.java:359)
	at com.testScripts.Appointment_Cancellation_Test.AC_10_Verify_SerachAppointmentID_Alphanumerics_invalid(Appointment_Cancellation_Test.java:91)
... Removed 37 stack frames</div></td></tr></table><p class="totop"><a href="#summary">back to summary</a></p><h3 id="m10">com.testScripts.Appointment_Cancellation_Test#AC_10_Verify_SerachAppointmentID_SpecialCharacters_invalid</h3><table class="result"><tr><th>Exception</th></tr><tr><td><div class="stacktrace">org.openqa.selenium.WebDriverException: chrome not reachable
  (Session info: chrome=57.0.2987.133)
  (Driver info: chromedriver=2.29.461591 (62ebf098771772160f391d75e589dc567915b233),platform=Windows NT 6.1.7600 x86_64) (WARNING: The server did not provide any stacktrace information)
Command duration or timeout: 4.06 seconds
Build info: version: &apos;2.2.1&apos;, revision: &apos;16551&apos;, time: &apos;2012-04-11 21:42:35&apos;
System info: os.name: &apos;Windows 7&apos;, os.arch: &apos;amd64&apos;, os.version: &apos;6.1&apos;, java.version: &apos;1.8.0_121&apos;
Driver info: driver.version: RemoteWebDriver
	at org.openqa.selenium.remote.ErrorHandler.createThrowable(ErrorHandler.java:175)
	at org.openqa.selenium.remote.ErrorHandler.throwIfResponseFailed(ErrorHandler.java:128)
	at org.openqa.selenium.remote.RemoteWebDriver.execute(RemoteWebDriver.java:459)
	at org.openqa.selenium.remote.RemoteWebDriver.findElement(RemoteWebDriver.java:227)
	at org.openqa.selenium.remote.RemoteWebDriver.findElementByXPath(RemoteWebDriver.java:312)
	at org.openqa.selenium.By$ByXPath.findElement(By.java:344)
	at org.openqa.selenium.remote.RemoteWebDriver.findElement(RemoteWebDriver.java:219)
	at com.pageLibrary.Appointment_Cancellation.ac_10_verify_SearchAppointmentId_SpecialCharacters_invalid(Appointment_Cancellation.java:394)
	at com.testScripts.Appointment_Cancellation_Test.AC_10_Verify_SerachAppointmentID_SpecialCharacters_invalid(Appointment_Cancellation_Test.java:95)
... Removed 37 stack frames</div></td></tr></table><p class="totop"><a href="#summary">back to summary</a></p><h3 id="m11">com.testScripts.Appointment_Cancellation_Test#AC_11_Verify_SerachGuestName_Result</h3><table class="result"><tr><th>Exception</th></tr><tr><td><div class="stacktrace">org.openqa.selenium.WebDriverException: chrome not reachable
  (Session info: chrome=57.0.2987.133)
  (Driver info: chromedriver=2.29.461591 (62ebf098771772160f391d75e589dc567915b233),platform=Windows NT 6.1.7600 x86_64) (WARNING: The server did not provide any stacktrace information)
Command duration or timeout: 4.01 seconds
Build info: version: &apos;2.2.1&apos;, revision: &apos;16551&apos;, time: &apos;2012-04-11 21:42:35&apos;
System info: os.name: &apos;Windows 7&apos;, os.arch: &apos;amd64&apos;, os.version: &apos;6.1&apos;, java.version: &apos;1.8.0_121&apos;
Driver info: driver.version: RemoteWebDriver
	at org.openqa.selenium.remote.ErrorHandler.createThrowable(ErrorHandler.java:175)
	at org.openqa.selenium.remote.ErrorHandler.throwIfResponseFailed(ErrorHandler.java:128)
	at org.openqa.selenium.remote.RemoteWebDriver.execute(RemoteWebDriver.java:459)
	at org.openqa.selenium.remote.RemoteWebDriver.findElement(RemoteWebDriver.java:227)
	at org.openqa.selenium.remote.RemoteWebDriver.findElementByXPath(RemoteWebDriver.java:312)
	at org.openqa.selenium.By$ByXPath.findElement(By.java:344)
	at org.openqa.selenium.remote.RemoteWebDriver.findElement(RemoteWebDriver.java:219)
	at com.pageLibrary.Appointment_Cancellation.ac_11_verify_SearchGuestName_Result(Appointment_Cancellation.java:428)
	at com.testScripts.Appointment_Cancellation_Test.AC_11_Verify_SerachGuestName_Result(Appointment_Cancellation_Test.java:99)
... Removed 37 stack frames</div></td></tr></table><p class="totop"><a href="#summary">back to summary</a></p><h3 id="m12">com.testScripts.Appointment_Cancellation_Test#AC_13_Verify_SerachAppointmentName_invalid</h3><table class="result"><tr><th>Exception</th></tr><tr><td><div class="stacktrace">org.openqa.selenium.WebDriverException: chrome not reachable
  (Session info: chrome=57.0.2987.133)
  (Driver info: chromedriver=2.29.461591 (62ebf098771772160f391d75e589dc567915b233),platform=Windows NT 6.1.7600 x86_64) (WARNING: The server did not provide any stacktrace information)
Command duration or timeout: 4.03 seconds
Build info: version: &apos;2.2.1&apos;, revision: &apos;16551&apos;, time: &apos;2012-04-11 21:42:35&apos;
System info: os.name: &apos;Windows 7&apos;, os.arch: &apos;amd64&apos;, os.version: &apos;6.1&apos;, java.version: &apos;1.8.0_121&apos;
Driver info: driver.version: RemoteWebDriver
	at org.openqa.selenium.remote.ErrorHandler.createThrowable(ErrorHandler.java:175)
	at org.openqa.selenium.remote.ErrorHandler.throwIfResponseFailed(ErrorHandler.java:128)
	at org.openqa.selenium.remote.RemoteWebDriver.execute(RemoteWebDriver.java:459)
	at org.openqa.selenium.remote.RemoteWebDriver.findElement(RemoteWebDriver.java:227)
	at org.openqa.selenium.remote.RemoteWebDriver.findElementByXPath(RemoteWebDriver.java:312)
	at org.openqa.selenium.By$ByXPath.findElement(By.java:344)
	at org.openqa.selenium.remote.RemoteWebDriver.findElement(RemoteWebDriver.java:219)
	at com.pageLibrary.Appointment_Cancellation.ac_13_verify_SearchAppointmentName_invalid(Appointment_Cancellation.java:524)
	at com.testScripts.Appointment_Cancellation_Test.AC_13_Verify_SerachAppointmentName_invalid(Appointment_Cancellation_Test.java:108)
... Removed 37 stack frames</div></td></tr></table><p class="totop"><a href="#summary">back to summary</a></p><h3 id="m13">com.testScripts.Appointment_Cancellation_Test#AC_14_Verify_SearchAppointmentName_AlphaNumerics_Invalid</h3><table class="result"><tr><th>Exception</th></tr><tr><td><div class="stacktrace">org.openqa.selenium.WebDriverException: chrome not reachable
  (Session info: chrome=57.0.2987.133)
  (Driver info: chromedriver=2.29.461591 (62ebf098771772160f391d75e589dc567915b233),platform=Windows NT 6.1.7600 x86_64) (WARNING: The server did not provide any stacktrace information)
Command duration or timeout: 4.01 seconds
Build info: version: &apos;2.2.1&apos;, revision: &apos;16551&apos;, time: &apos;2012-04-11 21:42:35&apos;
System info: os.name: &apos;Windows 7&apos;, os.arch: &apos;amd64&apos;, os.version: &apos;6.1&apos;, java.version: &apos;1.8.0_121&apos;
Driver info: driver.version: RemoteWebDriver
	at org.openqa.selenium.remote.ErrorHandler.createThrowable(ErrorHandler.java:175)
	at org.openqa.selenium.remote.ErrorHandler.throwIfResponseFailed(ErrorHandler.java:128)
	at org.openqa.selenium.remote.RemoteWebDriver.execute(RemoteWebDriver.java:459)
	at org.openqa.selenium.remote.RemoteWebDriver.findElement(RemoteWebDriver.java:227)
	at org.openqa.selenium.remote.RemoteWebDriver.findElementByXPath(RemoteWebDriver.java:312)
	at org.openqa.selenium.By$ByXPath.findElement(By.java:344)
	at org.openqa.selenium.remote.RemoteWebDriver.findElement(RemoteWebDriver.java:219)
	at com.pageLibrary.Appointment_Cancellation.ac_14_verify_SearchAppointmentName_AlphaNumerics_invalid(Appointment_Cancellation.java:652)
	at com.testScripts.Appointment_Cancellation_Test.AC_14_Verify_SearchAppointmentName_AlphaNumerics_Invalid(Appointment_Cancellation_Test.java:126)
... Removed 37 stack frames</div></td></tr></table><p class="totop"><a href="#summary">back to summary</a></p><h3 id="m14">com.testScripts.Appointment_Cancellation_Test#AC_14_Verify_SearchAppointmentName_Numerics_Invalid</h3><table class="result"><tr><th>Exception</th></tr><tr><td><div class="stacktrace">org.openqa.selenium.WebDriverException: chrome not reachable
  (Session info: chrome=57.0.2987.133)
  (Driver info: chromedriver=2.29.461591 (62ebf098771772160f391d75e589dc567915b233),platform=Windows NT 6.1.7600 x86_64) (WARNING: The server did not provide any stacktrace information)
Command duration or timeout: 4.00 seconds
Build info: version: &apos;2.2.1&apos;, revision: &apos;16551&apos;, time: &apos;2012-04-11 21:42:35&apos;
System info: os.name: &apos;Windows 7&apos;, os.arch: &apos;amd64&apos;, os.version: &apos;6.1&apos;, java.version: &apos;1.8.0_121&apos;
Driver info: driver.version: RemoteWebDriver
	at org.openqa.selenium.remote.ErrorHandler.createThrowable(ErrorHandler.java:175)
	at org.openqa.selenium.remote.ErrorHandler.throwIfResponseFailed(ErrorHandler.java:128)
	at org.openqa.selenium.remote.RemoteWebDriver.execute(RemoteWebDriver.java:459)
	at org.openqa.selenium.remote.RemoteWebDriver.findElement(RemoteWebDriver.java:227)
	at org.openqa.selenium.remote.RemoteWebDriver.findElementByXPath(RemoteWebDriver.java:312)
	at org.openqa.selenium.By$ByXPath.findElement(By.java:344)
	at org.openqa.selenium.remote.RemoteWebDriver.findElement(RemoteWebDriver.java:219)
	at com.pageLibrary.Appointment_Cancellation.ac_14_verify_SearchAppointmentName_Numerics_invalid(Appointment_Cancellation.java:611)
	at com.testScripts.Appointment_Cancellation_Test.AC_14_Verify_SearchAppointmentName_Numerics_Invalid(Appointment_Cancellation_Test.java:120)
... Removed 37 stack frames</div></td></tr></table><p class="totop"><a href="#summary">back to summary</a></p><h3 id="m15">com.testScripts.Appointment_Cancellation_Test#AC_14_Verify_SearchAppointmentName_SpecialCharacters_Invalid</h3><table class="result"><tr><th>Exception</th></tr><tr><td><div class="stacktrace">org.openqa.selenium.WebDriverException: chrome not reachable
  (Session info: chrome=57.0.2987.133)
  (Driver info: chromedriver=2.29.461591 (62ebf098771772160f391d75e589dc567915b233),platform=Windows NT 6.1.7600 x86_64) (WARNING: The server did not provide any stacktrace information)
Command duration or timeout: 4.01 seconds
Build info: version: &apos;2.2.1&apos;, revision: &apos;16551&apos;, time: &apos;2012-04-11 21:42:35&apos;
System info: os.name: &apos;Windows 7&apos;, os.arch: &apos;amd64&apos;, os.version: &apos;6.1&apos;, java.version: &apos;1.8.0_121&apos;
Driver info: driver.version: RemoteWebDriver
	at org.openqa.selenium.remote.ErrorHandler.createThrowable(ErrorHandler.java:175)
	at org.openqa.selenium.remote.ErrorHandler.throwIfResponseFailed(ErrorHandler.java:128)
	at org.openqa.selenium.remote.RemoteWebDriver.execute(RemoteWebDriver.java:459)
	at org.openqa.selenium.remote.RemoteWebDriver.findElement(RemoteWebDriver.java:227)
	at org.openqa.selenium.remote.RemoteWebDriver.findElementByXPath(RemoteWebDriver.java:312)
	at org.openqa.selenium.By$ByXPath.findElement(By.java:344)
	at org.openqa.selenium.remote.RemoteWebDriver.findElement(RemoteWebDriver.java:219)
	at com.pageLibrary.Appointment_Cancellation.ac_14_verify_SearchAppointmentName_SpecialCharacters_invalid(Appointment_Cancellation.java:570)
	at com.testScripts.Appointment_Cancellation_Test.AC_14_Verify_SearchAppointmentName_SpecialCharacters_Invalid(Appointment_Cancellation_Test.java:114)
... Removed 37 stack frames</div></td></tr></table><p class="totop"><a href="#summary">back to summary</a></p><h3 id="m16">com.testScripts.Appointment_Cancellation_Test#AC_27_Verify_SearchByAppointment_MorethanSystemDate_Result</h3><table class="result"><tr><th>Exception</th></tr><tr><td><div class="stacktrace">org.openqa.selenium.WebDriverException: chrome not reachable
  (Session info: chrome=57.0.2987.133)
  (Driver info: chromedriver=2.29.461591 (62ebf098771772160f391d75e589dc567915b233),platform=Windows NT 6.1.7600 x86_64) (WARNING: The server did not provide any stacktrace information)
Command duration or timeout: 4.01 seconds
Build info: version: &apos;2.2.1&apos;, revision: &apos;16551&apos;, time: &apos;2012-04-11 21:42:35&apos;
System info: os.name: &apos;Windows 7&apos;, os.arch: &apos;amd64&apos;, os.version: &apos;6.1&apos;, java.version: &apos;1.8.0_121&apos;
Driver info: driver.version: RemoteWebDriver
	at org.openqa.selenium.remote.ErrorHandler.createThrowable(ErrorHandler.java:175)
	at org.openqa.selenium.remote.ErrorHandler.throwIfResponseFailed(ErrorHandler.java:128)
	at org.openqa.selenium.remote.RemoteWebDriver.execute(RemoteWebDriver.java:459)
	at org.openqa.selenium.remote.RemoteWebDriver.findElement(RemoteWebDriver.java:227)
	at org.openqa.selenium.remote.RemoteWebDriver.findElementByXPath(RemoteWebDriver.java:312)
	at org.openqa.selenium.By$ByXPath.findElement(By.java:344)
	at org.openqa.selenium.remote.RemoteWebDriver.findElement(RemoteWebDriver.java:219)
	at com.pageLibrary.Appointment_Cancellation.ac_27_verify_SearchByAppointment_MorethanSystemDate_Result(Appointment_Cancellation.java:692)
	at com.testScripts.Appointment_Cancellation_Test.AC_27_Verify_SearchByAppointment_MorethanSystemDate_Result(Appointment_Cancellation_Test.java:131)
... Removed 37 stack frames</div></td></tr></table><p class="totop"><a href="#summary">back to summary</a></p><h3 id="m17">com.testScripts.Appointment_Cancellation_Test#AC_28_Verify_SearchByAppointment_LessthanSystemDate_Result</h3><table class="result"><tr><th>Exception</th></tr><tr><td><div class="stacktrace">org.openqa.selenium.WebDriverException: chrome not reachable
  (Session info: chrome=57.0.2987.133)
  (Driver info: chromedriver=2.29.461591 (62ebf098771772160f391d75e589dc567915b233),platform=Windows NT 6.1.7600 x86_64) (WARNING: The server did not provide any stacktrace information)
Command duration or timeout: 4.00 seconds
Build info: version: &apos;2.2.1&apos;, revision: &apos;16551&apos;, time: &apos;2012-04-11 21:42:35&apos;
System info: os.name: &apos;Windows 7&apos;, os.arch: &apos;amd64&apos;, os.version: &apos;6.1&apos;, java.version: &apos;1.8.0_121&apos;
Driver info: driver.version: RemoteWebDriver
	at org.openqa.selenium.remote.ErrorHandler.createThrowable(ErrorHandler.java:175)
	at org.openqa.selenium.remote.ErrorHandler.throwIfResponseFailed(ErrorHandler.java:128)
	at org.openqa.selenium.remote.RemoteWebDriver.execute(RemoteWebDriver.java:459)
	at org.openqa.selenium.remote.RemoteWebDriver.findElement(RemoteWebDriver.java:227)
	at org.openqa.selenium.remote.RemoteWebDriver.findElementByXPath(RemoteWebDriver.java:312)
	at org.openqa.selenium.By$ByXPath.findElement(By.java:344)
	at org.openqa.selenium.remote.RemoteWebDriver.findElement(RemoteWebDriver.java:219)
	at com.pageLibrary.Appointment_Cancellation.ac_28_verify_SearchByAppointment_LessthanSystemDate_Result(Appointment_Cancellation.java:747)
	at com.testScripts.Appointment_Cancellation_Test.AC_28_Verify_SearchByAppointment_LessthanSystemDate_Result(Appointment_Cancellation_Test.java:137)
... Removed 37 stack frames</div></td></tr></table><p class="totop"><a href="#summary">back to summary</a></p><h3 id="m18">com.testScripts.Appointment_Cancellation_Test#AC_29_Verify_SerachAppointmentDate_Result</h3><table class="result"><tr><th>Exception</th></tr><tr><td><div class="stacktrace">org.openqa.selenium.WebDriverException: chrome not reachable
  (Session info: chrome=57.0.2987.133)
  (Driver info: chromedriver=2.29.461591 (62ebf098771772160f391d75e589dc567915b233),platform=Windows NT 6.1.7600 x86_64) (WARNING: The server did not provide any stacktrace information)
Command duration or timeout: 4.01 seconds
Build info: version: &apos;2.2.1&apos;, revision: &apos;16551&apos;, time: &apos;2012-04-11 21:42:35&apos;
System info: os.name: &apos;Windows 7&apos;, os.arch: &apos;amd64&apos;, os.version: &apos;6.1&apos;, java.version: &apos;1.8.0_121&apos;
Driver info: driver.version: RemoteWebDriver
	at org.openqa.selenium.remote.ErrorHandler.createThrowable(ErrorHandler.java:175)
	at org.openqa.selenium.remote.ErrorHandler.throwIfResponseFailed(ErrorHandler.java:128)
	at org.openqa.selenium.remote.RemoteWebDriver.execute(RemoteWebDriver.java:459)
	at org.openqa.selenium.remote.RemoteWebDriver.findElement(RemoteWebDriver.java:227)
	at org.openqa.selenium.remote.RemoteWebDriver.findElementByXPath(RemoteWebDriver.java:312)
	at org.openqa.selenium.By$ByXPath.findElement(By.java:344)
	at org.openqa.selenium.remote.RemoteWebDriver.findElement(RemoteWebDriver.java:219)
	at com.pageLibrary.Appointment_Cancellation.ac_29_verify_SearchByAppointmentDate_Result(Appointment_Cancellation.java:808)
	at com.testScripts.Appointment_Cancellation_Test.AC_29_Verify_SerachAppointmentDate_Result(Appointment_Cancellation_Test.java:142)
... Removed 37 stack frames</div></td></tr></table><p class="totop"><a href="#summary">back to summary</a></p><h3 id="m19">com.testScripts.Appointment_Cancellation_Test#AC_30_Verify_SerachAppointment_InvalidDate_Result</h3><table class="result"><tr><th>Exception</th></tr><tr><td><div class="stacktrace">org.openqa.selenium.WebDriverException: chrome not reachable
  (Session info: chrome=57.0.2987.133)
  (Driver info: chromedriver=2.29.461591 (62ebf098771772160f391d75e589dc567915b233),platform=Windows NT 6.1.7600 x86_64) (WARNING: The server did not provide any stacktrace information)
Command duration or timeout: 4.02 seconds
Build info: version: &apos;2.2.1&apos;, revision: &apos;16551&apos;, time: &apos;2012-04-11 21:42:35&apos;
System info: os.name: &apos;Windows 7&apos;, os.arch: &apos;amd64&apos;, os.version: &apos;6.1&apos;, java.version: &apos;1.8.0_121&apos;
Driver info: driver.version: RemoteWebDriver
	at org.openqa.selenium.remote.ErrorHandler.createThrowable(ErrorHandler.java:175)
	at org.openqa.selenium.remote.ErrorHandler.throwIfResponseFailed(ErrorHandler.java:128)
	at org.openqa.selenium.remote.RemoteWebDriver.execute(RemoteWebDriver.java:459)
	at org.openqa.selenium.remote.RemoteWebDriver.findElement(RemoteWebDriver.java:227)
	at org.openqa.selenium.remote.RemoteWebDriver.findElementByXPath(RemoteWebDriver.java:312)
	at org.openqa.selenium.By$ByXPath.findElement(By.java:344)
	at org.openqa.selenium.remote.RemoteWebDriver.findElement(RemoteWebDriver.java:219)
	at com.pageLibrary.Appointment_Cancellation.ac_30_verify_SearchByAppointment_InvalidDate_Result(Appointment_Cancellation.java:858)
	at com.testScripts.Appointment_Cancellation_Test.AC_30_Verify_SerachAppointment_InvalidDate_Result(Appointment_Cancellation_Test.java:146)
... Removed 37 stack frames</div></td></tr></table><p class="totop"><a href="#summary">back to summary</a></p><h3 id="m20">com.testScripts.Appointment_Cancellation_Test#AC_31_Verify_Status</h3><table class="result"><tr><th>Exception</th></tr><tr><td><div class="stacktrace">org.openqa.selenium.WebDriverException: chrome not reachable
  (Session info: chrome=57.0.2987.133)
  (Driver info: chromedriver=2.29.461591 (62ebf098771772160f391d75e589dc567915b233),platform=Windows NT 6.1.7600 x86_64) (WARNING: The server did not provide any stacktrace information)
Command duration or timeout: 4.02 seconds
Build info: version: &apos;2.2.1&apos;, revision: &apos;16551&apos;, time: &apos;2012-04-11 21:42:35&apos;
System info: os.name: &apos;Windows 7&apos;, os.arch: &apos;amd64&apos;, os.version: &apos;6.1&apos;, java.version: &apos;1.8.0_121&apos;
Driver info: driver.version: RemoteWebDriver
	at org.openqa.selenium.remote.ErrorHandler.createThrowable(ErrorHandler.java:175)
	at org.openqa.selenium.remote.ErrorHandler.throwIfResponseFailed(ErrorHandler.java:128)
	at org.openqa.selenium.remote.RemoteWebDriver.execute(RemoteWebDriver.java:459)
	at org.openqa.selenium.remote.RemoteWebDriver.findElement(RemoteWebDriver.java:227)
	at org.openqa.selenium.remote.RemoteWebDriver.findElementByXPath(RemoteWebDriver.java:312)
	at org.openqa.selenium.By$ByXPath.findElement(By.java:344)
	at org.openqa.selenium.remote.RemoteWebDriver.findElement(RemoteWebDriver.java:219)
	at com.pageLibrary.Appointment_Cancellation.ac_31_verify_Status(Appointment_Cancellation.java:917)
	at com.testScripts.Appointment_Cancellation_Test.AC_31_Verify_Status(Appointment_Cancellation_Test.java:150)
... Removed 37 stack frames</div></td></tr></table><p class="totop"><a href="#summary">back to summary</a></p><h3 id="m21">com.testScripts.Appointment_Cancellation_Test#AC_32_Verify_Cancel</h3><table class="result"><tr><th>Exception</th></tr><tr><td><div class="stacktrace">org.openqa.selenium.WebDriverException: chrome not reachable
  (Session info: chrome=57.0.2987.133)
  (Driver info: chromedriver=2.29.461591 (62ebf098771772160f391d75e589dc567915b233),platform=Windows NT 6.1.7600 x86_64) (WARNING: The server did not provide any stacktrace information)
Command duration or timeout: 4.01 seconds
Build info: version: &apos;2.2.1&apos;, revision: &apos;16551&apos;, time: &apos;2012-04-11 21:42:35&apos;
System info: os.name: &apos;Windows 7&apos;, os.arch: &apos;amd64&apos;, os.version: &apos;6.1&apos;, java.version: &apos;1.8.0_121&apos;
Driver info: driver.version: RemoteWebDriver
	at org.openqa.selenium.remote.ErrorHandler.createThrowable(ErrorHandler.java:175)
	at org.openqa.selenium.remote.ErrorHandler.throwIfResponseFailed(ErrorHandler.java:128)
	at org.openqa.selenium.remote.RemoteWebDriver.execute(RemoteWebDriver.java:459)
	at org.openqa.selenium.remote.RemoteWebDriver.findElement(RemoteWebDriver.java:227)
	at org.openqa.selenium.remote.RemoteWebDriver.findElementByXPath(RemoteWebDriver.java:312)
	at org.openqa.selenium.By$ByXPath.findElement(By.java:344)
	at org.openqa.selenium.remote.RemoteWebDriver.findElement(RemoteWebDriver.java:219)
	at com.pageLibrary.Appointment_Cancellation.ac_32_verify_Cancel(Appointment_Cancellation.java:925)
	at com.testScripts.Appointment_Cancellation_Test.AC_32_Verify_Cancel(Appointment_Cancellation_Test.java:154)
... Removed 37 stack frames</div></td></tr></table><p class="totop"><a href="#summary">back to summary</a></p><h3 id="m22">com.testScripts.Appointment_Cancellation_Test#AC_33_Verify_ClickheretoCancel</h3><table class="result"><tr><th>Exception</th></tr><tr><td><div class="stacktrace">org.openqa.selenium.WebDriverException: chrome not reachable
  (Session info: chrome=57.0.2987.133)
  (Driver info: chromedriver=2.29.461591 (62ebf098771772160f391d75e589dc567915b233),platform=Windows NT 6.1.7600 x86_64) (WARNING: The server did not provide any stacktrace information)
Command duration or timeout: 4.04 seconds
Build info: version: &apos;2.2.1&apos;, revision: &apos;16551&apos;, time: &apos;2012-04-11 21:42:35&apos;
System info: os.name: &apos;Windows 7&apos;, os.arch: &apos;amd64&apos;, os.version: &apos;6.1&apos;, java.version: &apos;1.8.0_121&apos;
Driver info: driver.version: RemoteWebDriver
	at org.openqa.selenium.remote.ErrorHandler.createThrowable(ErrorHandler.java:175)
	at org.openqa.selenium.remote.ErrorHandler.throwIfResponseFailed(ErrorHandler.java:128)
	at org.openqa.selenium.remote.RemoteWebDriver.execute(RemoteWebDriver.java:459)
	at org.openqa.selenium.remote.RemoteWebDriver.findElement(RemoteWebDriver.java:227)
	at org.openqa.selenium.remote.RemoteWebDriver.findElementByXPath(RemoteWebDriver.java:312)
	at org.openqa.selenium.By$ByXPath.findElement(By.java:344)
	at org.openqa.selenium.remote.RemoteWebDriver.findElement(RemoteWebDriver.java:219)
	at com.pageLibrary.Appointment_Cancellation.ac_33_verify_ClickheretoCancel(Appointment_Cancellation.java:937)
	at com.testScripts.Appointment_Cancellation_Test.AC_33_Verify_ClickheretoCancel(Appointment_Cancellation_Test.java:158)
... Removed 37 stack frames</div></td></tr></table><p class="totop"><a href="#summary">back to summary</a></p><h3 id="m23">com.testScripts.Appointment_Cancellation_Test#AC_34_Verify_OKbutton</h3><table class="result"><tr><th>Exception</th></tr><tr><td><div class="stacktrace">org.openqa.selenium.WebDriverException: chrome not reachable
  (Session info: chrome=57.0.2987.133)
  (Driver info: chromedriver=2.29.461591 (62ebf098771772160f391d75e589dc567915b233),platform=Windows NT 6.1.7600 x86_64) (WARNING: The server did not provide any stacktrace information)
Command duration or timeout: 4.01 seconds
Build info: version: &apos;2.2.1&apos;, revision: &apos;16551&apos;, time: &apos;2012-04-11 21:42:35&apos;
System info: os.name: &apos;Windows 7&apos;, os.arch: &apos;amd64&apos;, os.version: &apos;6.1&apos;, java.version: &apos;1.8.0_121&apos;
Driver info: driver.version: RemoteWebDriver
	at org.openqa.selenium.remote.ErrorHandler.createThrowable(ErrorHandler.java:175)
	at org.openqa.selenium.remote.ErrorHandler.throwIfResponseFailed(ErrorHandler.java:128)
	at org.openqa.selenium.remote.RemoteWebDriver.execute(RemoteWebDriver.java:459)
	at org.openqa.selenium.remote.RemoteWebDriver.execute(RemoteWebDriver.java:463)
	at org.openqa.selenium.remote.RemoteWebDriver$RemoteTargetLocator.alert(RemoteWebDriver.java:723)
	at com.pageLibrary.Appointment_Cancellation.ac_34_verify_Ok_button(Appointment_Cancellation.java:949)
	at com.testScripts.Appointment_Cancellation_Test.AC_34_Verify_OKbutton(Appointment_Cancellation_Test.java:162)
... Removed 37 stack frames</div></td></tr></table><p class="totop"><a href="#summary">back to summary</a></p><h3 id="m24">com.testScripts.Appointment_Cancellation_Test#AC_35_Verify_Cancelbutton</h3><table class="result"><tr><th>Exception</th></tr><tr><td><div class="stacktrace">org.openqa.selenium.WebDriverException: chrome not reachable
  (Session info: chrome=57.0.2987.133)
  (Driver info: chromedriver=2.29.461591 (62ebf098771772160f391d75e589dc567915b233),platform=Windows NT 6.1.7600 x86_64) (WARNING: The server did not provide any stacktrace information)
Command duration or timeout: 4.01 seconds
Build info: version: &apos;2.2.1&apos;, revision: &apos;16551&apos;, time: &apos;2012-04-11 21:42:35&apos;
System info: os.name: &apos;Windows 7&apos;, os.arch: &apos;amd64&apos;, os.version: &apos;6.1&apos;, java.version: &apos;1.8.0_121&apos;
Driver info: driver.version: RemoteWebDriver
	at org.openqa.selenium.remote.ErrorHandler.createThrowable(ErrorHandler.java:175)
	at org.openqa.selenium.remote.ErrorHandler.throwIfResponseFailed(ErrorHandler.java:128)
	at org.openqa.selenium.remote.RemoteWebDriver.execute(RemoteWebDriver.java:459)
	at org.openqa.selenium.remote.RemoteWebDriver.findElement(RemoteWebDriver.java:227)
	at org.openqa.selenium.remote.RemoteWebDriver.findElementByXPath(RemoteWebDriver.java:312)
	at org.openqa.selenium.By$ByXPath.findElement(By.java:344)
	at org.openqa.selenium.remote.RemoteWebDriver.findElement(RemoteWebDriver.java:219)
	at com.pageLibrary.Appointment_Cancellation.ac_35_verify_Cancel_button(Appointment_Cancellation.java:958)
	at com.testScripts.Appointment_Cancellation_Test.AC_35_Verify_Cancelbutton(Appointment_Cancellation_Test.java:166)
... Removed 37 stack frames</div></td></tr></table><p class="totop"><a href="#summary">back to summary</a></p><h3 id="m25">com.testScripts.Appointment_Cancellation_Test#AC_38_Verify_AllText_Boxes</h3><table class="result"><tr><th>Exception</th></tr><tr><td><div class="stacktrace">org.openqa.selenium.WebDriverException: chrome not reachable
  (Session info: chrome=57.0.2987.133)
  (Driver info: chromedriver=2.29.461591 (62ebf098771772160f391d75e589dc567915b233),platform=Windows NT 6.1.7600 x86_64) (WARNING: The server did not provide any stacktrace information)
Command duration or timeout: 4.01 seconds
Build info: version: &apos;2.2.1&apos;, revision: &apos;16551&apos;, time: &apos;2012-04-11 21:42:35&apos;
System info: os.name: &apos;Windows 7&apos;, os.arch: &apos;amd64&apos;, os.version: &apos;6.1&apos;, java.version: &apos;1.8.0_121&apos;
Driver info: driver.version: RemoteWebDriver
	at org.openqa.selenium.remote.ErrorHandler.createThrowable(ErrorHandler.java:175)
	at org.openqa.selenium.remote.ErrorHandler.throwIfResponseFailed(ErrorHandler.java:128)
	at org.openqa.selenium.remote.RemoteWebDriver.execute(RemoteWebDriver.java:459)
	at org.openqa.selenium.remote.RemoteWebDriver.findElement(RemoteWebDriver.java:227)
	at org.openqa.selenium.remote.RemoteWebDriver.findElementByXPath(RemoteWebDriver.java:312)
	at org.openqa.selenium.By$ByXPath.findElement(By.java:344)
	at org.openqa.selenium.remote.RemoteWebDriver.findElement(RemoteWebDriver.java:219)
	at com.pageLibrary.Appointment_Cancellation.ac_38_verify_all_textboxes(Appointment_Cancellation.java:96)
	at com.testScripts.Appointment_Cancellation_Test.AC_38_Verify_AllText_Boxes(Appointment_Cancellation_Test.java:34)
... Removed 38 stack frames</div></td></tr></table><p class="totop"><a href="#summary">back to summary</a></p><h3 id="m26">com.testScripts.Appointment_Cancellation_Test#AC_39_Verify_All_Buttons</h3><table class="result"><tr><th>Exception</th></tr><tr><td><div class="stacktrace">org.openqa.selenium.WebDriverException: chrome not reachable
  (Session info: chrome=57.0.2987.133)
  (Driver info: chromedriver=2.29.461591 (62ebf098771772160f391d75e589dc567915b233),platform=Windows NT 6.1.7600 x86_64) (WARNING: The server did not provide any stacktrace information)
Command duration or timeout: 4.02 seconds
Build info: version: &apos;2.2.1&apos;, revision: &apos;16551&apos;, time: &apos;2012-04-11 21:42:35&apos;
System info: os.name: &apos;Windows 7&apos;, os.arch: &apos;amd64&apos;, os.version: &apos;6.1&apos;, java.version: &apos;1.8.0_121&apos;
Driver info: driver.version: RemoteWebDriver
	at org.openqa.selenium.remote.ErrorHandler.createThrowable(ErrorHandler.java:175)
	at org.openqa.selenium.remote.ErrorHandler.throwIfResponseFailed(ErrorHandler.java:128)
	at org.openqa.selenium.remote.RemoteWebDriver.execute(RemoteWebDriver.java:459)
	at org.openqa.selenium.remote.RemoteWebDriver.findElement(RemoteWebDriver.java:227)
	at org.openqa.selenium.remote.RemoteWebDriver.findElementByXPath(RemoteWebDriver.java:312)
	at org.openqa.selenium.By$ByXPath.findElement(By.java:344)
	at org.openqa.selenium.remote.RemoteWebDriver.findElement(RemoteWebDriver.java:219)
	at com.pageLibrary.Appointment_Cancellation.ac_39_verify_all_buttons(Appointment_Cancellation.java:136)
	at com.testScripts.Appointment_Cancellation_Test.AC_39_Verify_All_Buttons(Appointment_Cancellation_Test.java:47)
... Removed 38 stack frames</div></td></tr></table><p class="totop"><a href="#summary">back to summary</a></p><h3 id="m27">com.testScripts.Appointment_Cancellation_Test#Ac_36_Verify_Cancelled_record</h3><table class="result"><tr><th>Exception</th></tr><tr><td><div class="stacktrace">org.openqa.selenium.WebDriverException: chrome not reachable
  (Session info: chrome=57.0.2987.133)
  (Driver info: chromedriver=2.29.461591 (62ebf098771772160f391d75e589dc567915b233),platform=Windows NT 6.1.7600 x86_64) (WARNING: The server did not provide any stacktrace information)
Command duration or timeout: 4.01 seconds
Build info: version: &apos;2.2.1&apos;, revision: &apos;16551&apos;, time: &apos;2012-04-11 21:42:35&apos;
System info: os.name: &apos;Windows 7&apos;, os.arch: &apos;amd64&apos;, os.version: &apos;6.1&apos;, java.version: &apos;1.8.0_121&apos;
Driver info: driver.version: RemoteWebDriver
	at org.openqa.selenium.remote.ErrorHandler.createThrowable(ErrorHandler.java:175)
	at org.openqa.selenium.remote.ErrorHandler.throwIfResponseFailed(ErrorHandler.java:128)
	at org.openqa.selenium.remote.RemoteWebDriver.execute(RemoteWebDriver.java:459)
	at org.openqa.selenium.remote.RemoteWebDriver.findElement(RemoteWebDriver.java:227)
	at org.openqa.selenium.remote.RemoteWebDriver.findElementByXPath(RemoteWebDriver.java:312)
	at org.openqa.selenium.By$ByXPath.findElement(By.java:344)
	at org.openqa.selenium.remote.RemoteWebDriver.findElement(RemoteWebDriver.java:219)
	at com.pageLibrary.Appointment_Cancellation.ac_36_verify_Cancelled_record(Appointment_Cancellation.java:972)
	at com.testScripts.Appointment_Cancellation_Test.Ac_36_Verify_Cancelled_record(Appointment_Cancellation_Test.java:170)
... Removed 37 stack frames</div></td></tr></table><p class="totop"><a href="#summary">back to summary</a></p><h3 id="m28">com.testScripts.Appointment_Cancellation_Test#Verify_AllDates_Fields</h3><table class="result"><tr><th>Exception</th></tr><tr><td><div class="stacktrace">org.openqa.selenium.WebDriverException: chrome not reachable
  (Session info: chrome=57.0.2987.133)
  (Driver info: chromedriver=2.29.461591 (62ebf098771772160f391d75e589dc567915b233),platform=Windows NT 6.1.7600 x86_64) (WARNING: The server did not provide any stacktrace information)
Command duration or timeout: 4.01 seconds
Build info: version: &apos;2.2.1&apos;, revision: &apos;16551&apos;, time: &apos;2012-04-11 21:42:35&apos;
System info: os.name: &apos;Windows 7&apos;, os.arch: &apos;amd64&apos;, os.version: &apos;6.1&apos;, java.version: &apos;1.8.0_121&apos;
Driver info: driver.version: RemoteWebDriver
	at org.openqa.selenium.remote.ErrorHandler.createThrowable(ErrorHandler.java:175)
	at org.openqa.selenium.remote.ErrorHandler.throwIfResponseFailed(ErrorHandler.java:128)
	at org.openqa.selenium.remote.RemoteWebDriver.execute(RemoteWebDriver.java:459)
	at org.openqa.selenium.remote.RemoteWebDriver.findElement(RemoteWebDriver.java:227)
	at org.openqa.selenium.remote.RemoteWebDriver.findElementByXPath(RemoteWebDriver.java:312)
	at org.openqa.selenium.By$ByXPath.findElement(By.java:344)
	at org.openqa.selenium.remote.RemoteWebDriver.findElement(RemoteWebDriver.java:219)
	at com.pageLibrary.Appointment_Cancellation.verify_all_date_fields(Appointment_Cancellation.java:123)
	at com.testScripts.Appointment_Cancellation_Test.Verify_AllDates_Fields(Appointment_Cancellation_Test.java:40)
... Removed 38 stack frames</div></td></tr></table><p class="totop"><a href="#summary">back to summary</a></p><h3 id="m29">com.testScripts.Appointment_Cancellation_Test#Verify_Web_Table</h3><table class="result"><tr><th>Exception</th></tr><tr><td><div class="stacktrace">org.openqa.selenium.WebDriverException: chrome not reachable
  (Session info: chrome=57.0.2987.133)
  (Driver info: chromedriver=2.29.461591 (62ebf098771772160f391d75e589dc567915b233),platform=Windows NT 6.1.7600 x86_64) (WARNING: The server did not provide any stacktrace information)
Command duration or timeout: 4.03 seconds
Build info: version: &apos;2.2.1&apos;, revision: &apos;16551&apos;, time: &apos;2012-04-11 21:42:35&apos;
System info: os.name: &apos;Windows 7&apos;, os.arch: &apos;amd64&apos;, os.version: &apos;6.1&apos;, java.version: &apos;1.8.0_121&apos;
Driver info: driver.version: RemoteWebDriver
	at org.openqa.selenium.remote.ErrorHandler.createThrowable(ErrorHandler.java:175)
	at org.openqa.selenium.remote.ErrorHandler.throwIfResponseFailed(ErrorHandler.java:128)
	at org.openqa.selenium.remote.RemoteWebDriver.execute(RemoteWebDriver.java:459)
	at org.openqa.selenium.remote.RemoteWebDriver.findElement(RemoteWebDriver.java:227)
	at org.openqa.selenium.remote.RemoteWebDriver.findElementByXPath(RemoteWebDriver.java:312)
	at org.openqa.selenium.By$ByXPath.findElement(By.java:344)
	at org.openqa.selenium.remote.RemoteWebDriver.findElement(RemoteWebDriver.java:219)
	at com.pageLibrary.Appointment_Cancellation.web_table(Appointment_Cancellation.java:151)
	at com.testScripts.Appointment_Cancellation_Test.Verify_Web_Table(Appointment_Cancellation_Test.java:53)
... Removed 37 stack frames</div></td></tr></table><p class="totop"><a href="#summary">back to summary</a></p><h3 id="m30">com.testScripts.Bill_Settlement_Lib_Test#BS_105_Verify_Cash_Option_In_Paymentmode</h3><table class="result"><tr><th>Messages</th></tr><tr><td><div class="messages">TEST:-----&gt;&gt;   &lt;&lt; BS_105_Verify_Cash_Option_In_Paymentmode &gt;&gt;  <br/>                                               </div></td></tr><tr><th>Exception</th></tr><tr><td><div class="stacktrace">org.openqa.selenium.NoSuchElementException: no such element: Unable to locate element: {&quot;method&quot;:&quot;xpath&quot;,&quot;selector&quot;:&quot;//*[@id=&apos;wrapper&apos;]/nav/div[2]/ul/li[1]/a&quot;}
  (Session info: chrome=57.0.2987.133)
  (Driver info: chromedriver=2.29.461591 (62ebf098771772160f391d75e589dc567915b233),platform=Windows NT 6.1.7600 x86_64) (WARNING: The server did not provide any stacktrace information)
Command duration or timeout: 16 milliseconds
For documentation on this error, please visit: http://seleniumhq.org/exceptions/no_such_element.html
Build info: version: &apos;2.2.1&apos;, revision: &apos;16551&apos;, time: &apos;2012-04-11 21:42:35&apos;
System info: os.name: &apos;Windows 7&apos;, os.arch: &apos;amd64&apos;, os.version: &apos;6.1&apos;, java.version: &apos;1.8.0_121&apos;
Driver info: driver.version: RemoteWebDriver
	at org.openqa.selenium.remote.ErrorHandler.createThrowable(ErrorHandler.java:175)
	at org.openqa.selenium.remote.ErrorHandler.throwIfResponseFailed(ErrorHandler.java:128)
	at org.openqa.selenium.remote.RemoteWebDriver.execute(RemoteWebDriver.java:459)
	at org.openqa.selenium.remote.RemoteWebDriver.findElement(RemoteWebDriver.java:227)
	at org.openqa.selenium.remote.RemoteWebDriver.findElementByXPath(RemoteWebDriver.java:312)
	at org.openqa.selenium.By$ByXPath.findElement(By.java:344)
	at org.openqa.selenium.remote.RemoteWebDriver.findElement(RemoteWebDriver.java:219)
	at com.pageLibrary.Bill_Settlement_Lib.bs_105_verify_cash_option_in_paymentmode(Bill_Settlement_Lib.java:33)
	at com.testScripts.Bill_Settlement_Lib_Test.BS_105_Verify_Cash_Option_In_Paymentmode(Bill_Settlement_Lib_Test.java:32)
... Removed 38 stack frames</div></td></tr></table><p class="totop"><a href="#summary">back to summary</a></p><h3 id="m31">com.testScripts.Bill_Settlement_Lib_Test#BS_106_Verify_Amount_Accepting_EqualTo_Netamount</h3><table class="result"><tr><th>Exception</th></tr><tr><td><div class="stacktrace">org.openqa.selenium.NoSuchElementException: no such element: Unable to locate element: {&quot;method&quot;:&quot;xpath&quot;,&quot;selector&quot;:&quot;//*[@id=&apos;balanceOutstanding&apos;]&quot;}
  (Session info: chrome=57.0.2987.133)
  (Driver info: chromedriver=2.29.461591 (62ebf098771772160f391d75e589dc567915b233),platform=Windows NT 6.1.7600 x86_64) (WARNING: The server did not provide any stacktrace information)
Command duration or timeout: 18 milliseconds
For documentation on this error, please visit: http://seleniumhq.org/exceptions/no_such_element.html
Build info: version: &apos;2.2.1&apos;, revision: &apos;16551&apos;, time: &apos;2012-04-11 21:42:35&apos;
System info: os.name: &apos;Windows 7&apos;, os.arch: &apos;amd64&apos;, os.version: &apos;6.1&apos;, java.version: &apos;1.8.0_121&apos;
Driver info: driver.version: RemoteWebDriver
	at org.openqa.selenium.remote.ErrorHandler.createThrowable(ErrorHandler.java:175)
	at org.openqa.selenium.remote.ErrorHandler.throwIfResponseFailed(ErrorHandler.java:128)
	at org.openqa.selenium.remote.RemoteWebDriver.execute(RemoteWebDriver.java:459)
	at org.openqa.selenium.remote.RemoteWebDriver.findElement(RemoteWebDriver.java:227)
	at org.openqa.selenium.remote.RemoteWebDriver.findElementByXPath(RemoteWebDriver.java:312)
	at org.openqa.selenium.By$ByXPath.findElement(By.java:344)
	at org.openqa.selenium.remote.RemoteWebDriver.findElement(RemoteWebDriver.java:219)
	at com.pageLibrary.Bill_Settlement_Lib.bs_106_verify_amount_accepting_equalto_netamount(Bill_Settlement_Lib.java:58)
	at com.testScripts.Bill_Settlement_Lib_Test.BS_106_Verify_Amount_Accepting_EqualTo_Netamount(Bill_Settlement_Lib_Test.java:37)
... Removed 38 stack frames</div></td></tr></table><p class="totop"><a href="#summary">back to summary</a></p><h3 id="m32">com.testScripts.Bill_Settlement_Lib_Test#BS_106_Verify_Amount_Accepting_LessThan_Netamount</h3><table class="result"><tr><th>Exception</th></tr><tr><td><div class="stacktrace">org.openqa.selenium.WebDriverException: chrome not reachable
  (Session info: chrome=57.0.2987.133)
  (Driver info: chromedriver=2.29.461591 (62ebf098771772160f391d75e589dc567915b233),platform=Windows NT 6.1.7600 x86_64) (WARNING: The server did not provide any stacktrace information)
Command duration or timeout: 4.01 seconds
Build info: version: &apos;2.2.1&apos;, revision: &apos;16551&apos;, time: &apos;2012-04-11 21:42:35&apos;
System info: os.name: &apos;Windows 7&apos;, os.arch: &apos;amd64&apos;, os.version: &apos;6.1&apos;, java.version: &apos;1.8.0_121&apos;
Driver info: driver.version: RemoteWebDriver
	at org.openqa.selenium.remote.ErrorHandler.createThrowable(ErrorHandler.java:175)
	at org.openqa.selenium.remote.ErrorHandler.throwIfResponseFailed(ErrorHandler.java:128)
	at org.openqa.selenium.remote.RemoteWebDriver.execute(RemoteWebDriver.java:459)
	at org.openqa.selenium.remote.RemoteWebDriver.findElement(RemoteWebDriver.java:227)
	at org.openqa.selenium.remote.RemoteWebDriver.findElementByXPath(RemoteWebDriver.java:312)
	at org.openqa.selenium.By$ByXPath.findElement(By.java:344)
	at org.openqa.selenium.remote.RemoteWebDriver.findElement(RemoteWebDriver.java:219)
	at com.pageLibrary.Bill_Settlement_Lib.bs_106_verify_amount_accepting_lessthan_netamount(Bill_Settlement_Lib.java:108)
	at com.testScripts.Bill_Settlement_Lib_Test.BS_106_Verify_Amount_Accepting_LessThan_Netamount(Bill_Settlement_Lib_Test.java:42)
... Removed 38 stack frames</div></td></tr></table><p class="totop"><a href="#summary">back to summary</a></p><h3 id="m33">com.testScripts.Bill_Settlement_Lib_Test#BS_106_Verify_Amount_Accepting_MoreThan_Netamount</h3><table class="result"><tr><th>Exception</th></tr><tr><td><div class="stacktrace">org.openqa.selenium.WebDriverException: chrome not reachable
  (Session info: chrome=57.0.2987.133)
  (Driver info: chromedriver=2.29.461591 (62ebf098771772160f391d75e589dc567915b233),platform=Windows NT 6.1.7600 x86_64) (WARNING: The server did not provide any stacktrace information)
Command duration or timeout: 4.00 seconds
Build info: version: &apos;2.2.1&apos;, revision: &apos;16551&apos;, time: &apos;2012-04-11 21:42:35&apos;
System info: os.name: &apos;Windows 7&apos;, os.arch: &apos;amd64&apos;, os.version: &apos;6.1&apos;, java.version: &apos;1.8.0_121&apos;
Driver info: driver.version: RemoteWebDriver
	at org.openqa.selenium.remote.ErrorHandler.createThrowable(ErrorHandler.java:175)
	at org.openqa.selenium.remote.ErrorHandler.throwIfResponseFailed(ErrorHandler.java:128)
	at org.openqa.selenium.remote.RemoteWebDriver.execute(RemoteWebDriver.java:459)
	at org.openqa.selenium.remote.RemoteWebDriver.findElement(RemoteWebDriver.java:227)
	at org.openqa.selenium.remote.RemoteWebDriver.findElementByXPath(RemoteWebDriver.java:312)
	at org.openqa.selenium.By$ByXPath.findElement(By.java:344)
	at org.openqa.selenium.remote.RemoteWebDriver.findElement(RemoteWebDriver.java:219)
	at com.pageLibrary.Bill_Settlement_Lib.bs_107_verify_amount_accepting_morethan_netamount(Bill_Settlement_Lib.java:215)
	at com.testScripts.Bill_Settlement_Lib_Test.BS_106_Verify_Amount_Accepting_MoreThan_Netamount(Bill_Settlement_Lib_Test.java:47)
... Removed 38 stack frames</div></td></tr></table><p class="totop"><a href="#summary">back to summary</a></p><h3 id="m34">com.testScripts.Bill_Settlement_Lib_Test#BS_115_Verify_Amount_Accepting_AlphaNumerics_Invalid</h3><table class="result"><tr><th>Exception</th></tr><tr><td><div class="stacktrace">org.openqa.selenium.WebDriverException: chrome not reachable
  (Session info: chrome=57.0.2987.133)
  (Driver info: chromedriver=2.29.461591 (62ebf098771772160f391d75e589dc567915b233),platform=Windows NT 6.1.7600 x86_64) (WARNING: The server did not provide any stacktrace information)
Command duration or timeout: 4.01 seconds
Build info: version: &apos;2.2.1&apos;, revision: &apos;16551&apos;, time: &apos;2012-04-11 21:42:35&apos;
System info: os.name: &apos;Windows 7&apos;, os.arch: &apos;amd64&apos;, os.version: &apos;6.1&apos;, java.version: &apos;1.8.0_121&apos;
Driver info: driver.version: RemoteWebDriver
	at org.openqa.selenium.remote.ErrorHandler.createThrowable(ErrorHandler.java:175)
	at org.openqa.selenium.remote.ErrorHandler.throwIfResponseFailed(ErrorHandler.java:128)
	at org.openqa.selenium.remote.RemoteWebDriver.execute(RemoteWebDriver.java:459)
	at org.openqa.selenium.remote.RemoteWebDriver.findElement(RemoteWebDriver.java:227)
	at org.openqa.selenium.remote.RemoteWebDriver.findElementByXPath(RemoteWebDriver.java:312)
	at org.openqa.selenium.By$ByXPath.findElement(By.java:344)
	at org.openqa.selenium.remote.RemoteWebDriver.findElement(RemoteWebDriver.java:219)
	at com.pageLibrary.Bill_Settlement_Lib.bs_115_verify_amount_accepting_alphanumerics_Invalid(Bill_Settlement_Lib.java:259)
	at com.testScripts.Bill_Settlement_Lib_Test.BS_115_Verify_Amount_Accepting_AlphaNumerics_Invalid(Bill_Settlement_Lib_Test.java:58)
... Removed 37 stack frames</div></td></tr></table><p class="totop"><a href="#summary">back to summary</a></p><h3 id="m35">com.testScripts.Bill_Settlement_Lib_Test#BS_115_Verify_Amount_Accepting_Alphabets_Invalid</h3><table class="result"><tr><th>Exception</th></tr><tr><td><div class="stacktrace">org.openqa.selenium.WebDriverException: chrome not reachable
  (Session info: chrome=57.0.2987.133)
  (Driver info: chromedriver=2.29.461591 (62ebf098771772160f391d75e589dc567915b233),platform=Windows NT 6.1.7600 x86_64) (WARNING: The server did not provide any stacktrace information)
Command duration or timeout: 4.02 seconds
Build info: version: &apos;2.2.1&apos;, revision: &apos;16551&apos;, time: &apos;2012-04-11 21:42:35&apos;
System info: os.name: &apos;Windows 7&apos;, os.arch: &apos;amd64&apos;, os.version: &apos;6.1&apos;, java.version: &apos;1.8.0_121&apos;
Driver info: driver.version: RemoteWebDriver
	at org.openqa.selenium.remote.ErrorHandler.createThrowable(ErrorHandler.java:175)
	at org.openqa.selenium.remote.ErrorHandler.throwIfResponseFailed(ErrorHandler.java:128)
	at org.openqa.selenium.remote.RemoteWebDriver.execute(RemoteWebDriver.java:459)
	at org.openqa.selenium.remote.RemoteWebDriver.findElement(RemoteWebDriver.java:227)
	at org.openqa.selenium.remote.RemoteWebDriver.findElementByXPath(RemoteWebDriver.java:312)
	at org.openqa.selenium.By$ByXPath.findElement(By.java:344)
	at org.openqa.selenium.remote.RemoteWebDriver.findElement(RemoteWebDriver.java:219)
	at com.pageLibrary.Bill_Settlement_Lib.bs_115_verify_amount_accepting_alphabets_Invalid(Bill_Settlement_Lib.java:244)
	at com.testScripts.Bill_Settlement_Lib_Test.BS_115_Verify_Amount_Accepting_Alphabets_Invalid(Bill_Settlement_Lib_Test.java:52)
... Removed 38 stack frames</div></td></tr></table><p class="totop"><a href="#summary">back to summary</a></p><h3 id="m36">com.testScripts.Bill_Settlement_Lib_Test#BS_115_Verify_Amount_Accepting_SpecialCharacters_Invalid</h3><table class="result"><tr><th>Exception</th></tr><tr><td><div class="stacktrace">org.openqa.selenium.WebDriverException: chrome not reachable
  (Session info: chrome=57.0.2987.133)
  (Driver info: chromedriver=2.29.461591 (62ebf098771772160f391d75e589dc567915b233),platform=Windows NT 6.1.7600 x86_64) (WARNING: The server did not provide any stacktrace information)
Command duration or timeout: 4.02 seconds
Build info: version: &apos;2.2.1&apos;, revision: &apos;16551&apos;, time: &apos;2012-04-11 21:42:35&apos;
System info: os.name: &apos;Windows 7&apos;, os.arch: &apos;amd64&apos;, os.version: &apos;6.1&apos;, java.version: &apos;1.8.0_121&apos;
Driver info: driver.version: RemoteWebDriver
	at org.openqa.selenium.remote.ErrorHandler.createThrowable(ErrorHandler.java:175)
	at org.openqa.selenium.remote.ErrorHandler.throwIfResponseFailed(ErrorHandler.java:128)
	at org.openqa.selenium.remote.RemoteWebDriver.execute(RemoteWebDriver.java:459)
	at org.openqa.selenium.remote.RemoteWebDriver.findElement(RemoteWebDriver.java:227)
	at org.openqa.selenium.remote.RemoteWebDriver.findElementByXPath(RemoteWebDriver.java:312)
	at org.openqa.selenium.By$ByXPath.findElement(By.java:344)
	at org.openqa.selenium.remote.RemoteWebDriver.findElement(RemoteWebDriver.java:219)
	at com.pageLibrary.Bill_Settlement_Lib.bs_115_verify_amount_accepting_specialcharacters_Invalid(Bill_Settlement_Lib.java:282)
	at com.testScripts.Bill_Settlement_Lib_Test.BS_115_Verify_Amount_Accepting_SpecialCharacters_Invalid(Bill_Settlement_Lib_Test.java:63)
... Removed 37 stack frames</div></td></tr></table><p class="totop"><a href="#summary">back to summary</a></p><h3 id="m37">com.testScripts.Bill_Settlement_Lib_Test#BS_116_Verify_Amount_Leaving_Blank_Invalid</h3><table class="result"><tr><th>Exception</th></tr><tr><td><div class="stacktrace">org.openqa.selenium.WebDriverException: chrome not reachable
  (Session info: chrome=57.0.2987.133)
  (Driver info: chromedriver=2.29.461591 (62ebf098771772160f391d75e589dc567915b233),platform=Windows NT 6.1.7600 x86_64) (WARNING: The server did not provide any stacktrace information)
Command duration or timeout: 4.01 seconds
Build info: version: &apos;2.2.1&apos;, revision: &apos;16551&apos;, time: &apos;2012-04-11 21:42:35&apos;
System info: os.name: &apos;Windows 7&apos;, os.arch: &apos;amd64&apos;, os.version: &apos;6.1&apos;, java.version: &apos;1.8.0_121&apos;
Driver info: driver.version: RemoteWebDriver
	at org.openqa.selenium.remote.ErrorHandler.createThrowable(ErrorHandler.java:175)
	at org.openqa.selenium.remote.ErrorHandler.throwIfResponseFailed(ErrorHandler.java:128)
	at org.openqa.selenium.remote.RemoteWebDriver.execute(RemoteWebDriver.java:459)
	at org.openqa.selenium.remote.RemoteWebDriver.findElement(RemoteWebDriver.java:227)
	at org.openqa.selenium.remote.RemoteWebDriver.findElementByXPath(RemoteWebDriver.java:312)
	at org.openqa.selenium.By$ByXPath.findElement(By.java:344)
	at org.openqa.selenium.remote.RemoteWebDriver.findElement(RemoteWebDriver.java:219)
	at com.pageLibrary.Bill_Settlement_Lib.bs_116_verify_amount_leaving_blank_Invalid(Bill_Settlement_Lib.java:308)
	at com.testScripts.Bill_Settlement_Lib_Test.BS_116_Verify_Amount_Leaving_Blank_Invalid(Bill_Settlement_Lib_Test.java:69)
... Removed 37 stack frames</div></td></tr></table><p class="totop"><a href="#summary">back to summary</a></p><h3 id="m38">com.testScripts.HomePage_Test#HP_04_Verify_StaffLoginPage</h3><table class="result"><tr><th>Exception</th></tr><tr><td><div class="stacktrace">org.openqa.selenium.WebDriverException: chrome not reachable
  (Session info: chrome=57.0.2987.133)
  (Driver info: chromedriver=2.29.461591 (62ebf098771772160f391d75e589dc567915b233),platform=Windows NT 6.1.7600 x86_64) (WARNING: The server did not provide any stacktrace information)
Command duration or timeout: 4.01 seconds
Build info: version: &apos;2.2.1&apos;, revision: &apos;16551&apos;, time: &apos;2012-04-11 21:42:35&apos;
System info: os.name: &apos;Windows 7&apos;, os.arch: &apos;amd64&apos;, os.version: &apos;6.1&apos;, java.version: &apos;1.8.0_121&apos;
Driver info: driver.version: RemoteWebDriver
	at org.openqa.selenium.remote.ErrorHandler.createThrowable(ErrorHandler.java:175)
	at org.openqa.selenium.remote.ErrorHandler.throwIfResponseFailed(ErrorHandler.java:128)
	at org.openqa.selenium.remote.RemoteWebDriver.execute(RemoteWebDriver.java:459)
	at org.openqa.selenium.remote.RemoteWebDriver.get(RemoteWebDriver.java:201)
	at org.openqa.selenium.remote.RemoteWebDriver$RemoteNavigation.to(RemoteWebDriver.java:675)
	at com.pageLibrary.HomePage.OpenApplication(HomePage.java:32)
	at com.pageLibrary.HomePage.hp_04_ClickHereToLogin(HomePage.java:138)
	at com.testScripts.HomePage_Test.HP_04_Verify_StaffLoginPage(HomePage_Test.java:49)
... Removed 38 stack frames</div></td></tr></table><p class="totop"><a href="#summary">back to summary</a></p><h3 id="m39">com.testScripts.Reprint_Test#RP_01_Verify_Reprint_Page</h3><table class="result"><tr><th>Exception</th></tr><tr><td><div class="stacktrace">org.openqa.selenium.NoSuchElementException: no such element: Unable to locate element: {&quot;method&quot;:&quot;xpath&quot;,&quot;selector&quot;:&quot;//*[@id=&apos;wrapper&apos;]/nav/div[2]/ul/li[1]/a&quot;}
  (Session info: chrome=57.0.2987.133)
  (Driver info: chromedriver=2.29.461591 (62ebf098771772160f391d75e589dc567915b233),platform=Windows NT 6.1.7600 x86_64) (WARNING: The server did not provide any stacktrace information)
Command duration or timeout: 23 milliseconds
For documentation on this error, please visit: http://seleniumhq.org/exceptions/no_such_element.html
Build info: version: &apos;2.2.1&apos;, revision: &apos;16551&apos;, time: &apos;2012-04-11 21:42:35&apos;
System info: os.name: &apos;Windows 7&apos;, os.arch: &apos;amd64&apos;, os.version: &apos;6.1&apos;, java.version: &apos;1.8.0_121&apos;
Driver info: driver.version: RemoteWebDriver
	at org.openqa.selenium.remote.ErrorHandler.createThrowable(ErrorHandler.java:175)
	at org.openqa.selenium.remote.ErrorHandler.throwIfResponseFailed(ErrorHandler.java:128)
	at org.openqa.selenium.remote.RemoteWebDriver.execute(RemoteWebDriver.java:459)
	at org.openqa.selenium.remote.RemoteWebDriver.findElement(RemoteWebDriver.java:227)
	at org.openqa.selenium.remote.RemoteWebDriver.findElementByXPath(RemoteWebDriver.java:312)
	at org.openqa.selenium.By$ByXPath.findElement(By.java:344)
	at org.openqa.selenium.remote.RemoteWebDriver.findElement(RemoteWebDriver.java:219)
	at com.pageLibrary.Reprint.rp_01_verify_reprint_page(Reprint.java:33)
	at com.testScripts.Reprint_Test.RP_01_Verify_Reprint_Page(Reprint_Test.java:18)
... Removed 38 stack frames</div></td></tr></table><p class="totop"><a href="#summary">back to summary</a></p><h3 id="m40">com.testScripts.Reprint_Test#RP_02_Verify_Main_Heading</h3><table class="result"><tr><th>Exception</th></tr><tr><td><div class="stacktrace">org.openqa.selenium.WebDriverException: chrome not reachable
  (Session info: chrome=57.0.2987.133)
  (Driver info: chromedriver=2.29.461591 (62ebf098771772160f391d75e589dc567915b233),platform=Windows NT 6.1.7600 x86_64) (WARNING: The server did not provide any stacktrace information)
Command duration or timeout: 4.01 seconds
Build info: version: &apos;2.2.1&apos;, revision: &apos;16551&apos;, time: &apos;2012-04-11 21:42:35&apos;
System info: os.name: &apos;Windows 7&apos;, os.arch: &apos;amd64&apos;, os.version: &apos;6.1&apos;, java.version: &apos;1.8.0_121&apos;
Driver info: driver.version: RemoteWebDriver
	at org.openqa.selenium.remote.ErrorHandler.createThrowable(ErrorHandler.java:175)
	at org.openqa.selenium.remote.ErrorHandler.throwIfResponseFailed(ErrorHandler.java:128)
	at org.openqa.selenium.remote.RemoteWebDriver.execute(RemoteWebDriver.java:459)
	at org.openqa.selenium.remote.RemoteWebDriver.findElement(RemoteWebDriver.java:227)
	at org.openqa.selenium.remote.RemoteWebDriver.findElementByXPath(RemoteWebDriver.java:312)
	at org.openqa.selenium.By$ByXPath.findElement(By.java:344)
	at org.openqa.selenium.remote.RemoteWebDriver.findElement(RemoteWebDriver.java:219)
	at com.pageLibrary.Reprint.rp_02_verify_main_heading(Reprint.java:49)
	at com.testScripts.Reprint_Test.RP_02_Verify_Main_Heading(Reprint_Test.java:24)
... Removed 38 stack frames</div></td></tr></table><p class="totop"><a href="#summary">back to summary</a></p><h3 id="m41">com.testScripts.Reprint_Test#RP_03_Verify_Sub_Heading</h3><table class="result"><tr><th>Exception</th></tr><tr><td><div class="stacktrace">org.openqa.selenium.WebDriverException: chrome not reachable
  (Session info: chrome=57.0.2987.133)
  (Driver info: chromedriver=2.29.461591 (62ebf098771772160f391d75e589dc567915b233),platform=Windows NT 6.1.7600 x86_64) (WARNING: The server did not provide any stacktrace information)
Command duration or timeout: 4.04 seconds
Build info: version: &apos;2.2.1&apos;, revision: &apos;16551&apos;, time: &apos;2012-04-11 21:42:35&apos;
System info: os.name: &apos;Windows 7&apos;, os.arch: &apos;amd64&apos;, os.version: &apos;6.1&apos;, java.version: &apos;1.8.0_121&apos;
Driver info: driver.version: RemoteWebDriver
	at org.openqa.selenium.remote.ErrorHandler.createThrowable(ErrorHandler.java:175)
	at org.openqa.selenium.remote.ErrorHandler.throwIfResponseFailed(ErrorHandler.java:128)
	at org.openqa.selenium.remote.RemoteWebDriver.execute(RemoteWebDriver.java:459)
	at org.openqa.selenium.remote.RemoteWebDriver.findElement(RemoteWebDriver.java:227)
	at org.openqa.selenium.remote.RemoteWebDriver.findElementByXPath(RemoteWebDriver.java:312)
	at org.openqa.selenium.By$ByXPath.findElement(By.java:344)
	at org.openqa.selenium.remote.RemoteWebDriver.findElement(RemoteWebDriver.java:219)
	at com.pageLibrary.Reprint.rp_03_verify_sub_heading(Reprint.java:72)
	at com.testScripts.Reprint_Test.RP_03_Verify_Sub_Heading(Reprint_Test.java:30)
... Removed 38 stack frames</div></td></tr></table><p class="totop"><a href="#summary">back to summary</a></p><h3 id="m42">com.testScripts.Reprint_Test#RP_09_Verify_From_Date</h3><table class="result"><tr><th>Exception</th></tr><tr><td><div class="stacktrace">org.openqa.selenium.WebDriverException: chrome not reachable
  (Session info: chrome=57.0.2987.133)
  (Driver info: chromedriver=2.29.461591 (62ebf098771772160f391d75e589dc567915b233),platform=Windows NT 6.1.7600 x86_64) (WARNING: The server did not provide any stacktrace information)
Command duration or timeout: 4.01 seconds
Build info: version: &apos;2.2.1&apos;, revision: &apos;16551&apos;, time: &apos;2012-04-11 21:42:35&apos;
System info: os.name: &apos;Windows 7&apos;, os.arch: &apos;amd64&apos;, os.version: &apos;6.1&apos;, java.version: &apos;1.8.0_121&apos;
Driver info: driver.version: RemoteWebDriver
	at org.openqa.selenium.remote.ErrorHandler.createThrowable(ErrorHandler.java:175)
	at org.openqa.selenium.remote.ErrorHandler.throwIfResponseFailed(ErrorHandler.java:128)
	at org.openqa.selenium.remote.RemoteWebDriver.execute(RemoteWebDriver.java:459)
	at org.openqa.selenium.remote.RemoteWebDriver.findElement(RemoteWebDriver.java:227)
	at org.openqa.selenium.remote.RemoteWebDriver.findElementByXPath(RemoteWebDriver.java:312)
	at org.openqa.selenium.By$ByXPath.findElement(By.java:344)
	at org.openqa.selenium.remote.RemoteWebDriver.findElement(RemoteWebDriver.java:219)
	at com.pageLibrary.Reprint.rp_09_verify_from_date(Reprint.java:79)
	at com.testScripts.Reprint_Test.RP_09_Verify_From_Date(Reprint_Test.java:36)
... Removed 38 stack frames</div></td></tr></table><p class="totop"><a href="#summary">back to summary</a></p><h3 id="m43">com.testScripts.Reprint_Test#RP_11_Verify_LeavingFromDate_Blank</h3><table class="result"><tr><th>Exception</th></tr><tr><td><div class="stacktrace">org.openqa.selenium.WebDriverException: chrome not reachable
  (Session info: chrome=57.0.2987.133)
  (Driver info: chromedriver=2.29.461591 (62ebf098771772160f391d75e589dc567915b233),platform=Windows NT 6.1.7600 x86_64) (WARNING: The server did not provide any stacktrace information)
Command duration or timeout: 4.01 seconds
Build info: version: &apos;2.2.1&apos;, revision: &apos;16551&apos;, time: &apos;2012-04-11 21:42:35&apos;
System info: os.name: &apos;Windows 7&apos;, os.arch: &apos;amd64&apos;, os.version: &apos;6.1&apos;, java.version: &apos;1.8.0_121&apos;
Driver info: driver.version: RemoteWebDriver
	at org.openqa.selenium.remote.ErrorHandler.createThrowable(ErrorHandler.java:175)
	at org.openqa.selenium.remote.ErrorHandler.throwIfResponseFailed(ErrorHandler.java:128)
	at org.openqa.selenium.remote.RemoteWebDriver.execute(RemoteWebDriver.java:459)
	at org.openqa.selenium.remote.RemoteWebDriver.findElement(RemoteWebDriver.java:227)
	at org.openqa.selenium.remote.RemoteWebDriver.findElementByXPath(RemoteWebDriver.java:312)
	at org.openqa.selenium.By$ByXPath.findElement(By.java:344)
	at org.openqa.selenium.remote.RemoteWebDriver.findElement(RemoteWebDriver.java:219)
	at com.pageLibrary.Reprint.rp_11_verify_LeavingFromDate_Blank(Reprint.java:109)
	at com.testScripts.Reprint_Test.RP_11_Verify_LeavingFromDate_Blank(Reprint_Test.java:42)
... Removed 38 stack frames</div></td></tr></table><p class="totop"><a href="#summary">back to summary</a></p><h3 id="m44">com.testScripts.Reprint_Test#RP_16_Verify_To_Date</h3><table class="result"><tr><th>Exception</th></tr><tr><td><div class="stacktrace">org.openqa.selenium.WebDriverException: chrome not reachable
  (Session info: chrome=57.0.2987.133)
  (Driver info: chromedriver=2.29.461591 (62ebf098771772160f391d75e589dc567915b233),platform=Windows NT 6.1.7600 x86_64) (WARNING: The server did not provide any stacktrace information)
Command duration or timeout: 4.03 seconds
Build info: version: &apos;2.2.1&apos;, revision: &apos;16551&apos;, time: &apos;2012-04-11 21:42:35&apos;
System info: os.name: &apos;Windows 7&apos;, os.arch: &apos;amd64&apos;, os.version: &apos;6.1&apos;, java.version: &apos;1.8.0_121&apos;
Driver info: driver.version: RemoteWebDriver
	at org.openqa.selenium.remote.ErrorHandler.createThrowable(ErrorHandler.java:175)
	at org.openqa.selenium.remote.ErrorHandler.throwIfResponseFailed(ErrorHandler.java:128)
	at org.openqa.selenium.remote.RemoteWebDriver.execute(RemoteWebDriver.java:459)
	at org.openqa.selenium.remote.RemoteWebDriver.findElement(RemoteWebDriver.java:227)
	at org.openqa.selenium.remote.RemoteWebDriver.findElementByXPath(RemoteWebDriver.java:312)
	at org.openqa.selenium.By$ByXPath.findElement(By.java:344)
	at org.openqa.selenium.remote.RemoteWebDriver.findElement(RemoteWebDriver.java:219)
	at com.pageLibrary.Reprint.rp_16_verify_to_date(Reprint.java:148)
	at com.testScripts.Reprint_Test.RP_16_Verify_To_Date(Reprint_Test.java:47)
... Removed 37 stack frames</div></td></tr></table><p class="totop"><a href="#summary">back to summary</a></p><h3 id="m45">com.testScripts.Reprint_Test#RP_21_Verify_SearchGuestName</h3><table class="result"><tr><th>Exception</th></tr><tr><td><div class="stacktrace">org.openqa.selenium.WebDriverException: chrome not reachable
  (Session info: chrome=57.0.2987.133)
  (Driver info: chromedriver=2.29.461591 (62ebf098771772160f391d75e589dc567915b233),platform=Windows NT 6.1.7600 x86_64) (WARNING: The server did not provide any stacktrace information)
Command duration or timeout: 4.01 seconds
Build info: version: &apos;2.2.1&apos;, revision: &apos;16551&apos;, time: &apos;2012-04-11 21:42:35&apos;
System info: os.name: &apos;Windows 7&apos;, os.arch: &apos;amd64&apos;, os.version: &apos;6.1&apos;, java.version: &apos;1.8.0_121&apos;
Driver info: driver.version: RemoteWebDriver
	at org.openqa.selenium.remote.ErrorHandler.createThrowable(ErrorHandler.java:175)
	at org.openqa.selenium.remote.ErrorHandler.throwIfResponseFailed(ErrorHandler.java:128)
	at org.openqa.selenium.remote.RemoteWebDriver.execute(RemoteWebDriver.java:459)
	at org.openqa.selenium.remote.RemoteWebDriver.findElement(RemoteWebDriver.java:227)
	at org.openqa.selenium.remote.RemoteWebDriver.findElementByCssSelector(RemoteWebDriver.java:304)
	at org.openqa.selenium.By$ByCssSelector.findElement(By.java:406)
	at org.openqa.selenium.remote.RemoteWebDriver.findElement(RemoteWebDriver.java:219)
	at com.pageLibrary.Reprint.rp_21_verify_SearchGuestName_Result(Reprint.java:220)
	at com.testScripts.Reprint_Test.RP_21_Verify_SearchGuestName(Reprint_Test.java:53)
... Removed 37 stack frames</div></td></tr></table><p class="totop"><a href="#summary">back to summary</a></p><h3 id="m46">com.testScripts.Reprint_Test#RP_22_Verify_SearchGuestName_invalid</h3><table class="result"><tr><th>Exception</th></tr><tr><td><div class="stacktrace">org.openqa.selenium.WebDriverException: chrome not reachable
  (Session info: chrome=57.0.2987.133)
  (Driver info: chromedriver=2.29.461591 (62ebf098771772160f391d75e589dc567915b233),platform=Windows NT 6.1.7600 x86_64) (WARNING: The server did not provide any stacktrace information)
Command duration or timeout: 4.01 seconds
Build info: version: &apos;2.2.1&apos;, revision: &apos;16551&apos;, time: &apos;2012-04-11 21:42:35&apos;
System info: os.name: &apos;Windows 7&apos;, os.arch: &apos;amd64&apos;, os.version: &apos;6.1&apos;, java.version: &apos;1.8.0_121&apos;
Driver info: driver.version: RemoteWebDriver
	at org.openqa.selenium.remote.ErrorHandler.createThrowable(ErrorHandler.java:175)
	at org.openqa.selenium.remote.ErrorHandler.throwIfResponseFailed(ErrorHandler.java:128)
	at org.openqa.selenium.remote.RemoteWebDriver.execute(RemoteWebDriver.java:459)
	at org.openqa.selenium.remote.RemoteWebDriver.findElement(RemoteWebDriver.java:227)
	at org.openqa.selenium.remote.RemoteWebDriver.findElementByXPath(RemoteWebDriver.java:312)
	at org.openqa.selenium.By$ByXPath.findElement(By.java:344)
	at org.openqa.selenium.remote.RemoteWebDriver.findElement(RemoteWebDriver.java:219)
	at com.pageLibrary.Reprint.rp_22_verify_SearchGuestName_invalid(Reprint.java:258)
	at com.testScripts.Reprint_Test.RP_22_Verify_SearchGuestName_invalid(Reprint_Test.java:59)
... Removed 37 stack frames</div></td></tr></table><p class="totop"><a href="#summary">back to summary</a></p><h3 id="m47">com.testScripts.Reprint_Test#RP_23_Verify_SearchGuestName_AlphaNumerics_Invalid</h3><table class="result"><tr><th>Exception</th></tr><tr><td><div class="stacktrace">org.openqa.selenium.WebDriverException: chrome not reachable
  (Session info: chrome=57.0.2987.133)
  (Driver info: chromedriver=2.29.461591 (62ebf098771772160f391d75e589dc567915b233),platform=Windows NT 6.1.7600 x86_64) (WARNING: The server did not provide any stacktrace information)
Command duration or timeout: 4.02 seconds
Build info: version: &apos;2.2.1&apos;, revision: &apos;16551&apos;, time: &apos;2012-04-11 21:42:35&apos;
System info: os.name: &apos;Windows 7&apos;, os.arch: &apos;amd64&apos;, os.version: &apos;6.1&apos;, java.version: &apos;1.8.0_121&apos;
Driver info: driver.version: RemoteWebDriver
	at org.openqa.selenium.remote.ErrorHandler.createThrowable(ErrorHandler.java:175)
	at org.openqa.selenium.remote.ErrorHandler.throwIfResponseFailed(ErrorHandler.java:128)
	at org.openqa.selenium.remote.RemoteWebDriver.execute(RemoteWebDriver.java:459)
	at org.openqa.selenium.remote.RemoteWebDriver.findElement(RemoteWebDriver.java:227)
	at org.openqa.selenium.remote.RemoteWebDriver.findElementByXPath(RemoteWebDriver.java:312)
	at org.openqa.selenium.By$ByXPath.findElement(By.java:344)
	at org.openqa.selenium.remote.RemoteWebDriver.findElement(RemoteWebDriver.java:219)
	at com.pageLibrary.Reprint.rp_23_verify_SearchGuestName_AlphaNumerics_Invalid(Reprint.java:327)
	at com.testScripts.Reprint_Test.RP_23_Verify_SearchGuestName_AlphaNumerics_Invalid(Reprint_Test.java:77)
... Removed 37 stack frames</div></td></tr></table><p class="totop"><a href="#summary">back to summary</a></p><h3 id="m48">com.testScripts.Reprint_Test#RP_23_Verify_SearchGuestName_NumericValues_Invalid</h3><table class="result"><tr><th>Exception</th></tr><tr><td><div class="stacktrace">org.openqa.selenium.WebDriverException: chrome not reachable
  (Session info: chrome=57.0.2987.133)
  (Driver info: chromedriver=2.29.461591 (62ebf098771772160f391d75e589dc567915b233),platform=Windows NT 6.1.7600 x86_64) (WARNING: The server did not provide any stacktrace information)
Command duration or timeout: 4.00 seconds
Build info: version: &apos;2.2.1&apos;, revision: &apos;16551&apos;, time: &apos;2012-04-11 21:42:35&apos;
System info: os.name: &apos;Windows 7&apos;, os.arch: &apos;amd64&apos;, os.version: &apos;6.1&apos;, java.version: &apos;1.8.0_121&apos;
Driver info: driver.version: RemoteWebDriver
	at org.openqa.selenium.remote.ErrorHandler.createThrowable(ErrorHandler.java:175)
	at org.openqa.selenium.remote.ErrorHandler.throwIfResponseFailed(ErrorHandler.java:128)
	at org.openqa.selenium.remote.RemoteWebDriver.execute(RemoteWebDriver.java:459)
	at org.openqa.selenium.remote.RemoteWebDriver.findElement(RemoteWebDriver.java:227)
	at org.openqa.selenium.remote.RemoteWebDriver.findElementByXPath(RemoteWebDriver.java:312)
	at org.openqa.selenium.By$ByXPath.findElement(By.java:344)
	at org.openqa.selenium.remote.RemoteWebDriver.findElement(RemoteWebDriver.java:219)
	at com.pageLibrary.Reprint.rp_23_verify_SearchGuestName_NumericValues_Invalid(Reprint.java:291)
	at com.testScripts.Reprint_Test.RP_23_Verify_SearchGuestName_NumericValues_Invalid(Reprint_Test.java:65)
... Removed 37 stack frames</div></td></tr></table><p class="totop"><a href="#summary">back to summary</a></p><h3 id="m49">com.testScripts.Reprint_Test#RP_23_Verify_SearchGuestName_SpecialCharacters_Invalid</h3><table class="result"><tr><th>Exception</th></tr><tr><td><div class="stacktrace">org.openqa.selenium.WebDriverException: chrome not reachable
  (Session info: chrome=57.0.2987.133)
  (Driver info: chromedriver=2.29.461591 (62ebf098771772160f391d75e589dc567915b233),platform=Windows NT 6.1.7600 x86_64) (WARNING: The server did not provide any stacktrace information)
Command duration or timeout: 4.01 seconds
Build info: version: &apos;2.2.1&apos;, revision: &apos;16551&apos;, time: &apos;2012-04-11 21:42:35&apos;
System info: os.name: &apos;Windows 7&apos;, os.arch: &apos;amd64&apos;, os.version: &apos;6.1&apos;, java.version: &apos;1.8.0_121&apos;
Driver info: driver.version: RemoteWebDriver
	at org.openqa.selenium.remote.ErrorHandler.createThrowable(ErrorHandler.java:175)
	at org.openqa.selenium.remote.ErrorHandler.throwIfResponseFailed(ErrorHandler.java:128)
	at org.openqa.selenium.remote.RemoteWebDriver.execute(RemoteWebDriver.java:459)
	at org.openqa.selenium.remote.RemoteWebDriver.findElement(RemoteWebDriver.java:227)
	at org.openqa.selenium.remote.RemoteWebDriver.findElementByXPath(RemoteWebDriver.java:312)
	at org.openqa.selenium.By$ByXPath.findElement(By.java:344)
	at org.openqa.selenium.remote.RemoteWebDriver.findElement(RemoteWebDriver.java:219)
	at com.pageLibrary.Reprint.rp_23_verify_SearchGuestName_SpecialCharacters_Invalid(Reprint.java:307)
	at com.testScripts.Reprint_Test.RP_23_Verify_SearchGuestName_SpecialCharacters_Invalid(Reprint_Test.java:71)
... Removed 37 stack frames</div></td></tr></table><p class="totop"><a href="#summary">back to summary</a></p><h3 id="m50">com.testScripts.Reprint_Test#RP_24_Verify_SearchBillNumber</h3><table class="result"><tr><th>Exception</th></tr><tr><td><div class="stacktrace">org.openqa.selenium.WebDriverException: chrome not reachable
  (Session info: chrome=57.0.2987.133)
  (Driver info: chromedriver=2.29.461591 (62ebf098771772160f391d75e589dc567915b233),platform=Windows NT 6.1.7600 x86_64) (WARNING: The server did not provide any stacktrace information)
Command duration or timeout: 4.00 seconds
Build info: version: &apos;2.2.1&apos;, revision: &apos;16551&apos;, time: &apos;2012-04-11 21:42:35&apos;
System info: os.name: &apos;Windows 7&apos;, os.arch: &apos;amd64&apos;, os.version: &apos;6.1&apos;, java.version: &apos;1.8.0_121&apos;
Driver info: driver.version: RemoteWebDriver
	at org.openqa.selenium.remote.ErrorHandler.createThrowable(ErrorHandler.java:175)
	at org.openqa.selenium.remote.ErrorHandler.throwIfResponseFailed(ErrorHandler.java:128)
	at org.openqa.selenium.remote.RemoteWebDriver.execute(RemoteWebDriver.java:459)
	at org.openqa.selenium.remote.RemoteWebDriver.findElement(RemoteWebDriver.java:227)
	at org.openqa.selenium.remote.RemoteWebDriver.findElementByXPath(RemoteWebDriver.java:312)
	at org.openqa.selenium.By$ByXPath.findElement(By.java:344)
	at org.openqa.selenium.remote.RemoteWebDriver.findElement(RemoteWebDriver.java:219)
	at com.pageLibrary.Reprint.rp_24_verify_SearchBillNumber_Result(Reprint.java:348)
	at com.testScripts.Reprint_Test.RP_24_Verify_SearchBillNumber(Reprint_Test.java:83)
... Removed 37 stack frames</div></td></tr></table><p class="totop"><a href="#summary">back to summary</a></p><h3 id="m51">com.testScripts.Reprint_Test#RP_25_Verify_SearchBillNumber_Invalid</h3><table class="result"><tr><th>Exception</th></tr><tr><td><div class="stacktrace">org.openqa.selenium.WebDriverException: chrome not reachable
  (Session info: chrome=57.0.2987.133)
  (Driver info: chromedriver=2.29.461591 (62ebf098771772160f391d75e589dc567915b233),platform=Windows NT 6.1.7600 x86_64) (WARNING: The server did not provide any stacktrace information)
Command duration or timeout: 4.00 seconds
Build info: version: &apos;2.2.1&apos;, revision: &apos;16551&apos;, time: &apos;2012-04-11 21:42:35&apos;
System info: os.name: &apos;Windows 7&apos;, os.arch: &apos;amd64&apos;, os.version: &apos;6.1&apos;, java.version: &apos;1.8.0_121&apos;
Driver info: driver.version: RemoteWebDriver
	at org.openqa.selenium.remote.ErrorHandler.createThrowable(ErrorHandler.java:175)
	at org.openqa.selenium.remote.ErrorHandler.throwIfResponseFailed(ErrorHandler.java:128)
	at org.openqa.selenium.remote.RemoteWebDriver.execute(RemoteWebDriver.java:459)
	at org.openqa.selenium.remote.RemoteWebDriver.findElement(RemoteWebDriver.java:227)
	at org.openqa.selenium.remote.RemoteWebDriver.findElementByXPath(RemoteWebDriver.java:312)
	at org.openqa.selenium.By$ByXPath.findElement(By.java:344)
	at org.openqa.selenium.remote.RemoteWebDriver.findElement(RemoteWebDriver.java:219)
	at com.pageLibrary.Reprint.rp_25_verify_SearchBillNumber_invalid(Reprint.java:379)
	at com.testScripts.Reprint_Test.RP_25_Verify_SearchBillNumber_Invalid(Reprint_Test.java:89)
... Removed 37 stack frames</div></td></tr></table><p class="totop"><a href="#summary">back to summary</a></p><h3 id="m52">com.testScripts.Reprint_Test#RP_26_Verify_SearchBillNumber_Numerics</h3><table class="result"><tr><th>Exception</th></tr><tr><td><div class="stacktrace">org.openqa.selenium.WebDriverException: chrome not reachable
  (Session info: chrome=57.0.2987.133)
  (Driver info: chromedriver=2.29.461591 (62ebf098771772160f391d75e589dc567915b233),platform=Windows NT 6.1.7600 x86_64) (WARNING: The server did not provide any stacktrace information)
Command duration or timeout: 4.00 seconds
Build info: version: &apos;2.2.1&apos;, revision: &apos;16551&apos;, time: &apos;2012-04-11 21:42:35&apos;
System info: os.name: &apos;Windows 7&apos;, os.arch: &apos;amd64&apos;, os.version: &apos;6.1&apos;, java.version: &apos;1.8.0_121&apos;
Driver info: driver.version: RemoteWebDriver
	at org.openqa.selenium.remote.ErrorHandler.createThrowable(ErrorHandler.java:175)
	at org.openqa.selenium.remote.ErrorHandler.throwIfResponseFailed(ErrorHandler.java:128)
	at org.openqa.selenium.remote.RemoteWebDriver.execute(RemoteWebDriver.java:459)
	at org.openqa.selenium.remote.RemoteWebDriver.findElement(RemoteWebDriver.java:227)
	at org.openqa.selenium.remote.RemoteWebDriver.findElementByXPath(RemoteWebDriver.java:312)
	at org.openqa.selenium.By$ByXPath.findElement(By.java:344)
	at org.openqa.selenium.remote.RemoteWebDriver.findElement(RemoteWebDriver.java:219)
	at com.pageLibrary.Reprint.rp_26_verify_SearchBillNumber_Numerics(Reprint.java:407)
	at com.testScripts.Reprint_Test.RP_26_Verify_SearchBillNumber_Numerics(Reprint_Test.java:95)
... Removed 37 stack frames</div></td></tr></table><p class="totop"><a href="#summary">back to summary</a></p><h3 id="m53">com.testScripts.Reprint_Test#RP_27_Verify_SearchBillNumber_Alphabets</h3><table class="result"><tr><th>Exception</th></tr><tr><td><div class="stacktrace">org.openqa.selenium.WebDriverException: chrome not reachable
  (Session info: chrome=57.0.2987.133)
  (Driver info: chromedriver=2.29.461591 (62ebf098771772160f391d75e589dc567915b233),platform=Windows NT 6.1.7600 x86_64) (WARNING: The server did not provide any stacktrace information)
Command duration or timeout: 4.09 seconds
Build info: version: &apos;2.2.1&apos;, revision: &apos;16551&apos;, time: &apos;2012-04-11 21:42:35&apos;
System info: os.name: &apos;Windows 7&apos;, os.arch: &apos;amd64&apos;, os.version: &apos;6.1&apos;, java.version: &apos;1.8.0_121&apos;
Driver info: driver.version: RemoteWebDriver
	at org.openqa.selenium.remote.ErrorHandler.createThrowable(ErrorHandler.java:175)
	at org.openqa.selenium.remote.ErrorHandler.throwIfResponseFailed(ErrorHandler.java:128)
	at org.openqa.selenium.remote.RemoteWebDriver.execute(RemoteWebDriver.java:459)
	at org.openqa.selenium.remote.RemoteWebDriver.findElement(RemoteWebDriver.java:227)
	at org.openqa.selenium.remote.RemoteWebDriver.findElementByXPath(RemoteWebDriver.java:312)
	at org.openqa.selenium.By$ByXPath.findElement(By.java:344)
	at org.openqa.selenium.remote.RemoteWebDriver.findElement(RemoteWebDriver.java:219)
	at com.pageLibrary.Reprint.rp_27_verify_SearchBillNumber_Alphabets_Invalid(Reprint.java:437)
	at com.testScripts.Reprint_Test.RP_27_Verify_SearchBillNumber_Alphabets(Reprint_Test.java:101)
... Removed 37 stack frames</div></td></tr></table><p class="totop"><a href="#summary">back to summary</a></p><h3 id="m54">com.testScripts.Reprint_Test#RP_27_Verify_SearchBillNumber_SpecialCharacters</h3><table class="result"><tr><th>Exception</th></tr><tr><td><div class="stacktrace">org.openqa.selenium.WebDriverException: chrome not reachable
  (Session info: chrome=57.0.2987.133)
  (Driver info: chromedriver=2.29.461591 (62ebf098771772160f391d75e589dc567915b233),platform=Windows NT 6.1.7600 x86_64) (WARNING: The server did not provide any stacktrace information)
Command duration or timeout: 4.02 seconds
Build info: version: &apos;2.2.1&apos;, revision: &apos;16551&apos;, time: &apos;2012-04-11 21:42:35&apos;
System info: os.name: &apos;Windows 7&apos;, os.arch: &apos;amd64&apos;, os.version: &apos;6.1&apos;, java.version: &apos;1.8.0_121&apos;
Driver info: driver.version: RemoteWebDriver
	at org.openqa.selenium.remote.ErrorHandler.createThrowable(ErrorHandler.java:175)
	at org.openqa.selenium.remote.ErrorHandler.throwIfResponseFailed(ErrorHandler.java:128)
	at org.openqa.selenium.remote.RemoteWebDriver.execute(RemoteWebDriver.java:459)
	at org.openqa.selenium.remote.RemoteWebDriver.findElement(RemoteWebDriver.java:227)
	at org.openqa.selenium.remote.RemoteWebDriver.findElementByXPath(RemoteWebDriver.java:312)
	at org.openqa.selenium.By$ByXPath.findElement(By.java:344)
	at org.openqa.selenium.remote.RemoteWebDriver.findElement(RemoteWebDriver.java:219)
	at com.pageLibrary.Reprint.rp_27_verify_SearchBillNumber_SpecialCharacters_Invalid(Reprint.java:476)
	at com.testScripts.Reprint_Test.RP_27_Verify_SearchBillNumber_SpecialCharacters(Reprint_Test.java:107)
... Removed 37 stack frames</div></td></tr></table><p class="totop"><a href="#summary">back to summary</a></p><h3 id="m55">com.testScripts.Reprint_Test#RP_28_Verify_SelectOption</h3><table class="result"><tr><th>Exception</th></tr><tr><td><div class="stacktrace">org.openqa.selenium.WebDriverException: chrome not reachable
  (Session info: chrome=57.0.2987.133)
  (Driver info: chromedriver=2.29.461591 (62ebf098771772160f391d75e589dc567915b233),platform=Windows NT 6.1.7600 x86_64) (WARNING: The server did not provide any stacktrace information)
Command duration or timeout: 4.00 seconds
Build info: version: &apos;2.2.1&apos;, revision: &apos;16551&apos;, time: &apos;2012-04-11 21:42:35&apos;
System info: os.name: &apos;Windows 7&apos;, os.arch: &apos;amd64&apos;, os.version: &apos;6.1&apos;, java.version: &apos;1.8.0_121&apos;
Driver info: driver.version: RemoteWebDriver
	at org.openqa.selenium.remote.ErrorHandler.createThrowable(ErrorHandler.java:175)
	at org.openqa.selenium.remote.ErrorHandler.throwIfResponseFailed(ErrorHandler.java:128)
	at org.openqa.selenium.remote.RemoteWebDriver.execute(RemoteWebDriver.java:459)
	at org.openqa.selenium.remote.RemoteWebDriver.findElement(RemoteWebDriver.java:227)
	at org.openqa.selenium.remote.RemoteWebDriver.findElementByCssSelector(RemoteWebDriver.java:304)
	at org.openqa.selenium.By$ByCssSelector.findElement(By.java:406)
	at org.openqa.selenium.remote.RemoteWebDriver.findElement(RemoteWebDriver.java:219)
	at com.pageLibrary.Reprint.rp_28_verify_SelectOption(Reprint.java:507)
	at com.testScripts.Reprint_Test.RP_28_Verify_SelectOption(Reprint_Test.java:113)
... Removed 37 stack frames</div></td></tr></table><p class="totop"><a href="#summary">back to summary</a></p><h3 id="m56">com.testScripts.Reprint_Test#RP_29_Verify_SelectBillTypeOption</h3><table class="result"><tr><th>Exception</th></tr><tr><td><div class="stacktrace">org.openqa.selenium.WebDriverException: chrome not reachable
  (Session info: chrome=57.0.2987.133)
  (Driver info: chromedriver=2.29.461591 (62ebf098771772160f391d75e589dc567915b233),platform=Windows NT 6.1.7600 x86_64) (WARNING: The server did not provide any stacktrace information)
Command duration or timeout: 4.04 seconds
Build info: version: &apos;2.2.1&apos;, revision: &apos;16551&apos;, time: &apos;2012-04-11 21:42:35&apos;
System info: os.name: &apos;Windows 7&apos;, os.arch: &apos;amd64&apos;, os.version: &apos;6.1&apos;, java.version: &apos;1.8.0_121&apos;
Driver info: driver.version: RemoteWebDriver
	at org.openqa.selenium.remote.ErrorHandler.createThrowable(ErrorHandler.java:175)
	at org.openqa.selenium.remote.ErrorHandler.throwIfResponseFailed(ErrorHandler.java:128)
	at org.openqa.selenium.remote.RemoteWebDriver.execute(RemoteWebDriver.java:459)
	at org.openqa.selenium.remote.RemoteWebDriver.findElement(RemoteWebDriver.java:227)
	at org.openqa.selenium.remote.RemoteWebDriver.findElementByCssSelector(RemoteWebDriver.java:304)
	at org.openqa.selenium.By$ByCssSelector.findElement(By.java:406)
	at org.openqa.selenium.remote.RemoteWebDriver.findElement(RemoteWebDriver.java:219)
	at com.pageLibrary.Reprint.rp_29_verify_SelectBillTypeOption(Reprint.java:550)
	at com.testScripts.Reprint_Test.RP_29_Verify_SelectBillTypeOption(Reprint_Test.java:119)
... Removed 37 stack frames</div></td></tr></table><p class="totop"><a href="#summary">back to summary</a></p><h3 id="m57">com.testScripts.Reprint_Test#RP_36_Verify_SelectBillType</h3><table class="result"><tr><th>Messages</th></tr><tr><td><div class="messages">TEST:-----&gt;&gt;   &lt;&lt; RP_36_verify_SelectBillType &gt;&gt;  <br/>                                               </div></td></tr><tr><th>Exception</th></tr><tr><td><div class="stacktrace">org.openqa.selenium.WebDriverException: chrome not reachable
  (Session info: chrome=57.0.2987.133)
  (Driver info: chromedriver=2.29.461591 (62ebf098771772160f391d75e589dc567915b233),platform=Windows NT 6.1.7600 x86_64) (WARNING: The server did not provide any stacktrace information)
Command duration or timeout: 4.00 seconds
Build info: version: &apos;2.2.1&apos;, revision: &apos;16551&apos;, time: &apos;2012-04-11 21:42:35&apos;
System info: os.name: &apos;Windows 7&apos;, os.arch: &apos;amd64&apos;, os.version: &apos;6.1&apos;, java.version: &apos;1.8.0_121&apos;
Driver info: driver.version: RemoteWebDriver
	at org.openqa.selenium.remote.ErrorHandler.createThrowable(ErrorHandler.java:175)
	at org.openqa.selenium.remote.ErrorHandler.throwIfResponseFailed(ErrorHandler.java:128)
	at org.openqa.selenium.remote.RemoteWebDriver.execute(RemoteWebDriver.java:459)
	at org.openqa.selenium.remote.RemoteWebDriver.findElement(RemoteWebDriver.java:227)
	at org.openqa.selenium.remote.RemoteWebDriver.findElementByCssSelector(RemoteWebDriver.java:304)
	at org.openqa.selenium.By$ByCssSelector.findElement(By.java:406)
	at org.openqa.selenium.remote.RemoteWebDriver.findElement(RemoteWebDriver.java:219)
	at com.pageLibrary.Reprint.rp_36_verify_SelectBillType(Reprint.java:723)
	at com.testScripts.Reprint_Test.RP_36_Verify_SelectBillType(Reprint_Test.java:161)
... Removed 37 stack frames</div></td></tr></table><p class="totop"><a href="#summary">back to summary</a></p><h3 id="m58">com.testScripts.Appointment_Cancellation_Test#AC_08_Verify_SerachAppointmentCancellation_Result</h3><table class="result"></table><p class="totop"><a href="#summary">back to summary</a></p><h3 id="m59">com.testScripts.Appointment_Cancellation_Test#AC_12_Verify_SerachAppointmentCancellation_NameResult</h3><table class="result"></table><p class="totop"><a href="#summary">back to summary</a></p><h3 id="m60">com.testScripts.Bill_Settlement_Test#BS_100_Verify_Cheque_Date_with_Morethan_SystemDate</h3><table class="result"><tr><th>Messages</th></tr><tr><td><div class="messages">chrome not reachable
  (Session info: chrome=57.0.2987.133)
  (Driver info: chromedriver=2.29.461591 (62ebf098771772160f391d75e589dc567915b233),platform=Windows NT 6.1.7600 x86_64) (WARNING: The server did not provide any stacktrace information)
Command duration or timeout: 4.01 seconds
Build info: version: &apos;2.2.1&apos;, revision: &apos;16551&apos;, time: &apos;2012-04-11 21:42:35&apos;
System info: os.name: &apos;Windows 7&apos;, os.arch: &apos;amd64&apos;, os.version: &apos;6.1&apos;, java.version: &apos;1.8.0_121&apos;
Driver info: driver.version: RemoteWebDriver</div></td></tr></table><p class="totop"><a href="#summary">back to summary</a></p><h3 id="m61">com.testScripts.Bill_Settlement_Test#BS_101_Verify_Cheque_Date_with_Lessthan_SystemDate</h3><table class="result"><tr><th>Messages</th></tr><tr><td><div class="messages">chrome not reachable
  (Session info: chrome=57.0.2987.133)
  (Driver info: chromedriver=2.29.461591 (62ebf098771772160f391d75e589dc567915b233),platform=Windows NT 6.1.7600 x86_64) (WARNING: The server did not provide any stacktrace information)
Command duration or timeout: 4.01 seconds
Build info: version: &apos;2.2.1&apos;, revision: &apos;16551&apos;, time: &apos;2012-04-11 21:42:35&apos;
System info: os.name: &apos;Windows 7&apos;, os.arch: &apos;amd64&apos;, os.version: &apos;6.1&apos;, java.version: &apos;1.8.0_121&apos;
Driver info: driver.version: RemoteWebDriver</div></td></tr></table><p class="totop"><a href="#summary">back to summary</a></p><h3 id="m62">com.testScripts.Bill_Settlement_Test#BS_102_Verify_Amount_Lessthan_or_Equal_to_NetAmount</h3><table class="result"><tr><th>Messages</th></tr><tr><td><div class="messages">chrome not reachable
  (Session info: chrome=57.0.2987.133)
  (Driver info: chromedriver=2.29.461591 (62ebf098771772160f391d75e589dc567915b233),platform=Windows NT 6.1.7600 x86_64) (WARNING: The server did not provide any stacktrace information)
Command duration or timeout: 4.01 seconds
Build info: version: &apos;2.2.1&apos;, revision: &apos;16551&apos;, time: &apos;2012-04-11 21:42:35&apos;
System info: os.name: &apos;Windows 7&apos;, os.arch: &apos;amd64&apos;, os.version: &apos;6.1&apos;, java.version: &apos;1.8.0_121&apos;
Driver info: driver.version: RemoteWebDriver</div></td></tr></table><p class="totop"><a href="#summary">back to summary</a></p><h3 id="m63">com.testScripts.Bill_Settlement_Test#BS_103_Verify_Amount_Morethan_NetAmount_Invalid</h3><table class="result"><tr><th>Messages</th></tr><tr><td><div class="messages">chrome not reachable
  (Session info: chrome=57.0.2987.133)
  (Driver info: chromedriver=2.29.461591 (62ebf098771772160f391d75e589dc567915b233),platform=Windows NT 6.1.7600 x86_64) (WARNING: The server did not provide any stacktrace information)
Command duration or timeout: 4.02 seconds
Build info: version: &apos;2.2.1&apos;, revision: &apos;16551&apos;, time: &apos;2012-04-11 21:42:35&apos;
System info: os.name: &apos;Windows 7&apos;, os.arch: &apos;amd64&apos;, os.version: &apos;6.1&apos;, java.version: &apos;1.8.0_121&apos;
Driver info: driver.version: RemoteWebDriver</div></td></tr></table><p class="totop"><a href="#summary">back to summary</a></p><h3 id="m64">com.testScripts.Bill_Settlement_Test#BS_104_Verify_Cheque_Date_Blank_Invalid</h3><table class="result"><tr><th>Messages</th></tr><tr><td><div class="messages">chrome not reachable
  (Session info: chrome=57.0.2987.133)
  (Driver info: chromedriver=2.29.461591 (62ebf098771772160f391d75e589dc567915b233),platform=Windows NT 6.1.7600 x86_64) (WARNING: The server did not provide any stacktrace information)
Command duration or timeout: 4.00 seconds
Build info: version: &apos;2.2.1&apos;, revision: &apos;16551&apos;, time: &apos;2012-04-11 21:42:35&apos;
System info: os.name: &apos;Windows 7&apos;, os.arch: &apos;amd64&apos;, os.version: &apos;6.1&apos;, java.version: &apos;1.8.0_121&apos;
Driver info: driver.version: RemoteWebDriver</div></td></tr></table><p class="totop"><a href="#summary">back to summary</a></p><h3 id="m65">com.testScripts.Bill_Settlement_Test#BS_224_Verify_Name_on_CreditCard_With_InValid_SpecialCharacters</h3><table class="result"><tr><th>Messages</th></tr><tr><td><div class="messages">chrome not reachable
  (Session info: chrome=57.0.2987.133)
  (Driver info: chromedriver=2.29.461591 (62ebf098771772160f391d75e589dc567915b233),platform=Windows NT 6.1.7600 x86_64) (WARNING: The server did not provide any stacktrace information)
Command duration or timeout: 4.01 seconds
Build info: version: &apos;2.2.1&apos;, revision: &apos;16551&apos;, time: &apos;2012-04-11 21:42:35&apos;
System info: os.name: &apos;Windows 7&apos;, os.arch: &apos;amd64&apos;, os.version: &apos;6.1&apos;, java.version: &apos;1.8.0_121&apos;
Driver info: driver.version: RemoteWebDriver</div></td></tr></table><p class="totop"><a href="#summary">back to summary</a></p><h3 id="m66">com.testScripts.Bill_Settlement_Test#BS_225_Verify_Name_on_CreditCard_With_InValid_Numeric</h3><table class="result"><tr><th>Messages</th></tr><tr><td><div class="messages">chrome not reachable
  (Session info: chrome=57.0.2987.133)
  (Driver info: chromedriver=2.29.461591 (62ebf098771772160f391d75e589dc567915b233),platform=Windows NT 6.1.7600 x86_64) (WARNING: The server did not provide any stacktrace information)
Command duration or timeout: 4.02 seconds
Build info: version: &apos;2.2.1&apos;, revision: &apos;16551&apos;, time: &apos;2012-04-11 21:42:35&apos;
System info: os.name: &apos;Windows 7&apos;, os.arch: &apos;amd64&apos;, os.version: &apos;6.1&apos;, java.version: &apos;1.8.0_121&apos;
Driver info: driver.version: RemoteWebDriver</div></td></tr></table><p class="totop"><a href="#summary">back to summary</a></p><h3 id="m67">com.testScripts.Bill_Settlement_Test#BS_226_Verify_Name_on_CreditCard_with_below_6_Characters_Invalid</h3><table class="result"><tr><th>Messages</th></tr><tr><td><div class="messages">chrome not reachable
  (Session info: chrome=57.0.2987.133)
  (Driver info: chromedriver=2.29.461591 (62ebf098771772160f391d75e589dc567915b233),platform=Windows NT 6.1.7600 x86_64) (WARNING: The server did not provide any stacktrace information)
Command duration or timeout: 4.01 seconds
Build info: version: &apos;2.2.1&apos;, revision: &apos;16551&apos;, time: &apos;2012-04-11 21:42:35&apos;
System info: os.name: &apos;Windows 7&apos;, os.arch: &apos;amd64&apos;, os.version: &apos;6.1&apos;, java.version: &apos;1.8.0_121&apos;
Driver info: driver.version: RemoteWebDriver</div></td></tr></table><p class="totop"><a href="#summary">back to summary</a></p><h3 id="m68">com.testScripts.Bill_Settlement_Test#BS_227_Verify_Credit_Card_Number_with_Alphanumeric_Invalid</h3><table class="result"><tr><th>Messages</th></tr><tr><td><div class="messages">chrome not reachable
  (Session info: chrome=57.0.2987.133)
  (Driver info: chromedriver=2.29.461591 (62ebf098771772160f391d75e589dc567915b233),platform=Windows NT 6.1.7600 x86_64) (WARNING: The server did not provide any stacktrace information)
Command duration or timeout: 4.02 seconds
Build info: version: &apos;2.2.1&apos;, revision: &apos;16551&apos;, time: &apos;2012-04-11 21:42:35&apos;
System info: os.name: &apos;Windows 7&apos;, os.arch: &apos;amd64&apos;, os.version: &apos;6.1&apos;, java.version: &apos;1.8.0_121&apos;
Driver info: driver.version: RemoteWebDriver</div></td></tr></table><p class="totop"><a href="#summary">back to summary</a></p><h3 id="m69">com.testScripts.Bill_Settlement_Test#BS_228_Verify_Credit_Card_Number_with_Alphabets_Invalid</h3><table class="result"><tr><th>Messages</th></tr><tr><td><div class="messages">chrome not reachable
  (Session info: chrome=57.0.2987.133)
  (Driver info: chromedriver=2.29.461591 (62ebf098771772160f391d75e589dc567915b233),platform=Windows NT 6.1.7600 x86_64) (WARNING: The server did not provide any stacktrace information)
Command duration or timeout: 4.00 seconds
Build info: version: &apos;2.2.1&apos;, revision: &apos;16551&apos;, time: &apos;2012-04-11 21:42:35&apos;
System info: os.name: &apos;Windows 7&apos;, os.arch: &apos;amd64&apos;, os.version: &apos;6.1&apos;, java.version: &apos;1.8.0_121&apos;
Driver info: driver.version: RemoteWebDriver</div></td></tr></table><p class="totop"><a href="#summary">back to summary</a></p><h3 id="m70">com.testScripts.Bill_Settlement_Test#BS_229_Verify_BankName_with_Numeric_Invalid</h3><table class="result"><tr><th>Messages</th></tr><tr><td><div class="messages">chrome not reachable
  (Session info: chrome=57.0.2987.133)
  (Driver info: chromedriver=2.29.461591 (62ebf098771772160f391d75e589dc567915b233),platform=Windows NT 6.1.7600 x86_64) (WARNING: The server did not provide any stacktrace information)
Command duration or timeout: 4.00 seconds
Build info: version: &apos;2.2.1&apos;, revision: &apos;16551&apos;, time: &apos;2012-04-11 21:42:35&apos;
System info: os.name: &apos;Windows 7&apos;, os.arch: &apos;amd64&apos;, os.version: &apos;6.1&apos;, java.version: &apos;1.8.0_121&apos;
Driver info: driver.version: RemoteWebDriver</div></td></tr></table><p class="totop"><a href="#summary">back to summary</a></p><h3 id="m71">com.testScripts.Bill_Settlement_Test#BS_230_Verify_BankName_with_AlphaNumeric_Invalid</h3><table class="result"><tr><th>Messages</th></tr><tr><td><div class="messages">chrome not reachable
  (Session info: chrome=57.0.2987.133)
  (Driver info: chromedriver=2.29.461591 (62ebf098771772160f391d75e589dc567915b233),platform=Windows NT 6.1.7600 x86_64) (WARNING: The server did not provide any stacktrace information)
Command duration or timeout: 4.01 seconds
Build info: version: &apos;2.2.1&apos;, revision: &apos;16551&apos;, time: &apos;2012-04-11 21:42:35&apos;
System info: os.name: &apos;Windows 7&apos;, os.arch: &apos;amd64&apos;, os.version: &apos;6.1&apos;, java.version: &apos;1.8.0_121&apos;
Driver info: driver.version: RemoteWebDriver</div></td></tr></table><p class="totop"><a href="#summary">back to summary</a></p><h3 id="m72">com.testScripts.Bill_Settlement_Test#BS_231_Verify_Cheque_Number_with_Alphabets_Invalid</h3><table class="result"><tr><th>Messages</th></tr><tr><td><div class="messages">chrome not reachable
  (Session info: chrome=57.0.2987.133)
  (Driver info: chromedriver=2.29.461591 (62ebf098771772160f391d75e589dc567915b233),platform=Windows NT 6.1.7600 x86_64) (WARNING: The server did not provide any stacktrace information)
Command duration or timeout: 4.01 seconds
Build info: version: &apos;2.2.1&apos;, revision: &apos;16551&apos;, time: &apos;2012-04-11 21:42:35&apos;
System info: os.name: &apos;Windows 7&apos;, os.arch: &apos;amd64&apos;, os.version: &apos;6.1&apos;, java.version: &apos;1.8.0_121&apos;
Driver info: driver.version: RemoteWebDriver</div></td></tr></table><p class="totop"><a href="#summary">back to summary</a></p><h3 id="m73">com.testScripts.Bill_Settlement_Test#BS_232_Verify_Cheque_Number_with_AlphaNumeric_Invalid</h3><table class="result"><tr><th>Messages</th></tr><tr><td><div class="messages">chrome not reachable
  (Session info: chrome=57.0.2987.133)
  (Driver info: chromedriver=2.29.461591 (62ebf098771772160f391d75e589dc567915b233),platform=Windows NT 6.1.7600 x86_64) (WARNING: The server did not provide any stacktrace information)
Command duration or timeout: 4.02 seconds
Build info: version: &apos;2.2.1&apos;, revision: &apos;16551&apos;, time: &apos;2012-04-11 21:42:35&apos;
System info: os.name: &apos;Windows 7&apos;, os.arch: &apos;amd64&apos;, os.version: &apos;6.1&apos;, java.version: &apos;1.8.0_121&apos;
Driver info: driver.version: RemoteWebDriver</div></td></tr></table><p class="totop"><a href="#summary">back to summary</a></p><h3 id="m74">com.testScripts.Bill_Settlement_Test#BS_233_Verify_BankName_with_below_3_Char_Invalid</h3><table class="result"><tr><th>Messages</th></tr><tr><td><div class="messages">chrome not reachable
  (Session info: chrome=57.0.2987.133)
  (Driver info: chromedriver=2.29.461591 (62ebf098771772160f391d75e589dc567915b233),platform=Windows NT 6.1.7600 x86_64) (WARNING: The server did not provide any stacktrace information)
Command duration or timeout: 4.01 seconds
Build info: version: &apos;2.2.1&apos;, revision: &apos;16551&apos;, time: &apos;2012-04-11 21:42:35&apos;
System info: os.name: &apos;Windows 7&apos;, os.arch: &apos;amd64&apos;, os.version: &apos;6.1&apos;, java.version: &apos;1.8.0_121&apos;
Driver info: driver.version: RemoteWebDriver</div></td></tr></table><p class="totop"><a href="#summary">back to summary</a></p><h3 id="m75">com.testScripts.Bill_Settlement_Test#BS_234_Verify_Cheque_Payee_with_AlphaNumeric_Invalid</h3><table class="result"><tr><th>Messages</th></tr><tr><td><div class="messages">chrome not reachable
  (Session info: chrome=57.0.2987.133)
  (Driver info: chromedriver=2.29.461591 (62ebf098771772160f391d75e589dc567915b233),platform=Windows NT 6.1.7600 x86_64) (WARNING: The server did not provide any stacktrace information)
Command duration or timeout: 4.02 seconds
Build info: version: &apos;2.2.1&apos;, revision: &apos;16551&apos;, time: &apos;2012-04-11 21:42:35&apos;
System info: os.name: &apos;Windows 7&apos;, os.arch: &apos;amd64&apos;, os.version: &apos;6.1&apos;, java.version: &apos;1.8.0_121&apos;
Driver info: driver.version: RemoteWebDriver</div></td></tr></table><p class="totop"><a href="#summary">back to summary</a></p><h3 id="m76">com.testScripts.Bill_Settlement_Test#BS_235_Verify_Cheque_Payee_with_Numeric_Invalid</h3><table class="result"><tr><th>Messages</th></tr><tr><td><div class="messages">chrome not reachable
  (Session info: chrome=57.0.2987.133)
  (Driver info: chromedriver=2.29.461591 (62ebf098771772160f391d75e589dc567915b233),platform=Windows NT 6.1.7600 x86_64) (WARNING: The server did not provide any stacktrace information)
Command duration or timeout: 4.01 seconds
Build info: version: &apos;2.2.1&apos;, revision: &apos;16551&apos;, time: &apos;2012-04-11 21:42:35&apos;
System info: os.name: &apos;Windows 7&apos;, os.arch: &apos;amd64&apos;, os.version: &apos;6.1&apos;, java.version: &apos;1.8.0_121&apos;
Driver info: driver.version: RemoteWebDriver</div></td></tr></table><p class="totop"><a href="#summary">back to summary</a></p><h3 id="m77">com.testScripts.Bill_Settlement_Test#BS_51_Verify_Name_on_CreditCard_With_Valid_Alphabets</h3><table class="result"><tr><th>Messages</th></tr><tr><td><div class="messages">Launch_Application: Wellness Application Launched Successfully<br/>                               <br/>Launch_Application: Wellness Application Launched Successfully<br/>                               <br/>Entered Valid Username<br/>Entered Valid Password<br/>As expected Alert not presented<br/>As expected Appointment List Page Displayed Successfully<br/>PageURL displayed as : http://172.22.5.34:8080/wellness/appointmentslist at Appointment List Page<br/>Clicked On Appointment Menu<br/>Displayed Options of Appointment Module<br/>Clicked on Bill Settlement Option<br/>Bill Settlement List Page Displayed<br/>Record Available for BillNo 118 with Guest Name srinu, and BillAmount is: 1106.00<br/>Clicked on BillNo 118 with Guest Name srinu<br/>Bill Settlement Page Displayed<br/>As expected BillID,BillAmount and GuestName text boxes displayed along with values, but these fields are readonly<br/>Bill ID value is displayed as: 118<br/>Bill Amount value is displayed as: 1106.00<br/>Guest Name value is displayed as : srinu<br/>Payment Mode is Dropdown<br/>Selected Credit Card option at Payment Dropdown<br/>As expected Name on Credit Card text box is displayed after selected Credit Card option at Payment Dropdown<br/>As expected Credit Card Number text box is displayed after selected Credit Card option at Payment Dropdown<br/>As expected Credit Card Type dropdown is displayed after selected Credit Card option at Payment Dropdown<br/>As expected Add Settlement button is enabled by default<br/>Entered Sreekanth Katar as Valid Alphabets at Name on Credit Card text box<br/>Entered 4562 at Credit Card Number text box<br/>Entered 1106 at Amount text box<br/>Selected Visa option at Credit Card Type Drop Down<br/>Clicked on AddSettlement button<br/>Alert Presented<br/>Settlement amount not matching with Net Amount : is displayed at Pop up<br/>Clicked On OK button in Pop up<br/>Add Settlement button is not disabled, after generated bill amount grid<br/>As expected Bill Amount Web Table is displayed<br/>As expected Save button is displayed<br/>Save button is not enabled<br/>                                           <br/>Bill No Guest Name Type of Payment Cash Amount<br/>----------------------------------------------<br/>                                           </div></td></tr></table><p class="totop"><a href="#summary">back to summary</a></p><h3 id="m78">com.testScripts.Bill_Settlement_Test#BS_52_Verify_Name_on_CreditCard_With_InValid_Alphanumeric</h3><table class="result"><tr><th>Messages</th></tr><tr><td><div class="messages">Launch_Application: Wellness Application Launched Successfully<br/>                               <br/>Launch_Application: Wellness Application Launched Successfully<br/>                               <br/>Entered Valid Username<br/>Entered Valid Password<br/>As expected Alert not presented<br/>As expected Appointment List Page Displayed Successfully<br/>PageURL displayed as : http://172.22.5.34:8080/wellness/appointmentslist at Appointment List Page<br/>Clicked On Appointment Menu<br/>Displayed Options of Appointment Module<br/>Clicked on Bill Settlement Option<br/>Bill Settlement List Page Displayed<br/>Record Available for BillNo 118 with Guest Name srinu, and BillAmount is: 1106.00<br/>Clicked on BillNo 118 with Guest Name srinu<br/>Bill Settlement Page Displayed<br/>chrome not reachable
  (Session info: chrome=57.0.2987.133)
  (Driver info: chromedriver=2.29.461591 (62ebf098771772160f391d75e589dc567915b233),platform=Windows NT 6.1.7600 x86_64) (WARNING: The server did not provide any stacktrace information)
Command duration or timeout: 4.00 seconds
Build info: version: &apos;2.2.1&apos;, revision: &apos;16551&apos;, time: &apos;2012-04-11 21:42:35&apos;
System info: os.name: &apos;Windows 7&apos;, os.arch: &apos;amd64&apos;, os.version: &apos;6.1&apos;, java.version: &apos;1.8.0_121&apos;
Driver info: driver.version: RemoteWebDriver</div></td></tr></table><p class="totop"><a href="#summary">back to summary</a></p><h3 id="m79">com.testScripts.Bill_Settlement_Test#BS_53_Verify_Name_on_CreditCard_Without_Entering_Name</h3><table class="result"><tr><th>Messages</th></tr><tr><td><div class="messages">chrome not reachable
  (Session info: chrome=57.0.2987.133)
  (Driver info: chromedriver=2.29.461591 (62ebf098771772160f391d75e589dc567915b233),platform=Windows NT 6.1.7600 x86_64) (WARNING: The server did not provide any stacktrace information)
Command duration or timeout: 4.01 seconds
Build info: version: &apos;2.2.1&apos;, revision: &apos;16551&apos;, time: &apos;2012-04-11 21:42:35&apos;
System info: os.name: &apos;Windows 7&apos;, os.arch: &apos;amd64&apos;, os.version: &apos;6.1&apos;, java.version: &apos;1.8.0_121&apos;
Driver info: driver.version: RemoteWebDriver</div></td></tr></table><p class="totop"><a href="#summary">back to summary</a></p><h3 id="m80">com.testScripts.Bill_Settlement_Test#BS_54_Verify_Name_on_Credit_Card_Textbox_with_Minimum_6_Char_Valid</h3><table class="result"><tr><th>Messages</th></tr><tr><td><div class="messages">chrome not reachable
  (Session info: chrome=57.0.2987.133)
  (Driver info: chromedriver=2.29.461591 (62ebf098771772160f391d75e589dc567915b233),platform=Windows NT 6.1.7600 x86_64) (WARNING: The server did not provide any stacktrace information)
Command duration or timeout: 4.01 seconds
Build info: version: &apos;2.2.1&apos;, revision: &apos;16551&apos;, time: &apos;2012-04-11 21:42:35&apos;
System info: os.name: &apos;Windows 7&apos;, os.arch: &apos;amd64&apos;, os.version: &apos;6.1&apos;, java.version: &apos;1.8.0_121&apos;
Driver info: driver.version: RemoteWebDriver</div></td></tr></table><p class="totop"><a href="#summary">back to summary</a></p><h3 id="m81">com.testScripts.Bill_Settlement_Test#BS_55_Verify_Name_on_Credit_Card_Textbox_with_Maximum_30_Char_Valid</h3><table class="result"><tr><th>Messages</th></tr><tr><td><div class="messages">chrome not reachable
  (Session info: chrome=57.0.2987.133)
  (Driver info: chromedriver=2.29.461591 (62ebf098771772160f391d75e589dc567915b233),platform=Windows NT 6.1.7600 x86_64) (WARNING: The server did not provide any stacktrace information)
Command duration or timeout: 4.01 seconds
Build info: version: &apos;2.2.1&apos;, revision: &apos;16551&apos;, time: &apos;2012-04-11 21:42:35&apos;
System info: os.name: &apos;Windows 7&apos;, os.arch: &apos;amd64&apos;, os.version: &apos;6.1&apos;, java.version: &apos;1.8.0_121&apos;
Driver info: driver.version: RemoteWebDriver</div></td></tr></table><p class="totop"><a href="#summary">back to summary</a></p><h3 id="m82">com.testScripts.Bill_Settlement_Test#BS_56_Verify_Name_on_CreditCard_with_Morethan_30_Char_Invalid</h3><table class="result"><tr><th>Messages</th></tr><tr><td><div class="messages">chrome not reachable
  (Session info: chrome=57.0.2987.133)
  (Driver info: chromedriver=2.29.461591 (62ebf098771772160f391d75e589dc567915b233),platform=Windows NT 6.1.7600 x86_64) (WARNING: The server did not provide any stacktrace information)
Command duration or timeout: 4.01 seconds
Build info: version: &apos;2.2.1&apos;, revision: &apos;16551&apos;, time: &apos;2012-04-11 21:42:35&apos;
System info: os.name: &apos;Windows 7&apos;, os.arch: &apos;amd64&apos;, os.version: &apos;6.1&apos;, java.version: &apos;1.8.0_121&apos;
Driver info: driver.version: RemoteWebDriver</div></td></tr></table><p class="totop"><a href="#summary">back to summary</a></p><h3 id="m83">com.testScripts.Bill_Settlement_Test#BS_57_Verify_CreditCard_Number_with_Numeric_Valid</h3><table class="result"><tr><th>Messages</th></tr><tr><td><div class="messages">chrome not reachable
  (Session info: chrome=57.0.2987.133)
  (Driver info: chromedriver=2.29.461591 (62ebf098771772160f391d75e589dc567915b233),platform=Windows NT 6.1.7600 x86_64) (WARNING: The server did not provide any stacktrace information)
Command duration or timeout: 4.01 seconds
Build info: version: &apos;2.2.1&apos;, revision: &apos;16551&apos;, time: &apos;2012-04-11 21:42:35&apos;
System info: os.name: &apos;Windows 7&apos;, os.arch: &apos;amd64&apos;, os.version: &apos;6.1&apos;, java.version: &apos;1.8.0_121&apos;
Driver info: driver.version: RemoteWebDriver</div></td></tr></table><p class="totop"><a href="#summary">back to summary</a></p><h3 id="m84">com.testScripts.Bill_Settlement_Test#BS_58_Verify_Credit_Card_Number_with_SpecialChar_Invalid</h3><table class="result"><tr><th>Messages</th></tr><tr><td><div class="messages">chrome not reachable
  (Session info: chrome=57.0.2987.133)
  (Driver info: chromedriver=2.29.461591 (62ebf098771772160f391d75e589dc567915b233),platform=Windows NT 6.1.7600 x86_64) (WARNING: The server did not provide any stacktrace information)
Command duration or timeout: 4.00 seconds
Build info: version: &apos;2.2.1&apos;, revision: &apos;16551&apos;, time: &apos;2012-04-11 21:42:35&apos;
System info: os.name: &apos;Windows 7&apos;, os.arch: &apos;amd64&apos;, os.version: &apos;6.1&apos;, java.version: &apos;1.8.0_121&apos;
Driver info: driver.version: RemoteWebDriver</div></td></tr></table><p class="totop"><a href="#summary">back to summary</a></p><h3 id="m85">com.testScripts.Bill_Settlement_Test#BS_59_Verify_Credit_Card_Number_with_Blank_Invalid</h3><table class="result"><tr><th>Messages</th></tr><tr><td><div class="messages">chrome not reachable
  (Session info: chrome=57.0.2987.133)
  (Driver info: chromedriver=2.29.461591 (62ebf098771772160f391d75e589dc567915b233),platform=Windows NT 6.1.7600 x86_64) (WARNING: The server did not provide any stacktrace information)
Command duration or timeout: 4.01 seconds
Build info: version: &apos;2.2.1&apos;, revision: &apos;16551&apos;, time: &apos;2012-04-11 21:42:35&apos;
System info: os.name: &apos;Windows 7&apos;, os.arch: &apos;amd64&apos;, os.version: &apos;6.1&apos;, java.version: &apos;1.8.0_121&apos;
Driver info: driver.version: RemoteWebDriver</div></td></tr></table><p class="totop"><a href="#summary">back to summary</a></p><h3 id="m86">com.testScripts.Bill_Settlement_Test#BS_60_Verify_CreditCard_Number_with_4_Digits_Valid</h3><table class="result"><tr><th>Messages</th></tr><tr><td><div class="messages">chrome not reachable
  (Session info: chrome=57.0.2987.133)
  (Driver info: chromedriver=2.29.461591 (62ebf098771772160f391d75e589dc567915b233),platform=Windows NT 6.1.7600 x86_64) (WARNING: The server did not provide any stacktrace information)
Command duration or timeout: 4.01 seconds
Build info: version: &apos;2.2.1&apos;, revision: &apos;16551&apos;, time: &apos;2012-04-11 21:42:35&apos;
System info: os.name: &apos;Windows 7&apos;, os.arch: &apos;amd64&apos;, os.version: &apos;6.1&apos;, java.version: &apos;1.8.0_121&apos;
Driver info: driver.version: RemoteWebDriver</div></td></tr></table><p class="totop"><a href="#summary">back to summary</a></p><h3 id="m87">com.testScripts.Bill_Settlement_Test#BS_61_Verify_Credit_Card_Number_with_Morethan_4_digits_Invalid</h3><table class="result"><tr><th>Messages</th></tr><tr><td><div class="messages">chrome not reachable
  (Session info: chrome=57.0.2987.133)
  (Driver info: chromedriver=2.29.461591 (62ebf098771772160f391d75e589dc567915b233),platform=Windows NT 6.1.7600 x86_64) (WARNING: The server did not provide any stacktrace information)
Command duration or timeout: 4.03 seconds
Build info: version: &apos;2.2.1&apos;, revision: &apos;16551&apos;, time: &apos;2012-04-11 21:42:35&apos;
System info: os.name: &apos;Windows 7&apos;, os.arch: &apos;amd64&apos;, os.version: &apos;6.1&apos;, java.version: &apos;1.8.0_121&apos;
Driver info: driver.version: RemoteWebDriver</div></td></tr></table><p class="totop"><a href="#summary">back to summary</a></p><h3 id="m88">com.testScripts.Bill_Settlement_Test#BS_62_Verify_Credit_Card_Number_with_below_4_digits_Invalid</h3><table class="result"><tr><th>Messages</th></tr><tr><td><div class="messages">chrome not reachable
  (Session info: chrome=57.0.2987.133)
  (Driver info: chromedriver=2.29.461591 (62ebf098771772160f391d75e589dc567915b233),platform=Windows NT 6.1.7600 x86_64) (WARNING: The server did not provide any stacktrace information)
Command duration or timeout: 4.00 seconds
Build info: version: &apos;2.2.1&apos;, revision: &apos;16551&apos;, time: &apos;2012-04-11 21:42:35&apos;
System info: os.name: &apos;Windows 7&apos;, os.arch: &apos;amd64&apos;, os.version: &apos;6.1&apos;, java.version: &apos;1.8.0_121&apos;
Driver info: driver.version: RemoteWebDriver</div></td></tr></table><p class="totop"><a href="#summary">back to summary</a></p><h3 id="m89">com.testScripts.Bill_Settlement_Test#BS_63_Verify_Default_Option_At_Credit_Card_Type_Dropdown</h3><table class="result"><tr><th>Messages</th></tr><tr><td><div class="messages">chrome not reachable
  (Session info: chrome=57.0.2987.133)
  (Driver info: chromedriver=2.29.461591 (62ebf098771772160f391d75e589dc567915b233),platform=Windows NT 6.1.7600 x86_64) (WARNING: The server did not provide any stacktrace information)
Command duration or timeout: 4.00 seconds
Build info: version: &apos;2.2.1&apos;, revision: &apos;16551&apos;, time: &apos;2012-04-11 21:42:35&apos;
System info: os.name: &apos;Windows 7&apos;, os.arch: &apos;amd64&apos;, os.version: &apos;6.1&apos;, java.version: &apos;1.8.0_121&apos;
Driver info: driver.version: RemoteWebDriver</div></td></tr></table><p class="totop"><a href="#summary">back to summary</a></p><h3 id="m90">com.testScripts.Bill_Settlement_Test#BS_64_Verify_Credit_Card_Type_Dropdown_Valid</h3><table class="result"><tr><th>Messages</th></tr><tr><td><div class="messages">chrome not reachable
  (Session info: chrome=57.0.2987.133)
  (Driver info: chromedriver=2.29.461591 (62ebf098771772160f391d75e589dc567915b233),platform=Windows NT 6.1.7600 x86_64) (WARNING: The server did not provide any stacktrace information)
Command duration or timeout: 4.00 seconds
Build info: version: &apos;2.2.1&apos;, revision: &apos;16551&apos;, time: &apos;2012-04-11 21:42:35&apos;
System info: os.name: &apos;Windows 7&apos;, os.arch: &apos;amd64&apos;, os.version: &apos;6.1&apos;, java.version: &apos;1.8.0_121&apos;
Driver info: driver.version: RemoteWebDriver</div></td></tr></table><p class="totop"><a href="#summary">back to summary</a></p><h3 id="m91">com.testScripts.Bill_Settlement_Test#BS_65_Verify_Credit_Card_Type_with_Blank_Invalid</h3><table class="result"><tr><th>Messages</th></tr><tr><td><div class="messages">chrome not reachable
  (Session info: chrome=57.0.2987.133)
  (Driver info: chromedriver=2.29.461591 (62ebf098771772160f391d75e589dc567915b233),platform=Windows NT 6.1.7600 x86_64) (WARNING: The server did not provide any stacktrace information)
Command duration or timeout: 4.03 seconds
Build info: version: &apos;2.2.1&apos;, revision: &apos;16551&apos;, time: &apos;2012-04-11 21:42:35&apos;
System info: os.name: &apos;Windows 7&apos;, os.arch: &apos;amd64&apos;, os.version: &apos;6.1&apos;, java.version: &apos;1.8.0_121&apos;
Driver info: driver.version: RemoteWebDriver</div></td></tr></table><p class="totop"><a href="#summary">back to summary</a></p><h3 id="m92">com.testScripts.Bill_Settlement_Test#BS_66_Verify_Amount_Lessthan_or_Equal_to_NetAmount</h3><table class="result"><tr><th>Messages</th></tr><tr><td><div class="messages">chrome not reachable
  (Session info: chrome=57.0.2987.133)
  (Driver info: chromedriver=2.29.461591 (62ebf098771772160f391d75e589dc567915b233),platform=Windows NT 6.1.7600 x86_64) (WARNING: The server did not provide any stacktrace information)
Command duration or timeout: 4.01 seconds
Build info: version: &apos;2.2.1&apos;, revision: &apos;16551&apos;, time: &apos;2012-04-11 21:42:35&apos;
System info: os.name: &apos;Windows 7&apos;, os.arch: &apos;amd64&apos;, os.version: &apos;6.1&apos;, java.version: &apos;1.8.0_121&apos;
Driver info: driver.version: RemoteWebDriver</div></td></tr></table><p class="totop"><a href="#summary">back to summary</a></p><h3 id="m93">com.testScripts.Bill_Settlement_Test#BS_67_Verify_Amount_with_Morethan_NetAmount</h3><table class="result"><tr><th>Messages</th></tr><tr><td><div class="messages">chrome not reachable
  (Session info: chrome=57.0.2987.133)
  (Driver info: chromedriver=2.29.461591 (62ebf098771772160f391d75e589dc567915b233),platform=Windows NT 6.1.7600 x86_64) (WARNING: The server did not provide any stacktrace information)
Command duration or timeout: 4.01 seconds
Build info: version: &apos;2.2.1&apos;, revision: &apos;16551&apos;, time: &apos;2012-04-11 21:42:35&apos;
System info: os.name: &apos;Windows 7&apos;, os.arch: &apos;amd64&apos;, os.version: &apos;6.1&apos;, java.version: &apos;1.8.0_121&apos;
Driver info: driver.version: RemoteWebDriver</div></td></tr></table><p class="totop"><a href="#summary">back to summary</a></p><h3 id="m94">com.testScripts.Bill_Settlement_Test#BS_68_Verify_PaymentMode_Cheque_Option</h3><table class="result"><tr><th>Messages</th></tr><tr><td><div class="messages">chrome not reachable
  (Session info: chrome=57.0.2987.133)
  (Driver info: chromedriver=2.29.461591 (62ebf098771772160f391d75e589dc567915b233),platform=Windows NT 6.1.7600 x86_64) (WARNING: The server did not provide any stacktrace information)
Command duration or timeout: 4.01 seconds
Build info: version: &apos;2.2.1&apos;, revision: &apos;16551&apos;, time: &apos;2012-04-11 21:42:35&apos;
System info: os.name: &apos;Windows 7&apos;, os.arch: &apos;amd64&apos;, os.version: &apos;6.1&apos;, java.version: &apos;1.8.0_121&apos;
Driver info: driver.version: RemoteWebDriver</div></td></tr></table><p class="totop"><a href="#summary">back to summary</a></p><h3 id="m95">com.testScripts.Bill_Settlement_Test#BS_69_Verify_BankName_with_Alphabets_Valid</h3><table class="result"><tr><th>Messages</th></tr><tr><td><div class="messages">chrome not reachable
  (Session info: chrome=57.0.2987.133)
  (Driver info: chromedriver=2.29.461591 (62ebf098771772160f391d75e589dc567915b233),platform=Windows NT 6.1.7600 x86_64) (WARNING: The server did not provide any stacktrace information)
Command duration or timeout: 4.01 seconds
Build info: version: &apos;2.2.1&apos;, revision: &apos;16551&apos;, time: &apos;2012-04-11 21:42:35&apos;
System info: os.name: &apos;Windows 7&apos;, os.arch: &apos;amd64&apos;, os.version: &apos;6.1&apos;, java.version: &apos;1.8.0_121&apos;
Driver info: driver.version: RemoteWebDriver</div></td></tr></table><p class="totop"><a href="#summary">back to summary</a></p><h3 id="m96">com.testScripts.Bill_Settlement_Test#BS_70_Verify_BankName_with_SplChar_Invalid</h3><table class="result"><tr><th>Messages</th></tr><tr><td><div class="messages">chrome not reachable
  (Session info: chrome=57.0.2987.133)
  (Driver info: chromedriver=2.29.461591 (62ebf098771772160f391d75e589dc567915b233),platform=Windows NT 6.1.7600 x86_64) (WARNING: The server did not provide any stacktrace information)
Command duration or timeout: 4.01 seconds
Build info: version: &apos;2.2.1&apos;, revision: &apos;16551&apos;, time: &apos;2012-04-11 21:42:35&apos;
System info: os.name: &apos;Windows 7&apos;, os.arch: &apos;amd64&apos;, os.version: &apos;6.1&apos;, java.version: &apos;1.8.0_121&apos;
Driver info: driver.version: RemoteWebDriver</div></td></tr></table><p class="totop"><a href="#summary">back to summary</a></p><h3 id="m97">com.testScripts.Bill_Settlement_Test#BS_71_Verify_BankName_with_Blank_Invalid</h3><table class="result"><tr><th>Messages</th></tr><tr><td><div class="messages">chrome not reachable
  (Session info: chrome=57.0.2987.133)
  (Driver info: chromedriver=2.29.461591 (62ebf098771772160f391d75e589dc567915b233),platform=Windows NT 6.1.7600 x86_64) (WARNING: The server did not provide any stacktrace information)
Command duration or timeout: 4.01 seconds
Build info: version: &apos;2.2.1&apos;, revision: &apos;16551&apos;, time: &apos;2012-04-11 21:42:35&apos;
System info: os.name: &apos;Windows 7&apos;, os.arch: &apos;amd64&apos;, os.version: &apos;6.1&apos;, java.version: &apos;1.8.0_121&apos;
Driver info: driver.version: RemoteWebDriver</div></td></tr></table><p class="totop"><a href="#summary">back to summary</a></p><h3 id="m98">com.testScripts.Bill_Settlement_Test#BS_72_Verify_BankName_with_Minimum_3_Char_Valid</h3><table class="result"><tr><th>Messages</th></tr><tr><td><div class="messages">chrome not reachable
  (Session info: chrome=57.0.2987.133)
  (Driver info: chromedriver=2.29.461591 (62ebf098771772160f391d75e589dc567915b233),platform=Windows NT 6.1.7600 x86_64) (WARNING: The server did not provide any stacktrace information)
Command duration or timeout: 4.09 seconds
Build info: version: &apos;2.2.1&apos;, revision: &apos;16551&apos;, time: &apos;2012-04-11 21:42:35&apos;
System info: os.name: &apos;Windows 7&apos;, os.arch: &apos;amd64&apos;, os.version: &apos;6.1&apos;, java.version: &apos;1.8.0_121&apos;
Driver info: driver.version: RemoteWebDriver</div></td></tr></table><p class="totop"><a href="#summary">back to summary</a></p><h3 id="m99">com.testScripts.Bill_Settlement_Test#BS_73_Verify_BankName_with_Maximum_15_Char_Valid</h3><table class="result"><tr><th>Messages</th></tr><tr><td><div class="messages">chrome not reachable
  (Session info: chrome=57.0.2987.133)
  (Driver info: chromedriver=2.29.461591 (62ebf098771772160f391d75e589dc567915b233),platform=Windows NT 6.1.7600 x86_64) (WARNING: The server did not provide any stacktrace information)
Command duration or timeout: 4.06 seconds
Build info: version: &apos;2.2.1&apos;, revision: &apos;16551&apos;, time: &apos;2012-04-11 21:42:35&apos;
System info: os.name: &apos;Windows 7&apos;, os.arch: &apos;amd64&apos;, os.version: &apos;6.1&apos;, java.version: &apos;1.8.0_121&apos;
Driver info: driver.version: RemoteWebDriver</div></td></tr></table><p class="totop"><a href="#summary">back to summary</a></p><h3 id="m100">com.testScripts.Bill_Settlement_Test#BS_74_Verify_BankName_with_Morethan_15_Char_Invalid</h3><table class="result"><tr><th>Messages</th></tr><tr><td><div class="messages">chrome not reachable
  (Session info: chrome=57.0.2987.133)
  (Driver info: chromedriver=2.29.461591 (62ebf098771772160f391d75e589dc567915b233),platform=Windows NT 6.1.7600 x86_64) (WARNING: The server did not provide any stacktrace information)
Command duration or timeout: 4.01 seconds
Build info: version: &apos;2.2.1&apos;, revision: &apos;16551&apos;, time: &apos;2012-04-11 21:42:35&apos;
System info: os.name: &apos;Windows 7&apos;, os.arch: &apos;amd64&apos;, os.version: &apos;6.1&apos;, java.version: &apos;1.8.0_121&apos;
Driver info: driver.version: RemoteWebDriver</div></td></tr></table><p class="totop"><a href="#summary">back to summary</a></p><h3 id="m101">com.testScripts.Bill_Settlement_Test#BS_75_Verify_Cheque_Number_with_Numeric_Valid</h3><table class="result"><tr><th>Messages</th></tr><tr><td><div class="messages">chrome not reachable
  (Session info: chrome=57.0.2987.133)
  (Driver info: chromedriver=2.29.461591 (62ebf098771772160f391d75e589dc567915b233),platform=Windows NT 6.1.7600 x86_64) (WARNING: The server did not provide any stacktrace information)
Command duration or timeout: 4.00 seconds
Build info: version: &apos;2.2.1&apos;, revision: &apos;16551&apos;, time: &apos;2012-04-11 21:42:35&apos;
System info: os.name: &apos;Windows 7&apos;, os.arch: &apos;amd64&apos;, os.version: &apos;6.1&apos;, java.version: &apos;1.8.0_121&apos;
Driver info: driver.version: RemoteWebDriver</div></td></tr></table><p class="totop"><a href="#summary">back to summary</a></p><h3 id="m102">com.testScripts.Bill_Settlement_Test#BS_76_Verify_Cheque_Number_with_Spl_Char_Invalid</h3><table class="result"><tr><th>Messages</th></tr><tr><td><div class="messages">chrome not reachable
  (Session info: chrome=57.0.2987.133)
  (Driver info: chromedriver=2.29.461591 (62ebf098771772160f391d75e589dc567915b233),platform=Windows NT 6.1.7600 x86_64) (WARNING: The server did not provide any stacktrace information)
Command duration or timeout: 4.01 seconds
Build info: version: &apos;2.2.1&apos;, revision: &apos;16551&apos;, time: &apos;2012-04-11 21:42:35&apos;
System info: os.name: &apos;Windows 7&apos;, os.arch: &apos;amd64&apos;, os.version: &apos;6.1&apos;, java.version: &apos;1.8.0_121&apos;
Driver info: driver.version: RemoteWebDriver</div></td></tr></table><p class="totop"><a href="#summary">back to summary</a></p><h3 id="m103">com.testScripts.Bill_Settlement_Test#BS_77_Verify_Cheque_Number_with_Blank_Invalid</h3><table class="result"><tr><th>Messages</th></tr><tr><td><div class="messages">chrome not reachable
  (Session info: chrome=57.0.2987.133)
  (Driver info: chromedriver=2.29.461591 (62ebf098771772160f391d75e589dc567915b233),platform=Windows NT 6.1.7600 x86_64) (WARNING: The server did not provide any stacktrace information)
Command duration or timeout: 4.01 seconds
Build info: version: &apos;2.2.1&apos;, revision: &apos;16551&apos;, time: &apos;2012-04-11 21:42:35&apos;
System info: os.name: &apos;Windows 7&apos;, os.arch: &apos;amd64&apos;, os.version: &apos;6.1&apos;, java.version: &apos;1.8.0_121&apos;
Driver info: driver.version: RemoteWebDriver</div></td></tr></table><p class="totop"><a href="#summary">back to summary</a></p><h3 id="m104">com.testScripts.Bill_Settlement_Test#BS_78_Verify_Cheque_Number_with_Minimum_6_Digits_Valid</h3><table class="result"><tr><th>Messages</th></tr><tr><td><div class="messages">chrome not reachable
  (Session info: chrome=57.0.2987.133)
  (Driver info: chromedriver=2.29.461591 (62ebf098771772160f391d75e589dc567915b233),platform=Windows NT 6.1.7600 x86_64) (WARNING: The server did not provide any stacktrace information)
Command duration or timeout: 4.03 seconds
Build info: version: &apos;2.2.1&apos;, revision: &apos;16551&apos;, time: &apos;2012-04-11 21:42:35&apos;
System info: os.name: &apos;Windows 7&apos;, os.arch: &apos;amd64&apos;, os.version: &apos;6.1&apos;, java.version: &apos;1.8.0_121&apos;
Driver info: driver.version: RemoteWebDriver</div></td></tr></table><p class="totop"><a href="#summary">back to summary</a></p><h3 id="m105">com.testScripts.Bill_Settlement_Test#BS_79_Verify_Cheque_Number_with_Lessthan_6_Digits_Invalid</h3><table class="result"><tr><th>Messages</th></tr><tr><td><div class="messages">chrome not reachable
  (Session info: chrome=57.0.2987.133)
  (Driver info: chromedriver=2.29.461591 (62ebf098771772160f391d75e589dc567915b233),platform=Windows NT 6.1.7600 x86_64) (WARNING: The server did not provide any stacktrace information)
Command duration or timeout: 4.01 seconds
Build info: version: &apos;2.2.1&apos;, revision: &apos;16551&apos;, time: &apos;2012-04-11 21:42:35&apos;
System info: os.name: &apos;Windows 7&apos;, os.arch: &apos;amd64&apos;, os.version: &apos;6.1&apos;, java.version: &apos;1.8.0_121&apos;
Driver info: driver.version: RemoteWebDriver</div></td></tr></table><p class="totop"><a href="#summary">back to summary</a></p><h3 id="m106">com.testScripts.Bill_Settlement_Test#BS_80_Verify_Cheque_Number_with_Morethan_6_Digits_Invalid</h3><table class="result"><tr><th>Messages</th></tr><tr><td><div class="messages">chrome not reachable
  (Session info: chrome=57.0.2987.133)
  (Driver info: chromedriver=2.29.461591 (62ebf098771772160f391d75e589dc567915b233),platform=Windows NT 6.1.7600 x86_64) (WARNING: The server did not provide any stacktrace information)
Command duration or timeout: 4.01 seconds
Build info: version: &apos;2.2.1&apos;, revision: &apos;16551&apos;, time: &apos;2012-04-11 21:42:35&apos;
System info: os.name: &apos;Windows 7&apos;, os.arch: &apos;amd64&apos;, os.version: &apos;6.1&apos;, java.version: &apos;1.8.0_121&apos;
Driver info: driver.version: RemoteWebDriver</div></td></tr></table><p class="totop"><a href="#summary">back to summary</a></p><h3 id="m107">com.testScripts.Bill_Settlement_Test#BS_81_Verify_Cheque_Payee_with_Alphabets_Valid</h3><table class="result"><tr><th>Messages</th></tr><tr><td><div class="messages">chrome not reachable
  (Session info: chrome=57.0.2987.133)
  (Driver info: chromedriver=2.29.461591 (62ebf098771772160f391d75e589dc567915b233),platform=Windows NT 6.1.7600 x86_64) (WARNING: The server did not provide any stacktrace information)
Command duration or timeout: 4.03 seconds
Build info: version: &apos;2.2.1&apos;, revision: &apos;16551&apos;, time: &apos;2012-04-11 21:42:35&apos;
System info: os.name: &apos;Windows 7&apos;, os.arch: &apos;amd64&apos;, os.version: &apos;6.1&apos;, java.version: &apos;1.8.0_121&apos;
Driver info: driver.version: RemoteWebDriver</div></td></tr></table><p class="totop"><a href="#summary">back to summary</a></p><h3 id="m108">com.testScripts.Bill_Settlement_Test#BS_82_Verify_Cheque_Payee_with_Spl_Char_Invalid</h3><table class="result"><tr><th>Messages</th></tr><tr><td><div class="messages">chrome not reachable
  (Session info: chrome=57.0.2987.133)
  (Driver info: chromedriver=2.29.461591 (62ebf098771772160f391d75e589dc567915b233),platform=Windows NT 6.1.7600 x86_64) (WARNING: The server did not provide any stacktrace information)
Command duration or timeout: 4.02 seconds
Build info: version: &apos;2.2.1&apos;, revision: &apos;16551&apos;, time: &apos;2012-04-11 21:42:35&apos;
System info: os.name: &apos;Windows 7&apos;, os.arch: &apos;amd64&apos;, os.version: &apos;6.1&apos;, java.version: &apos;1.8.0_121&apos;
Driver info: driver.version: RemoteWebDriver</div></td></tr></table><p class="totop"><a href="#summary">back to summary</a></p><h3 id="m109">com.testScripts.Bill_Settlement_Test#BS_83_Verify_Cheque_Payee_with_Minimum_3_Char_Valid</h3><table class="result"><tr><th>Messages</th></tr><tr><td><div class="messages">chrome not reachable
  (Session info: chrome=57.0.2987.133)
  (Driver info: chromedriver=2.29.461591 (62ebf098771772160f391d75e589dc567915b233),platform=Windows NT 6.1.7600 x86_64) (WARNING: The server did not provide any stacktrace information)
Command duration or timeout: 4.01 seconds
Build info: version: &apos;2.2.1&apos;, revision: &apos;16551&apos;, time: &apos;2012-04-11 21:42:35&apos;
System info: os.name: &apos;Windows 7&apos;, os.arch: &apos;amd64&apos;, os.version: &apos;6.1&apos;, java.version: &apos;1.8.0_121&apos;
Driver info: driver.version: RemoteWebDriver</div></td></tr></table><p class="totop"><a href="#summary">back to summary</a></p><h3 id="m110">com.testScripts.Bill_Settlement_Test#BS_84_Verify_Cheque_Payee_with_Lessthan_3_Char_Invalid</h3><table class="result"><tr><th>Messages</th></tr><tr><td><div class="messages">chrome not reachable
  (Session info: chrome=57.0.2987.133)
  (Driver info: chromedriver=2.29.461591 (62ebf098771772160f391d75e589dc567915b233),platform=Windows NT 6.1.7600 x86_64) (WARNING: The server did not provide any stacktrace information)
Command duration or timeout: 4.03 seconds
Build info: version: &apos;2.2.1&apos;, revision: &apos;16551&apos;, time: &apos;2012-04-11 21:42:35&apos;
System info: os.name: &apos;Windows 7&apos;, os.arch: &apos;amd64&apos;, os.version: &apos;6.1&apos;, java.version: &apos;1.8.0_121&apos;
Driver info: driver.version: RemoteWebDriver</div></td></tr></table><p class="totop"><a href="#summary">back to summary</a></p><h3 id="m111">com.testScripts.Bill_Settlement_Test#BS_85_Verify_Cheque_Payee_with_Maximum_20_Char_Valid</h3><table class="result"><tr><th>Messages</th></tr><tr><td><div class="messages">chrome not reachable
  (Session info: chrome=57.0.2987.133)
  (Driver info: chromedriver=2.29.461591 (62ebf098771772160f391d75e589dc567915b233),platform=Windows NT 6.1.7600 x86_64) (WARNING: The server did not provide any stacktrace information)
Command duration or timeout: 4.01 seconds
Build info: version: &apos;2.2.1&apos;, revision: &apos;16551&apos;, time: &apos;2012-04-11 21:42:35&apos;
System info: os.name: &apos;Windows 7&apos;, os.arch: &apos;amd64&apos;, os.version: &apos;6.1&apos;, java.version: &apos;1.8.0_121&apos;
Driver info: driver.version: RemoteWebDriver</div></td></tr></table><p class="totop"><a href="#summary">back to summary</a></p><h3 id="m112">com.testScripts.Bill_Settlement_Test#BS_86_Verify_Cheque_Payee_with_Morethan_20_Char_Invalid</h3><table class="result"><tr><th>Messages</th></tr><tr><td><div class="messages">chrome not reachable
  (Session info: chrome=57.0.2987.133)
  (Driver info: chromedriver=2.29.461591 (62ebf098771772160f391d75e589dc567915b233),platform=Windows NT 6.1.7600 x86_64) (WARNING: The server did not provide any stacktrace information)
Command duration or timeout: 4.03 seconds
Build info: version: &apos;2.2.1&apos;, revision: &apos;16551&apos;, time: &apos;2012-04-11 21:42:35&apos;
System info: os.name: &apos;Windows 7&apos;, os.arch: &apos;amd64&apos;, os.version: &apos;6.1&apos;, java.version: &apos;1.8.0_121&apos;
Driver info: driver.version: RemoteWebDriver</div></td></tr></table><p class="totop"><a href="#summary">back to summary</a></p><h3 id="m113">com.testScripts.Bill_Settlement_Test#BS_87_Verify_Cheque_Payee_with_Blank_Invalid</h3><table class="result"><tr><th>Messages</th></tr><tr><td><div class="messages">chrome not reachable
  (Session info: chrome=57.0.2987.133)
  (Driver info: chromedriver=2.29.461591 (62ebf098771772160f391d75e589dc567915b233),platform=Windows NT 6.1.7600 x86_64) (WARNING: The server did not provide any stacktrace information)
Command duration or timeout: 4.00 seconds
Build info: version: &apos;2.2.1&apos;, revision: &apos;16551&apos;, time: &apos;2012-04-11 21:42:35&apos;
System info: os.name: &apos;Windows 7&apos;, os.arch: &apos;amd64&apos;, os.version: &apos;6.1&apos;, java.version: &apos;1.8.0_121&apos;
Driver info: driver.version: RemoteWebDriver</div></td></tr></table><p class="totop"><a href="#summary">back to summary</a></p><h3 id="m114">com.testScripts.Bill_Settlement_Test#BS_99_Verify_Cheque_Date_format</h3><table class="result"><tr><th>Messages</th></tr><tr><td><div class="messages">chrome not reachable
  (Session info: chrome=57.0.2987.133)
  (Driver info: chromedriver=2.29.461591 (62ebf098771772160f391d75e589dc567915b233),platform=Windows NT 6.1.7600 x86_64) (WARNING: The server did not provide any stacktrace information)
Command duration or timeout: 4.00 seconds
Build info: version: &apos;2.2.1&apos;, revision: &apos;16551&apos;, time: &apos;2012-04-11 21:42:35&apos;
System info: os.name: &apos;Windows 7&apos;, os.arch: &apos;amd64&apos;, os.version: &apos;6.1&apos;, java.version: &apos;1.8.0_121&apos;
Driver info: driver.version: RemoteWebDriver</div></td></tr></table><p class="totop"><a href="#summary">back to summary</a></p><h3 id="m115">com.testScripts.HomePage_Test#HP_01_Verify_HomePage</h3><table class="result"><tr><th>Messages</th></tr><tr><td><div class="messages">Launch_Application: Wellness Application Launched Successfully<br/>                               <br/>As expected HomePage Displayed Successfully<br/>PageURL displayed as : http://172.22.5.34:8080/wellness/ at HomePage</div></td></tr></table><p class="totop"><a href="#summary">back to summary</a></p><h3 id="m116">com.testScripts.Reprint_Test#RP_30_Verify_PrintMessage</h3><table class="result"><tr><th>Messages</th></tr><tr><td><div class="messages">chrome not reachable
  (Session info: chrome=57.0.2987.133)
  (Driver info: chromedriver=2.29.461591 (62ebf098771772160f391d75e589dc567915b233),platform=Windows NT 6.1.7600 x86_64) (WARNING: The server did not provide any stacktrace information)
Command duration or timeout: 4.00 seconds
Build info: version: &apos;2.2.1&apos;, revision: &apos;16551&apos;, time: &apos;2012-04-11 21:42:35&apos;
System info: os.name: &apos;Windows 7&apos;, os.arch: &apos;amd64&apos;, os.version: &apos;6.1&apos;, java.version: &apos;1.8.0_121&apos;
Driver info: driver.version: RemoteWebDriver</div></td></tr></table><p class="totop"><a href="#summary">back to summary</a></p><h3 id="m117">com.testScripts.Reprint_Test#RP_31_Popup_OkButton_Click</h3><table class="result"><tr><th>Messages</th></tr><tr><td><div class="messages">chrome not reachable
  (Session info: chrome=57.0.2987.133)
  (Driver info: chromedriver=2.29.461591 (62ebf098771772160f391d75e589dc567915b233),platform=Windows NT 6.1.7600 x86_64) (WARNING: The server did not provide any stacktrace information)
Command duration or timeout: 4.07 seconds
Build info: version: &apos;2.2.1&apos;, revision: &apos;16551&apos;, time: &apos;2012-04-11 21:42:35&apos;
System info: os.name: &apos;Windows 7&apos;, os.arch: &apos;amd64&apos;, os.version: &apos;6.1&apos;, java.version: &apos;1.8.0_121&apos;
Driver info: driver.version: RemoteWebDriver</div></td></tr></table><p class="totop"><a href="#summary">back to summary</a></p><h3 id="m118">com.testScripts.Reprint_Test#RP_32_CancelButton_Click</h3><table class="result"><tr><th>Messages</th></tr><tr><td><div class="messages">chrome not reachable
  (Session info: chrome=57.0.2987.133)
  (Driver info: chromedriver=2.29.461591 (62ebf098771772160f391d75e589dc567915b233),platform=Windows NT 6.1.7600 x86_64) (WARNING: The server did not provide any stacktrace information)
Command duration or timeout: 4.02 seconds
Build info: version: &apos;2.2.1&apos;, revision: &apos;16551&apos;, time: &apos;2012-04-11 21:42:35&apos;
System info: os.name: &apos;Windows 7&apos;, os.arch: &apos;amd64&apos;, os.version: &apos;6.1&apos;, java.version: &apos;1.8.0_121&apos;
Driver info: driver.version: RemoteWebDriver</div></td></tr></table><p class="totop"><a href="#summary">back to summary</a></p><h3 id="m119">com.testScripts.Reprint_Test#RP_33_PrintMessage_ReceiptBill</h3><table class="result"><tr><th>Messages</th></tr><tr><td><div class="messages">chrome not reachable
  (Session info: chrome=57.0.2987.133)
  (Driver info: chromedriver=2.29.461591 (62ebf098771772160f391d75e589dc567915b233),platform=Windows NT 6.1.7600 x86_64) (WARNING: The server did not provide any stacktrace information)
Command duration or timeout: 4.00 seconds
Build info: version: &apos;2.2.1&apos;, revision: &apos;16551&apos;, time: &apos;2012-04-11 21:42:35&apos;
System info: os.name: &apos;Windows 7&apos;, os.arch: &apos;amd64&apos;, os.version: &apos;6.1&apos;, java.version: &apos;1.8.0_121&apos;
Driver info: driver.version: RemoteWebDriver</div></td></tr></table><p class="totop"><a href="#summary">back to summary</a></p><h3 id="m120">com.testScripts.Reprint_Test#RP_34_OkButton_Click</h3><table class="result"><tr><th>Messages</th></tr><tr><td><div class="messages">chrome not reachable
  (Session info: chrome=57.0.2987.133)
  (Driver info: chromedriver=2.29.461591 (62ebf098771772160f391d75e589dc567915b233),platform=Windows NT 6.1.7600 x86_64) (WARNING: The server did not provide any stacktrace information)
Command duration or timeout: 4.03 seconds
Build info: version: &apos;2.2.1&apos;, revision: &apos;16551&apos;, time: &apos;2012-04-11 21:42:35&apos;
System info: os.name: &apos;Windows 7&apos;, os.arch: &apos;amd64&apos;, os.version: &apos;6.1&apos;, java.version: &apos;1.8.0_121&apos;
Driver info: driver.version: RemoteWebDriver</div></td></tr></table><p class="totop"><a href="#summary">back to summary</a></p><h3 id="m121">com.testScripts.Reprint_Test#RP_35_CancelButton_Click_ReceiptBill</h3><table class="result"><tr><th>Messages</th></tr><tr><td><div class="messages">chrome not reachable
  (Session info: chrome=57.0.2987.133)
  (Driver info: chromedriver=2.29.461591 (62ebf098771772160f391d75e589dc567915b233),platform=Windows NT 6.1.7600 x86_64) (WARNING: The server did not provide any stacktrace information)
Command duration or timeout: 4.01 seconds
Build info: version: &apos;2.2.1&apos;, revision: &apos;16551&apos;, time: &apos;2012-04-11 21:42:35&apos;
System info: os.name: &apos;Windows 7&apos;, os.arch: &apos;amd64&apos;, os.version: &apos;6.1&apos;, java.version: &apos;1.8.0_121&apos;
Driver info: driver.version: RemoteWebDriver</div></td></tr></table><p class="totop"><a href="#summary">back to summary</a></p><h3 id="m122">com.testScripts.Staff_Login_Test#SL_11_Verify_Login_Valid_Username_Valid_Password</h3><table class="result"><tr><th>Messages</th></tr><tr><td><div class="messages">chrome not reachable
  (Session info: chrome=57.0.2987.133)
  (Driver info: chromedriver=2.29.461591 (62ebf098771772160f391d75e589dc567915b233),platform=Windows NT 6.1.7600 x86_64) (WARNING: The server did not provide any stacktrace information)
Command duration or timeout: 4.01 seconds
Build info: version: &apos;2.2.1&apos;, revision: &apos;16551&apos;, time: &apos;2012-04-11 21:42:35&apos;
System info: os.name: &apos;Windows 7&apos;, os.arch: &apos;amd64&apos;, os.version: &apos;6.1&apos;, java.version: &apos;1.8.0_121&apos;
Driver info: driver.version: RemoteWebDriver</div></td></tr></table><p class="totop"><a href="#summary">back to summary</a></p></body></html>