<?xml version="1.0" encoding="UTF-8"?>
<!-- Generated by org.testng.reporters.JUnitXMLReporter -->
<testsuite hostname="Testing003-PC" name="Command line test" tests="122" failures="57" timestamp="8 May 2017 04:47:08 GMT" time="512.06" errors="0">
  <testcase name="AC_01_Verify_Appointment_Cancellation_Page" time="0.03" classname="com.testScripts.Appointment_Cancellation_Test">
    <failure type="org.openqa.selenium.NoSuchElementException" message="no such element: Unable to locate element: {&amp;quot;method&amp;quot;:&amp;quot;xpath&amp;quot;,&amp;quot;selector&amp;quot;:&amp;quot;//*[@id=&amp;apos;wrapper&amp;apos;]/nav/div[2]/ul/li[1]/a&amp;quot;}
  (Session info: chrome=57.0.2987.133)
  (Driver info: chromedriver=2.29.461591 (62ebf098771772160f391d75e589dc567915b233),platform=Windows NT 6.1.7600 x86_64) (WARNING: The server did not provide any stacktrace information)
Command duration or timeout: 28 milliseconds
For documentation on this error, please visit: http://seleniumhq.org/exceptions/no_such_element.html
Build info: version: &amp;apos;2.2.1&amp;apos;, revision: &amp;apos;16551&amp;apos;, time: &amp;apos;2012-04-11 21:42:35&amp;apos;
System info: os.name: &amp;apos;Windows 7&amp;apos;, os.arch: &amp;apos;amd64&amp;apos;, os.version: &amp;apos;6.1&amp;apos;, java.version: &amp;apos;1.8.0_121&amp;apos;
Driver info: driver.version: RemoteWebDriver">
      <![CDATA[org.openqa.selenium.NoSuchElementException: no such element: Unable to locate element: {"method":"xpath","selector":"//*[@id='wrapper']/nav/div[2]/ul/li[1]/a"}
  (Session info: chrome=57.0.2987.133)
  (Driver info: chromedriver=2.29.461591 (62ebf098771772160f391d75e589dc567915b233),platform=Windows NT 6.1.7600 x86_64) (WARNING: The server did not provide any stacktrace information)
Command duration or timeout: 28 milliseconds
For documentation on this error, please visit: http://seleniumhq.org/exceptions/no_such_element.html
Build info: version: '2.2.1', revision: '16551', time: '2012-04-11 21:42:35'
System info: os.name: 'Windows 7', os.arch: 'amd64', os.version: '6.1', java.version: '1.8.0_121'
Driver info: driver.version: RemoteWebDriver
	at org.openqa.selenium.remote.ErrorHandler.createThrowable(ErrorHandler.java:175)
	at org.openqa.selenium.remote.ErrorHandler.throwIfResponseFailed(ErrorHandler.java:128)
	at org.openqa.selenium.remote.RemoteWebDriver.execute(RemoteWebDriver.java:459)
	at org.openqa.selenium.remote.RemoteWebDriver.findElement(RemoteWebDriver.java:227)
	at org.openqa.selenium.remote.RemoteWebDriver.findElementByXPath(RemoteWebDriver.java:312)
	at org.openqa.selenium.By$ByXPath.findElement(By.java:344)
	at org.openqa.selenium.remote.RemoteWebDriver.findElement(RemoteWebDriver.java:219)
	at com.pageLibrary.Appointment_Cancellation.ac_01_verify_appointment_cancellation_page(Appointment_Cancellation.java:23)
	at com.testScripts.Appointment_Cancellation_Test.AC_01_Verify_Appointment_Cancellation_Page(Appointment_Cancellation_Test.java:16)
... Removed 38 stack frames]]>
    </failure>
  </testcase> <!-- AC_01_Verify_Appointment_Cancellation_Page -->
  <testcase name="BS_105_Verify_Cash_Option_In_Paymentmode" time="0.017" classname="com.testScripts.Bill_Settlement_Lib_Test">
    <failure type="org.openqa.selenium.NoSuchElementException" message="no such element: Unable to locate element: {&amp;quot;method&amp;quot;:&amp;quot;xpath&amp;quot;,&amp;quot;selector&amp;quot;:&amp;quot;//*[@id=&amp;apos;wrapper&amp;apos;]/nav/div[2]/ul/li[1]/a&amp;quot;}
  (Session info: chrome=57.0.2987.133)
  (Driver info: chromedriver=2.29.461591 (62ebf098771772160f391d75e589dc567915b233),platform=Windows NT 6.1.7600 x86_64) (WARNING: The server did not provide any stacktrace information)
Command duration or timeout: 16 milliseconds
For documentation on this error, please visit: http://seleniumhq.org/exceptions/no_such_element.html
Build info: version: &amp;apos;2.2.1&amp;apos;, revision: &amp;apos;16551&amp;apos;, time: &amp;apos;2012-04-11 21:42:35&amp;apos;
System info: os.name: &amp;apos;Windows 7&amp;apos;, os.arch: &amp;apos;amd64&amp;apos;, os.version: &amp;apos;6.1&amp;apos;, java.version: &amp;apos;1.8.0_121&amp;apos;
Driver info: driver.version: RemoteWebDriver">
      <![CDATA[org.openqa.selenium.NoSuchElementException: no such element: Unable to locate element: {"method":"xpath","selector":"//*[@id='wrapper']/nav/div[2]/ul/li[1]/a"}
  (Session info: chrome=57.0.2987.133)
  (Driver info: chromedriver=2.29.461591 (62ebf098771772160f391d75e589dc567915b233),platform=Windows NT 6.1.7600 x86_64) (WARNING: The server did not provide any stacktrace information)
Command duration or timeout: 16 milliseconds
For documentation on this error, please visit: http://seleniumhq.org/exceptions/no_such_element.html
Build info: version: '2.2.1', revision: '16551', time: '2012-04-11 21:42:35'
System info: os.name: 'Windows 7', os.arch: 'amd64', os.version: '6.1', java.version: '1.8.0_121'
Driver info: driver.version: RemoteWebDriver
	at org.openqa.selenium.remote.ErrorHandler.createThrowable(ErrorHandler.java:175)
	at org.openqa.selenium.remote.ErrorHandler.throwIfResponseFailed(ErrorHandler.java:128)
	at org.openqa.selenium.remote.RemoteWebDriver.execute(RemoteWebDriver.java:459)
	at org.openqa.selenium.remote.RemoteWebDriver.findElement(RemoteWebDriver.java:227)
	at org.openqa.selenium.remote.RemoteWebDriver.findElementByXPath(RemoteWebDriver.java:312)
	at org.openqa.selenium.By$ByXPath.findElement(By.java:344)
	at org.openqa.selenium.remote.RemoteWebDriver.findElement(RemoteWebDriver.java:219)
	at com.pageLibrary.Bill_Settlement_Lib.bs_105_verify_cash_option_in_paymentmode(Bill_Settlement_Lib.java:33)
	at com.testScripts.Bill_Settlement_Lib_Test.BS_105_Verify_Cash_Option_In_Paymentmode(Bill_Settlement_Lib_Test.java:32)
... Removed 38 stack frames]]>
    </failure>
  </testcase> <!-- BS_105_Verify_Cash_Option_In_Paymentmode -->
  <testcase name="BS_51_Verify_Name_on_CreditCard_With_Valid_Alphabets" time="30.501" classname="com.testScripts.Bill_Settlement_Test"/>
  <testcase name="HP_01_Verify_HomePage" time="1.078" classname="com.testScripts.HomePage_Test"/>
  <testcase name="RP_01_Verify_Reprint_Page" time="0.023" classname="com.testScripts.Reprint_Test">
    <failure type="org.openqa.selenium.NoSuchElementException" message="no such element: Unable to locate element: {&amp;quot;method&amp;quot;:&amp;quot;xpath&amp;quot;,&amp;quot;selector&amp;quot;:&amp;quot;//*[@id=&amp;apos;wrapper&amp;apos;]/nav/div[2]/ul/li[1]/a&amp;quot;}
  (Session info: chrome=57.0.2987.133)
  (Driver info: chromedriver=2.29.461591 (62ebf098771772160f391d75e589dc567915b233),platform=Windows NT 6.1.7600 x86_64) (WARNING: The server did not provide any stacktrace information)
Command duration or timeout: 23 milliseconds
For documentation on this error, please visit: http://seleniumhq.org/exceptions/no_such_element.html
Build info: version: &amp;apos;2.2.1&amp;apos;, revision: &amp;apos;16551&amp;apos;, time: &amp;apos;2012-04-11 21:42:35&amp;apos;
System info: os.name: &amp;apos;Windows 7&amp;apos;, os.arch: &amp;apos;amd64&amp;apos;, os.version: &amp;apos;6.1&amp;apos;, java.version: &amp;apos;1.8.0_121&amp;apos;
Driver info: driver.version: RemoteWebDriver">
      <![CDATA[org.openqa.selenium.NoSuchElementException: no such element: Unable to locate element: {"method":"xpath","selector":"//*[@id='wrapper']/nav/div[2]/ul/li[1]/a"}
  (Session info: chrome=57.0.2987.133)
  (Driver info: chromedriver=2.29.461591 (62ebf098771772160f391d75e589dc567915b233),platform=Windows NT 6.1.7600 x86_64) (WARNING: The server did not provide any stacktrace information)
Command duration or timeout: 23 milliseconds
For documentation on this error, please visit: http://seleniumhq.org/exceptions/no_such_element.html
Build info: version: '2.2.1', revision: '16551', time: '2012-04-11 21:42:35'
System info: os.name: 'Windows 7', os.arch: 'amd64', os.version: '6.1', java.version: '1.8.0_121'
Driver info: driver.version: RemoteWebDriver
	at org.openqa.selenium.remote.ErrorHandler.createThrowable(ErrorHandler.java:175)
	at org.openqa.selenium.remote.ErrorHandler.throwIfResponseFailed(ErrorHandler.java:128)
	at org.openqa.selenium.remote.RemoteWebDriver.execute(RemoteWebDriver.java:459)
	at org.openqa.selenium.remote.RemoteWebDriver.findElement(RemoteWebDriver.java:227)
	at org.openqa.selenium.remote.RemoteWebDriver.findElementByXPath(RemoteWebDriver.java:312)
	at org.openqa.selenium.By$ByXPath.findElement(By.java:344)
	at org.openqa.selenium.remote.RemoteWebDriver.findElement(RemoteWebDriver.java:219)
	at com.pageLibrary.Reprint.rp_01_verify_reprint_page(Reprint.java:33)
	at com.testScripts.Reprint_Test.RP_01_Verify_Reprint_Page(Reprint_Test.java:18)
... Removed 38 stack frames]]>
    </failure>
  </testcase> <!-- RP_01_Verify_Reprint_Page -->
  <testcase name="AC_03_Verify_Main_Heading" time="0.008" classname="com.testScripts.Appointment_Cancellation_Test">
    <failure type="org.openqa.selenium.NoSuchElementException" message="no such element: Unable to locate element: {&amp;quot;method&amp;quot;:&amp;quot;xpath&amp;quot;,&amp;quot;selector&amp;quot;:&amp;quot;//*[@id=&amp;apos;wrapper&amp;apos;]/nav/div[2]/ul/li[1]/a&amp;quot;}
  (Session info: chrome=57.0.2987.133)
  (Driver info: chromedriver=2.29.461591 (62ebf098771772160f391d75e589dc567915b233),platform=Windows NT 6.1.7600 x86_64) (WARNING: The server did not provide any stacktrace information)
Command duration or timeout: 7 milliseconds
For documentation on this error, please visit: http://seleniumhq.org/exceptions/no_such_element.html
Build info: version: &amp;apos;2.2.1&amp;apos;, revision: &amp;apos;16551&amp;apos;, time: &amp;apos;2012-04-11 21:42:35&amp;apos;
System info: os.name: &amp;apos;Windows 7&amp;apos;, os.arch: &amp;apos;amd64&amp;apos;, os.version: &amp;apos;6.1&amp;apos;, java.version: &amp;apos;1.8.0_121&amp;apos;
Driver info: driver.version: RemoteWebDriver">
      <![CDATA[org.openqa.selenium.NoSuchElementException: no such element: Unable to locate element: {"method":"xpath","selector":"//*[@id='wrapper']/nav/div[2]/ul/li[1]/a"}
  (Session info: chrome=57.0.2987.133)
  (Driver info: chromedriver=2.29.461591 (62ebf098771772160f391d75e589dc567915b233),platform=Windows NT 6.1.7600 x86_64) (WARNING: The server did not provide any stacktrace information)
Command duration or timeout: 7 milliseconds
For documentation on this error, please visit: http://seleniumhq.org/exceptions/no_such_element.html
Build info: version: '2.2.1', revision: '16551', time: '2012-04-11 21:42:35'
System info: os.name: 'Windows 7', os.arch: 'amd64', os.version: '6.1', java.version: '1.8.0_121'
Driver info: driver.version: RemoteWebDriver
	at org.openqa.selenium.remote.ErrorHandler.createThrowable(ErrorHandler.java:175)
	at org.openqa.selenium.remote.ErrorHandler.throwIfResponseFailed(ErrorHandler.java:128)
	at org.openqa.selenium.remote.RemoteWebDriver.execute(RemoteWebDriver.java:459)
	at org.openqa.selenium.remote.RemoteWebDriver.findElement(RemoteWebDriver.java:227)
	at org.openqa.selenium.remote.RemoteWebDriver.findElementByXPath(RemoteWebDriver.java:312)
	at org.openqa.selenium.By$ByXPath.findElement(By.java:344)
	at org.openqa.selenium.remote.RemoteWebDriver.findElement(RemoteWebDriver.java:219)
	at com.pageLibrary.Appointment_Cancellation.ac_03_verify_main_heading(Appointment_Cancellation.java:49)
	at com.testScripts.Appointment_Cancellation_Test.AC_03_Verify_Main_Heading(Appointment_Cancellation_Test.java:22)
... Removed 38 stack frames]]>
    </failure>
  </testcase> <!-- AC_03_Verify_Main_Heading -->
  <testcase name="BS_106_Verify_Amount_Accepting_EqualTo_Netamount" time="0.018" classname="com.testScripts.Bill_Settlement_Lib_Test">
    <failure type="org.openqa.selenium.NoSuchElementException" message="no such element: Unable to locate element: {&amp;quot;method&amp;quot;:&amp;quot;xpath&amp;quot;,&amp;quot;selector&amp;quot;:&amp;quot;//*[@id=&amp;apos;balanceOutstanding&amp;apos;]&amp;quot;}
  (Session info: chrome=57.0.2987.133)
  (Driver info: chromedriver=2.29.461591 (62ebf098771772160f391d75e589dc567915b233),platform=Windows NT 6.1.7600 x86_64) (WARNING: The server did not provide any stacktrace information)
Command duration or timeout: 18 milliseconds
For documentation on this error, please visit: http://seleniumhq.org/exceptions/no_such_element.html
Build info: version: &amp;apos;2.2.1&amp;apos;, revision: &amp;apos;16551&amp;apos;, time: &amp;apos;2012-04-11 21:42:35&amp;apos;
System info: os.name: &amp;apos;Windows 7&amp;apos;, os.arch: &amp;apos;amd64&amp;apos;, os.version: &amp;apos;6.1&amp;apos;, java.version: &amp;apos;1.8.0_121&amp;apos;
Driver info: driver.version: RemoteWebDriver">
      <![CDATA[org.openqa.selenium.NoSuchElementException: no such element: Unable to locate element: {"method":"xpath","selector":"//*[@id='balanceOutstanding']"}
  (Session info: chrome=57.0.2987.133)
  (Driver info: chromedriver=2.29.461591 (62ebf098771772160f391d75e589dc567915b233),platform=Windows NT 6.1.7600 x86_64) (WARNING: The server did not provide any stacktrace information)
Command duration or timeout: 18 milliseconds
For documentation on this error, please visit: http://seleniumhq.org/exceptions/no_such_element.html
Build info: version: '2.2.1', revision: '16551', time: '2012-04-11 21:42:35'
System info: os.name: 'Windows 7', os.arch: 'amd64', os.version: '6.1', java.version: '1.8.0_121'
Driver info: driver.version: RemoteWebDriver
	at org.openqa.selenium.remote.ErrorHandler.createThrowable(ErrorHandler.java:175)
	at org.openqa.selenium.remote.ErrorHandler.throwIfResponseFailed(ErrorHandler.java:128)
	at org.openqa.selenium.remote.RemoteWebDriver.execute(RemoteWebDriver.java:459)
	at org.openqa.selenium.remote.RemoteWebDriver.findElement(RemoteWebDriver.java:227)
	at org.openqa.selenium.remote.RemoteWebDriver.findElementByXPath(RemoteWebDriver.java:312)
	at org.openqa.selenium.By$ByXPath.findElement(By.java:344)
	at org.openqa.selenium.remote.RemoteWebDriver.findElement(RemoteWebDriver.java:219)
	at com.pageLibrary.Bill_Settlement_Lib.bs_106_verify_amount_accepting_equalto_netamount(Bill_Settlement_Lib.java:58)
	at com.testScripts.Bill_Settlement_Lib_Test.BS_106_Verify_Amount_Accepting_EqualTo_Netamount(Bill_Settlement_Lib_Test.java:37)
... Removed 38 stack frames]]>
    </failure>
  </testcase> <!-- BS_106_Verify_Amount_Accepting_EqualTo_Netamount -->
  <testcase name="BS_52_Verify_Name_on_CreditCard_With_InValid_Alphanumeric" time="20.475" classname="com.testScripts.Bill_Settlement_Test"/>
  <testcase name="RP_02_Verify_Main_Heading" time="4.006" classname="com.testScripts.Reprint_Test">
    <failure type="org.openqa.selenium.WebDriverException" message="chrome not reachable
  (Session info: chrome=57.0.2987.133)
  (Driver info: chromedriver=2.29.461591 (62ebf098771772160f391d75e589dc567915b233),platform=Windows NT 6.1.7600 x86_64) (WARNING: The server did not provide any stacktrace information)
Command duration or timeout: 4.01 seconds
Build info: version: &amp;apos;2.2.1&amp;apos;, revision: &amp;apos;16551&amp;apos;, time: &amp;apos;2012-04-11 21:42:35&amp;apos;
System info: os.name: &amp;apos;Windows 7&amp;apos;, os.arch: &amp;apos;amd64&amp;apos;, os.version: &amp;apos;6.1&amp;apos;, java.version: &amp;apos;1.8.0_121&amp;apos;
Driver info: driver.version: RemoteWebDriver">
      <![CDATA[org.openqa.selenium.WebDriverException: chrome not reachable
  (Session info: chrome=57.0.2987.133)
  (Driver info: chromedriver=2.29.461591 (62ebf098771772160f391d75e589dc567915b233),platform=Windows NT 6.1.7600 x86_64) (WARNING: The server did not provide any stacktrace information)
Command duration or timeout: 4.01 seconds
Build info: version: '2.2.1', revision: '16551', time: '2012-04-11 21:42:35'
System info: os.name: 'Windows 7', os.arch: 'amd64', os.version: '6.1', java.version: '1.8.0_121'
Driver info: driver.version: RemoteWebDriver
	at org.openqa.selenium.remote.ErrorHandler.createThrowable(ErrorHandler.java:175)
	at org.openqa.selenium.remote.ErrorHandler.throwIfResponseFailed(ErrorHandler.java:128)
	at org.openqa.selenium.remote.RemoteWebDriver.execute(RemoteWebDriver.java:459)
	at org.openqa.selenium.remote.RemoteWebDriver.findElement(RemoteWebDriver.java:227)
	at org.openqa.selenium.remote.RemoteWebDriver.findElementByXPath(RemoteWebDriver.java:312)
	at org.openqa.selenium.By$ByXPath.findElement(By.java:344)
	at org.openqa.selenium.remote.RemoteWebDriver.findElement(RemoteWebDriver.java:219)
	at com.pageLibrary.Reprint.rp_02_verify_main_heading(Reprint.java:49)
	at com.testScripts.Reprint_Test.RP_02_Verify_Main_Heading(Reprint_Test.java:24)
... Removed 38 stack frames]]>
    </failure>
  </testcase> <!-- RP_02_Verify_Main_Heading -->
  <testcase name="AC_04_Verify_Sub_Heading" time="4.017" classname="com.testScripts.Appointment_Cancellation_Test">
    <failure type="org.openqa.selenium.WebDriverException" message="chrome not reachable
  (Session info: chrome=57.0.2987.133)
  (Driver info: chromedriver=2.29.461591 (62ebf098771772160f391d75e589dc567915b233),platform=Windows NT 6.1.7600 x86_64) (WARNING: The server did not provide any stacktrace information)
Command duration or timeout: 4.02 seconds
Build info: version: &amp;apos;2.2.1&amp;apos;, revision: &amp;apos;16551&amp;apos;, time: &amp;apos;2012-04-11 21:42:35&amp;apos;
System info: os.name: &amp;apos;Windows 7&amp;apos;, os.arch: &amp;apos;amd64&amp;apos;, os.version: &amp;apos;6.1&amp;apos;, java.version: &amp;apos;1.8.0_121&amp;apos;
Driver info: driver.version: RemoteWebDriver">
      <![CDATA[org.openqa.selenium.WebDriverException: chrome not reachable
  (Session info: chrome=57.0.2987.133)
  (Driver info: chromedriver=2.29.461591 (62ebf098771772160f391d75e589dc567915b233),platform=Windows NT 6.1.7600 x86_64) (WARNING: The server did not provide any stacktrace information)
Command duration or timeout: 4.02 seconds
Build info: version: '2.2.1', revision: '16551', time: '2012-04-11 21:42:35'
System info: os.name: 'Windows 7', os.arch: 'amd64', os.version: '6.1', java.version: '1.8.0_121'
Driver info: driver.version: RemoteWebDriver
	at org.openqa.selenium.remote.ErrorHandler.createThrowable(ErrorHandler.java:175)
	at org.openqa.selenium.remote.ErrorHandler.throwIfResponseFailed(ErrorHandler.java:128)
	at org.openqa.selenium.remote.RemoteWebDriver.execute(RemoteWebDriver.java:459)
	at org.openqa.selenium.remote.RemoteWebDriver.findElement(RemoteWebDriver.java:227)
	at org.openqa.selenium.remote.RemoteWebDriver.findElementByXPath(RemoteWebDriver.java:312)
	at org.openqa.selenium.By$ByXPath.findElement(By.java:344)
	at org.openqa.selenium.remote.RemoteWebDriver.findElement(RemoteWebDriver.java:219)
	at com.pageLibrary.Appointment_Cancellation.ac_04_verify_sub_heading(Appointment_Cancellation.java:85)
	at com.testScripts.Appointment_Cancellation_Test.AC_04_Verify_Sub_Heading(Appointment_Cancellation_Test.java:28)
... Removed 38 stack frames]]>
    </failure>
  </testcase> <!-- AC_04_Verify_Sub_Heading -->
  <testcase name="BS_106_Verify_Amount_Accepting_LessThan_Netamount" time="4.011" classname="com.testScripts.Bill_Settlement_Lib_Test">
    <failure type="org.openqa.selenium.WebDriverException" message="chrome not reachable
  (Session info: chrome=57.0.2987.133)
  (Driver info: chromedriver=2.29.461591 (62ebf098771772160f391d75e589dc567915b233),platform=Windows NT 6.1.7600 x86_64) (WARNING: The server did not provide any stacktrace information)
Command duration or timeout: 4.01 seconds
Build info: version: &amp;apos;2.2.1&amp;apos;, revision: &amp;apos;16551&amp;apos;, time: &amp;apos;2012-04-11 21:42:35&amp;apos;
System info: os.name: &amp;apos;Windows 7&amp;apos;, os.arch: &amp;apos;amd64&amp;apos;, os.version: &amp;apos;6.1&amp;apos;, java.version: &amp;apos;1.8.0_121&amp;apos;
Driver info: driver.version: RemoteWebDriver">
      <![CDATA[org.openqa.selenium.WebDriverException: chrome not reachable
  (Session info: chrome=57.0.2987.133)
  (Driver info: chromedriver=2.29.461591 (62ebf098771772160f391d75e589dc567915b233),platform=Windows NT 6.1.7600 x86_64) (WARNING: The server did not provide any stacktrace information)
Command duration or timeout: 4.01 seconds
Build info: version: '2.2.1', revision: '16551', time: '2012-04-11 21:42:35'
System info: os.name: 'Windows 7', os.arch: 'amd64', os.version: '6.1', java.version: '1.8.0_121'
Driver info: driver.version: RemoteWebDriver
	at org.openqa.selenium.remote.ErrorHandler.createThrowable(ErrorHandler.java:175)
	at org.openqa.selenium.remote.ErrorHandler.throwIfResponseFailed(ErrorHandler.java:128)
	at org.openqa.selenium.remote.RemoteWebDriver.execute(RemoteWebDriver.java:459)
	at org.openqa.selenium.remote.RemoteWebDriver.findElement(RemoteWebDriver.java:227)
	at org.openqa.selenium.remote.RemoteWebDriver.findElementByXPath(RemoteWebDriver.java:312)
	at org.openqa.selenium.By$ByXPath.findElement(By.java:344)
	at org.openqa.selenium.remote.RemoteWebDriver.findElement(RemoteWebDriver.java:219)
	at com.pageLibrary.Bill_Settlement_Lib.bs_106_verify_amount_accepting_lessthan_netamount(Bill_Settlement_Lib.java:108)
	at com.testScripts.Bill_Settlement_Lib_Test.BS_106_Verify_Amount_Accepting_LessThan_Netamount(Bill_Settlement_Lib_Test.java:42)
... Removed 38 stack frames]]>
    </failure>
  </testcase> <!-- BS_106_Verify_Amount_Accepting_LessThan_Netamount -->
  <testcase name="BS_224_Verify_Name_on_CreditCard_With_InValid_SpecialCharacters" time="4.011" classname="com.testScripts.Bill_Settlement_Test"/>
  <testcase name="RP_03_Verify_Sub_Heading" time="4.041" classname="com.testScripts.Reprint_Test">
    <failure type="org.openqa.selenium.WebDriverException" message="chrome not reachable
  (Session info: chrome=57.0.2987.133)
  (Driver info: chromedriver=2.29.461591 (62ebf098771772160f391d75e589dc567915b233),platform=Windows NT 6.1.7600 x86_64) (WARNING: The server did not provide any stacktrace information)
Command duration or timeout: 4.04 seconds
Build info: version: &amp;apos;2.2.1&amp;apos;, revision: &amp;apos;16551&amp;apos;, time: &amp;apos;2012-04-11 21:42:35&amp;apos;
System info: os.name: &amp;apos;Windows 7&amp;apos;, os.arch: &amp;apos;amd64&amp;apos;, os.version: &amp;apos;6.1&amp;apos;, java.version: &amp;apos;1.8.0_121&amp;apos;
Driver info: driver.version: RemoteWebDriver">
      <![CDATA[org.openqa.selenium.WebDriverException: chrome not reachable
  (Session info: chrome=57.0.2987.133)
  (Driver info: chromedriver=2.29.461591 (62ebf098771772160f391d75e589dc567915b233),platform=Windows NT 6.1.7600 x86_64) (WARNING: The server did not provide any stacktrace information)
Command duration or timeout: 4.04 seconds
Build info: version: '2.2.1', revision: '16551', time: '2012-04-11 21:42:35'
System info: os.name: 'Windows 7', os.arch: 'amd64', os.version: '6.1', java.version: '1.8.0_121'
Driver info: driver.version: RemoteWebDriver
	at org.openqa.selenium.remote.ErrorHandler.createThrowable(ErrorHandler.java:175)
	at org.openqa.selenium.remote.ErrorHandler.throwIfResponseFailed(ErrorHandler.java:128)
	at org.openqa.selenium.remote.RemoteWebDriver.execute(RemoteWebDriver.java:459)
	at org.openqa.selenium.remote.RemoteWebDriver.findElement(RemoteWebDriver.java:227)
	at org.openqa.selenium.remote.RemoteWebDriver.findElementByXPath(RemoteWebDriver.java:312)
	at org.openqa.selenium.By$ByXPath.findElement(By.java:344)
	at org.openqa.selenium.remote.RemoteWebDriver.findElement(RemoteWebDriver.java:219)
	at com.pageLibrary.Reprint.rp_03_verify_sub_heading(Reprint.java:72)
	at com.testScripts.Reprint_Test.RP_03_Verify_Sub_Heading(Reprint_Test.java:30)
... Removed 38 stack frames]]>
    </failure>
  </testcase> <!-- RP_03_Verify_Sub_Heading -->
  <testcase name="AC_38_Verify_AllText_Boxes" time="4.008" classname="com.testScripts.Appointment_Cancellation_Test">
    <failure type="org.openqa.selenium.WebDriverException" message="chrome not reachable
  (Session info: chrome=57.0.2987.133)
  (Driver info: chromedriver=2.29.461591 (62ebf098771772160f391d75e589dc567915b233),platform=Windows NT 6.1.7600 x86_64) (WARNING: The server did not provide any stacktrace information)
Command duration or timeout: 4.01 seconds
Build info: version: &amp;apos;2.2.1&amp;apos;, revision: &amp;apos;16551&amp;apos;, time: &amp;apos;2012-04-11 21:42:35&amp;apos;
System info: os.name: &amp;apos;Windows 7&amp;apos;, os.arch: &amp;apos;amd64&amp;apos;, os.version: &amp;apos;6.1&amp;apos;, java.version: &amp;apos;1.8.0_121&amp;apos;
Driver info: driver.version: RemoteWebDriver">
      <![CDATA[org.openqa.selenium.WebDriverException: chrome not reachable
  (Session info: chrome=57.0.2987.133)
  (Driver info: chromedriver=2.29.461591 (62ebf098771772160f391d75e589dc567915b233),platform=Windows NT 6.1.7600 x86_64) (WARNING: The server did not provide any stacktrace information)
Command duration or timeout: 4.01 seconds
Build info: version: '2.2.1', revision: '16551', time: '2012-04-11 21:42:35'
System info: os.name: 'Windows 7', os.arch: 'amd64', os.version: '6.1', java.version: '1.8.0_121'
Driver info: driver.version: RemoteWebDriver
	at org.openqa.selenium.remote.ErrorHandler.createThrowable(ErrorHandler.java:175)
	at org.openqa.selenium.remote.ErrorHandler.throwIfResponseFailed(ErrorHandler.java:128)
	at org.openqa.selenium.remote.RemoteWebDriver.execute(RemoteWebDriver.java:459)
	at org.openqa.selenium.remote.RemoteWebDriver.findElement(RemoteWebDriver.java:227)
	at org.openqa.selenium.remote.RemoteWebDriver.findElementByXPath(RemoteWebDriver.java:312)
	at org.openqa.selenium.By$ByXPath.findElement(By.java:344)
	at org.openqa.selenium.remote.RemoteWebDriver.findElement(RemoteWebDriver.java:219)
	at com.pageLibrary.Appointment_Cancellation.ac_38_verify_all_textboxes(Appointment_Cancellation.java:96)
	at com.testScripts.Appointment_Cancellation_Test.AC_38_Verify_AllText_Boxes(Appointment_Cancellation_Test.java:34)
... Removed 38 stack frames]]>
    </failure>
  </testcase> <!-- AC_38_Verify_AllText_Boxes -->
  <testcase name="BS_106_Verify_Amount_Accepting_MoreThan_Netamount" time="4.002" classname="com.testScripts.Bill_Settlement_Lib_Test">
    <failure type="org.openqa.selenium.WebDriverException" message="chrome not reachable
  (Session info: chrome=57.0.2987.133)
  (Driver info: chromedriver=2.29.461591 (62ebf098771772160f391d75e589dc567915b233),platform=Windows NT 6.1.7600 x86_64) (WARNING: The server did not provide any stacktrace information)
Command duration or timeout: 4.00 seconds
Build info: version: &amp;apos;2.2.1&amp;apos;, revision: &amp;apos;16551&amp;apos;, time: &amp;apos;2012-04-11 21:42:35&amp;apos;
System info: os.name: &amp;apos;Windows 7&amp;apos;, os.arch: &amp;apos;amd64&amp;apos;, os.version: &amp;apos;6.1&amp;apos;, java.version: &amp;apos;1.8.0_121&amp;apos;
Driver info: driver.version: RemoteWebDriver">
      <![CDATA[org.openqa.selenium.WebDriverException: chrome not reachable
  (Session info: chrome=57.0.2987.133)
  (Driver info: chromedriver=2.29.461591 (62ebf098771772160f391d75e589dc567915b233),platform=Windows NT 6.1.7600 x86_64) (WARNING: The server did not provide any stacktrace information)
Command duration or timeout: 4.00 seconds
Build info: version: '2.2.1', revision: '16551', time: '2012-04-11 21:42:35'
System info: os.name: 'Windows 7', os.arch: 'amd64', os.version: '6.1', java.version: '1.8.0_121'
Driver info: driver.version: RemoteWebDriver
	at org.openqa.selenium.remote.ErrorHandler.createThrowable(ErrorHandler.java:175)
	at org.openqa.selenium.remote.ErrorHandler.throwIfResponseFailed(ErrorHandler.java:128)
	at org.openqa.selenium.remote.RemoteWebDriver.execute(RemoteWebDriver.java:459)
	at org.openqa.selenium.remote.RemoteWebDriver.findElement(RemoteWebDriver.java:227)
	at org.openqa.selenium.remote.RemoteWebDriver.findElementByXPath(RemoteWebDriver.java:312)
	at org.openqa.selenium.By$ByXPath.findElement(By.java:344)
	at org.openqa.selenium.remote.RemoteWebDriver.findElement(RemoteWebDriver.java:219)
	at com.pageLibrary.Bill_Settlement_Lib.bs_107_verify_amount_accepting_morethan_netamount(Bill_Settlement_Lib.java:215)
	at com.testScripts.Bill_Settlement_Lib_Test.BS_106_Verify_Amount_Accepting_MoreThan_Netamount(Bill_Settlement_Lib_Test.java:47)
... Removed 38 stack frames]]>
    </failure>
  </testcase> <!-- BS_106_Verify_Amount_Accepting_MoreThan_Netamount -->
  <testcase name="BS_225_Verify_Name_on_CreditCard_With_InValid_Numeric" time="4.021" classname="com.testScripts.Bill_Settlement_Test"/>
  <testcase name="HP_04_Verify_StaffLoginPage" time="4.014" classname="com.testScripts.HomePage_Test">
    <failure type="org.openqa.selenium.WebDriverException" message="chrome not reachable
  (Session info: chrome=57.0.2987.133)
  (Driver info: chromedriver=2.29.461591 (62ebf098771772160f391d75e589dc567915b233),platform=Windows NT 6.1.7600 x86_64) (WARNING: The server did not provide any stacktrace information)
Command duration or timeout: 4.01 seconds
Build info: version: &amp;apos;2.2.1&amp;apos;, revision: &amp;apos;16551&amp;apos;, time: &amp;apos;2012-04-11 21:42:35&amp;apos;
System info: os.name: &amp;apos;Windows 7&amp;apos;, os.arch: &amp;apos;amd64&amp;apos;, os.version: &amp;apos;6.1&amp;apos;, java.version: &amp;apos;1.8.0_121&amp;apos;
Driver info: driver.version: RemoteWebDriver">
      <![CDATA[org.openqa.selenium.WebDriverException: chrome not reachable
  (Session info: chrome=57.0.2987.133)
  (Driver info: chromedriver=2.29.461591 (62ebf098771772160f391d75e589dc567915b233),platform=Windows NT 6.1.7600 x86_64) (WARNING: The server did not provide any stacktrace information)
Command duration or timeout: 4.01 seconds
Build info: version: '2.2.1', revision: '16551', time: '2012-04-11 21:42:35'
System info: os.name: 'Windows 7', os.arch: 'amd64', os.version: '6.1', java.version: '1.8.0_121'
Driver info: driver.version: RemoteWebDriver
	at org.openqa.selenium.remote.ErrorHandler.createThrowable(ErrorHandler.java:175)
	at org.openqa.selenium.remote.ErrorHandler.throwIfResponseFailed(ErrorHandler.java:128)
	at org.openqa.selenium.remote.RemoteWebDriver.execute(RemoteWebDriver.java:459)
	at org.openqa.selenium.remote.RemoteWebDriver.get(RemoteWebDriver.java:201)
	at org.openqa.selenium.remote.RemoteWebDriver$RemoteNavigation.to(RemoteWebDriver.java:675)
	at com.pageLibrary.HomePage.OpenApplication(HomePage.java:32)
	at com.pageLibrary.HomePage.hp_04_ClickHereToLogin(HomePage.java:138)
	at com.testScripts.HomePage_Test.HP_04_Verify_StaffLoginPage(HomePage_Test.java:49)
... Removed 38 stack frames]]>
    </failure>
  </testcase> <!-- HP_04_Verify_StaffLoginPage -->
  <testcase name="RP_09_Verify_From_Date" time="4.01" classname="com.testScripts.Reprint_Test">
    <failure type="org.openqa.selenium.WebDriverException" message="chrome not reachable
  (Session info: chrome=57.0.2987.133)
  (Driver info: chromedriver=2.29.461591 (62ebf098771772160f391d75e589dc567915b233),platform=Windows NT 6.1.7600 x86_64) (WARNING: The server did not provide any stacktrace information)
Command duration or timeout: 4.01 seconds
Build info: version: &amp;apos;2.2.1&amp;apos;, revision: &amp;apos;16551&amp;apos;, time: &amp;apos;2012-04-11 21:42:35&amp;apos;
System info: os.name: &amp;apos;Windows 7&amp;apos;, os.arch: &amp;apos;amd64&amp;apos;, os.version: &amp;apos;6.1&amp;apos;, java.version: &amp;apos;1.8.0_121&amp;apos;
Driver info: driver.version: RemoteWebDriver">
      <![CDATA[org.openqa.selenium.WebDriverException: chrome not reachable
  (Session info: chrome=57.0.2987.133)
  (Driver info: chromedriver=2.29.461591 (62ebf098771772160f391d75e589dc567915b233),platform=Windows NT 6.1.7600 x86_64) (WARNING: The server did not provide any stacktrace information)
Command duration or timeout: 4.01 seconds
Build info: version: '2.2.1', revision: '16551', time: '2012-04-11 21:42:35'
System info: os.name: 'Windows 7', os.arch: 'amd64', os.version: '6.1', java.version: '1.8.0_121'
Driver info: driver.version: RemoteWebDriver
	at org.openqa.selenium.remote.ErrorHandler.createThrowable(ErrorHandler.java:175)
	at org.openqa.selenium.remote.ErrorHandler.throwIfResponseFailed(ErrorHandler.java:128)
	at org.openqa.selenium.remote.RemoteWebDriver.execute(RemoteWebDriver.java:459)
	at org.openqa.selenium.remote.RemoteWebDriver.findElement(RemoteWebDriver.java:227)
	at org.openqa.selenium.remote.RemoteWebDriver.findElementByXPath(RemoteWebDriver.java:312)
	at org.openqa.selenium.By$ByXPath.findElement(By.java:344)
	at org.openqa.selenium.remote.RemoteWebDriver.findElement(RemoteWebDriver.java:219)
	at com.pageLibrary.Reprint.rp_09_verify_from_date(Reprint.java:79)
	at com.testScripts.Reprint_Test.RP_09_Verify_From_Date(Reprint_Test.java:36)
... Removed 38 stack frames]]>
    </failure>
  </testcase> <!-- RP_09_Verify_From_Date -->
  <testcase name="Verify_AllDates_Fields" time="4.011" classname="com.testScripts.Appointment_Cancellation_Test">
    <failure type="org.openqa.selenium.WebDriverException" message="chrome not reachable
  (Session info: chrome=57.0.2987.133)
  (Driver info: chromedriver=2.29.461591 (62ebf098771772160f391d75e589dc567915b233),platform=Windows NT 6.1.7600 x86_64) (WARNING: The server did not provide any stacktrace information)
Command duration or timeout: 4.01 seconds
Build info: version: &amp;apos;2.2.1&amp;apos;, revision: &amp;apos;16551&amp;apos;, time: &amp;apos;2012-04-11 21:42:35&amp;apos;
System info: os.name: &amp;apos;Windows 7&amp;apos;, os.arch: &amp;apos;amd64&amp;apos;, os.version: &amp;apos;6.1&amp;apos;, java.version: &amp;apos;1.8.0_121&amp;apos;
Driver info: driver.version: RemoteWebDriver">
      <![CDATA[org.openqa.selenium.WebDriverException: chrome not reachable
  (Session info: chrome=57.0.2987.133)
  (Driver info: chromedriver=2.29.461591 (62ebf098771772160f391d75e589dc567915b233),platform=Windows NT 6.1.7600 x86_64) (WARNING: The server did not provide any stacktrace information)
Command duration or timeout: 4.01 seconds
Build info: version: '2.2.1', revision: '16551', time: '2012-04-11 21:42:35'
System info: os.name: 'Windows 7', os.arch: 'amd64', os.version: '6.1', java.version: '1.8.0_121'
Driver info: driver.version: RemoteWebDriver
	at org.openqa.selenium.remote.ErrorHandler.createThrowable(ErrorHandler.java:175)
	at org.openqa.selenium.remote.ErrorHandler.throwIfResponseFailed(ErrorHandler.java:128)
	at org.openqa.selenium.remote.RemoteWebDriver.execute(RemoteWebDriver.java:459)
	at org.openqa.selenium.remote.RemoteWebDriver.findElement(RemoteWebDriver.java:227)
	at org.openqa.selenium.remote.RemoteWebDriver.findElementByXPath(RemoteWebDriver.java:312)
	at org.openqa.selenium.By$ByXPath.findElement(By.java:344)
	at org.openqa.selenium.remote.RemoteWebDriver.findElement(RemoteWebDriver.java:219)
	at com.pageLibrary.Appointment_Cancellation.verify_all_date_fields(Appointment_Cancellation.java:123)
	at com.testScripts.Appointment_Cancellation_Test.Verify_AllDates_Fields(Appointment_Cancellation_Test.java:40)
... Removed 38 stack frames]]>
    </failure>
  </testcase> <!-- Verify_AllDates_Fields -->
  <testcase name="BS_115_Verify_Amount_Accepting_Alphabets_Invalid" time="4.018" classname="com.testScripts.Bill_Settlement_Lib_Test">
    <failure type="org.openqa.selenium.WebDriverException" message="chrome not reachable
  (Session info: chrome=57.0.2987.133)
  (Driver info: chromedriver=2.29.461591 (62ebf098771772160f391d75e589dc567915b233),platform=Windows NT 6.1.7600 x86_64) (WARNING: The server did not provide any stacktrace information)
Command duration or timeout: 4.02 seconds
Build info: version: &amp;apos;2.2.1&amp;apos;, revision: &amp;apos;16551&amp;apos;, time: &amp;apos;2012-04-11 21:42:35&amp;apos;
System info: os.name: &amp;apos;Windows 7&amp;apos;, os.arch: &amp;apos;amd64&amp;apos;, os.version: &amp;apos;6.1&amp;apos;, java.version: &amp;apos;1.8.0_121&amp;apos;
Driver info: driver.version: RemoteWebDriver">
      <![CDATA[org.openqa.selenium.WebDriverException: chrome not reachable
  (Session info: chrome=57.0.2987.133)
  (Driver info: chromedriver=2.29.461591 (62ebf098771772160f391d75e589dc567915b233),platform=Windows NT 6.1.7600 x86_64) (WARNING: The server did not provide any stacktrace information)
Command duration or timeout: 4.02 seconds
Build info: version: '2.2.1', revision: '16551', time: '2012-04-11 21:42:35'
System info: os.name: 'Windows 7', os.arch: 'amd64', os.version: '6.1', java.version: '1.8.0_121'
Driver info: driver.version: RemoteWebDriver
	at org.openqa.selenium.remote.ErrorHandler.createThrowable(ErrorHandler.java:175)
	at org.openqa.selenium.remote.ErrorHandler.throwIfResponseFailed(ErrorHandler.java:128)
	at org.openqa.selenium.remote.RemoteWebDriver.execute(RemoteWebDriver.java:459)
	at org.openqa.selenium.remote.RemoteWebDriver.findElement(RemoteWebDriver.java:227)
	at org.openqa.selenium.remote.RemoteWebDriver.findElementByXPath(RemoteWebDriver.java:312)
	at org.openqa.selenium.By$ByXPath.findElement(By.java:344)
	at org.openqa.selenium.remote.RemoteWebDriver.findElement(RemoteWebDriver.java:219)
	at com.pageLibrary.Bill_Settlement_Lib.bs_115_verify_amount_accepting_alphabets_Invalid(Bill_Settlement_Lib.java:244)
	at com.testScripts.Bill_Settlement_Lib_Test.BS_115_Verify_Amount_Accepting_Alphabets_Invalid(Bill_Settlement_Lib_Test.java:52)
... Removed 38 stack frames]]>
    </failure>
  </testcase> <!-- BS_115_Verify_Amount_Accepting_Alphabets_Invalid -->
  <testcase name="BS_53_Verify_Name_on_CreditCard_Without_Entering_Name" time="4.011" classname="com.testScripts.Bill_Settlement_Test"/>
  <testcase name="RP_11_Verify_LeavingFromDate_Blank" time="4.008" classname="com.testScripts.Reprint_Test">
    <failure type="org.openqa.selenium.WebDriverException" message="chrome not reachable
  (Session info: chrome=57.0.2987.133)
  (Driver info: chromedriver=2.29.461591 (62ebf098771772160f391d75e589dc567915b233),platform=Windows NT 6.1.7600 x86_64) (WARNING: The server did not provide any stacktrace information)
Command duration or timeout: 4.01 seconds
Build info: version: &amp;apos;2.2.1&amp;apos;, revision: &amp;apos;16551&amp;apos;, time: &amp;apos;2012-04-11 21:42:35&amp;apos;
System info: os.name: &amp;apos;Windows 7&amp;apos;, os.arch: &amp;apos;amd64&amp;apos;, os.version: &amp;apos;6.1&amp;apos;, java.version: &amp;apos;1.8.0_121&amp;apos;
Driver info: driver.version: RemoteWebDriver">
      <![CDATA[org.openqa.selenium.WebDriverException: chrome not reachable
  (Session info: chrome=57.0.2987.133)
  (Driver info: chromedriver=2.29.461591 (62ebf098771772160f391d75e589dc567915b233),platform=Windows NT 6.1.7600 x86_64) (WARNING: The server did not provide any stacktrace information)
Command duration or timeout: 4.01 seconds
Build info: version: '2.2.1', revision: '16551', time: '2012-04-11 21:42:35'
System info: os.name: 'Windows 7', os.arch: 'amd64', os.version: '6.1', java.version: '1.8.0_121'
Driver info: driver.version: RemoteWebDriver
	at org.openqa.selenium.remote.ErrorHandler.createThrowable(ErrorHandler.java:175)
	at org.openqa.selenium.remote.ErrorHandler.throwIfResponseFailed(ErrorHandler.java:128)
	at org.openqa.selenium.remote.RemoteWebDriver.execute(RemoteWebDriver.java:459)
	at org.openqa.selenium.remote.RemoteWebDriver.findElement(RemoteWebDriver.java:227)
	at org.openqa.selenium.remote.RemoteWebDriver.findElementByXPath(RemoteWebDriver.java:312)
	at org.openqa.selenium.By$ByXPath.findElement(By.java:344)
	at org.openqa.selenium.remote.RemoteWebDriver.findElement(RemoteWebDriver.java:219)
	at com.pageLibrary.Reprint.rp_11_verify_LeavingFromDate_Blank(Reprint.java:109)
	at com.testScripts.Reprint_Test.RP_11_Verify_LeavingFromDate_Blank(Reprint_Test.java:42)
... Removed 38 stack frames]]>
    </failure>
  </testcase> <!-- RP_11_Verify_LeavingFromDate_Blank -->
  <testcase name="AC_39_Verify_All_Buttons" time="4.02" classname="com.testScripts.Appointment_Cancellation_Test">
    <failure type="org.openqa.selenium.WebDriverException" message="chrome not reachable
  (Session info: chrome=57.0.2987.133)
  (Driver info: chromedriver=2.29.461591 (62ebf098771772160f391d75e589dc567915b233),platform=Windows NT 6.1.7600 x86_64) (WARNING: The server did not provide any stacktrace information)
Command duration or timeout: 4.02 seconds
Build info: version: &amp;apos;2.2.1&amp;apos;, revision: &amp;apos;16551&amp;apos;, time: &amp;apos;2012-04-11 21:42:35&amp;apos;
System info: os.name: &amp;apos;Windows 7&amp;apos;, os.arch: &amp;apos;amd64&amp;apos;, os.version: &amp;apos;6.1&amp;apos;, java.version: &amp;apos;1.8.0_121&amp;apos;
Driver info: driver.version: RemoteWebDriver">
      <![CDATA[org.openqa.selenium.WebDriverException: chrome not reachable
  (Session info: chrome=57.0.2987.133)
  (Driver info: chromedriver=2.29.461591 (62ebf098771772160f391d75e589dc567915b233),platform=Windows NT 6.1.7600 x86_64) (WARNING: The server did not provide any stacktrace information)
Command duration or timeout: 4.02 seconds
Build info: version: '2.2.1', revision: '16551', time: '2012-04-11 21:42:35'
System info: os.name: 'Windows 7', os.arch: 'amd64', os.version: '6.1', java.version: '1.8.0_121'
Driver info: driver.version: RemoteWebDriver
	at org.openqa.selenium.remote.ErrorHandler.createThrowable(ErrorHandler.java:175)
	at org.openqa.selenium.remote.ErrorHandler.throwIfResponseFailed(ErrorHandler.java:128)
	at org.openqa.selenium.remote.RemoteWebDriver.execute(RemoteWebDriver.java:459)
	at org.openqa.selenium.remote.RemoteWebDriver.findElement(RemoteWebDriver.java:227)
	at org.openqa.selenium.remote.RemoteWebDriver.findElementByXPath(RemoteWebDriver.java:312)
	at org.openqa.selenium.By$ByXPath.findElement(By.java:344)
	at org.openqa.selenium.remote.RemoteWebDriver.findElement(RemoteWebDriver.java:219)
	at com.pageLibrary.Appointment_Cancellation.ac_39_verify_all_buttons(Appointment_Cancellation.java:136)
	at com.testScripts.Appointment_Cancellation_Test.AC_39_Verify_All_Buttons(Appointment_Cancellation_Test.java:47)
... Removed 38 stack frames]]>
    </failure>
  </testcase> <!-- AC_39_Verify_All_Buttons -->
  <testcase name="BS_115_Verify_Amount_Accepting_AlphaNumerics_Invalid" time="4.012" classname="com.testScripts.Bill_Settlement_Lib_Test">
    <failure type="org.openqa.selenium.WebDriverException" message="chrome not reachable
  (Session info: chrome=57.0.2987.133)
  (Driver info: chromedriver=2.29.461591 (62ebf098771772160f391d75e589dc567915b233),platform=Windows NT 6.1.7600 x86_64) (WARNING: The server did not provide any stacktrace information)
Command duration or timeout: 4.01 seconds
Build info: version: &amp;apos;2.2.1&amp;apos;, revision: &amp;apos;16551&amp;apos;, time: &amp;apos;2012-04-11 21:42:35&amp;apos;
System info: os.name: &amp;apos;Windows 7&amp;apos;, os.arch: &amp;apos;amd64&amp;apos;, os.version: &amp;apos;6.1&amp;apos;, java.version: &amp;apos;1.8.0_121&amp;apos;
Driver info: driver.version: RemoteWebDriver">
      <![CDATA[org.openqa.selenium.WebDriverException: chrome not reachable
  (Session info: chrome=57.0.2987.133)
  (Driver info: chromedriver=2.29.461591 (62ebf098771772160f391d75e589dc567915b233),platform=Windows NT 6.1.7600 x86_64) (WARNING: The server did not provide any stacktrace information)
Command duration or timeout: 4.01 seconds
Build info: version: '2.2.1', revision: '16551', time: '2012-04-11 21:42:35'
System info: os.name: 'Windows 7', os.arch: 'amd64', os.version: '6.1', java.version: '1.8.0_121'
Driver info: driver.version: RemoteWebDriver
	at org.openqa.selenium.remote.ErrorHandler.createThrowable(ErrorHandler.java:175)
	at org.openqa.selenium.remote.ErrorHandler.throwIfResponseFailed(ErrorHandler.java:128)
	at org.openqa.selenium.remote.RemoteWebDriver.execute(RemoteWebDriver.java:459)
	at org.openqa.selenium.remote.RemoteWebDriver.findElement(RemoteWebDriver.java:227)
	at org.openqa.selenium.remote.RemoteWebDriver.findElementByXPath(RemoteWebDriver.java:312)
	at org.openqa.selenium.By$ByXPath.findElement(By.java:344)
	at org.openqa.selenium.remote.RemoteWebDriver.findElement(RemoteWebDriver.java:219)
	at com.pageLibrary.Bill_Settlement_Lib.bs_115_verify_amount_accepting_alphanumerics_Invalid(Bill_Settlement_Lib.java:259)
	at com.testScripts.Bill_Settlement_Lib_Test.BS_115_Verify_Amount_Accepting_AlphaNumerics_Invalid(Bill_Settlement_Lib_Test.java:58)
... Removed 37 stack frames]]>
    </failure>
  </testcase> <!-- BS_115_Verify_Amount_Accepting_AlphaNumerics_Invalid -->
  <testcase name="BS_54_Verify_Name_on_Credit_Card_Textbox_with_Minimum_6_Char_Valid" time="4.013" classname="com.testScripts.Bill_Settlement_Test"/>
  <testcase name="Verify_Web_Table" time="4.03" classname="com.testScripts.Appointment_Cancellation_Test">
    <failure type="org.openqa.selenium.WebDriverException" message="chrome not reachable
  (Session info: chrome=57.0.2987.133)
  (Driver info: chromedriver=2.29.461591 (62ebf098771772160f391d75e589dc567915b233),platform=Windows NT 6.1.7600 x86_64) (WARNING: The server did not provide any stacktrace information)
Command duration or timeout: 4.03 seconds
Build info: version: &amp;apos;2.2.1&amp;apos;, revision: &amp;apos;16551&amp;apos;, time: &amp;apos;2012-04-11 21:42:35&amp;apos;
System info: os.name: &amp;apos;Windows 7&amp;apos;, os.arch: &amp;apos;amd64&amp;apos;, os.version: &amp;apos;6.1&amp;apos;, java.version: &amp;apos;1.8.0_121&amp;apos;
Driver info: driver.version: RemoteWebDriver">
      <![CDATA[org.openqa.selenium.WebDriverException: chrome not reachable
  (Session info: chrome=57.0.2987.133)
  (Driver info: chromedriver=2.29.461591 (62ebf098771772160f391d75e589dc567915b233),platform=Windows NT 6.1.7600 x86_64) (WARNING: The server did not provide any stacktrace information)
Command duration or timeout: 4.03 seconds
Build info: version: '2.2.1', revision: '16551', time: '2012-04-11 21:42:35'
System info: os.name: 'Windows 7', os.arch: 'amd64', os.version: '6.1', java.version: '1.8.0_121'
Driver info: driver.version: RemoteWebDriver
	at org.openqa.selenium.remote.ErrorHandler.createThrowable(ErrorHandler.java:175)
	at org.openqa.selenium.remote.ErrorHandler.throwIfResponseFailed(ErrorHandler.java:128)
	at org.openqa.selenium.remote.RemoteWebDriver.execute(RemoteWebDriver.java:459)
	at org.openqa.selenium.remote.RemoteWebDriver.findElement(RemoteWebDriver.java:227)
	at org.openqa.selenium.remote.RemoteWebDriver.findElementByXPath(RemoteWebDriver.java:312)
	at org.openqa.selenium.By$ByXPath.findElement(By.java:344)
	at org.openqa.selenium.remote.RemoteWebDriver.findElement(RemoteWebDriver.java:219)
	at com.pageLibrary.Appointment_Cancellation.web_table(Appointment_Cancellation.java:151)
	at com.testScripts.Appointment_Cancellation_Test.Verify_Web_Table(Appointment_Cancellation_Test.java:53)
... Removed 37 stack frames]]>
    </failure>
  </testcase> <!-- Verify_Web_Table -->
  <testcase name="BS_115_Verify_Amount_Accepting_SpecialCharacters_Invalid" time="4.016" classname="com.testScripts.Bill_Settlement_Lib_Test">
    <failure type="org.openqa.selenium.WebDriverException" message="chrome not reachable
  (Session info: chrome=57.0.2987.133)
  (Driver info: chromedriver=2.29.461591 (62ebf098771772160f391d75e589dc567915b233),platform=Windows NT 6.1.7600 x86_64) (WARNING: The server did not provide any stacktrace information)
Command duration or timeout: 4.02 seconds
Build info: version: &amp;apos;2.2.1&amp;apos;, revision: &amp;apos;16551&amp;apos;, time: &amp;apos;2012-04-11 21:42:35&amp;apos;
System info: os.name: &amp;apos;Windows 7&amp;apos;, os.arch: &amp;apos;amd64&amp;apos;, os.version: &amp;apos;6.1&amp;apos;, java.version: &amp;apos;1.8.0_121&amp;apos;
Driver info: driver.version: RemoteWebDriver">
      <![CDATA[org.openqa.selenium.WebDriverException: chrome not reachable
  (Session info: chrome=57.0.2987.133)
  (Driver info: chromedriver=2.29.461591 (62ebf098771772160f391d75e589dc567915b233),platform=Windows NT 6.1.7600 x86_64) (WARNING: The server did not provide any stacktrace information)
Command duration or timeout: 4.02 seconds
Build info: version: '2.2.1', revision: '16551', time: '2012-04-11 21:42:35'
System info: os.name: 'Windows 7', os.arch: 'amd64', os.version: '6.1', java.version: '1.8.0_121'
Driver info: driver.version: RemoteWebDriver
	at org.openqa.selenium.remote.ErrorHandler.createThrowable(ErrorHandler.java:175)
	at org.openqa.selenium.remote.ErrorHandler.throwIfResponseFailed(ErrorHandler.java:128)
	at org.openqa.selenium.remote.RemoteWebDriver.execute(RemoteWebDriver.java:459)
	at org.openqa.selenium.remote.RemoteWebDriver.findElement(RemoteWebDriver.java:227)
	at org.openqa.selenium.remote.RemoteWebDriver.findElementByXPath(RemoteWebDriver.java:312)
	at org.openqa.selenium.By$ByXPath.findElement(By.java:344)
	at org.openqa.selenium.remote.RemoteWebDriver.findElement(RemoteWebDriver.java:219)
	at com.pageLibrary.Bill_Settlement_Lib.bs_115_verify_amount_accepting_specialcharacters_Invalid(Bill_Settlement_Lib.java:282)
	at com.testScripts.Bill_Settlement_Lib_Test.BS_115_Verify_Amount_Accepting_SpecialCharacters_Invalid(Bill_Settlement_Lib_Test.java:63)
... Removed 37 stack frames]]>
    </failure>
  </testcase> <!-- BS_115_Verify_Amount_Accepting_SpecialCharacters_Invalid -->
  <testcase name="BS_55_Verify_Name_on_Credit_Card_Textbox_with_Maximum_30_Char_Valid" time="4.01" classname="com.testScripts.Bill_Settlement_Test"/>
  <testcase name="AC_05_Verify_Web_Table_Display" time="4.005" classname="com.testScripts.Appointment_Cancellation_Test">
    <failure type="org.openqa.selenium.WebDriverException" message="chrome not reachable
  (Session info: chrome=57.0.2987.133)
  (Driver info: chromedriver=2.29.461591 (62ebf098771772160f391d75e589dc567915b233),platform=Windows NT 6.1.7600 x86_64) (WARNING: The server did not provide any stacktrace information)
Command duration or timeout: 4.00 seconds
Build info: version: &amp;apos;2.2.1&amp;apos;, revision: &amp;apos;16551&amp;apos;, time: &amp;apos;2012-04-11 21:42:35&amp;apos;
System info: os.name: &amp;apos;Windows 7&amp;apos;, os.arch: &amp;apos;amd64&amp;apos;, os.version: &amp;apos;6.1&amp;apos;, java.version: &amp;apos;1.8.0_121&amp;apos;
Driver info: driver.version: RemoteWebDriver">
      <![CDATA[org.openqa.selenium.WebDriverException: chrome not reachable
  (Session info: chrome=57.0.2987.133)
  (Driver info: chromedriver=2.29.461591 (62ebf098771772160f391d75e589dc567915b233),platform=Windows NT 6.1.7600 x86_64) (WARNING: The server did not provide any stacktrace information)
Command duration or timeout: 4.00 seconds
Build info: version: '2.2.1', revision: '16551', time: '2012-04-11 21:42:35'
System info: os.name: 'Windows 7', os.arch: 'amd64', os.version: '6.1', java.version: '1.8.0_121'
Driver info: driver.version: RemoteWebDriver
	at org.openqa.selenium.remote.ErrorHandler.createThrowable(ErrorHandler.java:175)
	at org.openqa.selenium.remote.ErrorHandler.throwIfResponseFailed(ErrorHandler.java:128)
	at org.openqa.selenium.remote.RemoteWebDriver.execute(RemoteWebDriver.java:459)
	at org.openqa.selenium.remote.RemoteWebDriver.findElement(RemoteWebDriver.java:227)
	at org.openqa.selenium.remote.RemoteWebDriver.findElementByXPath(RemoteWebDriver.java:312)
	at org.openqa.selenium.By$ByXPath.findElement(By.java:344)
	at org.openqa.selenium.remote.RemoteWebDriver.findElement(RemoteWebDriver.java:219)
	at com.pageLibrary.Appointment_Cancellation.ac_05_verify_webtable_visibility(Appointment_Cancellation.java:172)
	at com.testScripts.Appointment_Cancellation_Test.AC_05_Verify_Web_Table_Display(Appointment_Cancellation_Test.java:60)
... Removed 37 stack frames]]>
    </failure>
  </testcase> <!-- AC_05_Verify_Web_Table_Display -->
  <testcase name="BS_116_Verify_Amount_Leaving_Blank_Invalid" time="4.008" classname="com.testScripts.Bill_Settlement_Lib_Test">
    <failure type="org.openqa.selenium.WebDriverException" message="chrome not reachable
  (Session info: chrome=57.0.2987.133)
  (Driver info: chromedriver=2.29.461591 (62ebf098771772160f391d75e589dc567915b233),platform=Windows NT 6.1.7600 x86_64) (WARNING: The server did not provide any stacktrace information)
Command duration or timeout: 4.01 seconds
Build info: version: &amp;apos;2.2.1&amp;apos;, revision: &amp;apos;16551&amp;apos;, time: &amp;apos;2012-04-11 21:42:35&amp;apos;
System info: os.name: &amp;apos;Windows 7&amp;apos;, os.arch: &amp;apos;amd64&amp;apos;, os.version: &amp;apos;6.1&amp;apos;, java.version: &amp;apos;1.8.0_121&amp;apos;
Driver info: driver.version: RemoteWebDriver">
      <![CDATA[org.openqa.selenium.WebDriverException: chrome not reachable
  (Session info: chrome=57.0.2987.133)
  (Driver info: chromedriver=2.29.461591 (62ebf098771772160f391d75e589dc567915b233),platform=Windows NT 6.1.7600 x86_64) (WARNING: The server did not provide any stacktrace information)
Command duration or timeout: 4.01 seconds
Build info: version: '2.2.1', revision: '16551', time: '2012-04-11 21:42:35'
System info: os.name: 'Windows 7', os.arch: 'amd64', os.version: '6.1', java.version: '1.8.0_121'
Driver info: driver.version: RemoteWebDriver
	at org.openqa.selenium.remote.ErrorHandler.createThrowable(ErrorHandler.java:175)
	at org.openqa.selenium.remote.ErrorHandler.throwIfResponseFailed(ErrorHandler.java:128)
	at org.openqa.selenium.remote.RemoteWebDriver.execute(RemoteWebDriver.java:459)
	at org.openqa.selenium.remote.RemoteWebDriver.findElement(RemoteWebDriver.java:227)
	at org.openqa.selenium.remote.RemoteWebDriver.findElementByXPath(RemoteWebDriver.java:312)
	at org.openqa.selenium.By$ByXPath.findElement(By.java:344)
	at org.openqa.selenium.remote.RemoteWebDriver.findElement(RemoteWebDriver.java:219)
	at com.pageLibrary.Bill_Settlement_Lib.bs_116_verify_amount_leaving_blank_Invalid(Bill_Settlement_Lib.java:308)
	at com.testScripts.Bill_Settlement_Lib_Test.BS_116_Verify_Amount_Leaving_Blank_Invalid(Bill_Settlement_Lib_Test.java:69)
... Removed 37 stack frames]]>
    </failure>
  </testcase> <!-- BS_116_Verify_Amount_Leaving_Blank_Invalid -->
  <testcase name="BS_56_Verify_Name_on_CreditCard_with_Morethan_30_Char_Invalid" time="4.013" classname="com.testScripts.Bill_Settlement_Test"/>
  <testcase name="AC_06_Verify_All_Labels" time="4.0" classname="com.testScripts.Appointment_Cancellation_Test">
    <failure type="org.openqa.selenium.WebDriverException" message="chrome not reachable
  (Session info: chrome=57.0.2987.133)
  (Driver info: chromedriver=2.29.461591 (62ebf098771772160f391d75e589dc567915b233),platform=Windows NT 6.1.7600 x86_64) (WARNING: The server did not provide any stacktrace information)
Command duration or timeout: 4.00 seconds
Build info: version: &amp;apos;2.2.1&amp;apos;, revision: &amp;apos;16551&amp;apos;, time: &amp;apos;2012-04-11 21:42:35&amp;apos;
System info: os.name: &amp;apos;Windows 7&amp;apos;, os.arch: &amp;apos;amd64&amp;apos;, os.version: &amp;apos;6.1&amp;apos;, java.version: &amp;apos;1.8.0_121&amp;apos;
Driver info: driver.version: RemoteWebDriver">
      <![CDATA[org.openqa.selenium.WebDriverException: chrome not reachable
  (Session info: chrome=57.0.2987.133)
  (Driver info: chromedriver=2.29.461591 (62ebf098771772160f391d75e589dc567915b233),platform=Windows NT 6.1.7600 x86_64) (WARNING: The server did not provide any stacktrace information)
Command duration or timeout: 4.00 seconds
Build info: version: '2.2.1', revision: '16551', time: '2012-04-11 21:42:35'
System info: os.name: 'Windows 7', os.arch: 'amd64', os.version: '6.1', java.version: '1.8.0_121'
Driver info: driver.version: RemoteWebDriver
	at org.openqa.selenium.remote.ErrorHandler.createThrowable(ErrorHandler.java:175)
	at org.openqa.selenium.remote.ErrorHandler.throwIfResponseFailed(ErrorHandler.java:128)
	at org.openqa.selenium.remote.RemoteWebDriver.execute(RemoteWebDriver.java:459)
	at org.openqa.selenium.remote.RemoteWebDriver.findElement(RemoteWebDriver.java:227)
	at org.openqa.selenium.remote.RemoteWebDriver.findElementByXPath(RemoteWebDriver.java:312)
	at org.openqa.selenium.By$ByXPath.findElement(By.java:344)
	at org.openqa.selenium.remote.RemoteWebDriver.findElement(RemoteWebDriver.java:219)
	at com.pageLibrary.Appointment_Cancellation.ac_06_verify_all_labels(Appointment_Cancellation.java:109)
	at com.testScripts.Appointment_Cancellation_Test.AC_06_Verify_All_Labels(Appointment_Cancellation_Test.java:66)
... Removed 37 stack frames]]>
    </failure>
  </testcase> <!-- AC_06_Verify_All_Labels -->
  <testcase name="BS_226_Verify_Name_on_CreditCard_with_below_6_Characters_Invalid" time="4.015" classname="com.testScripts.Bill_Settlement_Test"/>
  <testcase name="AC_07_Verify_SerachAppointmentID_Result" time="4.05" classname="com.testScripts.Appointment_Cancellation_Test">
    <failure type="org.openqa.selenium.WebDriverException" message="chrome not reachable
  (Session info: chrome=57.0.2987.133)
  (Driver info: chromedriver=2.29.461591 (62ebf098771772160f391d75e589dc567915b233),platform=Windows NT 6.1.7600 x86_64) (WARNING: The server did not provide any stacktrace information)
Command duration or timeout: 4.05 seconds
Build info: version: &amp;apos;2.2.1&amp;apos;, revision: &amp;apos;16551&amp;apos;, time: &amp;apos;2012-04-11 21:42:35&amp;apos;
System info: os.name: &amp;apos;Windows 7&amp;apos;, os.arch: &amp;apos;amd64&amp;apos;, os.version: &amp;apos;6.1&amp;apos;, java.version: &amp;apos;1.8.0_121&amp;apos;
Driver info: driver.version: RemoteWebDriver">
      <![CDATA[org.openqa.selenium.WebDriverException: chrome not reachable
  (Session info: chrome=57.0.2987.133)
  (Driver info: chromedriver=2.29.461591 (62ebf098771772160f391d75e589dc567915b233),platform=Windows NT 6.1.7600 x86_64) (WARNING: The server did not provide any stacktrace information)
Command duration or timeout: 4.05 seconds
Build info: version: '2.2.1', revision: '16551', time: '2012-04-11 21:42:35'
System info: os.name: 'Windows 7', os.arch: 'amd64', os.version: '6.1', java.version: '1.8.0_121'
Driver info: driver.version: RemoteWebDriver
	at org.openqa.selenium.remote.ErrorHandler.createThrowable(ErrorHandler.java:175)
	at org.openqa.selenium.remote.ErrorHandler.throwIfResponseFailed(ErrorHandler.java:128)
	at org.openqa.selenium.remote.RemoteWebDriver.execute(RemoteWebDriver.java:459)
	at org.openqa.selenium.remote.RemoteWebDriver.findElement(RemoteWebDriver.java:227)
	at org.openqa.selenium.remote.RemoteWebDriver.findElementByXPath(RemoteWebDriver.java:312)
	at org.openqa.selenium.By$ByXPath.findElement(By.java:344)
	at org.openqa.selenium.remote.RemoteWebDriver.findElement(RemoteWebDriver.java:219)
	at com.pageLibrary.Appointment_Cancellation.ac_07_verify_SerachAppointmentID_Result(Appointment_Cancellation.java:190)
	at com.testScripts.Appointment_Cancellation_Test.AC_07_Verify_SerachAppointmentID_Result(Appointment_Cancellation_Test.java:72)
... Removed 37 stack frames]]>
    </failure>
  </testcase> <!-- AC_07_Verify_SerachAppointmentID_Result -->
  <testcase name="BS_57_Verify_CreditCard_Number_with_Numeric_Valid" time="4.008" classname="com.testScripts.Bill_Settlement_Test"/>
  <testcase name="AC_08_Verify_SerachAppointmentCancellation_Result" time="4.003" classname="com.testScripts.Appointment_Cancellation_Test"/>
  <testcase name="BS_58_Verify_Credit_Card_Number_with_SpecialChar_Invalid" time="4.004" classname="com.testScripts.Bill_Settlement_Test"/>
  <testcase name="SL_11_Verify_Login_Valid_Username_Valid_Password" time="4.01" classname="com.testScripts.Staff_Login_Test"/>
  <testcase name="AC_09_Verify_SerachAppointmentID_invalid" time="4.011" classname="com.testScripts.Appointment_Cancellation_Test">
    <failure type="org.openqa.selenium.WebDriverException" message="chrome not reachable
  (Session info: chrome=57.0.2987.133)
  (Driver info: chromedriver=2.29.461591 (62ebf098771772160f391d75e589dc567915b233),platform=Windows NT 6.1.7600 x86_64) (WARNING: The server did not provide any stacktrace information)
Command duration or timeout: 4.01 seconds
Build info: version: &amp;apos;2.2.1&amp;apos;, revision: &amp;apos;16551&amp;apos;, time: &amp;apos;2012-04-11 21:42:35&amp;apos;
System info: os.name: &amp;apos;Windows 7&amp;apos;, os.arch: &amp;apos;amd64&amp;apos;, os.version: &amp;apos;6.1&amp;apos;, java.version: &amp;apos;1.8.0_121&amp;apos;
Driver info: driver.version: RemoteWebDriver">
      <![CDATA[org.openqa.selenium.WebDriverException: chrome not reachable
  (Session info: chrome=57.0.2987.133)
  (Driver info: chromedriver=2.29.461591 (62ebf098771772160f391d75e589dc567915b233),platform=Windows NT 6.1.7600 x86_64) (WARNING: The server did not provide any stacktrace information)
Command duration or timeout: 4.01 seconds
Build info: version: '2.2.1', revision: '16551', time: '2012-04-11 21:42:35'
System info: os.name: 'Windows 7', os.arch: 'amd64', os.version: '6.1', java.version: '1.8.0_121'
Driver info: driver.version: RemoteWebDriver
	at org.openqa.selenium.remote.ErrorHandler.createThrowable(ErrorHandler.java:175)
	at org.openqa.selenium.remote.ErrorHandler.throwIfResponseFailed(ErrorHandler.java:128)
	at org.openqa.selenium.remote.RemoteWebDriver.execute(RemoteWebDriver.java:459)
	at org.openqa.selenium.remote.RemoteWebDriver.findElement(RemoteWebDriver.java:227)
	at org.openqa.selenium.remote.RemoteWebDriver.findElementByXPath(RemoteWebDriver.java:312)
	at org.openqa.selenium.By$ByXPath.findElement(By.java:344)
	at org.openqa.selenium.remote.RemoteWebDriver.findElement(RemoteWebDriver.java:219)
	at com.pageLibrary.Appointment_Cancellation.ac_09_verify_SearchAppointmentId_invalid(Appointment_Cancellation.java:281)
	at com.testScripts.Appointment_Cancellation_Test.AC_09_Verify_SerachAppointmentID_invalid(Appointment_Cancellation_Test.java:83)
... Removed 37 stack frames]]>
    </failure>
  </testcase> <!-- AC_09_Verify_SerachAppointmentID_invalid -->
  <testcase name="BS_227_Verify_Credit_Card_Number_with_Alphanumeric_Invalid" time="4.021" classname="com.testScripts.Bill_Settlement_Test"/>
  <testcase name="AC_10_Verify_SerachAppointmentID_Alphabets_invalid" time="4.008" classname="com.testScripts.Appointment_Cancellation_Test">
    <failure type="org.openqa.selenium.WebDriverException" message="chrome not reachable
  (Session info: chrome=57.0.2987.133)
  (Driver info: chromedriver=2.29.461591 (62ebf098771772160f391d75e589dc567915b233),platform=Windows NT 6.1.7600 x86_64) (WARNING: The server did not provide any stacktrace information)
Command duration or timeout: 4.01 seconds
Build info: version: &amp;apos;2.2.1&amp;apos;, revision: &amp;apos;16551&amp;apos;, time: &amp;apos;2012-04-11 21:42:35&amp;apos;
System info: os.name: &amp;apos;Windows 7&amp;apos;, os.arch: &amp;apos;amd64&amp;apos;, os.version: &amp;apos;6.1&amp;apos;, java.version: &amp;apos;1.8.0_121&amp;apos;
Driver info: driver.version: RemoteWebDriver">
      <![CDATA[org.openqa.selenium.WebDriverException: chrome not reachable
  (Session info: chrome=57.0.2987.133)
  (Driver info: chromedriver=2.29.461591 (62ebf098771772160f391d75e589dc567915b233),platform=Windows NT 6.1.7600 x86_64) (WARNING: The server did not provide any stacktrace information)
Command duration or timeout: 4.01 seconds
Build info: version: '2.2.1', revision: '16551', time: '2012-04-11 21:42:35'
System info: os.name: 'Windows 7', os.arch: 'amd64', os.version: '6.1', java.version: '1.8.0_121'
Driver info: driver.version: RemoteWebDriver
	at org.openqa.selenium.remote.ErrorHandler.createThrowable(ErrorHandler.java:175)
	at org.openqa.selenium.remote.ErrorHandler.throwIfResponseFailed(ErrorHandler.java:128)
	at org.openqa.selenium.remote.RemoteWebDriver.execute(RemoteWebDriver.java:459)
	at org.openqa.selenium.remote.RemoteWebDriver.findElement(RemoteWebDriver.java:227)
	at org.openqa.selenium.remote.RemoteWebDriver.findElementByXPath(RemoteWebDriver.java:312)
	at org.openqa.selenium.By$ByXPath.findElement(By.java:344)
	at org.openqa.selenium.remote.RemoteWebDriver.findElement(RemoteWebDriver.java:219)
	at com.pageLibrary.Appointment_Cancellation.ac_10_verify_SearchAppointmentId_Alphabets_invalid(Appointment_Cancellation.java:325)
	at com.testScripts.Appointment_Cancellation_Test.AC_10_Verify_SerachAppointmentID_Alphabets_invalid(Appointment_Cancellation_Test.java:87)
... Removed 37 stack frames]]>
    </failure>
  </testcase> <!-- AC_10_Verify_SerachAppointmentID_Alphabets_invalid -->
  <testcase name="BS_228_Verify_Credit_Card_Number_with_Alphabets_Invalid" time="4.005" classname="com.testScripts.Bill_Settlement_Test"/>
  <testcase name="AC_10_Verify_SerachAppointmentID_Alphanumerics_invalid" time="4.016" classname="com.testScripts.Appointment_Cancellation_Test">
    <failure type="org.openqa.selenium.WebDriverException" message="chrome not reachable
  (Session info: chrome=57.0.2987.133)
  (Driver info: chromedriver=2.29.461591 (62ebf098771772160f391d75e589dc567915b233),platform=Windows NT 6.1.7600 x86_64) (WARNING: The server did not provide any stacktrace information)
Command duration or timeout: 4.02 seconds
Build info: version: &amp;apos;2.2.1&amp;apos;, revision: &amp;apos;16551&amp;apos;, time: &amp;apos;2012-04-11 21:42:35&amp;apos;
System info: os.name: &amp;apos;Windows 7&amp;apos;, os.arch: &amp;apos;amd64&amp;apos;, os.version: &amp;apos;6.1&amp;apos;, java.version: &amp;apos;1.8.0_121&amp;apos;
Driver info: driver.version: RemoteWebDriver">
      <![CDATA[org.openqa.selenium.WebDriverException: chrome not reachable
  (Session info: chrome=57.0.2987.133)
  (Driver info: chromedriver=2.29.461591 (62ebf098771772160f391d75e589dc567915b233),platform=Windows NT 6.1.7600 x86_64) (WARNING: The server did not provide any stacktrace information)
Command duration or timeout: 4.02 seconds
Build info: version: '2.2.1', revision: '16551', time: '2012-04-11 21:42:35'
System info: os.name: 'Windows 7', os.arch: 'amd64', os.version: '6.1', java.version: '1.8.0_121'
Driver info: driver.version: RemoteWebDriver
	at org.openqa.selenium.remote.ErrorHandler.createThrowable(ErrorHandler.java:175)
	at org.openqa.selenium.remote.ErrorHandler.throwIfResponseFailed(ErrorHandler.java:128)
	at org.openqa.selenium.remote.RemoteWebDriver.execute(RemoteWebDriver.java:459)
	at org.openqa.selenium.remote.RemoteWebDriver.findElement(RemoteWebDriver.java:227)
	at org.openqa.selenium.remote.RemoteWebDriver.findElementByXPath(RemoteWebDriver.java:312)
	at org.openqa.selenium.By$ByXPath.findElement(By.java:344)
	at org.openqa.selenium.remote.RemoteWebDriver.findElement(RemoteWebDriver.java:219)
	at com.pageLibrary.Appointment_Cancellation.ac_10_verify_SearchAppointmentId_Alphanumerics_invalid(Appointment_Cancellation.java:359)
	at com.testScripts.Appointment_Cancellation_Test.AC_10_Verify_SerachAppointmentID_Alphanumerics_invalid(Appointment_Cancellation_Test.java:91)
... Removed 37 stack frames]]>
    </failure>
  </testcase> <!-- AC_10_Verify_SerachAppointmentID_Alphanumerics_invalid -->
  <testcase name="BS_59_Verify_Credit_Card_Number_with_Blank_Invalid" time="4.011" classname="com.testScripts.Bill_Settlement_Test"/>
  <testcase name="AC_10_Verify_SerachAppointmentID_SpecialCharacters_invalid" time="4.06" classname="com.testScripts.Appointment_Cancellation_Test">
    <failure type="org.openqa.selenium.WebDriverException" message="chrome not reachable
  (Session info: chrome=57.0.2987.133)
  (Driver info: chromedriver=2.29.461591 (62ebf098771772160f391d75e589dc567915b233),platform=Windows NT 6.1.7600 x86_64) (WARNING: The server did not provide any stacktrace information)
Command duration or timeout: 4.06 seconds
Build info: version: &amp;apos;2.2.1&amp;apos;, revision: &amp;apos;16551&amp;apos;, time: &amp;apos;2012-04-11 21:42:35&amp;apos;
System info: os.name: &amp;apos;Windows 7&amp;apos;, os.arch: &amp;apos;amd64&amp;apos;, os.version: &amp;apos;6.1&amp;apos;, java.version: &amp;apos;1.8.0_121&amp;apos;
Driver info: driver.version: RemoteWebDriver">
      <![CDATA[org.openqa.selenium.WebDriverException: chrome not reachable
  (Session info: chrome=57.0.2987.133)
  (Driver info: chromedriver=2.29.461591 (62ebf098771772160f391d75e589dc567915b233),platform=Windows NT 6.1.7600 x86_64) (WARNING: The server did not provide any stacktrace information)
Command duration or timeout: 4.06 seconds
Build info: version: '2.2.1', revision: '16551', time: '2012-04-11 21:42:35'
System info: os.name: 'Windows 7', os.arch: 'amd64', os.version: '6.1', java.version: '1.8.0_121'
Driver info: driver.version: RemoteWebDriver
	at org.openqa.selenium.remote.ErrorHandler.createThrowable(ErrorHandler.java:175)
	at org.openqa.selenium.remote.ErrorHandler.throwIfResponseFailed(ErrorHandler.java:128)
	at org.openqa.selenium.remote.RemoteWebDriver.execute(RemoteWebDriver.java:459)
	at org.openqa.selenium.remote.RemoteWebDriver.findElement(RemoteWebDriver.java:227)
	at org.openqa.selenium.remote.RemoteWebDriver.findElementByXPath(RemoteWebDriver.java:312)
	at org.openqa.selenium.By$ByXPath.findElement(By.java:344)
	at org.openqa.selenium.remote.RemoteWebDriver.findElement(RemoteWebDriver.java:219)
	at com.pageLibrary.Appointment_Cancellation.ac_10_verify_SearchAppointmentId_SpecialCharacters_invalid(Appointment_Cancellation.java:394)
	at com.testScripts.Appointment_Cancellation_Test.AC_10_Verify_SerachAppointmentID_SpecialCharacters_invalid(Appointment_Cancellation_Test.java:95)
... Removed 37 stack frames]]>
    </failure>
  </testcase> <!-- AC_10_Verify_SerachAppointmentID_SpecialCharacters_invalid -->
  <testcase name="BS_60_Verify_CreditCard_Number_with_4_Digits_Valid" time="4.014" classname="com.testScripts.Bill_Settlement_Test"/>
  <testcase name="AC_11_Verify_SerachGuestName_Result" time="4.007" classname="com.testScripts.Appointment_Cancellation_Test">
    <failure type="org.openqa.selenium.WebDriverException" message="chrome not reachable
  (Session info: chrome=57.0.2987.133)
  (Driver info: chromedriver=2.29.461591 (62ebf098771772160f391d75e589dc567915b233),platform=Windows NT 6.1.7600 x86_64) (WARNING: The server did not provide any stacktrace information)
Command duration or timeout: 4.01 seconds
Build info: version: &amp;apos;2.2.1&amp;apos;, revision: &amp;apos;16551&amp;apos;, time: &amp;apos;2012-04-11 21:42:35&amp;apos;
System info: os.name: &amp;apos;Windows 7&amp;apos;, os.arch: &amp;apos;amd64&amp;apos;, os.version: &amp;apos;6.1&amp;apos;, java.version: &amp;apos;1.8.0_121&amp;apos;
Driver info: driver.version: RemoteWebDriver">
      <![CDATA[org.openqa.selenium.WebDriverException: chrome not reachable
  (Session info: chrome=57.0.2987.133)
  (Driver info: chromedriver=2.29.461591 (62ebf098771772160f391d75e589dc567915b233),platform=Windows NT 6.1.7600 x86_64) (WARNING: The server did not provide any stacktrace information)
Command duration or timeout: 4.01 seconds
Build info: version: '2.2.1', revision: '16551', time: '2012-04-11 21:42:35'
System info: os.name: 'Windows 7', os.arch: 'amd64', os.version: '6.1', java.version: '1.8.0_121'
Driver info: driver.version: RemoteWebDriver
	at org.openqa.selenium.remote.ErrorHandler.createThrowable(ErrorHandler.java:175)
	at org.openqa.selenium.remote.ErrorHandler.throwIfResponseFailed(ErrorHandler.java:128)
	at org.openqa.selenium.remote.RemoteWebDriver.execute(RemoteWebDriver.java:459)
	at org.openqa.selenium.remote.RemoteWebDriver.findElement(RemoteWebDriver.java:227)
	at org.openqa.selenium.remote.RemoteWebDriver.findElementByXPath(RemoteWebDriver.java:312)
	at org.openqa.selenium.By$ByXPath.findElement(By.java:344)
	at org.openqa.selenium.remote.RemoteWebDriver.findElement(RemoteWebDriver.java:219)
	at com.pageLibrary.Appointment_Cancellation.ac_11_verify_SearchGuestName_Result(Appointment_Cancellation.java:428)
	at com.testScripts.Appointment_Cancellation_Test.AC_11_Verify_SerachGuestName_Result(Appointment_Cancellation_Test.java:99)
... Removed 37 stack frames]]>
    </failure>
  </testcase> <!-- AC_11_Verify_SerachGuestName_Result -->
  <testcase name="BS_61_Verify_Credit_Card_Number_with_Morethan_4_digits_Invalid" time="4.027" classname="com.testScripts.Bill_Settlement_Test"/>
  <testcase name="AC_12_Verify_SerachAppointmentCancellation_NameResult" time="4.011" classname="com.testScripts.Appointment_Cancellation_Test"/>
  <testcase name="BS_62_Verify_Credit_Card_Number_with_below_4_digits_Invalid" time="4.003" classname="com.testScripts.Bill_Settlement_Test"/>
  <testcase name="RP_16_Verify_To_Date" time="4.027" classname="com.testScripts.Reprint_Test">
    <failure type="org.openqa.selenium.WebDriverException" message="chrome not reachable
  (Session info: chrome=57.0.2987.133)
  (Driver info: chromedriver=2.29.461591 (62ebf098771772160f391d75e589dc567915b233),platform=Windows NT 6.1.7600 x86_64) (WARNING: The server did not provide any stacktrace information)
Command duration or timeout: 4.03 seconds
Build info: version: &amp;apos;2.2.1&amp;apos;, revision: &amp;apos;16551&amp;apos;, time: &amp;apos;2012-04-11 21:42:35&amp;apos;
System info: os.name: &amp;apos;Windows 7&amp;apos;, os.arch: &amp;apos;amd64&amp;apos;, os.version: &amp;apos;6.1&amp;apos;, java.version: &amp;apos;1.8.0_121&amp;apos;
Driver info: driver.version: RemoteWebDriver">
      <![CDATA[org.openqa.selenium.WebDriverException: chrome not reachable
  (Session info: chrome=57.0.2987.133)
  (Driver info: chromedriver=2.29.461591 (62ebf098771772160f391d75e589dc567915b233),platform=Windows NT 6.1.7600 x86_64) (WARNING: The server did not provide any stacktrace information)
Command duration or timeout: 4.03 seconds
Build info: version: '2.2.1', revision: '16551', time: '2012-04-11 21:42:35'
System info: os.name: 'Windows 7', os.arch: 'amd64', os.version: '6.1', java.version: '1.8.0_121'
Driver info: driver.version: RemoteWebDriver
	at org.openqa.selenium.remote.ErrorHandler.createThrowable(ErrorHandler.java:175)
	at org.openqa.selenium.remote.ErrorHandler.throwIfResponseFailed(ErrorHandler.java:128)
	at org.openqa.selenium.remote.RemoteWebDriver.execute(RemoteWebDriver.java:459)
	at org.openqa.selenium.remote.RemoteWebDriver.findElement(RemoteWebDriver.java:227)
	at org.openqa.selenium.remote.RemoteWebDriver.findElementByXPath(RemoteWebDriver.java:312)
	at org.openqa.selenium.By$ByXPath.findElement(By.java:344)
	at org.openqa.selenium.remote.RemoteWebDriver.findElement(RemoteWebDriver.java:219)
	at com.pageLibrary.Reprint.rp_16_verify_to_date(Reprint.java:148)
	at com.testScripts.Reprint_Test.RP_16_Verify_To_Date(Reprint_Test.java:47)
... Removed 37 stack frames]]>
    </failure>
  </testcase> <!-- RP_16_Verify_To_Date -->
  <testcase name="AC_13_Verify_SerachAppointmentName_invalid" time="4.027" classname="com.testScripts.Appointment_Cancellation_Test">
    <failure type="org.openqa.selenium.WebDriverException" message="chrome not reachable
  (Session info: chrome=57.0.2987.133)
  (Driver info: chromedriver=2.29.461591 (62ebf098771772160f391d75e589dc567915b233),platform=Windows NT 6.1.7600 x86_64) (WARNING: The server did not provide any stacktrace information)
Command duration or timeout: 4.03 seconds
Build info: version: &amp;apos;2.2.1&amp;apos;, revision: &amp;apos;16551&amp;apos;, time: &amp;apos;2012-04-11 21:42:35&amp;apos;
System info: os.name: &amp;apos;Windows 7&amp;apos;, os.arch: &amp;apos;amd64&amp;apos;, os.version: &amp;apos;6.1&amp;apos;, java.version: &amp;apos;1.8.0_121&amp;apos;
Driver info: driver.version: RemoteWebDriver">
      <![CDATA[org.openqa.selenium.WebDriverException: chrome not reachable
  (Session info: chrome=57.0.2987.133)
  (Driver info: chromedriver=2.29.461591 (62ebf098771772160f391d75e589dc567915b233),platform=Windows NT 6.1.7600 x86_64) (WARNING: The server did not provide any stacktrace information)
Command duration or timeout: 4.03 seconds
Build info: version: '2.2.1', revision: '16551', time: '2012-04-11 21:42:35'
System info: os.name: 'Windows 7', os.arch: 'amd64', os.version: '6.1', java.version: '1.8.0_121'
Driver info: driver.version: RemoteWebDriver
	at org.openqa.selenium.remote.ErrorHandler.createThrowable(ErrorHandler.java:175)
	at org.openqa.selenium.remote.ErrorHandler.throwIfResponseFailed(ErrorHandler.java:128)
	at org.openqa.selenium.remote.RemoteWebDriver.execute(RemoteWebDriver.java:459)
	at org.openqa.selenium.remote.RemoteWebDriver.findElement(RemoteWebDriver.java:227)
	at org.openqa.selenium.remote.RemoteWebDriver.findElementByXPath(RemoteWebDriver.java:312)
	at org.openqa.selenium.By$ByXPath.findElement(By.java:344)
	at org.openqa.selenium.remote.RemoteWebDriver.findElement(RemoteWebDriver.java:219)
	at com.pageLibrary.Appointment_Cancellation.ac_13_verify_SearchAppointmentName_invalid(Appointment_Cancellation.java:524)
	at com.testScripts.Appointment_Cancellation_Test.AC_13_Verify_SerachAppointmentName_invalid(Appointment_Cancellation_Test.java:108)
... Removed 37 stack frames]]>
    </failure>
  </testcase> <!-- AC_13_Verify_SerachAppointmentName_invalid -->
  <testcase name="BS_63_Verify_Default_Option_At_Credit_Card_Type_Dropdown" time="4.003" classname="com.testScripts.Bill_Settlement_Test"/>
  <testcase name="RP_21_Verify_SearchGuestName" time="4.008" classname="com.testScripts.Reprint_Test">
    <failure type="org.openqa.selenium.WebDriverException" message="chrome not reachable
  (Session info: chrome=57.0.2987.133)
  (Driver info: chromedriver=2.29.461591 (62ebf098771772160f391d75e589dc567915b233),platform=Windows NT 6.1.7600 x86_64) (WARNING: The server did not provide any stacktrace information)
Command duration or timeout: 4.01 seconds
Build info: version: &amp;apos;2.2.1&amp;apos;, revision: &amp;apos;16551&amp;apos;, time: &amp;apos;2012-04-11 21:42:35&amp;apos;
System info: os.name: &amp;apos;Windows 7&amp;apos;, os.arch: &amp;apos;amd64&amp;apos;, os.version: &amp;apos;6.1&amp;apos;, java.version: &amp;apos;1.8.0_121&amp;apos;
Driver info: driver.version: RemoteWebDriver">
      <![CDATA[org.openqa.selenium.WebDriverException: chrome not reachable
  (Session info: chrome=57.0.2987.133)
  (Driver info: chromedriver=2.29.461591 (62ebf098771772160f391d75e589dc567915b233),platform=Windows NT 6.1.7600 x86_64) (WARNING: The server did not provide any stacktrace information)
Command duration or timeout: 4.01 seconds
Build info: version: '2.2.1', revision: '16551', time: '2012-04-11 21:42:35'
System info: os.name: 'Windows 7', os.arch: 'amd64', os.version: '6.1', java.version: '1.8.0_121'
Driver info: driver.version: RemoteWebDriver
	at org.openqa.selenium.remote.ErrorHandler.createThrowable(ErrorHandler.java:175)
	at org.openqa.selenium.remote.ErrorHandler.throwIfResponseFailed(ErrorHandler.java:128)
	at org.openqa.selenium.remote.RemoteWebDriver.execute(RemoteWebDriver.java:459)
	at org.openqa.selenium.remote.RemoteWebDriver.findElement(RemoteWebDriver.java:227)
	at org.openqa.selenium.remote.RemoteWebDriver.findElementByCssSelector(RemoteWebDriver.java:304)
	at org.openqa.selenium.By$ByCssSelector.findElement(By.java:406)
	at org.openqa.selenium.remote.RemoteWebDriver.findElement(RemoteWebDriver.java:219)
	at com.pageLibrary.Reprint.rp_21_verify_SearchGuestName_Result(Reprint.java:220)
	at com.testScripts.Reprint_Test.RP_21_Verify_SearchGuestName(Reprint_Test.java:53)
... Removed 37 stack frames]]>
    </failure>
  </testcase> <!-- RP_21_Verify_SearchGuestName -->
  <testcase name="AC_14_Verify_SearchAppointmentName_SpecialCharacters_Invalid" time="4.009" classname="com.testScripts.Appointment_Cancellation_Test">
    <failure type="org.openqa.selenium.WebDriverException" message="chrome not reachable
  (Session info: chrome=57.0.2987.133)
  (Driver info: chromedriver=2.29.461591 (62ebf098771772160f391d75e589dc567915b233),platform=Windows NT 6.1.7600 x86_64) (WARNING: The server did not provide any stacktrace information)
Command duration or timeout: 4.01 seconds
Build info: version: &amp;apos;2.2.1&amp;apos;, revision: &amp;apos;16551&amp;apos;, time: &amp;apos;2012-04-11 21:42:35&amp;apos;
System info: os.name: &amp;apos;Windows 7&amp;apos;, os.arch: &amp;apos;amd64&amp;apos;, os.version: &amp;apos;6.1&amp;apos;, java.version: &amp;apos;1.8.0_121&amp;apos;
Driver info: driver.version: RemoteWebDriver">
      <![CDATA[org.openqa.selenium.WebDriverException: chrome not reachable
  (Session info: chrome=57.0.2987.133)
  (Driver info: chromedriver=2.29.461591 (62ebf098771772160f391d75e589dc567915b233),platform=Windows NT 6.1.7600 x86_64) (WARNING: The server did not provide any stacktrace information)
Command duration or timeout: 4.01 seconds
Build info: version: '2.2.1', revision: '16551', time: '2012-04-11 21:42:35'
System info: os.name: 'Windows 7', os.arch: 'amd64', os.version: '6.1', java.version: '1.8.0_121'
Driver info: driver.version: RemoteWebDriver
	at org.openqa.selenium.remote.ErrorHandler.createThrowable(ErrorHandler.java:175)
	at org.openqa.selenium.remote.ErrorHandler.throwIfResponseFailed(ErrorHandler.java:128)
	at org.openqa.selenium.remote.RemoteWebDriver.execute(RemoteWebDriver.java:459)
	at org.openqa.selenium.remote.RemoteWebDriver.findElement(RemoteWebDriver.java:227)
	at org.openqa.selenium.remote.RemoteWebDriver.findElementByXPath(RemoteWebDriver.java:312)
	at org.openqa.selenium.By$ByXPath.findElement(By.java:344)
	at org.openqa.selenium.remote.RemoteWebDriver.findElement(RemoteWebDriver.java:219)
	at com.pageLibrary.Appointment_Cancellation.ac_14_verify_SearchAppointmentName_SpecialCharacters_invalid(Appointment_Cancellation.java:570)
	at com.testScripts.Appointment_Cancellation_Test.AC_14_Verify_SearchAppointmentName_SpecialCharacters_Invalid(Appointment_Cancellation_Test.java:114)
... Removed 37 stack frames]]>
    </failure>
  </testcase> <!-- AC_14_Verify_SearchAppointmentName_SpecialCharacters_Invalid -->
  <testcase name="BS_64_Verify_Credit_Card_Type_Dropdown_Valid" time="4.002" classname="com.testScripts.Bill_Settlement_Test"/>
  <testcase name="RP_22_Verify_SearchGuestName_invalid" time="4.014" classname="com.testScripts.Reprint_Test">
    <failure type="org.openqa.selenium.WebDriverException" message="chrome not reachable
  (Session info: chrome=57.0.2987.133)
  (Driver info: chromedriver=2.29.461591 (62ebf098771772160f391d75e589dc567915b233),platform=Windows NT 6.1.7600 x86_64) (WARNING: The server did not provide any stacktrace information)
Command duration or timeout: 4.01 seconds
Build info: version: &amp;apos;2.2.1&amp;apos;, revision: &amp;apos;16551&amp;apos;, time: &amp;apos;2012-04-11 21:42:35&amp;apos;
System info: os.name: &amp;apos;Windows 7&amp;apos;, os.arch: &amp;apos;amd64&amp;apos;, os.version: &amp;apos;6.1&amp;apos;, java.version: &amp;apos;1.8.0_121&amp;apos;
Driver info: driver.version: RemoteWebDriver">
      <![CDATA[org.openqa.selenium.WebDriverException: chrome not reachable
  (Session info: chrome=57.0.2987.133)
  (Driver info: chromedriver=2.29.461591 (62ebf098771772160f391d75e589dc567915b233),platform=Windows NT 6.1.7600 x86_64) (WARNING: The server did not provide any stacktrace information)
Command duration or timeout: 4.01 seconds
Build info: version: '2.2.1', revision: '16551', time: '2012-04-11 21:42:35'
System info: os.name: 'Windows 7', os.arch: 'amd64', os.version: '6.1', java.version: '1.8.0_121'
Driver info: driver.version: RemoteWebDriver
	at org.openqa.selenium.remote.ErrorHandler.createThrowable(ErrorHandler.java:175)
	at org.openqa.selenium.remote.ErrorHandler.throwIfResponseFailed(ErrorHandler.java:128)
	at org.openqa.selenium.remote.RemoteWebDriver.execute(RemoteWebDriver.java:459)
	at org.openqa.selenium.remote.RemoteWebDriver.findElement(RemoteWebDriver.java:227)
	at org.openqa.selenium.remote.RemoteWebDriver.findElementByXPath(RemoteWebDriver.java:312)
	at org.openqa.selenium.By$ByXPath.findElement(By.java:344)
	at org.openqa.selenium.remote.RemoteWebDriver.findElement(RemoteWebDriver.java:219)
	at com.pageLibrary.Reprint.rp_22_verify_SearchGuestName_invalid(Reprint.java:258)
	at com.testScripts.Reprint_Test.RP_22_Verify_SearchGuestName_invalid(Reprint_Test.java:59)
... Removed 37 stack frames]]>
    </failure>
  </testcase> <!-- RP_22_Verify_SearchGuestName_invalid -->
  <testcase name="AC_14_Verify_SearchAppointmentName_Numerics_Invalid" time="4.002" classname="com.testScripts.Appointment_Cancellation_Test">
    <failure type="org.openqa.selenium.WebDriverException" message="chrome not reachable
  (Session info: chrome=57.0.2987.133)
  (Driver info: chromedriver=2.29.461591 (62ebf098771772160f391d75e589dc567915b233),platform=Windows NT 6.1.7600 x86_64) (WARNING: The server did not provide any stacktrace information)
Command duration or timeout: 4.00 seconds
Build info: version: &amp;apos;2.2.1&amp;apos;, revision: &amp;apos;16551&amp;apos;, time: &amp;apos;2012-04-11 21:42:35&amp;apos;
System info: os.name: &amp;apos;Windows 7&amp;apos;, os.arch: &amp;apos;amd64&amp;apos;, os.version: &amp;apos;6.1&amp;apos;, java.version: &amp;apos;1.8.0_121&amp;apos;
Driver info: driver.version: RemoteWebDriver">
      <![CDATA[org.openqa.selenium.WebDriverException: chrome not reachable
  (Session info: chrome=57.0.2987.133)
  (Driver info: chromedriver=2.29.461591 (62ebf098771772160f391d75e589dc567915b233),platform=Windows NT 6.1.7600 x86_64) (WARNING: The server did not provide any stacktrace information)
Command duration or timeout: 4.00 seconds
Build info: version: '2.2.1', revision: '16551', time: '2012-04-11 21:42:35'
System info: os.name: 'Windows 7', os.arch: 'amd64', os.version: '6.1', java.version: '1.8.0_121'
Driver info: driver.version: RemoteWebDriver
	at org.openqa.selenium.remote.ErrorHandler.createThrowable(ErrorHandler.java:175)
	at org.openqa.selenium.remote.ErrorHandler.throwIfResponseFailed(ErrorHandler.java:128)
	at org.openqa.selenium.remote.RemoteWebDriver.execute(RemoteWebDriver.java:459)
	at org.openqa.selenium.remote.RemoteWebDriver.findElement(RemoteWebDriver.java:227)
	at org.openqa.selenium.remote.RemoteWebDriver.findElementByXPath(RemoteWebDriver.java:312)
	at org.openqa.selenium.By$ByXPath.findElement(By.java:344)
	at org.openqa.selenium.remote.RemoteWebDriver.findElement(RemoteWebDriver.java:219)
	at com.pageLibrary.Appointment_Cancellation.ac_14_verify_SearchAppointmentName_Numerics_invalid(Appointment_Cancellation.java:611)
	at com.testScripts.Appointment_Cancellation_Test.AC_14_Verify_SearchAppointmentName_Numerics_Invalid(Appointment_Cancellation_Test.java:120)
... Removed 37 stack frames]]>
    </failure>
  </testcase> <!-- AC_14_Verify_SearchAppointmentName_Numerics_Invalid -->
  <testcase name="BS_65_Verify_Credit_Card_Type_with_Blank_Invalid" time="4.029" classname="com.testScripts.Bill_Settlement_Test"/>
  <testcase name="RP_23_Verify_SearchGuestName_NumericValues_Invalid" time="4.001" classname="com.testScripts.Reprint_Test">
    <failure type="org.openqa.selenium.WebDriverException" message="chrome not reachable
  (Session info: chrome=57.0.2987.133)
  (Driver info: chromedriver=2.29.461591 (62ebf098771772160f391d75e589dc567915b233),platform=Windows NT 6.1.7600 x86_64) (WARNING: The server did not provide any stacktrace information)
Command duration or timeout: 4.00 seconds
Build info: version: &amp;apos;2.2.1&amp;apos;, revision: &amp;apos;16551&amp;apos;, time: &amp;apos;2012-04-11 21:42:35&amp;apos;
System info: os.name: &amp;apos;Windows 7&amp;apos;, os.arch: &amp;apos;amd64&amp;apos;, os.version: &amp;apos;6.1&amp;apos;, java.version: &amp;apos;1.8.0_121&amp;apos;
Driver info: driver.version: RemoteWebDriver">
      <![CDATA[org.openqa.selenium.WebDriverException: chrome not reachable
  (Session info: chrome=57.0.2987.133)
  (Driver info: chromedriver=2.29.461591 (62ebf098771772160f391d75e589dc567915b233),platform=Windows NT 6.1.7600 x86_64) (WARNING: The server did not provide any stacktrace information)
Command duration or timeout: 4.00 seconds
Build info: version: '2.2.1', revision: '16551', time: '2012-04-11 21:42:35'
System info: os.name: 'Windows 7', os.arch: 'amd64', os.version: '6.1', java.version: '1.8.0_121'
Driver info: driver.version: RemoteWebDriver
	at org.openqa.selenium.remote.ErrorHandler.createThrowable(ErrorHandler.java:175)
	at org.openqa.selenium.remote.ErrorHandler.throwIfResponseFailed(ErrorHandler.java:128)
	at org.openqa.selenium.remote.RemoteWebDriver.execute(RemoteWebDriver.java:459)
	at org.openqa.selenium.remote.RemoteWebDriver.findElement(RemoteWebDriver.java:227)
	at org.openqa.selenium.remote.RemoteWebDriver.findElementByXPath(RemoteWebDriver.java:312)
	at org.openqa.selenium.By$ByXPath.findElement(By.java:344)
	at org.openqa.selenium.remote.RemoteWebDriver.findElement(RemoteWebDriver.java:219)
	at com.pageLibrary.Reprint.rp_23_verify_SearchGuestName_NumericValues_Invalid(Reprint.java:291)
	at com.testScripts.Reprint_Test.RP_23_Verify_SearchGuestName_NumericValues_Invalid(Reprint_Test.java:65)
... Removed 37 stack frames]]>
    </failure>
  </testcase> <!-- RP_23_Verify_SearchGuestName_NumericValues_Invalid -->
  <testcase name="AC_14_Verify_SearchAppointmentName_AlphaNumerics_Invalid" time="4.007" classname="com.testScripts.Appointment_Cancellation_Test">
    <failure type="org.openqa.selenium.WebDriverException" message="chrome not reachable
  (Session info: chrome=57.0.2987.133)
  (Driver info: chromedriver=2.29.461591 (62ebf098771772160f391d75e589dc567915b233),platform=Windows NT 6.1.7600 x86_64) (WARNING: The server did not provide any stacktrace information)
Command duration or timeout: 4.01 seconds
Build info: version: &amp;apos;2.2.1&amp;apos;, revision: &amp;apos;16551&amp;apos;, time: &amp;apos;2012-04-11 21:42:35&amp;apos;
System info: os.name: &amp;apos;Windows 7&amp;apos;, os.arch: &amp;apos;amd64&amp;apos;, os.version: &amp;apos;6.1&amp;apos;, java.version: &amp;apos;1.8.0_121&amp;apos;
Driver info: driver.version: RemoteWebDriver">
      <![CDATA[org.openqa.selenium.WebDriverException: chrome not reachable
  (Session info: chrome=57.0.2987.133)
  (Driver info: chromedriver=2.29.461591 (62ebf098771772160f391d75e589dc567915b233),platform=Windows NT 6.1.7600 x86_64) (WARNING: The server did not provide any stacktrace information)
Command duration or timeout: 4.01 seconds
Build info: version: '2.2.1', revision: '16551', time: '2012-04-11 21:42:35'
System info: os.name: 'Windows 7', os.arch: 'amd64', os.version: '6.1', java.version: '1.8.0_121'
Driver info: driver.version: RemoteWebDriver
	at org.openqa.selenium.remote.ErrorHandler.createThrowable(ErrorHandler.java:175)
	at org.openqa.selenium.remote.ErrorHandler.throwIfResponseFailed(ErrorHandler.java:128)
	at org.openqa.selenium.remote.RemoteWebDriver.execute(RemoteWebDriver.java:459)
	at org.openqa.selenium.remote.RemoteWebDriver.findElement(RemoteWebDriver.java:227)
	at org.openqa.selenium.remote.RemoteWebDriver.findElementByXPath(RemoteWebDriver.java:312)
	at org.openqa.selenium.By$ByXPath.findElement(By.java:344)
	at org.openqa.selenium.remote.RemoteWebDriver.findElement(RemoteWebDriver.java:219)
	at com.pageLibrary.Appointment_Cancellation.ac_14_verify_SearchAppointmentName_AlphaNumerics_invalid(Appointment_Cancellation.java:652)
	at com.testScripts.Appointment_Cancellation_Test.AC_14_Verify_SearchAppointmentName_AlphaNumerics_Invalid(Appointment_Cancellation_Test.java:126)
... Removed 37 stack frames]]>
    </failure>
  </testcase> <!-- AC_14_Verify_SearchAppointmentName_AlphaNumerics_Invalid -->
  <testcase name="BS_66_Verify_Amount_Lessthan_or_Equal_to_NetAmount" time="4.009" classname="com.testScripts.Bill_Settlement_Test"/>
  <testcase name="RP_23_Verify_SearchGuestName_SpecialCharacters_Invalid" time="4.011" classname="com.testScripts.Reprint_Test">
    <failure type="org.openqa.selenium.WebDriverException" message="chrome not reachable
  (Session info: chrome=57.0.2987.133)
  (Driver info: chromedriver=2.29.461591 (62ebf098771772160f391d75e589dc567915b233),platform=Windows NT 6.1.7600 x86_64) (WARNING: The server did not provide any stacktrace information)
Command duration or timeout: 4.01 seconds
Build info: version: &amp;apos;2.2.1&amp;apos;, revision: &amp;apos;16551&amp;apos;, time: &amp;apos;2012-04-11 21:42:35&amp;apos;
System info: os.name: &amp;apos;Windows 7&amp;apos;, os.arch: &amp;apos;amd64&amp;apos;, os.version: &amp;apos;6.1&amp;apos;, java.version: &amp;apos;1.8.0_121&amp;apos;
Driver info: driver.version: RemoteWebDriver">
      <![CDATA[org.openqa.selenium.WebDriverException: chrome not reachable
  (Session info: chrome=57.0.2987.133)
  (Driver info: chromedriver=2.29.461591 (62ebf098771772160f391d75e589dc567915b233),platform=Windows NT 6.1.7600 x86_64) (WARNING: The server did not provide any stacktrace information)
Command duration or timeout: 4.01 seconds
Build info: version: '2.2.1', revision: '16551', time: '2012-04-11 21:42:35'
System info: os.name: 'Windows 7', os.arch: 'amd64', os.version: '6.1', java.version: '1.8.0_121'
Driver info: driver.version: RemoteWebDriver
	at org.openqa.selenium.remote.ErrorHandler.createThrowable(ErrorHandler.java:175)
	at org.openqa.selenium.remote.ErrorHandler.throwIfResponseFailed(ErrorHandler.java:128)
	at org.openqa.selenium.remote.RemoteWebDriver.execute(RemoteWebDriver.java:459)
	at org.openqa.selenium.remote.RemoteWebDriver.findElement(RemoteWebDriver.java:227)
	at org.openqa.selenium.remote.RemoteWebDriver.findElementByXPath(RemoteWebDriver.java:312)
	at org.openqa.selenium.By$ByXPath.findElement(By.java:344)
	at org.openqa.selenium.remote.RemoteWebDriver.findElement(RemoteWebDriver.java:219)
	at com.pageLibrary.Reprint.rp_23_verify_SearchGuestName_SpecialCharacters_Invalid(Reprint.java:307)
	at com.testScripts.Reprint_Test.RP_23_Verify_SearchGuestName_SpecialCharacters_Invalid(Reprint_Test.java:71)
... Removed 37 stack frames]]>
    </failure>
  </testcase> <!-- RP_23_Verify_SearchGuestName_SpecialCharacters_Invalid -->
  <testcase name="AC_27_Verify_SearchByAppointment_MorethanSystemDate_Result" time="4.009" classname="com.testScripts.Appointment_Cancellation_Test">
    <failure type="org.openqa.selenium.WebDriverException" message="chrome not reachable
  (Session info: chrome=57.0.2987.133)
  (Driver info: chromedriver=2.29.461591 (62ebf098771772160f391d75e589dc567915b233),platform=Windows NT 6.1.7600 x86_64) (WARNING: The server did not provide any stacktrace information)
Command duration or timeout: 4.01 seconds
Build info: version: &amp;apos;2.2.1&amp;apos;, revision: &amp;apos;16551&amp;apos;, time: &amp;apos;2012-04-11 21:42:35&amp;apos;
System info: os.name: &amp;apos;Windows 7&amp;apos;, os.arch: &amp;apos;amd64&amp;apos;, os.version: &amp;apos;6.1&amp;apos;, java.version: &amp;apos;1.8.0_121&amp;apos;
Driver info: driver.version: RemoteWebDriver">
      <![CDATA[org.openqa.selenium.WebDriverException: chrome not reachable
  (Session info: chrome=57.0.2987.133)
  (Driver info: chromedriver=2.29.461591 (62ebf098771772160f391d75e589dc567915b233),platform=Windows NT 6.1.7600 x86_64) (WARNING: The server did not provide any stacktrace information)
Command duration or timeout: 4.01 seconds
Build info: version: '2.2.1', revision: '16551', time: '2012-04-11 21:42:35'
System info: os.name: 'Windows 7', os.arch: 'amd64', os.version: '6.1', java.version: '1.8.0_121'
Driver info: driver.version: RemoteWebDriver
	at org.openqa.selenium.remote.ErrorHandler.createThrowable(ErrorHandler.java:175)
	at org.openqa.selenium.remote.ErrorHandler.throwIfResponseFailed(ErrorHandler.java:128)
	at org.openqa.selenium.remote.RemoteWebDriver.execute(RemoteWebDriver.java:459)
	at org.openqa.selenium.remote.RemoteWebDriver.findElement(RemoteWebDriver.java:227)
	at org.openqa.selenium.remote.RemoteWebDriver.findElementByXPath(RemoteWebDriver.java:312)
	at org.openqa.selenium.By$ByXPath.findElement(By.java:344)
	at org.openqa.selenium.remote.RemoteWebDriver.findElement(RemoteWebDriver.java:219)
	at com.pageLibrary.Appointment_Cancellation.ac_27_verify_SearchByAppointment_MorethanSystemDate_Result(Appointment_Cancellation.java:692)
	at com.testScripts.Appointment_Cancellation_Test.AC_27_Verify_SearchByAppointment_MorethanSystemDate_Result(Appointment_Cancellation_Test.java:131)
... Removed 37 stack frames]]>
    </failure>
  </testcase> <!-- AC_27_Verify_SearchByAppointment_MorethanSystemDate_Result -->
  <testcase name="BS_67_Verify_Amount_with_Morethan_NetAmount" time="4.014" classname="com.testScripts.Bill_Settlement_Test"/>
  <testcase name="RP_23_Verify_SearchGuestName_AlphaNumerics_Invalid" time="4.015" classname="com.testScripts.Reprint_Test">
    <failure type="org.openqa.selenium.WebDriverException" message="chrome not reachable
  (Session info: chrome=57.0.2987.133)
  (Driver info: chromedriver=2.29.461591 (62ebf098771772160f391d75e589dc567915b233),platform=Windows NT 6.1.7600 x86_64) (WARNING: The server did not provide any stacktrace information)
Command duration or timeout: 4.02 seconds
Build info: version: &amp;apos;2.2.1&amp;apos;, revision: &amp;apos;16551&amp;apos;, time: &amp;apos;2012-04-11 21:42:35&amp;apos;
System info: os.name: &amp;apos;Windows 7&amp;apos;, os.arch: &amp;apos;amd64&amp;apos;, os.version: &amp;apos;6.1&amp;apos;, java.version: &amp;apos;1.8.0_121&amp;apos;
Driver info: driver.version: RemoteWebDriver">
      <![CDATA[org.openqa.selenium.WebDriverException: chrome not reachable
  (Session info: chrome=57.0.2987.133)
  (Driver info: chromedriver=2.29.461591 (62ebf098771772160f391d75e589dc567915b233),platform=Windows NT 6.1.7600 x86_64) (WARNING: The server did not provide any stacktrace information)
Command duration or timeout: 4.02 seconds
Build info: version: '2.2.1', revision: '16551', time: '2012-04-11 21:42:35'
System info: os.name: 'Windows 7', os.arch: 'amd64', os.version: '6.1', java.version: '1.8.0_121'
Driver info: driver.version: RemoteWebDriver
	at org.openqa.selenium.remote.ErrorHandler.createThrowable(ErrorHandler.java:175)
	at org.openqa.selenium.remote.ErrorHandler.throwIfResponseFailed(ErrorHandler.java:128)
	at org.openqa.selenium.remote.RemoteWebDriver.execute(RemoteWebDriver.java:459)
	at org.openqa.selenium.remote.RemoteWebDriver.findElement(RemoteWebDriver.java:227)
	at org.openqa.selenium.remote.RemoteWebDriver.findElementByXPath(RemoteWebDriver.java:312)
	at org.openqa.selenium.By$ByXPath.findElement(By.java:344)
	at org.openqa.selenium.remote.RemoteWebDriver.findElement(RemoteWebDriver.java:219)
	at com.pageLibrary.Reprint.rp_23_verify_SearchGuestName_AlphaNumerics_Invalid(Reprint.java:327)
	at com.testScripts.Reprint_Test.RP_23_Verify_SearchGuestName_AlphaNumerics_Invalid(Reprint_Test.java:77)
... Removed 37 stack frames]]>
    </failure>
  </testcase> <!-- RP_23_Verify_SearchGuestName_AlphaNumerics_Invalid -->
  <testcase name="AC_28_Verify_SearchByAppointment_LessthanSystemDate_Result" time="4.002" classname="com.testScripts.Appointment_Cancellation_Test">
    <failure type="org.openqa.selenium.WebDriverException" message="chrome not reachable
  (Session info: chrome=57.0.2987.133)
  (Driver info: chromedriver=2.29.461591 (62ebf098771772160f391d75e589dc567915b233),platform=Windows NT 6.1.7600 x86_64) (WARNING: The server did not provide any stacktrace information)
Command duration or timeout: 4.00 seconds
Build info: version: &amp;apos;2.2.1&amp;apos;, revision: &amp;apos;16551&amp;apos;, time: &amp;apos;2012-04-11 21:42:35&amp;apos;
System info: os.name: &amp;apos;Windows 7&amp;apos;, os.arch: &amp;apos;amd64&amp;apos;, os.version: &amp;apos;6.1&amp;apos;, java.version: &amp;apos;1.8.0_121&amp;apos;
Driver info: driver.version: RemoteWebDriver">
      <![CDATA[org.openqa.selenium.WebDriverException: chrome not reachable
  (Session info: chrome=57.0.2987.133)
  (Driver info: chromedriver=2.29.461591 (62ebf098771772160f391d75e589dc567915b233),platform=Windows NT 6.1.7600 x86_64) (WARNING: The server did not provide any stacktrace information)
Command duration or timeout: 4.00 seconds
Build info: version: '2.2.1', revision: '16551', time: '2012-04-11 21:42:35'
System info: os.name: 'Windows 7', os.arch: 'amd64', os.version: '6.1', java.version: '1.8.0_121'
Driver info: driver.version: RemoteWebDriver
	at org.openqa.selenium.remote.ErrorHandler.createThrowable(ErrorHandler.java:175)
	at org.openqa.selenium.remote.ErrorHandler.throwIfResponseFailed(ErrorHandler.java:128)
	at org.openqa.selenium.remote.RemoteWebDriver.execute(RemoteWebDriver.java:459)
	at org.openqa.selenium.remote.RemoteWebDriver.findElement(RemoteWebDriver.java:227)
	at org.openqa.selenium.remote.RemoteWebDriver.findElementByXPath(RemoteWebDriver.java:312)
	at org.openqa.selenium.By$ByXPath.findElement(By.java:344)
	at org.openqa.selenium.remote.RemoteWebDriver.findElement(RemoteWebDriver.java:219)
	at com.pageLibrary.Appointment_Cancellation.ac_28_verify_SearchByAppointment_LessthanSystemDate_Result(Appointment_Cancellation.java:747)
	at com.testScripts.Appointment_Cancellation_Test.AC_28_Verify_SearchByAppointment_LessthanSystemDate_Result(Appointment_Cancellation_Test.java:137)
... Removed 37 stack frames]]>
    </failure>
  </testcase> <!-- AC_28_Verify_SearchByAppointment_LessthanSystemDate_Result -->
  <testcase name="BS_68_Verify_PaymentMode_Cheque_Option" time="6.01" classname="com.testScripts.Bill_Settlement_Test"/>
  <testcase name="RP_24_Verify_SearchBillNumber" time="4.004" classname="com.testScripts.Reprint_Test">
    <failure type="org.openqa.selenium.WebDriverException" message="chrome not reachable
  (Session info: chrome=57.0.2987.133)
  (Driver info: chromedriver=2.29.461591 (62ebf098771772160f391d75e589dc567915b233),platform=Windows NT 6.1.7600 x86_64) (WARNING: The server did not provide any stacktrace information)
Command duration or timeout: 4.00 seconds
Build info: version: &amp;apos;2.2.1&amp;apos;, revision: &amp;apos;16551&amp;apos;, time: &amp;apos;2012-04-11 21:42:35&amp;apos;
System info: os.name: &amp;apos;Windows 7&amp;apos;, os.arch: &amp;apos;amd64&amp;apos;, os.version: &amp;apos;6.1&amp;apos;, java.version: &amp;apos;1.8.0_121&amp;apos;
Driver info: driver.version: RemoteWebDriver">
      <![CDATA[org.openqa.selenium.WebDriverException: chrome not reachable
  (Session info: chrome=57.0.2987.133)
  (Driver info: chromedriver=2.29.461591 (62ebf098771772160f391d75e589dc567915b233),platform=Windows NT 6.1.7600 x86_64) (WARNING: The server did not provide any stacktrace information)
Command duration or timeout: 4.00 seconds
Build info: version: '2.2.1', revision: '16551', time: '2012-04-11 21:42:35'
System info: os.name: 'Windows 7', os.arch: 'amd64', os.version: '6.1', java.version: '1.8.0_121'
Driver info: driver.version: RemoteWebDriver
	at org.openqa.selenium.remote.ErrorHandler.createThrowable(ErrorHandler.java:175)
	at org.openqa.selenium.remote.ErrorHandler.throwIfResponseFailed(ErrorHandler.java:128)
	at org.openqa.selenium.remote.RemoteWebDriver.execute(RemoteWebDriver.java:459)
	at org.openqa.selenium.remote.RemoteWebDriver.findElement(RemoteWebDriver.java:227)
	at org.openqa.selenium.remote.RemoteWebDriver.findElementByXPath(RemoteWebDriver.java:312)
	at org.openqa.selenium.By$ByXPath.findElement(By.java:344)
	at org.openqa.selenium.remote.RemoteWebDriver.findElement(RemoteWebDriver.java:219)
	at com.pageLibrary.Reprint.rp_24_verify_SearchBillNumber_Result(Reprint.java:348)
	at com.testScripts.Reprint_Test.RP_24_Verify_SearchBillNumber(Reprint_Test.java:83)
... Removed 37 stack frames]]>
    </failure>
  </testcase> <!-- RP_24_Verify_SearchBillNumber -->
  <testcase name="AC_29_Verify_SerachAppointmentDate_Result" time="4.008" classname="com.testScripts.Appointment_Cancellation_Test">
    <failure type="org.openqa.selenium.WebDriverException" message="chrome not reachable
  (Session info: chrome=57.0.2987.133)
  (Driver info: chromedriver=2.29.461591 (62ebf098771772160f391d75e589dc567915b233),platform=Windows NT 6.1.7600 x86_64) (WARNING: The server did not provide any stacktrace information)
Command duration or timeout: 4.01 seconds
Build info: version: &amp;apos;2.2.1&amp;apos;, revision: &amp;apos;16551&amp;apos;, time: &amp;apos;2012-04-11 21:42:35&amp;apos;
System info: os.name: &amp;apos;Windows 7&amp;apos;, os.arch: &amp;apos;amd64&amp;apos;, os.version: &amp;apos;6.1&amp;apos;, java.version: &amp;apos;1.8.0_121&amp;apos;
Driver info: driver.version: RemoteWebDriver">
      <![CDATA[org.openqa.selenium.WebDriverException: chrome not reachable
  (Session info: chrome=57.0.2987.133)
  (Driver info: chromedriver=2.29.461591 (62ebf098771772160f391d75e589dc567915b233),platform=Windows NT 6.1.7600 x86_64) (WARNING: The server did not provide any stacktrace information)
Command duration or timeout: 4.01 seconds
Build info: version: '2.2.1', revision: '16551', time: '2012-04-11 21:42:35'
System info: os.name: 'Windows 7', os.arch: 'amd64', os.version: '6.1', java.version: '1.8.0_121'
Driver info: driver.version: RemoteWebDriver
	at org.openqa.selenium.remote.ErrorHandler.createThrowable(ErrorHandler.java:175)
	at org.openqa.selenium.remote.ErrorHandler.throwIfResponseFailed(ErrorHandler.java:128)
	at org.openqa.selenium.remote.RemoteWebDriver.execute(RemoteWebDriver.java:459)
	at org.openqa.selenium.remote.RemoteWebDriver.findElement(RemoteWebDriver.java:227)
	at org.openqa.selenium.remote.RemoteWebDriver.findElementByXPath(RemoteWebDriver.java:312)
	at org.openqa.selenium.By$ByXPath.findElement(By.java:344)
	at org.openqa.selenium.remote.RemoteWebDriver.findElement(RemoteWebDriver.java:219)
	at com.pageLibrary.Appointment_Cancellation.ac_29_verify_SearchByAppointmentDate_Result(Appointment_Cancellation.java:808)
	at com.testScripts.Appointment_Cancellation_Test.AC_29_Verify_SerachAppointmentDate_Result(Appointment_Cancellation_Test.java:142)
... Removed 37 stack frames]]>
    </failure>
  </testcase> <!-- AC_29_Verify_SerachAppointmentDate_Result -->
  <testcase name="BS_69_Verify_BankName_with_Alphabets_Valid" time="4.006" classname="com.testScripts.Bill_Settlement_Test"/>
  <testcase name="RP_25_Verify_SearchBillNumber_Invalid" time="4.004" classname="com.testScripts.Reprint_Test">
    <failure type="org.openqa.selenium.WebDriverException" message="chrome not reachable
  (Session info: chrome=57.0.2987.133)
  (Driver info: chromedriver=2.29.461591 (62ebf098771772160f391d75e589dc567915b233),platform=Windows NT 6.1.7600 x86_64) (WARNING: The server did not provide any stacktrace information)
Command duration or timeout: 4.00 seconds
Build info: version: &amp;apos;2.2.1&amp;apos;, revision: &amp;apos;16551&amp;apos;, time: &amp;apos;2012-04-11 21:42:35&amp;apos;
System info: os.name: &amp;apos;Windows 7&amp;apos;, os.arch: &amp;apos;amd64&amp;apos;, os.version: &amp;apos;6.1&amp;apos;, java.version: &amp;apos;1.8.0_121&amp;apos;
Driver info: driver.version: RemoteWebDriver">
      <![CDATA[org.openqa.selenium.WebDriverException: chrome not reachable
  (Session info: chrome=57.0.2987.133)
  (Driver info: chromedriver=2.29.461591 (62ebf098771772160f391d75e589dc567915b233),platform=Windows NT 6.1.7600 x86_64) (WARNING: The server did not provide any stacktrace information)
Command duration or timeout: 4.00 seconds
Build info: version: '2.2.1', revision: '16551', time: '2012-04-11 21:42:35'
System info: os.name: 'Windows 7', os.arch: 'amd64', os.version: '6.1', java.version: '1.8.0_121'
Driver info: driver.version: RemoteWebDriver
	at org.openqa.selenium.remote.ErrorHandler.createThrowable(ErrorHandler.java:175)
	at org.openqa.selenium.remote.ErrorHandler.throwIfResponseFailed(ErrorHandler.java:128)
	at org.openqa.selenium.remote.RemoteWebDriver.execute(RemoteWebDriver.java:459)
	at org.openqa.selenium.remote.RemoteWebDriver.findElement(RemoteWebDriver.java:227)
	at org.openqa.selenium.remote.RemoteWebDriver.findElementByXPath(RemoteWebDriver.java:312)
	at org.openqa.selenium.By$ByXPath.findElement(By.java:344)
	at org.openqa.selenium.remote.RemoteWebDriver.findElement(RemoteWebDriver.java:219)
	at com.pageLibrary.Reprint.rp_25_verify_SearchBillNumber_invalid(Reprint.java:379)
	at com.testScripts.Reprint_Test.RP_25_Verify_SearchBillNumber_Invalid(Reprint_Test.java:89)
... Removed 37 stack frames]]>
    </failure>
  </testcase> <!-- RP_25_Verify_SearchBillNumber_Invalid -->
  <testcase name="AC_30_Verify_SerachAppointment_InvalidDate_Result" time="4.015" classname="com.testScripts.Appointment_Cancellation_Test">
    <failure type="org.openqa.selenium.WebDriverException" message="chrome not reachable
  (Session info: chrome=57.0.2987.133)
  (Driver info: chromedriver=2.29.461591 (62ebf098771772160f391d75e589dc567915b233),platform=Windows NT 6.1.7600 x86_64) (WARNING: The server did not provide any stacktrace information)
Command duration or timeout: 4.02 seconds
Build info: version: &amp;apos;2.2.1&amp;apos;, revision: &amp;apos;16551&amp;apos;, time: &amp;apos;2012-04-11 21:42:35&amp;apos;
System info: os.name: &amp;apos;Windows 7&amp;apos;, os.arch: &amp;apos;amd64&amp;apos;, os.version: &amp;apos;6.1&amp;apos;, java.version: &amp;apos;1.8.0_121&amp;apos;
Driver info: driver.version: RemoteWebDriver">
      <![CDATA[org.openqa.selenium.WebDriverException: chrome not reachable
  (Session info: chrome=57.0.2987.133)
  (Driver info: chromedriver=2.29.461591 (62ebf098771772160f391d75e589dc567915b233),platform=Windows NT 6.1.7600 x86_64) (WARNING: The server did not provide any stacktrace information)
Command duration or timeout: 4.02 seconds
Build info: version: '2.2.1', revision: '16551', time: '2012-04-11 21:42:35'
System info: os.name: 'Windows 7', os.arch: 'amd64', os.version: '6.1', java.version: '1.8.0_121'
Driver info: driver.version: RemoteWebDriver
	at org.openqa.selenium.remote.ErrorHandler.createThrowable(ErrorHandler.java:175)
	at org.openqa.selenium.remote.ErrorHandler.throwIfResponseFailed(ErrorHandler.java:128)
	at org.openqa.selenium.remote.RemoteWebDriver.execute(RemoteWebDriver.java:459)
	at org.openqa.selenium.remote.RemoteWebDriver.findElement(RemoteWebDriver.java:227)
	at org.openqa.selenium.remote.RemoteWebDriver.findElementByXPath(RemoteWebDriver.java:312)
	at org.openqa.selenium.By$ByXPath.findElement(By.java:344)
	at org.openqa.selenium.remote.RemoteWebDriver.findElement(RemoteWebDriver.java:219)
	at com.pageLibrary.Appointment_Cancellation.ac_30_verify_SearchByAppointment_InvalidDate_Result(Appointment_Cancellation.java:858)
	at com.testScripts.Appointment_Cancellation_Test.AC_30_Verify_SerachAppointment_InvalidDate_Result(Appointment_Cancellation_Test.java:146)
... Removed 37 stack frames]]>
    </failure>
  </testcase> <!-- AC_30_Verify_SerachAppointment_InvalidDate_Result -->
  <testcase name="BS_70_Verify_BankName_with_SplChar_Invalid" time="4.006" classname="com.testScripts.Bill_Settlement_Test"/>
  <testcase name="RP_26_Verify_SearchBillNumber_Numerics" time="4.004" classname="com.testScripts.Reprint_Test">
    <failure type="org.openqa.selenium.WebDriverException" message="chrome not reachable
  (Session info: chrome=57.0.2987.133)
  (Driver info: chromedriver=2.29.461591 (62ebf098771772160f391d75e589dc567915b233),platform=Windows NT 6.1.7600 x86_64) (WARNING: The server did not provide any stacktrace information)
Command duration or timeout: 4.00 seconds
Build info: version: &amp;apos;2.2.1&amp;apos;, revision: &amp;apos;16551&amp;apos;, time: &amp;apos;2012-04-11 21:42:35&amp;apos;
System info: os.name: &amp;apos;Windows 7&amp;apos;, os.arch: &amp;apos;amd64&amp;apos;, os.version: &amp;apos;6.1&amp;apos;, java.version: &amp;apos;1.8.0_121&amp;apos;
Driver info: driver.version: RemoteWebDriver">
      <![CDATA[org.openqa.selenium.WebDriverException: chrome not reachable
  (Session info: chrome=57.0.2987.133)
  (Driver info: chromedriver=2.29.461591 (62ebf098771772160f391d75e589dc567915b233),platform=Windows NT 6.1.7600 x86_64) (WARNING: The server did not provide any stacktrace information)
Command duration or timeout: 4.00 seconds
Build info: version: '2.2.1', revision: '16551', time: '2012-04-11 21:42:35'
System info: os.name: 'Windows 7', os.arch: 'amd64', os.version: '6.1', java.version: '1.8.0_121'
Driver info: driver.version: RemoteWebDriver
	at org.openqa.selenium.remote.ErrorHandler.createThrowable(ErrorHandler.java:175)
	at org.openqa.selenium.remote.ErrorHandler.throwIfResponseFailed(ErrorHandler.java:128)
	at org.openqa.selenium.remote.RemoteWebDriver.execute(RemoteWebDriver.java:459)
	at org.openqa.selenium.remote.RemoteWebDriver.findElement(RemoteWebDriver.java:227)
	at org.openqa.selenium.remote.RemoteWebDriver.findElementByXPath(RemoteWebDriver.java:312)
	at org.openqa.selenium.By$ByXPath.findElement(By.java:344)
	at org.openqa.selenium.remote.RemoteWebDriver.findElement(RemoteWebDriver.java:219)
	at com.pageLibrary.Reprint.rp_26_verify_SearchBillNumber_Numerics(Reprint.java:407)
	at com.testScripts.Reprint_Test.RP_26_Verify_SearchBillNumber_Numerics(Reprint_Test.java:95)
... Removed 37 stack frames]]>
    </failure>
  </testcase> <!-- RP_26_Verify_SearchBillNumber_Numerics -->
  <testcase name="RP_27_Verify_SearchBillNumber_Alphabets" time="4.089" classname="com.testScripts.Reprint_Test">
    <failure type="org.openqa.selenium.WebDriverException" message="chrome not reachable
  (Session info: chrome=57.0.2987.133)
  (Driver info: chromedriver=2.29.461591 (62ebf098771772160f391d75e589dc567915b233),platform=Windows NT 6.1.7600 x86_64) (WARNING: The server did not provide any stacktrace information)
Command duration or timeout: 4.09 seconds
Build info: version: &amp;apos;2.2.1&amp;apos;, revision: &amp;apos;16551&amp;apos;, time: &amp;apos;2012-04-11 21:42:35&amp;apos;
System info: os.name: &amp;apos;Windows 7&amp;apos;, os.arch: &amp;apos;amd64&amp;apos;, os.version: &amp;apos;6.1&amp;apos;, java.version: &amp;apos;1.8.0_121&amp;apos;
Driver info: driver.version: RemoteWebDriver">
      <![CDATA[org.openqa.selenium.WebDriverException: chrome not reachable
  (Session info: chrome=57.0.2987.133)
  (Driver info: chromedriver=2.29.461591 (62ebf098771772160f391d75e589dc567915b233),platform=Windows NT 6.1.7600 x86_64) (WARNING: The server did not provide any stacktrace information)
Command duration or timeout: 4.09 seconds
Build info: version: '2.2.1', revision: '16551', time: '2012-04-11 21:42:35'
System info: os.name: 'Windows 7', os.arch: 'amd64', os.version: '6.1', java.version: '1.8.0_121'
Driver info: driver.version: RemoteWebDriver
	at org.openqa.selenium.remote.ErrorHandler.createThrowable(ErrorHandler.java:175)
	at org.openqa.selenium.remote.ErrorHandler.throwIfResponseFailed(ErrorHandler.java:128)
	at org.openqa.selenium.remote.RemoteWebDriver.execute(RemoteWebDriver.java:459)
	at org.openqa.selenium.remote.RemoteWebDriver.findElement(RemoteWebDriver.java:227)
	at org.openqa.selenium.remote.RemoteWebDriver.findElementByXPath(RemoteWebDriver.java:312)
	at org.openqa.selenium.By$ByXPath.findElement(By.java:344)
	at org.openqa.selenium.remote.RemoteWebDriver.findElement(RemoteWebDriver.java:219)
	at com.pageLibrary.Reprint.rp_27_verify_SearchBillNumber_Alphabets_Invalid(Reprint.java:437)
	at com.testScripts.Reprint_Test.RP_27_Verify_SearchBillNumber_Alphabets(Reprint_Test.java:101)
... Removed 37 stack frames]]>
    </failure>
  </testcase> <!-- RP_27_Verify_SearchBillNumber_Alphabets -->
  <testcase name="AC_31_Verify_Status" time="4.016" classname="com.testScripts.Appointment_Cancellation_Test">
    <failure type="org.openqa.selenium.WebDriverException" message="chrome not reachable
  (Session info: chrome=57.0.2987.133)
  (Driver info: chromedriver=2.29.461591 (62ebf098771772160f391d75e589dc567915b233),platform=Windows NT 6.1.7600 x86_64) (WARNING: The server did not provide any stacktrace information)
Command duration or timeout: 4.02 seconds
Build info: version: &amp;apos;2.2.1&amp;apos;, revision: &amp;apos;16551&amp;apos;, time: &amp;apos;2012-04-11 21:42:35&amp;apos;
System info: os.name: &amp;apos;Windows 7&amp;apos;, os.arch: &amp;apos;amd64&amp;apos;, os.version: &amp;apos;6.1&amp;apos;, java.version: &amp;apos;1.8.0_121&amp;apos;
Driver info: driver.version: RemoteWebDriver">
      <![CDATA[org.openqa.selenium.WebDriverException: chrome not reachable
  (Session info: chrome=57.0.2987.133)
  (Driver info: chromedriver=2.29.461591 (62ebf098771772160f391d75e589dc567915b233),platform=Windows NT 6.1.7600 x86_64) (WARNING: The server did not provide any stacktrace information)
Command duration or timeout: 4.02 seconds
Build info: version: '2.2.1', revision: '16551', time: '2012-04-11 21:42:35'
System info: os.name: 'Windows 7', os.arch: 'amd64', os.version: '6.1', java.version: '1.8.0_121'
Driver info: driver.version: RemoteWebDriver
	at org.openqa.selenium.remote.ErrorHandler.createThrowable(ErrorHandler.java:175)
	at org.openqa.selenium.remote.ErrorHandler.throwIfResponseFailed(ErrorHandler.java:128)
	at org.openqa.selenium.remote.RemoteWebDriver.execute(RemoteWebDriver.java:459)
	at org.openqa.selenium.remote.RemoteWebDriver.findElement(RemoteWebDriver.java:227)
	at org.openqa.selenium.remote.RemoteWebDriver.findElementByXPath(RemoteWebDriver.java:312)
	at org.openqa.selenium.By$ByXPath.findElement(By.java:344)
	at org.openqa.selenium.remote.RemoteWebDriver.findElement(RemoteWebDriver.java:219)
	at com.pageLibrary.Appointment_Cancellation.ac_31_verify_Status(Appointment_Cancellation.java:917)
	at com.testScripts.Appointment_Cancellation_Test.AC_31_Verify_Status(Appointment_Cancellation_Test.java:150)
... Removed 37 stack frames]]>
    </failure>
  </testcase> <!-- AC_31_Verify_Status -->
  <testcase name="BS_229_Verify_BankName_with_Numeric_Invalid" time="3.996" classname="com.testScripts.Bill_Settlement_Test"/>
  <testcase name="RP_27_Verify_SearchBillNumber_SpecialCharacters" time="4.026" classname="com.testScripts.Reprint_Test">
    <failure type="org.openqa.selenium.WebDriverException" message="chrome not reachable
  (Session info: chrome=57.0.2987.133)
  (Driver info: chromedriver=2.29.461591 (62ebf098771772160f391d75e589dc567915b233),platform=Windows NT 6.1.7600 x86_64) (WARNING: The server did not provide any stacktrace information)
Command duration or timeout: 4.02 seconds
Build info: version: &amp;apos;2.2.1&amp;apos;, revision: &amp;apos;16551&amp;apos;, time: &amp;apos;2012-04-11 21:42:35&amp;apos;
System info: os.name: &amp;apos;Windows 7&amp;apos;, os.arch: &amp;apos;amd64&amp;apos;, os.version: &amp;apos;6.1&amp;apos;, java.version: &amp;apos;1.8.0_121&amp;apos;
Driver info: driver.version: RemoteWebDriver">
      <![CDATA[org.openqa.selenium.WebDriverException: chrome not reachable
  (Session info: chrome=57.0.2987.133)
  (Driver info: chromedriver=2.29.461591 (62ebf098771772160f391d75e589dc567915b233),platform=Windows NT 6.1.7600 x86_64) (WARNING: The server did not provide any stacktrace information)
Command duration or timeout: 4.02 seconds
Build info: version: '2.2.1', revision: '16551', time: '2012-04-11 21:42:35'
System info: os.name: 'Windows 7', os.arch: 'amd64', os.version: '6.1', java.version: '1.8.0_121'
Driver info: driver.version: RemoteWebDriver
	at org.openqa.selenium.remote.ErrorHandler.createThrowable(ErrorHandler.java:175)
	at org.openqa.selenium.remote.ErrorHandler.throwIfResponseFailed(ErrorHandler.java:128)
	at org.openqa.selenium.remote.RemoteWebDriver.execute(RemoteWebDriver.java:459)
	at org.openqa.selenium.remote.RemoteWebDriver.findElement(RemoteWebDriver.java:227)
	at org.openqa.selenium.remote.RemoteWebDriver.findElementByXPath(RemoteWebDriver.java:312)
	at org.openqa.selenium.By$ByXPath.findElement(By.java:344)
	at org.openqa.selenium.remote.RemoteWebDriver.findElement(RemoteWebDriver.java:219)
	at com.pageLibrary.Reprint.rp_27_verify_SearchBillNumber_SpecialCharacters_Invalid(Reprint.java:476)
	at com.testScripts.Reprint_Test.RP_27_Verify_SearchBillNumber_SpecialCharacters(Reprint_Test.java:107)
... Removed 37 stack frames]]>
    </failure>
  </testcase> <!-- RP_27_Verify_SearchBillNumber_SpecialCharacters -->
  <testcase name="AC_32_Verify_Cancel" time="4.013" classname="com.testScripts.Appointment_Cancellation_Test">
    <failure type="org.openqa.selenium.WebDriverException" message="chrome not reachable
  (Session info: chrome=57.0.2987.133)
  (Driver info: chromedriver=2.29.461591 (62ebf098771772160f391d75e589dc567915b233),platform=Windows NT 6.1.7600 x86_64) (WARNING: The server did not provide any stacktrace information)
Command duration or timeout: 4.01 seconds
Build info: version: &amp;apos;2.2.1&amp;apos;, revision: &amp;apos;16551&amp;apos;, time: &amp;apos;2012-04-11 21:42:35&amp;apos;
System info: os.name: &amp;apos;Windows 7&amp;apos;, os.arch: &amp;apos;amd64&amp;apos;, os.version: &amp;apos;6.1&amp;apos;, java.version: &amp;apos;1.8.0_121&amp;apos;
Driver info: driver.version: RemoteWebDriver">
      <![CDATA[org.openqa.selenium.WebDriverException: chrome not reachable
  (Session info: chrome=57.0.2987.133)
  (Driver info: chromedriver=2.29.461591 (62ebf098771772160f391d75e589dc567915b233),platform=Windows NT 6.1.7600 x86_64) (WARNING: The server did not provide any stacktrace information)
Command duration or timeout: 4.01 seconds
Build info: version: '2.2.1', revision: '16551', time: '2012-04-11 21:42:35'
System info: os.name: 'Windows 7', os.arch: 'amd64', os.version: '6.1', java.version: '1.8.0_121'
Driver info: driver.version: RemoteWebDriver
	at org.openqa.selenium.remote.ErrorHandler.createThrowable(ErrorHandler.java:175)
	at org.openqa.selenium.remote.ErrorHandler.throwIfResponseFailed(ErrorHandler.java:128)
	at org.openqa.selenium.remote.RemoteWebDriver.execute(RemoteWebDriver.java:459)
	at org.openqa.selenium.remote.RemoteWebDriver.findElement(RemoteWebDriver.java:227)
	at org.openqa.selenium.remote.RemoteWebDriver.findElementByXPath(RemoteWebDriver.java:312)
	at org.openqa.selenium.By$ByXPath.findElement(By.java:344)
	at org.openqa.selenium.remote.RemoteWebDriver.findElement(RemoteWebDriver.java:219)
	at com.pageLibrary.Appointment_Cancellation.ac_32_verify_Cancel(Appointment_Cancellation.java:925)
	at com.testScripts.Appointment_Cancellation_Test.AC_32_Verify_Cancel(Appointment_Cancellation_Test.java:154)
... Removed 37 stack frames]]>
    </failure>
  </testcase> <!-- AC_32_Verify_Cancel -->
  <testcase name="BS_230_Verify_BankName_with_AlphaNumeric_Invalid" time="4.006" classname="com.testScripts.Bill_Settlement_Test"/>
  <testcase name="RP_28_Verify_SelectOption" time="4.004" classname="com.testScripts.Reprint_Test">
    <failure type="org.openqa.selenium.WebDriverException" message="chrome not reachable
  (Session info: chrome=57.0.2987.133)
  (Driver info: chromedriver=2.29.461591 (62ebf098771772160f391d75e589dc567915b233),platform=Windows NT 6.1.7600 x86_64) (WARNING: The server did not provide any stacktrace information)
Command duration or timeout: 4.00 seconds
Build info: version: &amp;apos;2.2.1&amp;apos;, revision: &amp;apos;16551&amp;apos;, time: &amp;apos;2012-04-11 21:42:35&amp;apos;
System info: os.name: &amp;apos;Windows 7&amp;apos;, os.arch: &amp;apos;amd64&amp;apos;, os.version: &amp;apos;6.1&amp;apos;, java.version: &amp;apos;1.8.0_121&amp;apos;
Driver info: driver.version: RemoteWebDriver">
      <![CDATA[org.openqa.selenium.WebDriverException: chrome not reachable
  (Session info: chrome=57.0.2987.133)
  (Driver info: chromedriver=2.29.461591 (62ebf098771772160f391d75e589dc567915b233),platform=Windows NT 6.1.7600 x86_64) (WARNING: The server did not provide any stacktrace information)
Command duration or timeout: 4.00 seconds
Build info: version: '2.2.1', revision: '16551', time: '2012-04-11 21:42:35'
System info: os.name: 'Windows 7', os.arch: 'amd64', os.version: '6.1', java.version: '1.8.0_121'
Driver info: driver.version: RemoteWebDriver
	at org.openqa.selenium.remote.ErrorHandler.createThrowable(ErrorHandler.java:175)
	at org.openqa.selenium.remote.ErrorHandler.throwIfResponseFailed(ErrorHandler.java:128)
	at org.openqa.selenium.remote.RemoteWebDriver.execute(RemoteWebDriver.java:459)
	at org.openqa.selenium.remote.RemoteWebDriver.findElement(RemoteWebDriver.java:227)
	at org.openqa.selenium.remote.RemoteWebDriver.findElementByCssSelector(RemoteWebDriver.java:304)
	at org.openqa.selenium.By$ByCssSelector.findElement(By.java:406)
	at org.openqa.selenium.remote.RemoteWebDriver.findElement(RemoteWebDriver.java:219)
	at com.pageLibrary.Reprint.rp_28_verify_SelectOption(Reprint.java:507)
	at com.testScripts.Reprint_Test.RP_28_Verify_SelectOption(Reprint_Test.java:113)
... Removed 37 stack frames]]>
    </failure>
  </testcase> <!-- RP_28_Verify_SelectOption -->
  <testcase name="AC_33_Verify_ClickheretoCancel" time="4.035" classname="com.testScripts.Appointment_Cancellation_Test">
    <failure type="org.openqa.selenium.WebDriverException" message="chrome not reachable
  (Session info: chrome=57.0.2987.133)
  (Driver info: chromedriver=2.29.461591 (62ebf098771772160f391d75e589dc567915b233),platform=Windows NT 6.1.7600 x86_64) (WARNING: The server did not provide any stacktrace information)
Command duration or timeout: 4.04 seconds
Build info: version: &amp;apos;2.2.1&amp;apos;, revision: &amp;apos;16551&amp;apos;, time: &amp;apos;2012-04-11 21:42:35&amp;apos;
System info: os.name: &amp;apos;Windows 7&amp;apos;, os.arch: &amp;apos;amd64&amp;apos;, os.version: &amp;apos;6.1&amp;apos;, java.version: &amp;apos;1.8.0_121&amp;apos;
Driver info: driver.version: RemoteWebDriver">
      <![CDATA[org.openqa.selenium.WebDriverException: chrome not reachable
  (Session info: chrome=57.0.2987.133)
  (Driver info: chromedriver=2.29.461591 (62ebf098771772160f391d75e589dc567915b233),platform=Windows NT 6.1.7600 x86_64) (WARNING: The server did not provide any stacktrace information)
Command duration or timeout: 4.04 seconds
Build info: version: '2.2.1', revision: '16551', time: '2012-04-11 21:42:35'
System info: os.name: 'Windows 7', os.arch: 'amd64', os.version: '6.1', java.version: '1.8.0_121'
Driver info: driver.version: RemoteWebDriver
	at org.openqa.selenium.remote.ErrorHandler.createThrowable(ErrorHandler.java:175)
	at org.openqa.selenium.remote.ErrorHandler.throwIfResponseFailed(ErrorHandler.java:128)
	at org.openqa.selenium.remote.RemoteWebDriver.execute(RemoteWebDriver.java:459)
	at org.openqa.selenium.remote.RemoteWebDriver.findElement(RemoteWebDriver.java:227)
	at org.openqa.selenium.remote.RemoteWebDriver.findElementByXPath(RemoteWebDriver.java:312)
	at org.openqa.selenium.By$ByXPath.findElement(By.java:344)
	at org.openqa.selenium.remote.RemoteWebDriver.findElement(RemoteWebDriver.java:219)
	at com.pageLibrary.Appointment_Cancellation.ac_33_verify_ClickheretoCancel(Appointment_Cancellation.java:937)
	at com.testScripts.Appointment_Cancellation_Test.AC_33_Verify_ClickheretoCancel(Appointment_Cancellation_Test.java:158)
... Removed 37 stack frames]]>
    </failure>
  </testcase> <!-- AC_33_Verify_ClickheretoCancel -->
  <testcase name="BS_71_Verify_BankName_with_Blank_Invalid" time="4.007" classname="com.testScripts.Bill_Settlement_Test"/>
  <testcase name="RP_29_Verify_SelectBillTypeOption" time="4.042" classname="com.testScripts.Reprint_Test">
    <failure type="org.openqa.selenium.WebDriverException" message="chrome not reachable
  (Session info: chrome=57.0.2987.133)
  (Driver info: chromedriver=2.29.461591 (62ebf098771772160f391d75e589dc567915b233),platform=Windows NT 6.1.7600 x86_64) (WARNING: The server did not provide any stacktrace information)
Command duration or timeout: 4.04 seconds
Build info: version: &amp;apos;2.2.1&amp;apos;, revision: &amp;apos;16551&amp;apos;, time: &amp;apos;2012-04-11 21:42:35&amp;apos;
System info: os.name: &amp;apos;Windows 7&amp;apos;, os.arch: &amp;apos;amd64&amp;apos;, os.version: &amp;apos;6.1&amp;apos;, java.version: &amp;apos;1.8.0_121&amp;apos;
Driver info: driver.version: RemoteWebDriver">
      <![CDATA[org.openqa.selenium.WebDriverException: chrome not reachable
  (Session info: chrome=57.0.2987.133)
  (Driver info: chromedriver=2.29.461591 (62ebf098771772160f391d75e589dc567915b233),platform=Windows NT 6.1.7600 x86_64) (WARNING: The server did not provide any stacktrace information)
Command duration or timeout: 4.04 seconds
Build info: version: '2.2.1', revision: '16551', time: '2012-04-11 21:42:35'
System info: os.name: 'Windows 7', os.arch: 'amd64', os.version: '6.1', java.version: '1.8.0_121'
Driver info: driver.version: RemoteWebDriver
	at org.openqa.selenium.remote.ErrorHandler.createThrowable(ErrorHandler.java:175)
	at org.openqa.selenium.remote.ErrorHandler.throwIfResponseFailed(ErrorHandler.java:128)
	at org.openqa.selenium.remote.RemoteWebDriver.execute(RemoteWebDriver.java:459)
	at org.openqa.selenium.remote.RemoteWebDriver.findElement(RemoteWebDriver.java:227)
	at org.openqa.selenium.remote.RemoteWebDriver.findElementByCssSelector(RemoteWebDriver.java:304)
	at org.openqa.selenium.By$ByCssSelector.findElement(By.java:406)
	at org.openqa.selenium.remote.RemoteWebDriver.findElement(RemoteWebDriver.java:219)
	at com.pageLibrary.Reprint.rp_29_verify_SelectBillTypeOption(Reprint.java:550)
	at com.testScripts.Reprint_Test.RP_29_Verify_SelectBillTypeOption(Reprint_Test.java:119)
... Removed 37 stack frames]]>
    </failure>
  </testcase> <!-- RP_29_Verify_SelectBillTypeOption -->
  <testcase name="AC_34_Verify_OKbutton" time="4.007" classname="com.testScripts.Appointment_Cancellation_Test">
    <failure type="org.openqa.selenium.WebDriverException" message="chrome not reachable
  (Session info: chrome=57.0.2987.133)
  (Driver info: chromedriver=2.29.461591 (62ebf098771772160f391d75e589dc567915b233),platform=Windows NT 6.1.7600 x86_64) (WARNING: The server did not provide any stacktrace information)
Command duration or timeout: 4.01 seconds
Build info: version: &amp;apos;2.2.1&amp;apos;, revision: &amp;apos;16551&amp;apos;, time: &amp;apos;2012-04-11 21:42:35&amp;apos;
System info: os.name: &amp;apos;Windows 7&amp;apos;, os.arch: &amp;apos;amd64&amp;apos;, os.version: &amp;apos;6.1&amp;apos;, java.version: &amp;apos;1.8.0_121&amp;apos;
Driver info: driver.version: RemoteWebDriver">
      <![CDATA[org.openqa.selenium.WebDriverException: chrome not reachable
  (Session info: chrome=57.0.2987.133)
  (Driver info: chromedriver=2.29.461591 (62ebf098771772160f391d75e589dc567915b233),platform=Windows NT 6.1.7600 x86_64) (WARNING: The server did not provide any stacktrace information)
Command duration or timeout: 4.01 seconds
Build info: version: '2.2.1', revision: '16551', time: '2012-04-11 21:42:35'
System info: os.name: 'Windows 7', os.arch: 'amd64', os.version: '6.1', java.version: '1.8.0_121'
Driver info: driver.version: RemoteWebDriver
	at org.openqa.selenium.remote.ErrorHandler.createThrowable(ErrorHandler.java:175)
	at org.openqa.selenium.remote.ErrorHandler.throwIfResponseFailed(ErrorHandler.java:128)
	at org.openqa.selenium.remote.RemoteWebDriver.execute(RemoteWebDriver.java:459)
	at org.openqa.selenium.remote.RemoteWebDriver.execute(RemoteWebDriver.java:463)
	at org.openqa.selenium.remote.RemoteWebDriver$RemoteTargetLocator.alert(RemoteWebDriver.java:723)
	at com.pageLibrary.Appointment_Cancellation.ac_34_verify_Ok_button(Appointment_Cancellation.java:949)
	at com.testScripts.Appointment_Cancellation_Test.AC_34_Verify_OKbutton(Appointment_Cancellation_Test.java:162)
... Removed 37 stack frames]]>
    </failure>
  </testcase> <!-- AC_34_Verify_OKbutton -->
  <testcase name="BS_72_Verify_BankName_with_Minimum_3_Char_Valid" time="4.095" classname="com.testScripts.Bill_Settlement_Test"/>
  <testcase name="RP_30_Verify_PrintMessage" time="4.004" classname="com.testScripts.Reprint_Test"/>
  <testcase name="AC_35_Verify_Cancelbutton" time="4.01" classname="com.testScripts.Appointment_Cancellation_Test">
    <failure type="org.openqa.selenium.WebDriverException" message="chrome not reachable
  (Session info: chrome=57.0.2987.133)
  (Driver info: chromedriver=2.29.461591 (62ebf098771772160f391d75e589dc567915b233),platform=Windows NT 6.1.7600 x86_64) (WARNING: The server did not provide any stacktrace information)
Command duration or timeout: 4.01 seconds
Build info: version: &amp;apos;2.2.1&amp;apos;, revision: &amp;apos;16551&amp;apos;, time: &amp;apos;2012-04-11 21:42:35&amp;apos;
System info: os.name: &amp;apos;Windows 7&amp;apos;, os.arch: &amp;apos;amd64&amp;apos;, os.version: &amp;apos;6.1&amp;apos;, java.version: &amp;apos;1.8.0_121&amp;apos;
Driver info: driver.version: RemoteWebDriver">
      <![CDATA[org.openqa.selenium.WebDriverException: chrome not reachable
  (Session info: chrome=57.0.2987.133)
  (Driver info: chromedriver=2.29.461591 (62ebf098771772160f391d75e589dc567915b233),platform=Windows NT 6.1.7600 x86_64) (WARNING: The server did not provide any stacktrace information)
Command duration or timeout: 4.01 seconds
Build info: version: '2.2.1', revision: '16551', time: '2012-04-11 21:42:35'
System info: os.name: 'Windows 7', os.arch: 'amd64', os.version: '6.1', java.version: '1.8.0_121'
Driver info: driver.version: RemoteWebDriver
	at org.openqa.selenium.remote.ErrorHandler.createThrowable(ErrorHandler.java:175)
	at org.openqa.selenium.remote.ErrorHandler.throwIfResponseFailed(ErrorHandler.java:128)
	at org.openqa.selenium.remote.RemoteWebDriver.execute(RemoteWebDriver.java:459)
	at org.openqa.selenium.remote.RemoteWebDriver.findElement(RemoteWebDriver.java:227)
	at org.openqa.selenium.remote.RemoteWebDriver.findElementByXPath(RemoteWebDriver.java:312)
	at org.openqa.selenium.By$ByXPath.findElement(By.java:344)
	at org.openqa.selenium.remote.RemoteWebDriver.findElement(RemoteWebDriver.java:219)
	at com.pageLibrary.Appointment_Cancellation.ac_35_verify_Cancel_button(Appointment_Cancellation.java:958)
	at com.testScripts.Appointment_Cancellation_Test.AC_35_Verify_Cancelbutton(Appointment_Cancellation_Test.java:166)
... Removed 37 stack frames]]>
    </failure>
  </testcase> <!-- AC_35_Verify_Cancelbutton -->
  <testcase name="BS_73_Verify_BankName_with_Maximum_15_Char_Valid" time="4.061" classname="com.testScripts.Bill_Settlement_Test"/>
  <testcase name="RP_31_Popup_OkButton_Click" time="4.065" classname="com.testScripts.Reprint_Test"/>
  <testcase name="Ac_36_Verify_Cancelled_record" time="4.012" classname="com.testScripts.Appointment_Cancellation_Test">
    <failure type="org.openqa.selenium.WebDriverException" message="chrome not reachable
  (Session info: chrome=57.0.2987.133)
  (Driver info: chromedriver=2.29.461591 (62ebf098771772160f391d75e589dc567915b233),platform=Windows NT 6.1.7600 x86_64) (WARNING: The server did not provide any stacktrace information)
Command duration or timeout: 4.01 seconds
Build info: version: &amp;apos;2.2.1&amp;apos;, revision: &amp;apos;16551&amp;apos;, time: &amp;apos;2012-04-11 21:42:35&amp;apos;
System info: os.name: &amp;apos;Windows 7&amp;apos;, os.arch: &amp;apos;amd64&amp;apos;, os.version: &amp;apos;6.1&amp;apos;, java.version: &amp;apos;1.8.0_121&amp;apos;
Driver info: driver.version: RemoteWebDriver">
      <![CDATA[org.openqa.selenium.WebDriverException: chrome not reachable
  (Session info: chrome=57.0.2987.133)
  (Driver info: chromedriver=2.29.461591 (62ebf098771772160f391d75e589dc567915b233),platform=Windows NT 6.1.7600 x86_64) (WARNING: The server did not provide any stacktrace information)
Command duration or timeout: 4.01 seconds
Build info: version: '2.2.1', revision: '16551', time: '2012-04-11 21:42:35'
System info: os.name: 'Windows 7', os.arch: 'amd64', os.version: '6.1', java.version: '1.8.0_121'
Driver info: driver.version: RemoteWebDriver
	at org.openqa.selenium.remote.ErrorHandler.createThrowable(ErrorHandler.java:175)
	at org.openqa.selenium.remote.ErrorHandler.throwIfResponseFailed(ErrorHandler.java:128)
	at org.openqa.selenium.remote.RemoteWebDriver.execute(RemoteWebDriver.java:459)
	at org.openqa.selenium.remote.RemoteWebDriver.findElement(RemoteWebDriver.java:227)
	at org.openqa.selenium.remote.RemoteWebDriver.findElementByXPath(RemoteWebDriver.java:312)
	at org.openqa.selenium.By$ByXPath.findElement(By.java:344)
	at org.openqa.selenium.remote.RemoteWebDriver.findElement(RemoteWebDriver.java:219)
	at com.pageLibrary.Appointment_Cancellation.ac_36_verify_Cancelled_record(Appointment_Cancellation.java:972)
	at com.testScripts.Appointment_Cancellation_Test.Ac_36_Verify_Cancelled_record(Appointment_Cancellation_Test.java:170)
... Removed 37 stack frames]]>
    </failure>
  </testcase> <!-- Ac_36_Verify_Cancelled_record -->
  <testcase name="BS_74_Verify_BankName_with_Morethan_15_Char_Invalid" time="4.007" classname="com.testScripts.Bill_Settlement_Test"/>
  <testcase name="RP_32_CancelButton_Click" time="4.024" classname="com.testScripts.Reprint_Test"/>
  <testcase name="BS_75_Verify_Cheque_Number_with_Numeric_Valid" time="4.002" classname="com.testScripts.Bill_Settlement_Test"/>
  <testcase name="RP_33_PrintMessage_ReceiptBill" time="4.002" classname="com.testScripts.Reprint_Test"/>
  <testcase name="BS_76_Verify_Cheque_Number_with_Spl_Char_Invalid" time="4.009" classname="com.testScripts.Bill_Settlement_Test"/>
  <testcase name="RP_34_OkButton_Click" time="4.026" classname="com.testScripts.Reprint_Test"/>
  <testcase name="BS_231_Verify_Cheque_Number_with_Alphabets_Invalid" time="4.006" classname="com.testScripts.Bill_Settlement_Test"/>
  <testcase name="RP_35_CancelButton_Click_ReceiptBill" time="4.008" classname="com.testScripts.Reprint_Test"/>
  <testcase name="BS_232_Verify_Cheque_Number_with_AlphaNumeric_Invalid" time="4.023" classname="com.testScripts.Bill_Settlement_Test"/>
  <testcase name="RP_36_Verify_SelectBillType" time="4.0" classname="com.testScripts.Reprint_Test">
    <failure type="org.openqa.selenium.WebDriverException" message="chrome not reachable
  (Session info: chrome=57.0.2987.133)
  (Driver info: chromedriver=2.29.461591 (62ebf098771772160f391d75e589dc567915b233),platform=Windows NT 6.1.7600 x86_64) (WARNING: The server did not provide any stacktrace information)
Command duration or timeout: 4.00 seconds
Build info: version: &amp;apos;2.2.1&amp;apos;, revision: &amp;apos;16551&amp;apos;, time: &amp;apos;2012-04-11 21:42:35&amp;apos;
System info: os.name: &amp;apos;Windows 7&amp;apos;, os.arch: &amp;apos;amd64&amp;apos;, os.version: &amp;apos;6.1&amp;apos;, java.version: &amp;apos;1.8.0_121&amp;apos;
Driver info: driver.version: RemoteWebDriver">
      <![CDATA[org.openqa.selenium.WebDriverException: chrome not reachable
  (Session info: chrome=57.0.2987.133)
  (Driver info: chromedriver=2.29.461591 (62ebf098771772160f391d75e589dc567915b233),platform=Windows NT 6.1.7600 x86_64) (WARNING: The server did not provide any stacktrace information)
Command duration or timeout: 4.00 seconds
Build info: version: '2.2.1', revision: '16551', time: '2012-04-11 21:42:35'
System info: os.name: 'Windows 7', os.arch: 'amd64', os.version: '6.1', java.version: '1.8.0_121'
Driver info: driver.version: RemoteWebDriver
	at org.openqa.selenium.remote.ErrorHandler.createThrowable(ErrorHandler.java:175)
	at org.openqa.selenium.remote.ErrorHandler.throwIfResponseFailed(ErrorHandler.java:128)
	at org.openqa.selenium.remote.RemoteWebDriver.execute(RemoteWebDriver.java:459)
	at org.openqa.selenium.remote.RemoteWebDriver.findElement(RemoteWebDriver.java:227)
	at org.openqa.selenium.remote.RemoteWebDriver.findElementByCssSelector(RemoteWebDriver.java:304)
	at org.openqa.selenium.By$ByCssSelector.findElement(By.java:406)
	at org.openqa.selenium.remote.RemoteWebDriver.findElement(RemoteWebDriver.java:219)
	at com.pageLibrary.Reprint.rp_36_verify_SelectBillType(Reprint.java:723)
	at com.testScripts.Reprint_Test.RP_36_Verify_SelectBillType(Reprint_Test.java:161)
... Removed 37 stack frames]]>
    </failure>
  </testcase> <!-- RP_36_Verify_SelectBillType -->
  <testcase name="BS_233_Verify_BankName_with_below_3_Char_Invalid" time="4.014" classname="com.testScripts.Bill_Settlement_Test"/>
  <testcase name="BS_77_Verify_Cheque_Number_with_Blank_Invalid" time="4.009" classname="com.testScripts.Bill_Settlement_Test"/>
  <testcase name="BS_78_Verify_Cheque_Number_with_Minimum_6_Digits_Valid" time="4.029" classname="com.testScripts.Bill_Settlement_Test"/>
  <testcase name="BS_79_Verify_Cheque_Number_with_Lessthan_6_Digits_Invalid" time="4.01" classname="com.testScripts.Bill_Settlement_Test"/>
  <testcase name="BS_80_Verify_Cheque_Number_with_Morethan_6_Digits_Invalid" time="4.005" classname="com.testScripts.Bill_Settlement_Test"/>
  <testcase name="BS_81_Verify_Cheque_Payee_with_Alphabets_Valid" time="4.033" classname="com.testScripts.Bill_Settlement_Test"/>
  <testcase name="BS_82_Verify_Cheque_Payee_with_Spl_Char_Invalid" time="4.021" classname="com.testScripts.Bill_Settlement_Test"/>
  <testcase name="BS_234_Verify_Cheque_Payee_with_AlphaNumeric_Invalid" time="4.019" classname="com.testScripts.Bill_Settlement_Test"/>
  <testcase name="BS_235_Verify_Cheque_Payee_with_Numeric_Invalid" time="4.01" classname="com.testScripts.Bill_Settlement_Test"/>
  <testcase name="BS_83_Verify_Cheque_Payee_with_Minimum_3_Char_Valid" time="4.012" classname="com.testScripts.Bill_Settlement_Test"/>
  <testcase name="BS_84_Verify_Cheque_Payee_with_Lessthan_3_Char_Invalid" time="4.028" classname="com.testScripts.Bill_Settlement_Test"/>
  <testcase name="BS_85_Verify_Cheque_Payee_with_Maximum_20_Char_Valid" time="4.009" classname="com.testScripts.Bill_Settlement_Test"/>
  <testcase name="BS_86_Verify_Cheque_Payee_with_Morethan_20_Char_Invalid" time="4.025" classname="com.testScripts.Bill_Settlement_Test"/>
  <testcase name="BS_87_Verify_Cheque_Payee_with_Blank_Invalid" time="4.026" classname="com.testScripts.Bill_Settlement_Test"/>
  <testcase name="BS_99_Verify_Cheque_Date_format" time="4.0" classname="com.testScripts.Bill_Settlement_Test"/>
  <testcase name="BS_100_Verify_Cheque_Date_with_Morethan_SystemDate" time="4.009" classname="com.testScripts.Bill_Settlement_Test"/>
  <testcase name="BS_101_Verify_Cheque_Date_with_Lessthan_SystemDate" time="4.008" classname="com.testScripts.Bill_Settlement_Test"/>
  <testcase name="BS_102_Verify_Amount_Lessthan_or_Equal_to_NetAmount" time="4.011" classname="com.testScripts.Bill_Settlement_Test"/>
  <testcase name="BS_103_Verify_Amount_Morethan_NetAmount_Invalid" time="4.024" classname="com.testScripts.Bill_Settlement_Test"/>
  <testcase name="BS_104_Verify_Cheque_Date_Blank_Invalid" time="4.005" classname="com.testScripts.Bill_Settlement_Test"/>
</testsuite> <!-- Command line test -->
