<?xml version="1.0" encoding="UTF-8"?>
<!-- Generated by org.testng.reporters.JUnitReportReporter -->
<testsuite hostname="Vinod-PC" name="com.testScripts.Bill_Settlement_page_test" tests="50" failures="8" timestamp="27 Apr 2017 08:54:09 GMT" time="350.517" errors="0">
  <testcase name="BS_04_Display_list_of_bills_webtable" time="2.051" classname="com.testScripts.Bill_Settlement_page_test"/>
  <testcase name="BS_30_Verify_credit_list_amount" time="7.943" classname="com.testScripts.Bill_Settlement_page_test"/>
  <testcase name="BS_05_Search_by_guest_name" time="3.888" classname="com.testScripts.Bill_Settlement_page_test"/>
  <testcase name="BS_48_click_ok_button" time="16.240" classname="com.testScripts.Bill_Settlement_page_test"/>
  <testcase name="BS_14_Verify_Guest_name_textbox_disable" time="6.958" classname="com.testScripts.Bill_Settlement_page_test"/>
  <testcase name="BS_07_Search_unavailable_guest_name" time="2.438" classname="com.testScripts.Bill_Settlement_page_test"/>
  <testcase name="BS_40_Display_list_of_dropdown_values_member_name" time="4.881" classname="com.testScripts.Bill_Settlement_page_test"/>
  <testcase name="BS_06_Display_title_of_page" time="0.009" classname="com.testScripts.Bill_Settlement_page_test">
    <failure type="java.lang.AssertionError" message="expected [Wellness Health Care] but found [Bill Settlement]">
      <![CDATA[java.lang.AssertionError: expected [Wellness Health Care] but found [Bill Settlement]
	at org.testng.Assert.fail(Assert.java:94)
	at org.testng.Assert.failNotEquals(Assert.java:513)
	at org.testng.Assert.assertEqualsImpl(Assert.java:135)
	at org.testng.Assert.assertEquals(Assert.java:116)
	at org.testng.Assert.assertEquals(Assert.java:190)
	at org.testng.Assert.assertEquals(Assert.java:200)
	at com.pageLibrary.Bill_Settlement_page.BS_06_display_title_of_page(Bill_Settlement_page.java:145)
	at com.testScripts.Bill_Settlement_page_test.BS_06_Display_title_of_page(Bill_Settlement_page_test.java:41)
	at sun.reflect.NativeMethodAccessorImpl.invoke0(Native Method)
	at sun.reflect.NativeMethodAccessorImpl.invoke(NativeMethodAccessorImpl.java:62)
	at sun.reflect.DelegatingMethodAccessorImpl.invoke(DelegatingMethodAccessorImpl.java:43)
	at java.lang.reflect.Method.invoke(Method.java:498)
	at org.testng.internal.MethodInvocationHelper.invokeMethod(MethodInvocationHelper.java:86)
	at org.testng.internal.Invoker.invokeMethod(Invoker.java:643)
	at org.testng.internal.Invoker.invokeTestMethod(Invoker.java:820)
	at org.testng.internal.Invoker.invokeTestMethods(Invoker.java:1128)
	at org.testng.internal.TestMethodWorker.invokeTestMethods(TestMethodWorker.java:129)
	at org.testng.internal.TestMethodWorker.run(TestMethodWorker.java:112)
	at org.testng.TestRunner.privateRun(TestRunner.java:782)
	at org.testng.TestRunner.run(TestRunner.java:632)
	at org.testng.SuiteRunner.runTest(SuiteRunner.java:366)
	at org.testng.SuiteRunner.runSequentially(SuiteRunner.java:361)
	at org.testng.SuiteRunner.privateRun(SuiteRunner.java:319)
	at org.testng.SuiteRunner.run(SuiteRunner.java:268)
	at org.testng.SuiteRunnerWorker.runSuite(SuiteRunnerWorker.java:52)
	at org.testng.SuiteRunnerWorker.run(SuiteRunnerWorker.java:86)
	at org.testng.TestNG.runSuitesSequentially(TestNG.java:1244)
	at org.testng.TestNG.runSuitesLocally(TestNG.java:1169)
	at org.testng.TestNG.run(TestNG.java:1064)
	at org.testng.remote.AbstractRemoteTestNG.run(AbstractRemoteTestNG.java:132)
	at org.testng.remote.RemoteTestNG.initAndRun(RemoteTestNG.java:230)
	at org.testng.remote.RemoteTestNG.main(RemoteTestNG.java:76)
]]>
    </failure>
  </testcase> <!-- BS_06_Display_title_of_page -->
  <testcase name="BS_50_Click_add_settlement_without_selelect_member_name" time="5.797" classname="com.testScripts.Bill_Settlement_page_test">
    <failure type="java.lang.AssertionError" message="expected [Please Enter valid amount ] but found [Please select member name]">
      <![CDATA[java.lang.AssertionError: expected [Please Enter valid amount ] but found [Please select member name]
	at org.testng.Assert.fail(Assert.java:94)
	at org.testng.Assert.failNotEquals(Assert.java:513)
	at org.testng.Assert.assertEqualsImpl(Assert.java:135)
	at org.testng.Assert.assertEquals(Assert.java:116)
	at org.testng.Assert.assertEquals(Assert.java:190)
	at org.testng.Assert.assertEquals(Assert.java:200)
	at com.pageLibrary.Bill_Settlement_page.BS_50_click_add_settlement_without_selelect_member_name(Bill_Settlement_page.java:1843)
	at com.testScripts.Bill_Settlement_page_test.BS_50_Click_add_settlement_without_selelect_member_name(Bill_Settlement_page_test.java:296)
	at sun.reflect.NativeMethodAccessorImpl.invoke0(Native Method)
	at sun.reflect.NativeMethodAccessorImpl.invoke(NativeMethodAccessorImpl.java:62)
	at sun.reflect.DelegatingMethodAccessorImpl.invoke(DelegatingMethodAccessorImpl.java:43)
	at java.lang.reflect.Method.invoke(Method.java:498)
	at org.testng.internal.MethodInvocationHelper.invokeMethod(MethodInvocationHelper.java:86)
	at org.testng.internal.Invoker.invokeMethod(Invoker.java:643)
	at org.testng.internal.Invoker.invokeTestMethod(Invoker.java:820)
	at org.testng.internal.Invoker.invokeTestMethods(Invoker.java:1128)
	at org.testng.internal.TestMethodWorker.invokeTestMethods(TestMethodWorker.java:129)
	at org.testng.internal.TestMethodWorker.run(TestMethodWorker.java:112)
	at org.testng.TestRunner.privateRun(TestRunner.java:782)
	at org.testng.TestRunner.run(TestRunner.java:632)
	at org.testng.SuiteRunner.runTest(SuiteRunner.java:366)
	at org.testng.SuiteRunner.runSequentially(SuiteRunner.java:361)
	at org.testng.SuiteRunner.privateRun(SuiteRunner.java:319)
	at org.testng.SuiteRunner.run(SuiteRunner.java:268)
	at org.testng.SuiteRunnerWorker.runSuite(SuiteRunnerWorker.java:52)
	at org.testng.SuiteRunnerWorker.run(SuiteRunnerWorker.java:86)
	at org.testng.TestNG.runSuitesSequentially(TestNG.java:1244)
	at org.testng.TestNG.runSuitesLocally(TestNG.java:1169)
	at org.testng.TestNG.run(TestNG.java:1064)
	at org.testng.remote.AbstractRemoteTestNG.run(AbstractRemoteTestNG.java:132)
	at org.testng.remote.RemoteTestNG.initAndRun(RemoteTestNG.java:230)
	at org.testng.remote.RemoteTestNG.main(RemoteTestNG.java:76)
]]>
    </failure>
  </testcase> <!-- BS_50_Click_add_settlement_without_selelect_member_name -->
  <testcase name="BS_23_Click_cancel_on_popup" time="0.001" classname="com.testScripts.Bill_Settlement_page_test"/>
  <testcase name="BS_15_Enter_tip_amount_numeric" time="19.939" classname="com.testScripts.Bill_Settlement_page_test"/>
  <testcase name="BS_21_Click_add_settlement_button" time="6.660" classname="com.testScripts.Bill_Settlement_page_test">
    <failure type="java.lang.AssertionError" message="expected [Please Select Payment Mode ] but found [Please Select Payment Mode]">
      <![CDATA[java.lang.AssertionError: expected [Please Select Payment Mode ] but found [Please Select Payment Mode]
	at org.testng.Assert.fail(Assert.java:94)
	at org.testng.Assert.failNotEquals(Assert.java:513)
	at org.testng.Assert.assertEqualsImpl(Assert.java:135)
	at org.testng.Assert.assertEquals(Assert.java:116)
	at org.testng.Assert.assertEquals(Assert.java:190)
	at org.testng.Assert.assertEquals(Assert.java:200)
	at com.pageLibrary.Bill_Settlement_page.BS_21_click_add_settlement_button(Bill_Settlement_page.java:685)
	at com.testScripts.Bill_Settlement_page_test.BS_21_Click_add_settlement_button(Bill_Settlement_page_test.java:127)
	at sun.reflect.NativeMethodAccessorImpl.invoke0(Native Method)
	at sun.reflect.NativeMethodAccessorImpl.invoke(NativeMethodAccessorImpl.java:62)
	at sun.reflect.DelegatingMethodAccessorImpl.invoke(DelegatingMethodAccessorImpl.java:43)
	at java.lang.reflect.Method.invoke(Method.java:498)
	at org.testng.internal.MethodInvocationHelper.invokeMethod(MethodInvocationHelper.java:86)
	at org.testng.internal.Invoker.invokeMethod(Invoker.java:643)
	at org.testng.internal.Invoker.invokeTestMethod(Invoker.java:820)
	at org.testng.internal.Invoker.invokeTestMethods(Invoker.java:1128)
	at org.testng.internal.TestMethodWorker.invokeTestMethods(TestMethodWorker.java:129)
	at org.testng.internal.TestMethodWorker.run(TestMethodWorker.java:112)
	at org.testng.TestRunner.privateRun(TestRunner.java:782)
	at org.testng.TestRunner.run(TestRunner.java:632)
	at org.testng.SuiteRunner.runTest(SuiteRunner.java:366)
	at org.testng.SuiteRunner.runSequentially(SuiteRunner.java:361)
	at org.testng.SuiteRunner.privateRun(SuiteRunner.java:319)
	at org.testng.SuiteRunner.run(SuiteRunner.java:268)
	at org.testng.SuiteRunnerWorker.runSuite(SuiteRunnerWorker.java:52)
	at org.testng.SuiteRunnerWorker.run(SuiteRunnerWorker.java:86)
	at org.testng.TestNG.runSuitesSequentially(TestNG.java:1244)
	at org.testng.TestNG.runSuitesLocally(TestNG.java:1169)
	at org.testng.TestNG.run(TestNG.java:1064)
	at org.testng.remote.AbstractRemoteTestNG.run(AbstractRemoteTestNG.java:132)
	at org.testng.remote.RemoteTestNG.initAndRun(RemoteTestNG.java:230)
	at org.testng.remote.RemoteTestNG.main(RemoteTestNG.java:76)
]]>
    </failure>
  </testcase> <!-- BS_21_Click_add_settlement_button -->
  <testcase name="BS_25_Verify_select_dropdown_value_payment_mode" time="4.839" classname="com.testScripts.Bill_Settlement_page_test"/>
  <testcase name="BS_26_Display_by_default_dropdown_corporate" time="7.040" classname="com.testScripts.Bill_Settlement_page_test"/>
  <testcase name="BS_16_Enter_tip_amount_alphanumeric_with_special_character" time="16.645" classname="com.testScripts.Bill_Settlement_page_test"/>
  <testcase name="BS_39_Display_by_default_select_member_name" time="4.766" classname="com.testScripts.Bill_Settlement_page_test"/>
  <testcase name="BS_31_Enter_amount" time="11.268" classname="com.testScripts.Bill_Settlement_page_test">
    <failure type="java.lang.AssertionError" message="expected [103.50] but found [103.00]">
      <![CDATA[java.lang.AssertionError: expected [103.50] but found [103.00]
	at org.testng.Assert.fail(Assert.java:94)
	at org.testng.Assert.failNotEquals(Assert.java:513)
	at org.testng.Assert.assertEqualsImpl(Assert.java:135)
	at org.testng.Assert.assertEquals(Assert.java:116)
	at org.testng.Assert.assertEquals(Assert.java:190)
	at org.testng.Assert.assertEquals(Assert.java:200)
	at com.pageLibrary.Bill_Settlement_page.BS_31_enter_amount(Bill_Settlement_page.java:1018)
	at com.testScripts.Bill_Settlement_page_test.BS_31_Enter_amount(Bill_Settlement_page_test.java:188)
	at sun.reflect.NativeMethodAccessorImpl.invoke0(Native Method)
	at sun.reflect.NativeMethodAccessorImpl.invoke(NativeMethodAccessorImpl.java:62)
	at sun.reflect.DelegatingMethodAccessorImpl.invoke(DelegatingMethodAccessorImpl.java:43)
	at java.lang.reflect.Method.invoke(Method.java:498)
	at org.testng.internal.MethodInvocationHelper.invokeMethod(MethodInvocationHelper.java:86)
	at org.testng.internal.Invoker.invokeMethod(Invoker.java:643)
	at org.testng.internal.Invoker.invokeTestMethod(Invoker.java:820)
	at org.testng.internal.Invoker.invokeTestMethods(Invoker.java:1128)
	at org.testng.internal.TestMethodWorker.invokeTestMethods(TestMethodWorker.java:129)
	at org.testng.internal.TestMethodWorker.run(TestMethodWorker.java:112)
	at org.testng.TestRunner.privateRun(TestRunner.java:782)
	at org.testng.TestRunner.run(TestRunner.java:632)
	at org.testng.SuiteRunner.runTest(SuiteRunner.java:366)
	at org.testng.SuiteRunner.runSequentially(SuiteRunner.java:361)
	at org.testng.SuiteRunner.privateRun(SuiteRunner.java:319)
	at org.testng.SuiteRunner.run(SuiteRunner.java:268)
	at org.testng.SuiteRunnerWorker.runSuite(SuiteRunnerWorker.java:52)
	at org.testng.SuiteRunnerWorker.run(SuiteRunnerWorker.java:86)
	at org.testng.TestNG.runSuitesSequentially(TestNG.java:1244)
	at org.testng.TestNG.runSuitesLocally(TestNG.java:1169)
	at org.testng.TestNG.run(TestNG.java:1064)
	at org.testng.remote.AbstractRemoteTestNG.run(AbstractRemoteTestNG.java:132)
	at org.testng.remote.RemoteTestNG.initAndRun(RemoteTestNG.java:230)
	at org.testng.remote.RemoteTestNG.main(RemoteTestNG.java:76)
]]>
    </failure>
  </testcase> <!-- BS_31_Enter_amount -->
  <testcase name="BS_43_Display_membership_amount_txtbox_in_disable" time="6.974" classname="com.testScripts.Bill_Settlement_page_test"/>
  <testcase name="BS_37_Click_add_settlement_button_without_select_corporate" time="9.875" classname="com.testScripts.Bill_Settlement_page_test"/>
  <testcase name="BS_11_Click_bill_n0_link" time="5.991" classname="com.testScripts.Bill_Settlement_page_test">
    <failure type="java.lang.AssertionError" message="expected [true] but found [false]">
      <![CDATA[java.lang.AssertionError: expected [true] but found [false]
	at org.testng.Assert.fail(Assert.java:94)
	at org.testng.Assert.failNotEquals(Assert.java:513)
	at org.testng.Assert.assertTrue(Assert.java:42)
	at org.testng.Assert.assertTrue(Assert.java:52)
	at com.pageLibrary.Bill_Settlement_page.BS_11_click_bill_n0_link(Bill_Settlement_page.java:311)
	at com.testScripts.Bill_Settlement_page_test.BS_11_Click_bill_n0_link(Bill_Settlement_page_test.java:66)
	at sun.reflect.NativeMethodAccessorImpl.invoke0(Native Method)
	at sun.reflect.NativeMethodAccessorImpl.invoke(NativeMethodAccessorImpl.java:62)
	at sun.reflect.DelegatingMethodAccessorImpl.invoke(DelegatingMethodAccessorImpl.java:43)
	at java.lang.reflect.Method.invoke(Method.java:498)
	at org.testng.internal.MethodInvocationHelper.invokeMethod(MethodInvocationHelper.java:86)
	at org.testng.internal.Invoker.invokeMethod(Invoker.java:643)
	at org.testng.internal.Invoker.invokeTestMethod(Invoker.java:820)
	at org.testng.internal.Invoker.invokeTestMethods(Invoker.java:1128)
	at org.testng.internal.TestMethodWorker.invokeTestMethods(TestMethodWorker.java:129)
	at org.testng.internal.TestMethodWorker.run(TestMethodWorker.java:112)
	at org.testng.TestRunner.privateRun(TestRunner.java:782)
	at org.testng.TestRunner.run(TestRunner.java:632)
	at org.testng.SuiteRunner.runTest(SuiteRunner.java:366)
	at org.testng.SuiteRunner.runSequentially(SuiteRunner.java:361)
	at org.testng.SuiteRunner.privateRun(SuiteRunner.java:319)
	at org.testng.SuiteRunner.run(SuiteRunner.java:268)
	at org.testng.SuiteRunnerWorker.runSuite(SuiteRunnerWorker.java:52)
	at org.testng.SuiteRunnerWorker.run(SuiteRunnerWorker.java:86)
	at org.testng.TestNG.runSuitesSequentially(TestNG.java:1244)
	at org.testng.TestNG.runSuitesLocally(TestNG.java:1169)
	at org.testng.TestNG.run(TestNG.java:1064)
	at org.testng.remote.AbstractRemoteTestNG.run(AbstractRemoteTestNG.java:132)
	at org.testng.remote.RemoteTestNG.initAndRun(RemoteTestNG.java:230)
	at org.testng.remote.RemoteTestNG.main(RemoteTestNG.java:76)
]]>
    </failure>
  </testcase> <!-- BS_11_Click_bill_n0_link -->
  <testcase name="BS_13_Verify_Bill_Amount_disable" time="6.964" classname="com.testScripts.Bill_Settlement_page_test"/>
  <testcase name="BS_29_Click_ok_button_at_popup" time="7.980" classname="com.testScripts.Bill_Settlement_page_test"/>
  <testcase name="BS_44_enter_amount_click_add_settlement" time="8.218" classname="com.testScripts.Bill_Settlement_page_test"/>
  <testcase name="BS_34_Enter_amount_lessThan_creditListAmount" time="11.167" classname="com.testScripts.Bill_Settlement_page_test"/>
  <testcase name="BS_36_Deselect_corporate_and_select" time="9.156" classname="com.testScripts.Bill_Settlement_page_test">
    <failure type="java.lang.AssertionError" message="expected [false] but found [true]">
      <![CDATA[java.lang.AssertionError: expected [false] but found [true]
	at org.testng.Assert.fail(Assert.java:94)
	at org.testng.Assert.failNotEquals(Assert.java:513)
	at org.testng.Assert.assertFalse(Assert.java:63)
	at org.testng.Assert.assertFalse(Assert.java:73)
	at com.pageLibrary.Bill_Settlement_page.BS_36_deselect_corporate_and_select(Bill_Settlement_page.java:1279)
	at com.testScripts.Bill_Settlement_page_test.BS_36_Deselect_corporate_and_select(Bill_Settlement_page_test.java:218)
	at sun.reflect.NativeMethodAccessorImpl.invoke0(Native Method)
	at sun.reflect.NativeMethodAccessorImpl.invoke(NativeMethodAccessorImpl.java:62)
	at sun.reflect.DelegatingMethodAccessorImpl.invoke(DelegatingMethodAccessorImpl.java:43)
	at java.lang.reflect.Method.invoke(Method.java:498)
	at org.testng.internal.MethodInvocationHelper.invokeMethod(MethodInvocationHelper.java:86)
	at org.testng.internal.Invoker.invokeMethod(Invoker.java:643)
	at org.testng.internal.Invoker.invokeTestMethod(Invoker.java:820)
	at org.testng.internal.Invoker.invokeTestMethods(Invoker.java:1128)
	at org.testng.internal.TestMethodWorker.invokeTestMethods(TestMethodWorker.java:129)
	at org.testng.internal.TestMethodWorker.run(TestMethodWorker.java:112)
	at org.testng.TestRunner.privateRun(TestRunner.java:782)
	at org.testng.TestRunner.run(TestRunner.java:632)
	at org.testng.SuiteRunner.runTest(SuiteRunner.java:366)
	at org.testng.SuiteRunner.runSequentially(SuiteRunner.java:361)
	at org.testng.SuiteRunner.privateRun(SuiteRunner.java:319)
	at org.testng.SuiteRunner.run(SuiteRunner.java:268)
	at org.testng.SuiteRunnerWorker.runSuite(SuiteRunnerWorker.java:52)
	at org.testng.SuiteRunnerWorker.run(SuiteRunnerWorker.java:86)
	at org.testng.TestNG.runSuitesSequentially(TestNG.java:1244)
	at org.testng.TestNG.runSuitesLocally(TestNG.java:1169)
	at org.testng.TestNG.run(TestNG.java:1064)
	at org.testng.remote.AbstractRemoteTestNG.run(AbstractRemoteTestNG.java:132)
	at org.testng.remote.RemoteTestNG.initAndRun(RemoteTestNG.java:230)
	at org.testng.remote.RemoteTestNG.main(RemoteTestNG.java:76)
]]>
    </failure>
  </testcase> <!-- BS_36_Deselect_corporate_and_select -->
  <testcase name="BS_24_Select_dropdown_value_payment_mode" time="3.741" classname="com.testScripts.Bill_Settlement_page_test"/>
  <testcase name="BS_02_Verify_spelling_mistake" time="0.001" classname="com.testScripts.Bill_Settlement_page_test"/>
  <testcase name="BS_18_Verify_tip_amount_added_with_net_amount" time="2.226" classname="com.testScripts.Bill_Settlement_page_test"/>
  <testcase name="BS_12_Verify_Bill_Id_disable" time="7.009" classname="com.testScripts.Bill_Settlement_page_test"/>
  <testcase name="BS_19_Verify_add_tip_button_disable" time="4.179" classname="com.testScripts.Bill_Settlement_page_test"/>
  <testcase name="BS_03_Header_display" time="2.106" classname="com.testScripts.Bill_Settlement_page_test"/>
  <testcase name="BS_10_bill_n0_Link_isenable" time="5.244" classname="com.testScripts.Bill_Settlement_page_test"/>
  <testcase name="BS_28_Select_from_List_of_corporate_dropdown" time="4.890" classname="com.testScripts.Bill_Settlement_page_test"/>
  <testcase name="BS_49_deselect_after_select_dropdown_corporate" time="13.088" classname="com.testScripts.Bill_Settlement_page_test"/>
  <testcase name="BS_22_Click_popup_ok_button" time="6.687" classname="com.testScripts.Bill_Settlement_page_test"/>
  <testcase name="BS_17_Verify_add_tip_button_enable" time="3.631" classname="com.testScripts.Bill_Settlement_page_test"/>
  <testcase name="BS_27_display_dropdown_List_of_corporate" time="5.166" classname="com.testScripts.Bill_Settlement_page_test"/>
  <testcase name="BS_01_Display_bill_settlement_page" time="4.510" classname="com.testScripts.Bill_Settlement_page_test"/>
  <testcase name="BS_46_Enter_amount_less_than_or_equal_membership_amount_click_add_settlement" time="8.233" classname="com.testScripts.Bill_Settlement_page_test"/>
  <testcase name="BS_41_Display_alert_message_after_select_member_name" time="6.849" classname="com.testScripts.Bill_Settlement_page_test"/>
  <testcase name="BS_33_Enter_amount_lessThanEqualTo_netAmount" time="10.160" classname="com.testScripts.Bill_Settlement_page_test">
    <failure type="java.lang.AssertionError" message="expected [103.50] but found [103.00]">
      <![CDATA[java.lang.AssertionError: expected [103.50] but found [103.00]
	at org.testng.Assert.fail(Assert.java:94)
	at org.testng.Assert.failNotEquals(Assert.java:513)
	at org.testng.Assert.assertEqualsImpl(Assert.java:135)
	at org.testng.Assert.assertEquals(Assert.java:116)
	at org.testng.Assert.assertEquals(Assert.java:190)
	at org.testng.Assert.assertEquals(Assert.java:200)
	at com.pageLibrary.Bill_Settlement_page.BS_33_enter_amount_lessThanEqualTo_netAmount(Bill_Settlement_page.java:1121)
	at com.testScripts.Bill_Settlement_page_test.BS_33_Enter_amount_lessThanEqualTo_netAmount(Bill_Settlement_page_test.java:200)
	at sun.reflect.NativeMethodAccessorImpl.invoke0(Native Method)
	at sun.reflect.NativeMethodAccessorImpl.invoke(NativeMethodAccessorImpl.java:62)
	at sun.reflect.DelegatingMethodAccessorImpl.invoke(DelegatingMethodAccessorImpl.java:43)
	at java.lang.reflect.Method.invoke(Method.java:498)
	at org.testng.internal.MethodInvocationHelper.invokeMethod(MethodInvocationHelper.java:86)
	at org.testng.internal.Invoker.invokeMethod(Invoker.java:643)
	at org.testng.internal.Invoker.invokeTestMethod(Invoker.java:820)
	at org.testng.internal.Invoker.invokeTestMethods(Invoker.java:1128)
	at org.testng.internal.TestMethodWorker.invokeTestMethods(TestMethodWorker.java:129)
	at org.testng.internal.TestMethodWorker.run(TestMethodWorker.java:112)
	at org.testng.TestRunner.privateRun(TestRunner.java:782)
	at org.testng.TestRunner.run(TestRunner.java:632)
	at org.testng.SuiteRunner.runTest(SuiteRunner.java:366)
	at org.testng.SuiteRunner.runSequentially(SuiteRunner.java:361)
	at org.testng.SuiteRunner.privateRun(SuiteRunner.java:319)
	at org.testng.SuiteRunner.run(SuiteRunner.java:268)
	at org.testng.SuiteRunnerWorker.runSuite(SuiteRunnerWorker.java:52)
	at org.testng.SuiteRunnerWorker.run(SuiteRunnerWorker.java:86)
	at org.testng.TestNG.runSuitesSequentially(TestNG.java:1244)
	at org.testng.TestNG.runSuitesLocally(TestNG.java:1169)
	at org.testng.TestNG.run(TestNG.java:1064)
	at org.testng.remote.AbstractRemoteTestNG.run(AbstractRemoteTestNG.java:132)
	at org.testng.remote.RemoteTestNG.initAndRun(RemoteTestNG.java:230)
	at org.testng.remote.RemoteTestNG.main(RemoteTestNG.java:76)
]]>
    </failure>
  </testcase> <!-- BS_33_Enter_amount_lessThanEqualTo_netAmount -->
  <testcase name="BS_08_Type_guest_name_alphabetic" time="3.768" classname="com.testScripts.Bill_Settlement_page_test"/>
  <testcase name="BS_20_Verify_by_default_dropdown_value_payment_mode" time="3.669" classname="com.testScripts.Bill_Settlement_page_test"/>
  <testcase name="BS_47_Enter_amount_more_than__membership_amount_click_add_settlement" time="16.126" classname="com.testScripts.Bill_Settlement_page_test"/>
  <testcase name="BS_32_enter_amount_moreThan_netAmount" time="9.132" classname="com.testScripts.Bill_Settlement_page_test"/>
  <testcase name="BS_45_Enter_amount_more_than_net_amount_click_add_settlement" time="11.133" classname="com.testScripts.Bill_Settlement_page_test"/>
  <testcase name="BS_38_select_membership" time="7.808" classname="com.testScripts.Bill_Settlement_page_test"/>
  <testcase name="BS_35_Click_ok_button_display_bill_settlement_page" time="13.114" classname="com.testScripts.Bill_Settlement_page_test"/>
  <testcase name="BS_42_Accept_ok_button_of_alert_message_after_select_member_name" time="6.928" classname="com.testScripts.Bill_Settlement_page_test"/>
  <testcase name="BS_09_Search_by_guest_name_as_special_and_numeric_character" time="3.431" classname="com.testScripts.Bill_Settlement_page_test">
    <failure type="java.lang.AssertionError" message="expected [false] but found [true]">
      <![CDATA[java.lang.AssertionError: expected [false] but found [true]
	at org.testng.Assert.fail(Assert.java:94)
	at org.testng.Assert.failNotEquals(Assert.java:513)
	at org.testng.Assert.assertFalse(Assert.java:63)
	at org.testng.Assert.assertFalse(Assert.java:73)
	at com.pageLibrary.Bill_Settlement_page.BS_09_search_by_guest_name_as_special_and_numeric_character(Bill_Settlement_page.java:243)
	at com.testScripts.Bill_Settlement_page_test.BS_09_Search_by_guest_name_as_special_and_numeric_character(Bill_Settlement_page_test.java:56)
	at sun.reflect.NativeMethodAccessorImpl.invoke0(Native Method)
	at sun.reflect.NativeMethodAccessorImpl.invoke(NativeMethodAccessorImpl.java:62)
	at sun.reflect.DelegatingMethodAccessorImpl.invoke(DelegatingMethodAccessorImpl.java:43)
	at java.lang.reflect.Method.invoke(Method.java:498)
	at org.testng.internal.MethodInvocationHelper.invokeMethod(MethodInvocationHelper.java:86)
	at org.testng.internal.Invoker.invokeMethod(Invoker.java:643)
	at org.testng.internal.Invoker.invokeTestMethod(Invoker.java:820)
	at org.testng.internal.Invoker.invokeTestMethods(Invoker.java:1128)
	at org.testng.internal.TestMethodWorker.invokeTestMethods(TestMethodWorker.java:129)
	at org.testng.internal.TestMethodWorker.run(TestMethodWorker.java:112)
	at org.testng.TestRunner.privateRun(TestRunner.java:782)
	at org.testng.TestRunner.run(TestRunner.java:632)
	at org.testng.SuiteRunner.runTest(SuiteRunner.java:366)
	at org.testng.SuiteRunner.runSequentially(SuiteRunner.java:361)
	at org.testng.SuiteRunner.privateRun(SuiteRunner.java:319)
	at org.testng.SuiteRunner.run(SuiteRunner.java:268)
	at org.testng.SuiteRunnerWorker.runSuite(SuiteRunnerWorker.java:52)
	at org.testng.SuiteRunnerWorker.run(SuiteRunnerWorker.java:86)
	at org.testng.TestNG.runSuitesSequentially(TestNG.java:1244)
	at org.testng.TestNG.runSuitesLocally(TestNG.java:1169)
	at org.testng.TestNG.run(TestNG.java:1064)
	at org.testng.remote.AbstractRemoteTestNG.run(AbstractRemoteTestNG.java:132)
	at org.testng.remote.RemoteTestNG.initAndRun(RemoteTestNG.java:230)
	at org.testng.remote.RemoteTestNG.main(RemoteTestNG.java:76)
]]>
    </failure>
  </testcase> <!-- BS_09_Search_by_guest_name_as_special_and_numeric_character -->
</testsuite> <!-- com.testScripts.Bill_Settlement_page_test -->
