<?xml version="1.0" encoding="UTF-8"?>
<!-- Generated by org.testng.reporters.JUnitXMLReporter -->
<testsuite hostname="Vinod-PC" name="test1" tests="65" failures="14" timestamp="27 Apr 2017 08:53:58 GMT" time="443.283" errors="0">
  <testcase name="HP_01_Verify_HomePage" time="3.233" classname="com.testScripts.HomePage_Test"/>
  <testcase name="HP_02_Verify_UI" time="1.234" classname="com.testScripts.HomePage_Test"/>
  <testcase name="HP_03_Verify_Click_here_to_login_button" time="1.144" classname="com.testScripts.HomePage_Test"/>
  <testcase name="HP_04_Verify_StaffLoginPage" time="6.234" classname="com.testScripts.HomePage_Test"/>
  <testcase name="SL_01_Verify_Staff_Login_Page" time="3.229" classname="com.testScripts.Staff_Login_Test"/>
  <testcase name="SL_02_Verify_Main_Heading" time="6.229" classname="com.testScripts.Staff_Login_Test"/>
  <testcase name="SL_03_Verify_LoginButton" time="6.25" classname="com.testScripts.Staff_Login_Test"/>
  <testcase name="SL_04_Verify_Login_Invaild_Username_Invalid_Password" time="8.743" classname="com.testScripts.Staff_Login_Test">
    <failure type="java.lang.AssertionError" message="expected [true] but found [false]">
      <![CDATA[java.lang.AssertionError: expected [true] but found [false]
	at com.pageLibrary.Staff_Login.sl_04_Verify_Staff_Login_InValid_Username_InValid_Password(Staff_Login.java:132)
	at com.testScripts.Staff_Login_Test.SL_04_Verify_Login_Invaild_Username_Invalid_Password(Staff_Login_Test.java:46)
... Removed 28 stack frames]]>
    </failure>
  </testcase> <!-- SL_04_Verify_Login_Invaild_Username_Invalid_Password -->
  <testcase name="SL_05_Verify_Login_Vaild_Username_Invalid_Password" time="8.785" classname="com.testScripts.Staff_Login_Test">
    <failure type="java.lang.AssertionError" message="expected [true] but found [false]">
      <![CDATA[java.lang.AssertionError: expected [true] but found [false]
	at com.pageLibrary.Staff_Login.sl_05_Verify_Staff_Login_Valid_Username_InValid_Password(Staff_Login.java:175)
	at com.testScripts.Staff_Login_Test.SL_05_Verify_Login_Vaild_Username_Invalid_Password(Staff_Login_Test.java:53)
... Removed 28 stack frames]]>
    </failure>
  </testcase> <!-- SL_05_Verify_Login_Vaild_Username_Invalid_Password -->
  <testcase name="SL_06_Verify_Login_Invaild_Username_Valid_Password" time="8.75" classname="com.testScripts.Staff_Login_Test">
    <failure type="java.lang.AssertionError" message="expected [true] but found [false]">
      <![CDATA[java.lang.AssertionError: expected [true] but found [false]
	at com.pageLibrary.Staff_Login.sl_06_Verify_Staff_Login_InValid_Username_Valid_Password(Staff_Login.java:220)
	at com.testScripts.Staff_Login_Test.SL_06_Verify_Login_Invaild_Username_Valid_Password(Staff_Login_Test.java:60)
... Removed 28 stack frames]]>
    </failure>
  </testcase> <!-- SL_06_Verify_Login_Invaild_Username_Valid_Password -->
  <testcase name="SL_07_Verify_Login_Vaild_Username_Blank_Password" time="8.862" classname="com.testScripts.Staff_Login_Test">
    <failure type="java.lang.AssertionError" message="expected [true] but found [false]">
      <![CDATA[java.lang.AssertionError: expected [true] but found [false]
	at com.pageLibrary.Staff_Login.sl_07_Verify_Staff_Login_Valid_Username_Blank_Password(Staff_Login.java:262)
	at com.testScripts.Staff_Login_Test.SL_07_Verify_Login_Vaild_Username_Blank_Password(Staff_Login_Test.java:67)
... Removed 28 stack frames]]>
    </failure>
  </testcase> <!-- SL_07_Verify_Login_Vaild_Username_Blank_Password -->
  <testcase name="SL_08_Verify_Login_Blank_Username_Valid_Password" time="8.758" classname="com.testScripts.Staff_Login_Test">
    <failure type="java.lang.AssertionError" message="expected [true] but found [false]">
      <![CDATA[java.lang.AssertionError: expected [true] but found [false]
	at com.pageLibrary.Staff_Login.sl_08_Verify_Staff_Login_Blank_Username_Valid_Password(Staff_Login.java:305)
	at com.testScripts.Staff_Login_Test.SL_08_Verify_Login_Blank_Username_Valid_Password(Staff_Login_Test.java:74)
... Removed 28 stack frames]]>
    </failure>
  </testcase> <!-- SL_08_Verify_Login_Blank_Username_Valid_Password -->
  <testcase name="SL_09_Verify_Login_Blank_Username_Blank_Password" time="8.745" classname="com.testScripts.Staff_Login_Test">
    <failure type="java.lang.AssertionError" message="expected [true] but found [false]">
      <![CDATA[java.lang.AssertionError: expected [true] but found [false]
	at com.pageLibrary.Staff_Login.sl_09_Verify_Staff_Login_Blank_Username_Blank_Password(Staff_Login.java:348)
	at com.testScripts.Staff_Login_Test.SL_09_Verify_Login_Blank_Username_Blank_Password(Staff_Login_Test.java:81)
... Removed 28 stack frames]]>
    </failure>
  </testcase> <!-- SL_09_Verify_Login_Blank_Username_Blank_Password -->
  <testcase name="SL_10_Verify_Password_Visibility" time="3.246" classname="com.testScripts.Staff_Login_Test"/>
  <testcase name="SL_11_Verify_Login_Valid_Username_Valid_Password" time="9.225" classname="com.testScripts.Staff_Login_Test"/>
  <testcase name="BS_01_Display_bill_settlement_page" time="4.51" classname="com.testScripts.Bill_Settlement_page_test"/>
  <testcase name="BS_02_Verify_spelling_mistake" time="0.001" classname="com.testScripts.Bill_Settlement_page_test"/>
  <testcase name="BS_03_Header_display" time="2.106" classname="com.testScripts.Bill_Settlement_page_test"/>
  <testcase name="BS_04_Display_list_of_bills_webtable" time="2.051" classname="com.testScripts.Bill_Settlement_page_test"/>
  <testcase name="BS_05_Search_by_guest_name" time="3.888" classname="com.testScripts.Bill_Settlement_page_test"/>
  <testcase name="BS_06_Display_title_of_page" time="0.009" classname="com.testScripts.Bill_Settlement_page_test">
    <failure type="java.lang.AssertionError" message="expected [Wellness Health Care] but found [Bill Settlement]">
      <![CDATA[java.lang.AssertionError: expected [Wellness Health Care] but found [Bill Settlement]
	at com.pageLibrary.Bill_Settlement_page.BS_06_display_title_of_page(Bill_Settlement_page.java:145)
	at com.testScripts.Bill_Settlement_page_test.BS_06_Display_title_of_page(Bill_Settlement_page_test.java:41)
... Removed 30 stack frames]]>
    </failure>
  </testcase> <!-- BS_06_Display_title_of_page -->
  <testcase name="BS_07_Search_unavailable_guest_name" time="2.438" classname="com.testScripts.Bill_Settlement_page_test"/>
  <testcase name="BS_08_Type_guest_name_alphabetic" time="3.768" classname="com.testScripts.Bill_Settlement_page_test"/>
  <testcase name="BS_09_Search_by_guest_name_as_special_and_numeric_character" time="3.431" classname="com.testScripts.Bill_Settlement_page_test">
    <failure type="java.lang.AssertionError" message="expected [false] but found [true]">
      <![CDATA[java.lang.AssertionError: expected [false] but found [true]
	at com.pageLibrary.Bill_Settlement_page.BS_09_search_by_guest_name_as_special_and_numeric_character(Bill_Settlement_page.java:243)
	at com.testScripts.Bill_Settlement_page_test.BS_09_Search_by_guest_name_as_special_and_numeric_character(Bill_Settlement_page_test.java:56)
... Removed 28 stack frames]]>
    </failure>
  </testcase> <!-- BS_09_Search_by_guest_name_as_special_and_numeric_character -->
  <testcase name="BS_10_bill_n0_Link_isenable" time="5.244" classname="com.testScripts.Bill_Settlement_page_test"/>
  <testcase name="BS_11_Click_bill_n0_link" time="5.991" classname="com.testScripts.Bill_Settlement_page_test">
    <failure type="java.lang.AssertionError" message="expected [true] but found [false]">
      <![CDATA[java.lang.AssertionError: expected [true] but found [false]
	at com.pageLibrary.Bill_Settlement_page.BS_11_click_bill_n0_link(Bill_Settlement_page.java:311)
	at com.testScripts.Bill_Settlement_page_test.BS_11_Click_bill_n0_link(Bill_Settlement_page_test.java:66)
... Removed 28 stack frames]]>
    </failure>
  </testcase> <!-- BS_11_Click_bill_n0_link -->
  <testcase name="BS_12_Verify_Bill_Id_disable" time="7.009" classname="com.testScripts.Bill_Settlement_page_test"/>
  <testcase name="BS_13_Verify_Bill_Amount_disable" time="6.964" classname="com.testScripts.Bill_Settlement_page_test"/>
  <testcase name="BS_14_Verify_Guest_name_textbox_disable" time="6.958" classname="com.testScripts.Bill_Settlement_page_test"/>
  <testcase name="BS_15_Enter_tip_amount_numeric" time="19.939" classname="com.testScripts.Bill_Settlement_page_test"/>
  <testcase name="BS_16_Enter_tip_amount_alphanumeric_with_special_character" time="16.645" classname="com.testScripts.Bill_Settlement_page_test"/>
  <testcase name="BS_17_Verify_add_tip_button_enable" time="3.631" classname="com.testScripts.Bill_Settlement_page_test"/>
  <testcase name="BS_18_Verify_tip_amount_added_with_net_amount" time="2.226" classname="com.testScripts.Bill_Settlement_page_test"/>
  <testcase name="BS_19_Verify_add_tip_button_disable" time="4.179" classname="com.testScripts.Bill_Settlement_page_test"/>
  <testcase name="BS_20_Verify_by_default_dropdown_value_payment_mode" time="3.669" classname="com.testScripts.Bill_Settlement_page_test"/>
  <testcase name="BS_21_Click_add_settlement_button" time="6.66" classname="com.testScripts.Bill_Settlement_page_test">
    <failure type="java.lang.AssertionError" message="expected [Please Select Payment Mode ] but found [Please Select Payment Mode]">
      <![CDATA[java.lang.AssertionError: expected [Please Select Payment Mode ] but found [Please Select Payment Mode]
	at com.pageLibrary.Bill_Settlement_page.BS_21_click_add_settlement_button(Bill_Settlement_page.java:685)
	at com.testScripts.Bill_Settlement_page_test.BS_21_Click_add_settlement_button(Bill_Settlement_page_test.java:127)
... Removed 30 stack frames]]>
    </failure>
  </testcase> <!-- BS_21_Click_add_settlement_button -->
  <testcase name="BS_22_Click_popup_ok_button" time="6.687" classname="com.testScripts.Bill_Settlement_page_test"/>
  <testcase name="BS_23_Click_cancel_on_popup" time="0.001" classname="com.testScripts.Bill_Settlement_page_test"/>
  <testcase name="BS_24_Select_dropdown_value_payment_mode" time="3.741" classname="com.testScripts.Bill_Settlement_page_test"/>
  <testcase name="BS_25_Verify_select_dropdown_value_payment_mode" time="4.839" classname="com.testScripts.Bill_Settlement_page_test"/>
  <testcase name="BS_26_Display_by_default_dropdown_corporate" time="7.04" classname="com.testScripts.Bill_Settlement_page_test"/>
  <testcase name="BS_27_display_dropdown_List_of_corporate" time="5.166" classname="com.testScripts.Bill_Settlement_page_test"/>
  <testcase name="BS_28_Select_from_List_of_corporate_dropdown" time="4.89" classname="com.testScripts.Bill_Settlement_page_test"/>
  <testcase name="BS_29_Click_ok_button_at_popup" time="7.98" classname="com.testScripts.Bill_Settlement_page_test"/>
  <testcase name="BS_30_Verify_credit_list_amount" time="7.943" classname="com.testScripts.Bill_Settlement_page_test"/>
  <testcase name="BS_31_Enter_amount" time="11.268" classname="com.testScripts.Bill_Settlement_page_test">
    <failure type="java.lang.AssertionError" message="expected [103.50] but found [103.00]">
      <![CDATA[java.lang.AssertionError: expected [103.50] but found [103.00]
	at com.pageLibrary.Bill_Settlement_page.BS_31_enter_amount(Bill_Settlement_page.java:1018)
	at com.testScripts.Bill_Settlement_page_test.BS_31_Enter_amount(Bill_Settlement_page_test.java:188)
... Removed 30 stack frames]]>
    </failure>
  </testcase> <!-- BS_31_Enter_amount -->
  <testcase name="BS_32_enter_amount_moreThan_netAmount" time="9.132" classname="com.testScripts.Bill_Settlement_page_test"/>
  <testcase name="BS_33_Enter_amount_lessThanEqualTo_netAmount" time="10.16" classname="com.testScripts.Bill_Settlement_page_test">
    <failure type="java.lang.AssertionError" message="expected [103.50] but found [103.00]">
      <![CDATA[java.lang.AssertionError: expected [103.50] but found [103.00]
	at com.pageLibrary.Bill_Settlement_page.BS_33_enter_amount_lessThanEqualTo_netAmount(Bill_Settlement_page.java:1121)
	at com.testScripts.Bill_Settlement_page_test.BS_33_Enter_amount_lessThanEqualTo_netAmount(Bill_Settlement_page_test.java:200)
... Removed 30 stack frames]]>
    </failure>
  </testcase> <!-- BS_33_Enter_amount_lessThanEqualTo_netAmount -->
  <testcase name="BS_34_Enter_amount_lessThan_creditListAmount" time="11.167" classname="com.testScripts.Bill_Settlement_page_test"/>
  <testcase name="BS_35_Click_ok_button_display_bill_settlement_page" time="13.114" classname="com.testScripts.Bill_Settlement_page_test"/>
  <testcase name="BS_36_Deselect_corporate_and_select" time="9.156" classname="com.testScripts.Bill_Settlement_page_test">
    <failure type="java.lang.AssertionError" message="expected [false] but found [true]">
      <![CDATA[java.lang.AssertionError: expected [false] but found [true]
	at com.pageLibrary.Bill_Settlement_page.BS_36_deselect_corporate_and_select(Bill_Settlement_page.java:1279)
	at com.testScripts.Bill_Settlement_page_test.BS_36_Deselect_corporate_and_select(Bill_Settlement_page_test.java:218)
... Removed 28 stack frames]]>
    </failure>
  </testcase> <!-- BS_36_Deselect_corporate_and_select -->
  <testcase name="BS_37_Click_add_settlement_button_without_select_corporate" time="9.875" classname="com.testScripts.Bill_Settlement_page_test"/>
  <testcase name="BS_38_select_membership" time="7.808" classname="com.testScripts.Bill_Settlement_page_test"/>
  <testcase name="BS_39_Display_by_default_select_member_name" time="4.766" classname="com.testScripts.Bill_Settlement_page_test"/>
  <testcase name="BS_40_Display_list_of_dropdown_values_member_name" time="4.881" classname="com.testScripts.Bill_Settlement_page_test"/>
  <testcase name="BS_41_Display_alert_message_after_select_member_name" time="6.849" classname="com.testScripts.Bill_Settlement_page_test"/>
  <testcase name="BS_42_Accept_ok_button_of_alert_message_after_select_member_name" time="6.928" classname="com.testScripts.Bill_Settlement_page_test"/>
  <testcase name="BS_43_Display_membership_amount_txtbox_in_disable" time="6.974" classname="com.testScripts.Bill_Settlement_page_test"/>
  <testcase name="BS_44_enter_amount_click_add_settlement" time="8.218" classname="com.testScripts.Bill_Settlement_page_test"/>
  <testcase name="BS_45_Enter_amount_more_than_net_amount_click_add_settlement" time="11.133" classname="com.testScripts.Bill_Settlement_page_test"/>
  <testcase name="BS_46_Enter_amount_less_than_or_equal_membership_amount_click_add_settlement" time="8.233" classname="com.testScripts.Bill_Settlement_page_test"/>
  <testcase name="BS_47_Enter_amount_more_than__membership_amount_click_add_settlement" time="16.126" classname="com.testScripts.Bill_Settlement_page_test"/>
  <testcase name="BS_48_click_ok_button" time="16.24" classname="com.testScripts.Bill_Settlement_page_test"/>
  <testcase name="BS_49_deselect_after_select_dropdown_corporate" time="13.088" classname="com.testScripts.Bill_Settlement_page_test"/>
  <testcase name="BS_50_Click_add_settlement_without_selelect_member_name" time="5.797" classname="com.testScripts.Bill_Settlement_page_test">
    <failure type="java.lang.AssertionError" message="expected [Please Enter valid amount ] but found [Please select member name]">
      <![CDATA[java.lang.AssertionError: expected [Please Enter valid amount ] but found [Please select member name]
	at com.pageLibrary.Bill_Settlement_page.BS_50_click_add_settlement_without_selelect_member_name(Bill_Settlement_page.java:1843)
	at com.testScripts.Bill_Settlement_page_test.BS_50_Click_add_settlement_without_selelect_member_name(Bill_Settlement_page_test.java:296)
... Removed 30 stack frames]]>
    </failure>
  </testcase> <!-- BS_50_Click_add_settlement_without_selelect_member_name -->
</testsuite> <!-- test1 -->
