<?xml version="1.0" encoding="UTF-8"?>
<!-- Generated by org.testng.reporters.JUnitXMLReporter -->
<testsuite hostname="Vinod-PC" name="test3" tests="23" failures="18" timestamp="27 Apr 2017 07:37:26 GMT" time="6.088" errors="0">
  <testcase name="@AfterTest Close_Browser" time="0.0" classname="com.testScripts.HomePage_Test">
    <failure type="org.openqa.selenium.WebDriverException" message="no such session
  (Driver info: chromedriver=2.29.461591 (62ebf098771772160f391d75e589dc567915b233),platform=Windows NT 6.1.7600 x86) (WARNING: The server did not provide any stacktrace information)
Command duration or timeout: 1 milliseconds
Build info: version: &amp;apos;2.2.1&amp;apos;, revision: &amp;apos;16551&amp;apos;, time: &amp;apos;2012-04-11 21:42:35&amp;apos;
System info: os.name: &amp;apos;Windows 7&amp;apos;, os.arch: &amp;apos;x86&amp;apos;, os.version: &amp;apos;6.1&amp;apos;, java.version: &amp;apos;1.8.0_121&amp;apos;
Driver info: driver.version: RemoteWebDriver">
      <![CDATA[org.openqa.selenium.WebDriverException: no such session
  (Driver info: chromedriver=2.29.461591 (62ebf098771772160f391d75e589dc567915b233),platform=Windows NT 6.1.7600 x86) (WARNING: The server did not provide any stacktrace information)
Command duration or timeout: 1 milliseconds
Build info: version: '2.2.1', revision: '16551', time: '2012-04-11 21:42:35'
System info: os.name: 'Windows 7', os.arch: 'x86', os.version: '6.1', java.version: '1.8.0_121'
Driver info: driver.version: RemoteWebDriver
	at org.openqa.selenium.remote.ErrorHandler.createThrowable(ErrorHandler.java:175)
	at org.openqa.selenium.remote.ErrorHandler.throwIfResponseFailed(ErrorHandler.java:128)
	at org.openqa.selenium.remote.RemoteWebDriver.execute(RemoteWebDriver.java:459)
	at org.openqa.selenium.remote.RemoteWebDriver.execute(RemoteWebDriver.java:463)
	at org.openqa.selenium.remote.RemoteWebDriver.close(RemoteWebDriver.java:326)
	at com.pageLibrary.HomePage.CloseChromeBrowser(HomePage.java:40)
	at com.testScripts.HomePage_Test.Close_Browser(HomePage_Test.java:62)
... Removed 25 stack frames]]>
    </failure>
  </testcase> <!-- @AfterTest Close_Browser -->
  <testcase name="HP_01_Verify_HomePage" time="0.003" classname="com.testScripts.HomePage_Test">
    <failure type="org.openqa.selenium.WebDriverException" message="no such session
  (Driver info: chromedriver=2.29.461591 (62ebf098771772160f391d75e589dc567915b233),platform=Windows NT 6.1.7600 x86) (WARNING: The server did not provide any stacktrace information)
Command duration or timeout: 2 milliseconds
Build info: version: &amp;apos;2.2.1&amp;apos;, revision: &amp;apos;16551&amp;apos;, time: &amp;apos;2012-04-11 21:42:35&amp;apos;
System info: os.name: &amp;apos;Windows 7&amp;apos;, os.arch: &amp;apos;x86&amp;apos;, os.version: &amp;apos;6.1&amp;apos;, java.version: &amp;apos;1.8.0_121&amp;apos;
Driver info: driver.version: RemoteWebDriver">
      <![CDATA[org.openqa.selenium.WebDriverException: no such session
  (Driver info: chromedriver=2.29.461591 (62ebf098771772160f391d75e589dc567915b233),platform=Windows NT 6.1.7600 x86) (WARNING: The server did not provide any stacktrace information)
Command duration or timeout: 2 milliseconds
Build info: version: '2.2.1', revision: '16551', time: '2012-04-11 21:42:35'
System info: os.name: 'Windows 7', os.arch: 'x86', os.version: '6.1', java.version: '1.8.0_121'
Driver info: driver.version: RemoteWebDriver
	at org.openqa.selenium.remote.ErrorHandler.createThrowable(ErrorHandler.java:175)
	at org.openqa.selenium.remote.ErrorHandler.throwIfResponseFailed(ErrorHandler.java:128)
	at org.openqa.selenium.remote.RemoteWebDriver.execute(RemoteWebDriver.java:459)
	at org.openqa.selenium.remote.RemoteWebDriver.get(RemoteWebDriver.java:201)
	at org.openqa.selenium.remote.RemoteWebDriver$RemoteNavigation.to(RemoteWebDriver.java:675)
	at com.pageLibrary.HomePage.OpenApplication(HomePage.java:32)
	at com.pageLibrary.HomePage.hp_01_HomePage(HomePage.java:80)
	at com.testScripts.HomePage_Test.HP_01_Verify_HomePage(HomePage_Test.java:24)
... Removed 27 stack frames]]>
    </failure>
  </testcase> <!-- HP_01_Verify_HomePage -->
  <testcase name="HP_02_Verify_UI" time="0.002" classname="com.testScripts.HomePage_Test">
    <failure type="org.openqa.selenium.WebDriverException" message="no such session
  (Driver info: chromedriver=2.29.461591 (62ebf098771772160f391d75e589dc567915b233),platform=Windows NT 6.1.7600 x86) (WARNING: The server did not provide any stacktrace information)
Command duration or timeout: 2 milliseconds
Build info: version: &amp;apos;2.2.1&amp;apos;, revision: &amp;apos;16551&amp;apos;, time: &amp;apos;2012-04-11 21:42:35&amp;apos;
System info: os.name: &amp;apos;Windows 7&amp;apos;, os.arch: &amp;apos;x86&amp;apos;, os.version: &amp;apos;6.1&amp;apos;, java.version: &amp;apos;1.8.0_121&amp;apos;
Driver info: driver.version: RemoteWebDriver">
      <![CDATA[org.openqa.selenium.WebDriverException: no such session
  (Driver info: chromedriver=2.29.461591 (62ebf098771772160f391d75e589dc567915b233),platform=Windows NT 6.1.7600 x86) (WARNING: The server did not provide any stacktrace information)
Command duration or timeout: 2 milliseconds
Build info: version: '2.2.1', revision: '16551', time: '2012-04-11 21:42:35'
System info: os.name: 'Windows 7', os.arch: 'x86', os.version: '6.1', java.version: '1.8.0_121'
Driver info: driver.version: RemoteWebDriver
	at org.openqa.selenium.remote.ErrorHandler.createThrowable(ErrorHandler.java:175)
	at org.openqa.selenium.remote.ErrorHandler.throwIfResponseFailed(ErrorHandler.java:128)
	at org.openqa.selenium.remote.RemoteWebDriver.execute(RemoteWebDriver.java:459)
	at org.openqa.selenium.remote.RemoteWebDriver.get(RemoteWebDriver.java:201)
	at org.openqa.selenium.remote.RemoteWebDriver$RemoteNavigation.to(RemoteWebDriver.java:675)
	at com.pageLibrary.HomePage.OpenApplication(HomePage.java:32)
	at com.pageLibrary.HomePage.hp_02_UI(HomePage.java:89)
	at com.testScripts.HomePage_Test.HP_02_Verify_UI(HomePage_Test.java:32)
... Removed 27 stack frames]]>
    </failure>
  </testcase> <!-- HP_02_Verify_UI -->
  <testcase name="HP_03_Verify_Click_here_to_login_button" time="0.003" classname="com.testScripts.HomePage_Test">
    <failure type="org.openqa.selenium.WebDriverException" message="no such session
  (Driver info: chromedriver=2.29.461591 (62ebf098771772160f391d75e589dc567915b233),platform=Windows NT 6.1.7600 x86) (WARNING: The server did not provide any stacktrace information)
Command duration or timeout: 2 milliseconds
Build info: version: &amp;apos;2.2.1&amp;apos;, revision: &amp;apos;16551&amp;apos;, time: &amp;apos;2012-04-11 21:42:35&amp;apos;
System info: os.name: &amp;apos;Windows 7&amp;apos;, os.arch: &amp;apos;x86&amp;apos;, os.version: &amp;apos;6.1&amp;apos;, java.version: &amp;apos;1.8.0_121&amp;apos;
Driver info: driver.version: RemoteWebDriver">
      <![CDATA[org.openqa.selenium.WebDriverException: no such session
  (Driver info: chromedriver=2.29.461591 (62ebf098771772160f391d75e589dc567915b233),platform=Windows NT 6.1.7600 x86) (WARNING: The server did not provide any stacktrace information)
Command duration or timeout: 2 milliseconds
Build info: version: '2.2.1', revision: '16551', time: '2012-04-11 21:42:35'
System info: os.name: 'Windows 7', os.arch: 'x86', os.version: '6.1', java.version: '1.8.0_121'
Driver info: driver.version: RemoteWebDriver
	at org.openqa.selenium.remote.ErrorHandler.createThrowable(ErrorHandler.java:175)
	at org.openqa.selenium.remote.ErrorHandler.throwIfResponseFailed(ErrorHandler.java:128)
	at org.openqa.selenium.remote.RemoteWebDriver.execute(RemoteWebDriver.java:459)
	at org.openqa.selenium.remote.RemoteWebDriver.get(RemoteWebDriver.java:201)
	at org.openqa.selenium.remote.RemoteWebDriver$RemoteNavigation.to(RemoteWebDriver.java:675)
	at com.pageLibrary.HomePage.OpenApplication(HomePage.java:32)
	at com.pageLibrary.HomePage.hp_03_ClickHereToLoginButton(HomePage.java:111)
	at com.testScripts.HomePage_Test.HP_03_Verify_Click_here_to_login_button(HomePage_Test.java:40)
... Removed 27 stack frames]]>
    </failure>
  </testcase> <!-- HP_03_Verify_Click_here_to_login_button -->
  <testcase name="HP_04_Verify_StaffLoginPage" time="0.001" classname="com.testScripts.HomePage_Test">
    <failure type="org.openqa.selenium.WebDriverException" message="no such session
  (Driver info: chromedriver=2.29.461591 (62ebf098771772160f391d75e589dc567915b233),platform=Windows NT 6.1.7600 x86) (WARNING: The server did not provide any stacktrace information)
Command duration or timeout: 1 milliseconds
Build info: version: &amp;apos;2.2.1&amp;apos;, revision: &amp;apos;16551&amp;apos;, time: &amp;apos;2012-04-11 21:42:35&amp;apos;
System info: os.name: &amp;apos;Windows 7&amp;apos;, os.arch: &amp;apos;x86&amp;apos;, os.version: &amp;apos;6.1&amp;apos;, java.version: &amp;apos;1.8.0_121&amp;apos;
Driver info: driver.version: RemoteWebDriver">
      <![CDATA[org.openqa.selenium.WebDriverException: no such session
  (Driver info: chromedriver=2.29.461591 (62ebf098771772160f391d75e589dc567915b233),platform=Windows NT 6.1.7600 x86) (WARNING: The server did not provide any stacktrace information)
Command duration or timeout: 1 milliseconds
Build info: version: '2.2.1', revision: '16551', time: '2012-04-11 21:42:35'
System info: os.name: 'Windows 7', os.arch: 'x86', os.version: '6.1', java.version: '1.8.0_121'
Driver info: driver.version: RemoteWebDriver
	at org.openqa.selenium.remote.ErrorHandler.createThrowable(ErrorHandler.java:175)
	at org.openqa.selenium.remote.ErrorHandler.throwIfResponseFailed(ErrorHandler.java:128)
	at org.openqa.selenium.remote.RemoteWebDriver.execute(RemoteWebDriver.java:459)
	at org.openqa.selenium.remote.RemoteWebDriver.get(RemoteWebDriver.java:201)
	at org.openqa.selenium.remote.RemoteWebDriver$RemoteNavigation.to(RemoteWebDriver.java:675)
	at com.pageLibrary.HomePage.OpenApplication(HomePage.java:32)
	at com.pageLibrary.HomePage.hp_04_ClickHereToLogin(HomePage.java:138)
	at com.testScripts.HomePage_Test.HP_04_Verify_StaffLoginPage(HomePage_Test.java:47)
... Removed 27 stack frames]]>
    </failure>
  </testcase> <!-- HP_04_Verify_StaffLoginPage -->
  <testcase name="SL_01_Verify_Staff_Login_Page" time="0.004" classname="com.testScripts.Staff_Login_Test"/>
  <testcase name="SL_02_Verify_Main_Heading" time="3.003" classname="com.testScripts.Staff_Login_Test"/>
  <testcase name="SL_03_Verify_LoginButton" time="3.003" classname="com.testScripts.Staff_Login_Test"/>
  <testcase name="SL_04_Verify_Login_Invaild_Username_Invalid_Password" time="0.005" classname="com.testScripts.Staff_Login_Test">
    <failure type="java.lang.AssertionError" message="expected [true] but found [false]">
      <![CDATA[java.lang.AssertionError: expected [true] but found [false]
	at com.pageLibrary.Staff_Login.sl_04_Verify_Staff_Login_InValid_Username_InValid_Password(Staff_Login.java:132)
	at com.testScripts.Staff_Login_Test.SL_04_Verify_Login_Invaild_Username_Invalid_Password(Staff_Login_Test.java:46)
... Removed 28 stack frames]]>
    </failure>
  </testcase> <!-- SL_04_Verify_Login_Invaild_Username_Invalid_Password -->
  <testcase name="SL_05_Verify_Login_Vaild_Username_Invalid_Password" time="0.004" classname="com.testScripts.Staff_Login_Test">
    <failure type="java.lang.AssertionError" message="expected [true] but found [false]">
      <![CDATA[java.lang.AssertionError: expected [true] but found [false]
	at com.pageLibrary.Staff_Login.sl_05_Verify_Staff_Login_Valid_Username_InValid_Password(Staff_Login.java:175)
	at com.testScripts.Staff_Login_Test.SL_05_Verify_Login_Vaild_Username_Invalid_Password(Staff_Login_Test.java:53)
... Removed 28 stack frames]]>
    </failure>
  </testcase> <!-- SL_05_Verify_Login_Vaild_Username_Invalid_Password -->
  <testcase name="SL_06_Verify_Login_Invaild_Username_Valid_Password" time="0.006" classname="com.testScripts.Staff_Login_Test">
    <failure type="java.lang.AssertionError" message="expected [true] but found [false]">
      <![CDATA[java.lang.AssertionError: expected [true] but found [false]
	at com.pageLibrary.Staff_Login.sl_06_Verify_Staff_Login_InValid_Username_Valid_Password(Staff_Login.java:220)
	at com.testScripts.Staff_Login_Test.SL_06_Verify_Login_Invaild_Username_Valid_Password(Staff_Login_Test.java:60)
... Removed 28 stack frames]]>
    </failure>
  </testcase> <!-- SL_06_Verify_Login_Invaild_Username_Valid_Password -->
  <testcase name="SL_07_Verify_Login_Vaild_Username_Blank_Password" time="0.006" classname="com.testScripts.Staff_Login_Test">
    <failure type="java.lang.AssertionError" message="expected [true] but found [false]">
      <![CDATA[java.lang.AssertionError: expected [true] but found [false]
	at com.pageLibrary.Staff_Login.sl_07_Verify_Staff_Login_Valid_Username_Blank_Password(Staff_Login.java:262)
	at com.testScripts.Staff_Login_Test.SL_07_Verify_Login_Vaild_Username_Blank_Password(Staff_Login_Test.java:67)
... Removed 28 stack frames]]>
    </failure>
  </testcase> <!-- SL_07_Verify_Login_Vaild_Username_Blank_Password -->
  <testcase name="SL_08_Verify_Login_Blank_Username_Valid_Password" time="0.005" classname="com.testScripts.Staff_Login_Test">
    <failure type="java.lang.AssertionError" message="expected [true] but found [false]">
      <![CDATA[java.lang.AssertionError: expected [true] but found [false]
	at com.pageLibrary.Staff_Login.sl_08_Verify_Staff_Login_Blank_Username_Valid_Password(Staff_Login.java:305)
	at com.testScripts.Staff_Login_Test.SL_08_Verify_Login_Blank_Username_Valid_Password(Staff_Login_Test.java:74)
... Removed 28 stack frames]]>
    </failure>
  </testcase> <!-- SL_08_Verify_Login_Blank_Username_Valid_Password -->
  <testcase name="SL_09_Verify_Login_Blank_Username_Blank_Password" time="0.004" classname="com.testScripts.Staff_Login_Test">
    <failure type="java.lang.AssertionError" message="expected [true] but found [false]">
      <![CDATA[java.lang.AssertionError: expected [true] but found [false]
	at com.pageLibrary.Staff_Login.sl_09_Verify_Staff_Login_Blank_Username_Blank_Password(Staff_Login.java:348)
	at com.testScripts.Staff_Login_Test.SL_09_Verify_Login_Blank_Username_Blank_Password(Staff_Login_Test.java:81)
... Removed 28 stack frames]]>
    </failure>
  </testcase> <!-- SL_09_Verify_Login_Blank_Username_Blank_Password -->
  <testcase name="SL_10_Verify_Password_Visibility" time="0.002" classname="com.testScripts.Staff_Login_Test"/>
  <testcase name="SL_11_Verify_Login_Valid_Username_Valid_Password" time="0.002" classname="com.testScripts.Staff_Login_Test"/>
  <testcase name="BS_105_Verify_Cash_Option_In_Paymentmode" time="0.003" classname="com.testScripts.Bill_Settlement_Lib_Test">
    <failure type="org.openqa.selenium.WebDriverException" message="no such session
  (Driver info: chromedriver=2.29.461591 (62ebf098771772160f391d75e589dc567915b233),platform=Windows NT 6.1.7600 x86) (WARNING: The server did not provide any stacktrace information)
Command duration or timeout: 1 milliseconds
Build info: version: &amp;apos;2.2.1&amp;apos;, revision: &amp;apos;16551&amp;apos;, time: &amp;apos;2012-04-11 21:42:35&amp;apos;
System info: os.name: &amp;apos;Windows 7&amp;apos;, os.arch: &amp;apos;x86&amp;apos;, os.version: &amp;apos;6.1&amp;apos;, java.version: &amp;apos;1.8.0_121&amp;apos;
Driver info: driver.version: RemoteWebDriver">
      <![CDATA[org.openqa.selenium.WebDriverException: no such session
  (Driver info: chromedriver=2.29.461591 (62ebf098771772160f391d75e589dc567915b233),platform=Windows NT 6.1.7600 x86) (WARNING: The server did not provide any stacktrace information)
Command duration or timeout: 1 milliseconds
Build info: version: '2.2.1', revision: '16551', time: '2012-04-11 21:42:35'
System info: os.name: 'Windows 7', os.arch: 'x86', os.version: '6.1', java.version: '1.8.0_121'
Driver info: driver.version: RemoteWebDriver
	at org.openqa.selenium.remote.ErrorHandler.createThrowable(ErrorHandler.java:175)
	at org.openqa.selenium.remote.ErrorHandler.throwIfResponseFailed(ErrorHandler.java:128)
	at org.openqa.selenium.remote.RemoteWebDriver.execute(RemoteWebDriver.java:459)
	at org.openqa.selenium.remote.RemoteWebDriver.findElement(RemoteWebDriver.java:227)
	at org.openqa.selenium.remote.RemoteWebDriver.findElementByXPath(RemoteWebDriver.java:312)
	at org.openqa.selenium.By$ByXPath.findElement(By.java:344)
	at org.openqa.selenium.remote.RemoteWebDriver.findElement(RemoteWebDriver.java:219)
	at com.pageLibrary.Bill_Settlement_Lib.bs_105_verify_cash_option_in_paymentmode(Bill_Settlement_Lib.java:33)
	at com.testScripts.Bill_Settlement_Lib_Test.BS_105_Verify_Cash_Option_In_Paymentmode(Bill_Settlement_Lib_Test.java:32)
... Removed 27 stack frames]]>
    </failure>
  </testcase> <!-- BS_105_Verify_Cash_Option_In_Paymentmode -->
  <testcase name="BS_106_Verify_Amount_Accepting_EqualTo_Netamount" time="0.001" classname="com.testScripts.Bill_Settlement_Lib_Test">
    <failure type="org.openqa.selenium.WebDriverException" message="no such session
  (Driver info: chromedriver=2.29.461591 (62ebf098771772160f391d75e589dc567915b233),platform=Windows NT 6.1.7600 x86) (WARNING: The server did not provide any stacktrace information)
Command duration or timeout: 1 milliseconds
Build info: version: &amp;apos;2.2.1&amp;apos;, revision: &amp;apos;16551&amp;apos;, time: &amp;apos;2012-04-11 21:42:35&amp;apos;
System info: os.name: &amp;apos;Windows 7&amp;apos;, os.arch: &amp;apos;x86&amp;apos;, os.version: &amp;apos;6.1&amp;apos;, java.version: &amp;apos;1.8.0_121&amp;apos;
Driver info: driver.version: RemoteWebDriver">
      <![CDATA[org.openqa.selenium.WebDriverException: no such session
  (Driver info: chromedriver=2.29.461591 (62ebf098771772160f391d75e589dc567915b233),platform=Windows NT 6.1.7600 x86) (WARNING: The server did not provide any stacktrace information)
Command duration or timeout: 1 milliseconds
Build info: version: '2.2.1', revision: '16551', time: '2012-04-11 21:42:35'
System info: os.name: 'Windows 7', os.arch: 'x86', os.version: '6.1', java.version: '1.8.0_121'
Driver info: driver.version: RemoteWebDriver
	at org.openqa.selenium.remote.ErrorHandler.createThrowable(ErrorHandler.java:175)
	at org.openqa.selenium.remote.ErrorHandler.throwIfResponseFailed(ErrorHandler.java:128)
	at org.openqa.selenium.remote.RemoteWebDriver.execute(RemoteWebDriver.java:459)
	at org.openqa.selenium.remote.RemoteWebDriver.findElement(RemoteWebDriver.java:227)
	at org.openqa.selenium.remote.RemoteWebDriver.findElementByXPath(RemoteWebDriver.java:312)
	at org.openqa.selenium.By$ByXPath.findElement(By.java:344)
	at org.openqa.selenium.remote.RemoteWebDriver.findElement(RemoteWebDriver.java:219)
	at com.pageLibrary.Bill_Settlement_Lib.bs_106_verify_amount_accepting_equalto_netamount(Bill_Settlement_Lib.java:58)
	at com.testScripts.Bill_Settlement_Lib_Test.BS_106_Verify_Amount_Accepting_EqualTo_Netamount(Bill_Settlement_Lib_Test.java:37)
... Removed 27 stack frames]]>
    </failure>
  </testcase> <!-- BS_106_Verify_Amount_Accepting_EqualTo_Netamount -->
  <testcase name="BS_106_Verify_Amount_Accepting_LessThan_Netamount" time="0.002" classname="com.testScripts.Bill_Settlement_Lib_Test">
    <failure type="org.openqa.selenium.WebDriverException" message="no such session
  (Driver info: chromedriver=2.29.461591 (62ebf098771772160f391d75e589dc567915b233),platform=Windows NT 6.1.7600 x86) (WARNING: The server did not provide any stacktrace information)
Command duration or timeout: 2 milliseconds
Build info: version: &amp;apos;2.2.1&amp;apos;, revision: &amp;apos;16551&amp;apos;, time: &amp;apos;2012-04-11 21:42:35&amp;apos;
System info: os.name: &amp;apos;Windows 7&amp;apos;, os.arch: &amp;apos;x86&amp;apos;, os.version: &amp;apos;6.1&amp;apos;, java.version: &amp;apos;1.8.0_121&amp;apos;
Driver info: driver.version: RemoteWebDriver">
      <![CDATA[org.openqa.selenium.WebDriverException: no such session
  (Driver info: chromedriver=2.29.461591 (62ebf098771772160f391d75e589dc567915b233),platform=Windows NT 6.1.7600 x86) (WARNING: The server did not provide any stacktrace information)
Command duration or timeout: 2 milliseconds
Build info: version: '2.2.1', revision: '16551', time: '2012-04-11 21:42:35'
System info: os.name: 'Windows 7', os.arch: 'x86', os.version: '6.1', java.version: '1.8.0_121'
Driver info: driver.version: RemoteWebDriver
	at org.openqa.selenium.remote.ErrorHandler.createThrowable(ErrorHandler.java:175)
	at org.openqa.selenium.remote.ErrorHandler.throwIfResponseFailed(ErrorHandler.java:128)
	at org.openqa.selenium.remote.RemoteWebDriver.execute(RemoteWebDriver.java:459)
	at org.openqa.selenium.remote.RemoteWebDriver.findElement(RemoteWebDriver.java:227)
	at org.openqa.selenium.remote.RemoteWebDriver.findElementByXPath(RemoteWebDriver.java:312)
	at org.openqa.selenium.By$ByXPath.findElement(By.java:344)
	at org.openqa.selenium.remote.RemoteWebDriver.findElement(RemoteWebDriver.java:219)
	at com.pageLibrary.Bill_Settlement_Lib.bs_106_verify_amount_accepting_lessthan_netamount(Bill_Settlement_Lib.java:108)
	at com.testScripts.Bill_Settlement_Lib_Test.BS_106_Verify_Amount_Accepting_LessThan_Netamount(Bill_Settlement_Lib_Test.java:42)
... Removed 27 stack frames]]>
    </failure>
  </testcase> <!-- BS_106_Verify_Amount_Accepting_LessThan_Netamount -->
  <testcase name="BS_106_Verify_Amount_Accepting_MoreThan_Netamount" time="0.003" classname="com.testScripts.Bill_Settlement_Lib_Test">
    <failure type="org.openqa.selenium.WebDriverException" message="no such session
  (Driver info: chromedriver=2.29.461591 (62ebf098771772160f391d75e589dc567915b233),platform=Windows NT 6.1.7600 x86) (WARNING: The server did not provide any stacktrace information)
Command duration or timeout: 3 milliseconds
Build info: version: &amp;apos;2.2.1&amp;apos;, revision: &amp;apos;16551&amp;apos;, time: &amp;apos;2012-04-11 21:42:35&amp;apos;
System info: os.name: &amp;apos;Windows 7&amp;apos;, os.arch: &amp;apos;x86&amp;apos;, os.version: &amp;apos;6.1&amp;apos;, java.version: &amp;apos;1.8.0_121&amp;apos;
Driver info: driver.version: RemoteWebDriver">
      <![CDATA[org.openqa.selenium.WebDriverException: no such session
  (Driver info: chromedriver=2.29.461591 (62ebf098771772160f391d75e589dc567915b233),platform=Windows NT 6.1.7600 x86) (WARNING: The server did not provide any stacktrace information)
Command duration or timeout: 3 milliseconds
Build info: version: '2.2.1', revision: '16551', time: '2012-04-11 21:42:35'
System info: os.name: 'Windows 7', os.arch: 'x86', os.version: '6.1', java.version: '1.8.0_121'
Driver info: driver.version: RemoteWebDriver
	at org.openqa.selenium.remote.ErrorHandler.createThrowable(ErrorHandler.java:175)
	at org.openqa.selenium.remote.ErrorHandler.throwIfResponseFailed(ErrorHandler.java:128)
	at org.openqa.selenium.remote.RemoteWebDriver.execute(RemoteWebDriver.java:459)
	at org.openqa.selenium.remote.RemoteWebDriver.findElement(RemoteWebDriver.java:227)
	at org.openqa.selenium.remote.RemoteWebDriver.findElementByXPath(RemoteWebDriver.java:312)
	at org.openqa.selenium.By$ByXPath.findElement(By.java:344)
	at org.openqa.selenium.remote.RemoteWebDriver.findElement(RemoteWebDriver.java:219)
	at com.pageLibrary.Bill_Settlement_Lib.bs_107_verify_amount_accepting_morethan_netamount(Bill_Settlement_Lib.java:215)
	at com.testScripts.Bill_Settlement_Lib_Test.BS_106_Verify_Amount_Accepting_MoreThan_Netamount(Bill_Settlement_Lib_Test.java:47)
... Removed 27 stack frames]]>
    </failure>
  </testcase> <!-- BS_106_Verify_Amount_Accepting_MoreThan_Netamount -->
  <testcase name="BS_115_Verify_Amount_Accepting_Alphabets_Invalid" time="0.002" classname="com.testScripts.Bill_Settlement_Lib_Test">
    <failure type="org.openqa.selenium.WebDriverException" message="no such session
  (Driver info: chromedriver=2.29.461591 (62ebf098771772160f391d75e589dc567915b233),platform=Windows NT 6.1.7600 x86) (WARNING: The server did not provide any stacktrace information)
Command duration or timeout: 2 milliseconds
Build info: version: &amp;apos;2.2.1&amp;apos;, revision: &amp;apos;16551&amp;apos;, time: &amp;apos;2012-04-11 21:42:35&amp;apos;
System info: os.name: &amp;apos;Windows 7&amp;apos;, os.arch: &amp;apos;x86&amp;apos;, os.version: &amp;apos;6.1&amp;apos;, java.version: &amp;apos;1.8.0_121&amp;apos;
Driver info: driver.version: RemoteWebDriver">
      <![CDATA[org.openqa.selenium.WebDriverException: no such session
  (Driver info: chromedriver=2.29.461591 (62ebf098771772160f391d75e589dc567915b233),platform=Windows NT 6.1.7600 x86) (WARNING: The server did not provide any stacktrace information)
Command duration or timeout: 2 milliseconds
Build info: version: '2.2.1', revision: '16551', time: '2012-04-11 21:42:35'
System info: os.name: 'Windows 7', os.arch: 'x86', os.version: '6.1', java.version: '1.8.0_121'
Driver info: driver.version: RemoteWebDriver
	at org.openqa.selenium.remote.ErrorHandler.createThrowable(ErrorHandler.java:175)
	at org.openqa.selenium.remote.ErrorHandler.throwIfResponseFailed(ErrorHandler.java:128)
	at org.openqa.selenium.remote.RemoteWebDriver.execute(RemoteWebDriver.java:459)
	at org.openqa.selenium.remote.RemoteWebDriver.findElement(RemoteWebDriver.java:227)
	at org.openqa.selenium.remote.RemoteWebDriver.findElementByXPath(RemoteWebDriver.java:312)
	at org.openqa.selenium.By$ByXPath.findElement(By.java:344)
	at org.openqa.selenium.remote.RemoteWebDriver.findElement(RemoteWebDriver.java:219)
	at com.pageLibrary.Bill_Settlement_Lib.bs_115_verify_amount_accepting_alphabets_Invalid(Bill_Settlement_Lib.java:244)
	at com.testScripts.Bill_Settlement_Lib_Test.BS_115_Verify_Amount_Accepting_Alphabets_Invalid(Bill_Settlement_Lib_Test.java:52)
... Removed 27 stack frames]]>
    </failure>
  </testcase> <!-- BS_115_Verify_Amount_Accepting_Alphabets_Invalid -->
  <testcase name="BS_115_Verify_Amount_Accepting_AlphaNumerics_Invalid" time="0.002" classname="com.testScripts.Bill_Settlement_Lib_Test">
    <failure type="org.openqa.selenium.WebDriverException" message="no such session
  (Driver info: chromedriver=2.29.461591 (62ebf098771772160f391d75e589dc567915b233),platform=Windows NT 6.1.7600 x86) (WARNING: The server did not provide any stacktrace information)
Command duration or timeout: 1 milliseconds
Build info: version: &amp;apos;2.2.1&amp;apos;, revision: &amp;apos;16551&amp;apos;, time: &amp;apos;2012-04-11 21:42:35&amp;apos;
System info: os.name: &amp;apos;Windows 7&amp;apos;, os.arch: &amp;apos;x86&amp;apos;, os.version: &amp;apos;6.1&amp;apos;, java.version: &amp;apos;1.8.0_121&amp;apos;
Driver info: driver.version: RemoteWebDriver">
      <![CDATA[org.openqa.selenium.WebDriverException: no such session
  (Driver info: chromedriver=2.29.461591 (62ebf098771772160f391d75e589dc567915b233),platform=Windows NT 6.1.7600 x86) (WARNING: The server did not provide any stacktrace information)
Command duration or timeout: 1 milliseconds
Build info: version: '2.2.1', revision: '16551', time: '2012-04-11 21:42:35'
System info: os.name: 'Windows 7', os.arch: 'x86', os.version: '6.1', java.version: '1.8.0_121'
Driver info: driver.version: RemoteWebDriver
	at org.openqa.selenium.remote.ErrorHandler.createThrowable(ErrorHandler.java:175)
	at org.openqa.selenium.remote.ErrorHandler.throwIfResponseFailed(ErrorHandler.java:128)
	at org.openqa.selenium.remote.RemoteWebDriver.execute(RemoteWebDriver.java:459)
	at org.openqa.selenium.remote.RemoteWebDriver.findElement(RemoteWebDriver.java:227)
	at org.openqa.selenium.remote.RemoteWebDriver.findElementByXPath(RemoteWebDriver.java:312)
	at org.openqa.selenium.By$ByXPath.findElement(By.java:344)
	at org.openqa.selenium.remote.RemoteWebDriver.findElement(RemoteWebDriver.java:219)
	at com.pageLibrary.Bill_Settlement_Lib.bs_115_verify_amount_accepting_alphanumerics_Invalid(Bill_Settlement_Lib.java:259)
	at com.testScripts.Bill_Settlement_Lib_Test.BS_115_Verify_Amount_Accepting_AlphaNumerics_Invalid(Bill_Settlement_Lib_Test.java:58)
... Removed 27 stack frames]]>
    </failure>
  </testcase> <!-- BS_115_Verify_Amount_Accepting_AlphaNumerics_Invalid -->
  <testcase name="BS_115_Verify_Amount_Accepting_SpecialCharacters_Invalid" time="0.001" classname="com.testScripts.Bill_Settlement_Lib_Test">
    <failure type="org.openqa.selenium.WebDriverException" message="no such session
  (Driver info: chromedriver=2.29.461591 (62ebf098771772160f391d75e589dc567915b233),platform=Windows NT 6.1.7600 x86) (WARNING: The server did not provide any stacktrace information)
Command duration or timeout: 1 milliseconds
Build info: version: &amp;apos;2.2.1&amp;apos;, revision: &amp;apos;16551&amp;apos;, time: &amp;apos;2012-04-11 21:42:35&amp;apos;
System info: os.name: &amp;apos;Windows 7&amp;apos;, os.arch: &amp;apos;x86&amp;apos;, os.version: &amp;apos;6.1&amp;apos;, java.version: &amp;apos;1.8.0_121&amp;apos;
Driver info: driver.version: RemoteWebDriver">
      <![CDATA[org.openqa.selenium.WebDriverException: no such session
  (Driver info: chromedriver=2.29.461591 (62ebf098771772160f391d75e589dc567915b233),platform=Windows NT 6.1.7600 x86) (WARNING: The server did not provide any stacktrace information)
Command duration or timeout: 1 milliseconds
Build info: version: '2.2.1', revision: '16551', time: '2012-04-11 21:42:35'
System info: os.name: 'Windows 7', os.arch: 'x86', os.version: '6.1', java.version: '1.8.0_121'
Driver info: driver.version: RemoteWebDriver
	at org.openqa.selenium.remote.ErrorHandler.createThrowable(ErrorHandler.java:175)
	at org.openqa.selenium.remote.ErrorHandler.throwIfResponseFailed(ErrorHandler.java:128)
	at org.openqa.selenium.remote.RemoteWebDriver.execute(RemoteWebDriver.java:459)
	at org.openqa.selenium.remote.RemoteWebDriver.findElement(RemoteWebDriver.java:227)
	at org.openqa.selenium.remote.RemoteWebDriver.findElementByXPath(RemoteWebDriver.java:312)
	at org.openqa.selenium.By$ByXPath.findElement(By.java:344)
	at org.openqa.selenium.remote.RemoteWebDriver.findElement(RemoteWebDriver.java:219)
	at com.pageLibrary.Bill_Settlement_Lib.bs_115_verify_amount_accepting_specialcharacters_Invalid(Bill_Settlement_Lib.java:282)
	at com.testScripts.Bill_Settlement_Lib_Test.BS_115_Verify_Amount_Accepting_SpecialCharacters_Invalid(Bill_Settlement_Lib_Test.java:63)
... Removed 27 stack frames]]>
    </failure>
  </testcase> <!-- BS_115_Verify_Amount_Accepting_SpecialCharacters_Invalid -->
  <testcase name="BS_116_Verify_Amount_Leaving_Blank_Invalid" time="0.002" classname="com.testScripts.Bill_Settlement_Lib_Test">
    <failure type="org.openqa.selenium.WebDriverException" message="no such session
  (Driver info: chromedriver=2.29.461591 (62ebf098771772160f391d75e589dc567915b233),platform=Windows NT 6.1.7600 x86) (WARNING: The server did not provide any stacktrace information)
Command duration or timeout: 2 milliseconds
Build info: version: &amp;apos;2.2.1&amp;apos;, revision: &amp;apos;16551&amp;apos;, time: &amp;apos;2012-04-11 21:42:35&amp;apos;
System info: os.name: &amp;apos;Windows 7&amp;apos;, os.arch: &amp;apos;x86&amp;apos;, os.version: &amp;apos;6.1&amp;apos;, java.version: &amp;apos;1.8.0_121&amp;apos;
Driver info: driver.version: RemoteWebDriver">
      <![CDATA[org.openqa.selenium.WebDriverException: no such session
  (Driver info: chromedriver=2.29.461591 (62ebf098771772160f391d75e589dc567915b233),platform=Windows NT 6.1.7600 x86) (WARNING: The server did not provide any stacktrace information)
Command duration or timeout: 2 milliseconds
Build info: version: '2.2.1', revision: '16551', time: '2012-04-11 21:42:35'
System info: os.name: 'Windows 7', os.arch: 'x86', os.version: '6.1', java.version: '1.8.0_121'
Driver info: driver.version: RemoteWebDriver
	at org.openqa.selenium.remote.ErrorHandler.createThrowable(ErrorHandler.java:175)
	at org.openqa.selenium.remote.ErrorHandler.throwIfResponseFailed(ErrorHandler.java:128)
	at org.openqa.selenium.remote.RemoteWebDriver.execute(RemoteWebDriver.java:459)
	at org.openqa.selenium.remote.RemoteWebDriver.findElement(RemoteWebDriver.java:227)
	at org.openqa.selenium.remote.RemoteWebDriver.findElementByXPath(RemoteWebDriver.java:312)
	at org.openqa.selenium.By$ByXPath.findElement(By.java:344)
	at org.openqa.selenium.remote.RemoteWebDriver.findElement(RemoteWebDriver.java:219)
	at com.pageLibrary.Bill_Settlement_Lib.bs_116_verify_amount_leaving_blank_Invalid(Bill_Settlement_Lib.java:308)
	at com.testScripts.Bill_Settlement_Lib_Test.BS_116_Verify_Amount_Leaving_Blank_Invalid(Bill_Settlement_Lib_Test.java:69)
... Removed 27 stack frames]]>
    </failure>
  </testcase> <!-- BS_116_Verify_Amount_Leaving_Blank_Invalid -->
</testsuite> <!-- test3 -->
