<html>
<head>
<title>TestNG:  test1</title>
<link href="../testng.css" rel="stylesheet" type="text/css" />
<link href="../my-testng.css" rel="stylesheet" type="text/css" />

<style type="text/css">
.log { display: none;} 
.stack-trace { display: none;} 
</style>
<script type="text/javascript">
<!--
function flip(e) {
  current = e.style.display;
  if (current == 'block') {
    e.style.display = 'none';
    return 0;
  }
  else {
    e.style.display = 'block';
    return 1;
  }
}

function toggleBox(szDivId, elem, msg1, msg2)
{
  var res = -1;  if (document.getElementById) {
    res = flip(document.getElementById(szDivId));
  }
  else if (document.all) {
    // this is the way old msie versions work
    res = flip(document.all[szDivId]);
  }
  if(elem) {
    if(res == 0) elem.innerHTML = msg1; else elem.innerHTML = msg2;
  }

}

function toggleAllBoxes() {
  if (document.getElementsByTagName) {
    d = document.getElementsByTagName('div');
    for (i = 0; i < d.length; i++) {
      if (d[i].className == 'log') {
        flip(d[i]);
      }
    }
  }
}

// -->
</script>

</head>
<body>
<h2 align='center'>test1</h2><table border='1' align="center">
<tr>
<td>Tests passed/Failed/Skipped:</td><td>51/14/0</td>
</tr><tr>
<td>Started on:</td><td>Thu Apr 27 14:16:35 IST 2017</td>
</tr>
<tr><td>Total time:</td><td>443 seconds (443283 ms)</td>
</tr><tr>
<td>Included groups:</td><td></td>
</tr><tr>
<td>Excluded groups:</td><td></td>
</tr>
</table><p/>
<small><i>(Hover the method name to see the test class name)</i></small><p/>
<table width='100%' border='1' class='invocation-failed'>
<tr><td colspan='4' align='center'><b>FAILED TESTS</b></td></tr>
<tr><td><b>Test method</b></td>
<td width="30%"><b>Exception</b></td>
<td width="10%"><b>Time (seconds)</b></td>
<td><b>Instance</b></td>
</tr>
<tr>
<td title='com.testScripts.Bill_Settlement_page_test.BS_06_Display_title_of_page()'><b>BS_06_Display_title_of_page</b><br>Test class: com.testScripts.Bill_Settlement_page_test</td>
<td><div><pre>java.lang.AssertionError: expected [Wellness Health Care] but found [Bill Settlement]
	at com.pageLibrary.Bill_Settlement_page.BS_06_display_title_of_page(Bill_Settlement_page.java:145)
	at com.testScripts.Bill_Settlement_page_test.BS_06_Display_title_of_page(Bill_Settlement_page_test.java:41)
... Removed 30 stack frames</pre></div><a href='#' onClick='toggleBox("stack-trace647942", this, "Click to show all stack frames", "Click to hide stack frames")'>Click to show all stack frames</a>
<div class='stack-trace' id='stack-trace647942'><pre>java.lang.AssertionError: expected [Wellness Health Care] but found [Bill Settlement]
	at org.testng.Assert.fail(Assert.java:94)
	at org.testng.Assert.failNotEquals(Assert.java:513)
	at org.testng.Assert.assertEqualsImpl(Assert.java:135)
	at org.testng.Assert.assertEquals(Assert.java:116)
	at org.testng.Assert.assertEquals(Assert.java:190)
	at org.testng.Assert.assertEquals(Assert.java:200)
	at com.pageLibrary.Bill_Settlement_page.BS_06_display_title_of_page(Bill_Settlement_page.java:145)
	at com.testScripts.Bill_Settlement_page_test.BS_06_Display_title_of_page(Bill_Settlement_page_test.java:41)
	at sun.reflect.NativeMethodAccessorImpl.invoke0(Native Method)
	at sun.reflect.NativeMethodAccessorImpl.invoke(NativeMethodAccessorImpl.java:62)
	at sun.reflect.DelegatingMethodAccessorImpl.invoke(DelegatingMethodAccessorImpl.java:43)
	at java.lang.reflect.Method.invoke(Method.java:498)
	at org.testng.internal.MethodInvocationHelper.invokeMethod(MethodInvocationHelper.java:86)
	at org.testng.internal.Invoker.invokeMethod(Invoker.java:643)
	at org.testng.internal.Invoker.invokeTestMethod(Invoker.java:820)
	at org.testng.internal.Invoker.invokeTestMethods(Invoker.java:1128)
	at org.testng.internal.TestMethodWorker.invokeTestMethods(TestMethodWorker.java:129)
	at org.testng.internal.TestMethodWorker.run(TestMethodWorker.java:112)
	at org.testng.TestRunner.privateRun(TestRunner.java:782)
	at org.testng.TestRunner.run(TestRunner.java:632)
	at org.testng.SuiteRunner.runTest(SuiteRunner.java:366)
	at org.testng.SuiteRunner.runSequentially(SuiteRunner.java:361)
	at org.testng.SuiteRunner.privateRun(SuiteRunner.java:319)
	at org.testng.SuiteRunner.run(SuiteRunner.java:268)
	at org.testng.SuiteRunnerWorker.runSuite(SuiteRunnerWorker.java:52)
	at org.testng.SuiteRunnerWorker.run(SuiteRunnerWorker.java:86)
	at org.testng.TestNG.runSuitesSequentially(TestNG.java:1244)
	at org.testng.TestNG.runSuitesLocally(TestNG.java:1169)
	at org.testng.TestNG.run(TestNG.java:1064)
	at org.testng.remote.AbstractRemoteTestNG.run(AbstractRemoteTestNG.java:132)
	at org.testng.remote.RemoteTestNG.initAndRun(RemoteTestNG.java:230)
	at org.testng.remote.RemoteTestNG.main(RemoteTestNG.java:76)
</pre></div></td>
<td>0</td>
<td>com.testScripts.Bill_Settlement_page_test@1529185</td></tr>
<tr>
<td title='com.testScripts.Bill_Settlement_page_test.BS_09_Search_by_guest_name_as_special_and_numeric_character()'><b>BS_09_Search_by_guest_name_as_special_and_numeric_character</b><br>Test class: com.testScripts.Bill_Settlement_page_test<br/>
<a href="#Output-27020257" onClick='toggleBox("Output-27020257", this, "Show output", "Hide output");'>Show output</a>

<a href="#Output-27020257" onClick="toggleAllBoxes();">Show all outputs</a>
<div class='log' id="Output-27020257">
Entered @%$1234 at guest name as alphanumeric with special character <br/>
System accepted to enter alphanumeric at guest name text box<br/>
No records are found!
Bill No Bill Generated Date Guest Name Bill amount Due Amount Staff Name<br/>
</div>
</td>
<td><div><pre>java.lang.AssertionError: expected [false] but found [true]
	at com.pageLibrary.Bill_Settlement_page.BS_09_search_by_guest_name_as_special_and_numeric_character(Bill_Settlement_page.java:243)
	at com.testScripts.Bill_Settlement_page_test.BS_09_Search_by_guest_name_as_special_and_numeric_character(Bill_Settlement_page_test.java:56)
... Removed 28 stack frames</pre></div><a href='#' onClick='toggleBox("stack-trace27020257", this, "Click to show all stack frames", "Click to hide stack frames")'>Click to show all stack frames</a>
<div class='stack-trace' id='stack-trace27020257'><pre>java.lang.AssertionError: expected [false] but found [true]
	at org.testng.Assert.fail(Assert.java:94)
	at org.testng.Assert.failNotEquals(Assert.java:513)
	at org.testng.Assert.assertFalse(Assert.java:63)
	at org.testng.Assert.assertFalse(Assert.java:73)
	at com.pageLibrary.Bill_Settlement_page.BS_09_search_by_guest_name_as_special_and_numeric_character(Bill_Settlement_page.java:243)
	at com.testScripts.Bill_Settlement_page_test.BS_09_Search_by_guest_name_as_special_and_numeric_character(Bill_Settlement_page_test.java:56)
	at sun.reflect.NativeMethodAccessorImpl.invoke0(Native Method)
	at sun.reflect.NativeMethodAccessorImpl.invoke(NativeMethodAccessorImpl.java:62)
	at sun.reflect.DelegatingMethodAccessorImpl.invoke(DelegatingMethodAccessorImpl.java:43)
	at java.lang.reflect.Method.invoke(Method.java:498)
	at org.testng.internal.MethodInvocationHelper.invokeMethod(MethodInvocationHelper.java:86)
	at org.testng.internal.Invoker.invokeMethod(Invoker.java:643)
	at org.testng.internal.Invoker.invokeTestMethod(Invoker.java:820)
	at org.testng.internal.Invoker.invokeTestMethods(Invoker.java:1128)
	at org.testng.internal.TestMethodWorker.invokeTestMethods(TestMethodWorker.java:129)
	at org.testng.internal.TestMethodWorker.run(TestMethodWorker.java:112)
	at org.testng.TestRunner.privateRun(TestRunner.java:782)
	at org.testng.TestRunner.run(TestRunner.java:632)
	at org.testng.SuiteRunner.runTest(SuiteRunner.java:366)
	at org.testng.SuiteRunner.runSequentially(SuiteRunner.java:361)
	at org.testng.SuiteRunner.privateRun(SuiteRunner.java:319)
	at org.testng.SuiteRunner.run(SuiteRunner.java:268)
	at org.testng.SuiteRunnerWorker.runSuite(SuiteRunnerWorker.java:52)
	at org.testng.SuiteRunnerWorker.run(SuiteRunnerWorker.java:86)
	at org.testng.TestNG.runSuitesSequentially(TestNG.java:1244)
	at org.testng.TestNG.runSuitesLocally(TestNG.java:1169)
	at org.testng.TestNG.run(TestNG.java:1064)
	at org.testng.remote.AbstractRemoteTestNG.run(AbstractRemoteTestNG.java:132)
	at org.testng.remote.RemoteTestNG.initAndRun(RemoteTestNG.java:230)
	at org.testng.remote.RemoteTestNG.main(RemoteTestNG.java:76)
</pre></div></td>
<td>3</td>
<td>com.testScripts.Bill_Settlement_page_test@1529185</td></tr>
<tr>
<td title='com.testScripts.Bill_Settlement_page_test.BS_11_Click_bill_n0_link()'><b>BS_11_Click_bill_n0_link</b><br>Test class: com.testScripts.Bill_Settlement_page_test<br/>
<a href="#Output-13280608" onClick='toggleBox("Output-13280608", this, "Show output", "Hide output");'>Show output</a>

<a href="#Output-13280608" onClick="toggleAllBoxes();">Show all outputs</a>
<div class='log' id="Output-13280608">
cleared textbox of search by guest name<br/>
Clicked on Search button<br/>
</div>
</td>
<td><div><pre>java.lang.AssertionError: expected [true] but found [false]
	at com.pageLibrary.Bill_Settlement_page.BS_11_click_bill_n0_link(Bill_Settlement_page.java:311)
	at com.testScripts.Bill_Settlement_page_test.BS_11_Click_bill_n0_link(Bill_Settlement_page_test.java:66)
... Removed 28 stack frames</pre></div><a href='#' onClick='toggleBox("stack-trace13280608", this, "Click to show all stack frames", "Click to hide stack frames")'>Click to show all stack frames</a>
<div class='stack-trace' id='stack-trace13280608'><pre>java.lang.AssertionError: expected [true] but found [false]
	at org.testng.Assert.fail(Assert.java:94)
	at org.testng.Assert.failNotEquals(Assert.java:513)
	at org.testng.Assert.assertTrue(Assert.java:42)
	at org.testng.Assert.assertTrue(Assert.java:52)
	at com.pageLibrary.Bill_Settlement_page.BS_11_click_bill_n0_link(Bill_Settlement_page.java:311)
	at com.testScripts.Bill_Settlement_page_test.BS_11_Click_bill_n0_link(Bill_Settlement_page_test.java:66)
	at sun.reflect.NativeMethodAccessorImpl.invoke0(Native Method)
	at sun.reflect.NativeMethodAccessorImpl.invoke(NativeMethodAccessorImpl.java:62)
	at sun.reflect.DelegatingMethodAccessorImpl.invoke(DelegatingMethodAccessorImpl.java:43)
	at java.lang.reflect.Method.invoke(Method.java:498)
	at org.testng.internal.MethodInvocationHelper.invokeMethod(MethodInvocationHelper.java:86)
	at org.testng.internal.Invoker.invokeMethod(Invoker.java:643)
	at org.testng.internal.Invoker.invokeTestMethod(Invoker.java:820)
	at org.testng.internal.Invoker.invokeTestMethods(Invoker.java:1128)
	at org.testng.internal.TestMethodWorker.invokeTestMethods(TestMethodWorker.java:129)
	at org.testng.internal.TestMethodWorker.run(TestMethodWorker.java:112)
	at org.testng.TestRunner.privateRun(TestRunner.java:782)
	at org.testng.TestRunner.run(TestRunner.java:632)
	at org.testng.SuiteRunner.runTest(SuiteRunner.java:366)
	at org.testng.SuiteRunner.runSequentially(SuiteRunner.java:361)
	at org.testng.SuiteRunner.privateRun(SuiteRunner.java:319)
	at org.testng.SuiteRunner.run(SuiteRunner.java:268)
	at org.testng.SuiteRunnerWorker.runSuite(SuiteRunnerWorker.java:52)
	at org.testng.SuiteRunnerWorker.run(SuiteRunnerWorker.java:86)
	at org.testng.TestNG.runSuitesSequentially(TestNG.java:1244)
	at org.testng.TestNG.runSuitesLocally(TestNG.java:1169)
	at org.testng.TestNG.run(TestNG.java:1064)
	at org.testng.remote.AbstractRemoteTestNG.run(AbstractRemoteTestNG.java:132)
	at org.testng.remote.RemoteTestNG.initAndRun(RemoteTestNG.java:230)
	at org.testng.remote.RemoteTestNG.main(RemoteTestNG.java:76)
</pre></div></td>
<td>5</td>
<td>com.testScripts.Bill_Settlement_page_test@1529185</td></tr>
<tr>
<td title='com.testScripts.Bill_Settlement_page_test.BS_21_Click_add_settlement_button()'><b>BS_21_Click_add_settlement_button</b><br>Test class: com.testScripts.Bill_Settlement_page_test<br/>
<a href="#Output-32357453" onClick='toggleBox("Output-32357453", this, "Show output", "Hide output");'>Show output</a>

<a href="#Output-32357453" onClick="toggleAllBoxes();">Show all outputs</a>
<div class='log' id="Output-32357453">
Clicked bill no link <br/>
Clicked add settlement button <br/>
Please Select Payment Mode <br/>
</div>
</td>
<td><div><pre>java.lang.AssertionError: expected [Please Select Payment Mode ] but found [Please Select Payment Mode]
	at com.pageLibrary.Bill_Settlement_page.BS_21_click_add_settlement_button(Bill_Settlement_page.java:685)
	at com.testScripts.Bill_Settlement_page_test.BS_21_Click_add_settlement_button(Bill_Settlement_page_test.java:127)
... Removed 30 stack frames</pre></div><a href='#' onClick='toggleBox("stack-trace32357453", this, "Click to show all stack frames", "Click to hide stack frames")'>Click to show all stack frames</a>
<div class='stack-trace' id='stack-trace32357453'><pre>java.lang.AssertionError: expected [Please Select Payment Mode ] but found [Please Select Payment Mode]
	at org.testng.Assert.fail(Assert.java:94)
	at org.testng.Assert.failNotEquals(Assert.java:513)
	at org.testng.Assert.assertEqualsImpl(Assert.java:135)
	at org.testng.Assert.assertEquals(Assert.java:116)
	at org.testng.Assert.assertEquals(Assert.java:190)
	at org.testng.Assert.assertEquals(Assert.java:200)
	at com.pageLibrary.Bill_Settlement_page.BS_21_click_add_settlement_button(Bill_Settlement_page.java:685)
	at com.testScripts.Bill_Settlement_page_test.BS_21_Click_add_settlement_button(Bill_Settlement_page_test.java:127)
	at sun.reflect.NativeMethodAccessorImpl.invoke0(Native Method)
	at sun.reflect.NativeMethodAccessorImpl.invoke(NativeMethodAccessorImpl.java:62)
	at sun.reflect.DelegatingMethodAccessorImpl.invoke(DelegatingMethodAccessorImpl.java:43)
	at java.lang.reflect.Method.invoke(Method.java:498)
	at org.testng.internal.MethodInvocationHelper.invokeMethod(MethodInvocationHelper.java:86)
	at org.testng.internal.Invoker.invokeMethod(Invoker.java:643)
	at org.testng.internal.Invoker.invokeTestMethod(Invoker.java:820)
	at org.testng.internal.Invoker.invokeTestMethods(Invoker.java:1128)
	at org.testng.internal.TestMethodWorker.invokeTestMethods(TestMethodWorker.java:129)
	at org.testng.internal.TestMethodWorker.run(TestMethodWorker.java:112)
	at org.testng.TestRunner.privateRun(TestRunner.java:782)
	at org.testng.TestRunner.run(TestRunner.java:632)
	at org.testng.SuiteRunner.runTest(SuiteRunner.java:366)
	at org.testng.SuiteRunner.runSequentially(SuiteRunner.java:361)
	at org.testng.SuiteRunner.privateRun(SuiteRunner.java:319)
	at org.testng.SuiteRunner.run(SuiteRunner.java:268)
	at org.testng.SuiteRunnerWorker.runSuite(SuiteRunnerWorker.java:52)
	at org.testng.SuiteRunnerWorker.run(SuiteRunnerWorker.java:86)
	at org.testng.TestNG.runSuitesSequentially(TestNG.java:1244)
	at org.testng.TestNG.runSuitesLocally(TestNG.java:1169)
	at org.testng.TestNG.run(TestNG.java:1064)
	at org.testng.remote.AbstractRemoteTestNG.run(AbstractRemoteTestNG.java:132)
	at org.testng.remote.RemoteTestNG.initAndRun(RemoteTestNG.java:230)
	at org.testng.remote.RemoteTestNG.main(RemoteTestNG.java:76)
</pre></div></td>
<td>6</td>
<td>com.testScripts.Bill_Settlement_page_test@1529185</td></tr>
<tr>
<td title='com.testScripts.Bill_Settlement_page_test.BS_31_Enter_amount()'><b>BS_31_Enter_amount</b><br>Test class: com.testScripts.Bill_Settlement_page_test<br/>
<a href="#Output-11314315" onClick='toggleBox("Output-11314315", this, "Show output", "Hide output");'>Show output</a>

<a href="#Output-11314315" onClick="toggleAllBoxes();">Show all outputs</a>
<div class='log' id="Output-11314315">
Bill No. link is clicked<br/>
BillToCompany<br/>
Available CreditList Amount:100000 selected value is displayed<br/>
Entered amount in textbox<br/>
Clicked add settlement button<br/>
103.00<br/>
</div>
</td>
<td><div><pre>java.lang.AssertionError: expected [103.50] but found [103.00]
	at com.pageLibrary.Bill_Settlement_page.BS_31_enter_amount(Bill_Settlement_page.java:1018)
	at com.testScripts.Bill_Settlement_page_test.BS_31_Enter_amount(Bill_Settlement_page_test.java:188)
... Removed 30 stack frames</pre></div><a href='#' onClick='toggleBox("stack-trace11314315", this, "Click to show all stack frames", "Click to hide stack frames")'>Click to show all stack frames</a>
<div class='stack-trace' id='stack-trace11314315'><pre>java.lang.AssertionError: expected [103.50] but found [103.00]
	at org.testng.Assert.fail(Assert.java:94)
	at org.testng.Assert.failNotEquals(Assert.java:513)
	at org.testng.Assert.assertEqualsImpl(Assert.java:135)
	at org.testng.Assert.assertEquals(Assert.java:116)
	at org.testng.Assert.assertEquals(Assert.java:190)
	at org.testng.Assert.assertEquals(Assert.java:200)
	at com.pageLibrary.Bill_Settlement_page.BS_31_enter_amount(Bill_Settlement_page.java:1018)
	at com.testScripts.Bill_Settlement_page_test.BS_31_Enter_amount(Bill_Settlement_page_test.java:188)
	at sun.reflect.NativeMethodAccessorImpl.invoke0(Native Method)
	at sun.reflect.NativeMethodAccessorImpl.invoke(NativeMethodAccessorImpl.java:62)
	at sun.reflect.DelegatingMethodAccessorImpl.invoke(DelegatingMethodAccessorImpl.java:43)
	at java.lang.reflect.Method.invoke(Method.java:498)
	at org.testng.internal.MethodInvocationHelper.invokeMethod(MethodInvocationHelper.java:86)
	at org.testng.internal.Invoker.invokeMethod(Invoker.java:643)
	at org.testng.internal.Invoker.invokeTestMethod(Invoker.java:820)
	at org.testng.internal.Invoker.invokeTestMethods(Invoker.java:1128)
	at org.testng.internal.TestMethodWorker.invokeTestMethods(TestMethodWorker.java:129)
	at org.testng.internal.TestMethodWorker.run(TestMethodWorker.java:112)
	at org.testng.TestRunner.privateRun(TestRunner.java:782)
	at org.testng.TestRunner.run(TestRunner.java:632)
	at org.testng.SuiteRunner.runTest(SuiteRunner.java:366)
	at org.testng.SuiteRunner.runSequentially(SuiteRunner.java:361)
	at org.testng.SuiteRunner.privateRun(SuiteRunner.java:319)
	at org.testng.SuiteRunner.run(SuiteRunner.java:268)
	at org.testng.SuiteRunnerWorker.runSuite(SuiteRunnerWorker.java:52)
	at org.testng.SuiteRunnerWorker.run(SuiteRunnerWorker.java:86)
	at org.testng.TestNG.runSuitesSequentially(TestNG.java:1244)
	at org.testng.TestNG.runSuitesLocally(TestNG.java:1169)
	at org.testng.TestNG.run(TestNG.java:1064)
	at org.testng.remote.AbstractRemoteTestNG.run(AbstractRemoteTestNG.java:132)
	at org.testng.remote.RemoteTestNG.initAndRun(RemoteTestNG.java:230)
	at org.testng.remote.RemoteTestNG.main(RemoteTestNG.java:76)
</pre></div></td>
<td>11</td>
<td>com.testScripts.Bill_Settlement_page_test@1529185</td></tr>
<tr>
<td title='com.testScripts.Bill_Settlement_page_test.BS_33_Enter_amount_lessThanEqualTo_netAmount()'><b>BS_33_Enter_amount_lessThanEqualTo_netAmount</b><br>Test class: com.testScripts.Bill_Settlement_page_test<br/>
<a href="#Output-20409325" onClick='toggleBox("Output-20409325", this, "Show output", "Hide output");'>Show output</a>

<a href="#Output-20409325" onClick="toggleAllBoxes();">Show all outputs</a>
<div class='log' id="Output-20409325">
BillToCompany is selected<br/>
popup is accepted<br/>
Entered amount in textbox<br/>
103.00<br/>
</div>
</td>
<td><div><pre>java.lang.AssertionError: expected [103.50] but found [103.00]
	at com.pageLibrary.Bill_Settlement_page.BS_33_enter_amount_lessThanEqualTo_netAmount(Bill_Settlement_page.java:1121)
	at com.testScripts.Bill_Settlement_page_test.BS_33_Enter_amount_lessThanEqualTo_netAmount(Bill_Settlement_page_test.java:200)
... Removed 30 stack frames</pre></div><a href='#' onClick='toggleBox("stack-trace20409325", this, "Click to show all stack frames", "Click to hide stack frames")'>Click to show all stack frames</a>
<div class='stack-trace' id='stack-trace20409325'><pre>java.lang.AssertionError: expected [103.50] but found [103.00]
	at org.testng.Assert.fail(Assert.java:94)
	at org.testng.Assert.failNotEquals(Assert.java:513)
	at org.testng.Assert.assertEqualsImpl(Assert.java:135)
	at org.testng.Assert.assertEquals(Assert.java:116)
	at org.testng.Assert.assertEquals(Assert.java:190)
	at org.testng.Assert.assertEquals(Assert.java:200)
	at com.pageLibrary.Bill_Settlement_page.BS_33_enter_amount_lessThanEqualTo_netAmount(Bill_Settlement_page.java:1121)
	at com.testScripts.Bill_Settlement_page_test.BS_33_Enter_amount_lessThanEqualTo_netAmount(Bill_Settlement_page_test.java:200)
	at sun.reflect.NativeMethodAccessorImpl.invoke0(Native Method)
	at sun.reflect.NativeMethodAccessorImpl.invoke(NativeMethodAccessorImpl.java:62)
	at sun.reflect.DelegatingMethodAccessorImpl.invoke(DelegatingMethodAccessorImpl.java:43)
	at java.lang.reflect.Method.invoke(Method.java:498)
	at org.testng.internal.MethodInvocationHelper.invokeMethod(MethodInvocationHelper.java:86)
	at org.testng.internal.Invoker.invokeMethod(Invoker.java:643)
	at org.testng.internal.Invoker.invokeTestMethod(Invoker.java:820)
	at org.testng.internal.Invoker.invokeTestMethods(Invoker.java:1128)
	at org.testng.internal.TestMethodWorker.invokeTestMethods(TestMethodWorker.java:129)
	at org.testng.internal.TestMethodWorker.run(TestMethodWorker.java:112)
	at org.testng.TestRunner.privateRun(TestRunner.java:782)
	at org.testng.TestRunner.run(TestRunner.java:632)
	at org.testng.SuiteRunner.runTest(SuiteRunner.java:366)
	at org.testng.SuiteRunner.runSequentially(SuiteRunner.java:361)
	at org.testng.SuiteRunner.privateRun(SuiteRunner.java:319)
	at org.testng.SuiteRunner.run(SuiteRunner.java:268)
	at org.testng.SuiteRunnerWorker.runSuite(SuiteRunnerWorker.java:52)
	at org.testng.SuiteRunnerWorker.run(SuiteRunnerWorker.java:86)
	at org.testng.TestNG.runSuitesSequentially(TestNG.java:1244)
	at org.testng.TestNG.runSuitesLocally(TestNG.java:1169)
	at org.testng.TestNG.run(TestNG.java:1064)
	at org.testng.remote.AbstractRemoteTestNG.run(AbstractRemoteTestNG.java:132)
	at org.testng.remote.RemoteTestNG.initAndRun(RemoteTestNG.java:230)
	at org.testng.remote.RemoteTestNG.main(RemoteTestNG.java:76)
</pre></div></td>
<td>10</td>
<td>com.testScripts.Bill_Settlement_page_test@1529185</td></tr>
<tr>
<td title='com.testScripts.Bill_Settlement_page_test.BS_36_Deselect_corporate_and_select()'><b>BS_36_Deselect_corporate_and_select</b><br>Test class: com.testScripts.Bill_Settlement_page_test<br/>
<a href="#Output-20224131" onClick='toggleBox("Output-20224131", this, "Show output", "Hide output");'>Show output</a>

<a href="#Output-20224131" onClick="toggleAllBoxes();">Show all outputs</a>
<div class='log' id="Output-20224131">
BillToCompany is selected<br/>
Popup is accepted<br/>
After selected value from corporate dropdown clicked ok button<br/>
Corporate dropdown value is deselected <br/>
</div>
</td>
<td><div><pre>java.lang.AssertionError: expected [false] but found [true]
	at com.pageLibrary.Bill_Settlement_page.BS_36_deselect_corporate_and_select(Bill_Settlement_page.java:1279)
	at com.testScripts.Bill_Settlement_page_test.BS_36_Deselect_corporate_and_select(Bill_Settlement_page_test.java:218)
... Removed 28 stack frames</pre></div><a href='#' onClick='toggleBox("stack-trace20224131", this, "Click to show all stack frames", "Click to hide stack frames")'>Click to show all stack frames</a>
<div class='stack-trace' id='stack-trace20224131'><pre>java.lang.AssertionError: expected [false] but found [true]
	at org.testng.Assert.fail(Assert.java:94)
	at org.testng.Assert.failNotEquals(Assert.java:513)
	at org.testng.Assert.assertFalse(Assert.java:63)
	at org.testng.Assert.assertFalse(Assert.java:73)
	at com.pageLibrary.Bill_Settlement_page.BS_36_deselect_corporate_and_select(Bill_Settlement_page.java:1279)
	at com.testScripts.Bill_Settlement_page_test.BS_36_Deselect_corporate_and_select(Bill_Settlement_page_test.java:218)
	at sun.reflect.NativeMethodAccessorImpl.invoke0(Native Method)
	at sun.reflect.NativeMethodAccessorImpl.invoke(NativeMethodAccessorImpl.java:62)
	at sun.reflect.DelegatingMethodAccessorImpl.invoke(DelegatingMethodAccessorImpl.java:43)
	at java.lang.reflect.Method.invoke(Method.java:498)
	at org.testng.internal.MethodInvocationHelper.invokeMethod(MethodInvocationHelper.java:86)
	at org.testng.internal.Invoker.invokeMethod(Invoker.java:643)
	at org.testng.internal.Invoker.invokeTestMethod(Invoker.java:820)
	at org.testng.internal.Invoker.invokeTestMethods(Invoker.java:1128)
	at org.testng.internal.TestMethodWorker.invokeTestMethods(TestMethodWorker.java:129)
	at org.testng.internal.TestMethodWorker.run(TestMethodWorker.java:112)
	at org.testng.TestRunner.privateRun(TestRunner.java:782)
	at org.testng.TestRunner.run(TestRunner.java:632)
	at org.testng.SuiteRunner.runTest(SuiteRunner.java:366)
	at org.testng.SuiteRunner.runSequentially(SuiteRunner.java:361)
	at org.testng.SuiteRunner.privateRun(SuiteRunner.java:319)
	at org.testng.SuiteRunner.run(SuiteRunner.java:268)
	at org.testng.SuiteRunnerWorker.runSuite(SuiteRunnerWorker.java:52)
	at org.testng.SuiteRunnerWorker.run(SuiteRunnerWorker.java:86)
	at org.testng.TestNG.runSuitesSequentially(TestNG.java:1244)
	at org.testng.TestNG.runSuitesLocally(TestNG.java:1169)
	at org.testng.TestNG.run(TestNG.java:1064)
	at org.testng.remote.AbstractRemoteTestNG.run(AbstractRemoteTestNG.java:132)
	at org.testng.remote.RemoteTestNG.initAndRun(RemoteTestNG.java:230)
	at org.testng.remote.RemoteTestNG.main(RemoteTestNG.java:76)
</pre></div></td>
<td>9</td>
<td>com.testScripts.Bill_Settlement_page_test@1529185</td></tr>
<tr>
<td title='com.testScripts.Bill_Settlement_page_test.BS_50_Click_add_settlement_without_selelect_member_name()'><b>BS_50_Click_add_settlement_without_selelect_member_name</b><br>Test class: com.testScripts.Bill_Settlement_page_test<br/>
<a href="#Output-11084731" onClick='toggleBox("Output-11084731", this, "Show output", "Hide output");'>Show output</a>

<a href="#Output-11084731" onClick="toggleAllBoxes();">Show all outputs</a>
<div class='log' id="Output-11084731">
Membership is selected<br/>
Please Enter valid amount <br/>
</div>
</td>
<td><div><pre>java.lang.AssertionError: expected [Please Enter valid amount ] but found [Please select member name]
	at com.pageLibrary.Bill_Settlement_page.BS_50_click_add_settlement_without_selelect_member_name(Bill_Settlement_page.java:1843)
	at com.testScripts.Bill_Settlement_page_test.BS_50_Click_add_settlement_without_selelect_member_name(Bill_Settlement_page_test.java:296)
... Removed 30 stack frames</pre></div><a href='#' onClick='toggleBox("stack-trace11084731", this, "Click to show all stack frames", "Click to hide stack frames")'>Click to show all stack frames</a>
<div class='stack-trace' id='stack-trace11084731'><pre>java.lang.AssertionError: expected [Please Enter valid amount ] but found [Please select member name]
	at org.testng.Assert.fail(Assert.java:94)
	at org.testng.Assert.failNotEquals(Assert.java:513)
	at org.testng.Assert.assertEqualsImpl(Assert.java:135)
	at org.testng.Assert.assertEquals(Assert.java:116)
	at org.testng.Assert.assertEquals(Assert.java:190)
	at org.testng.Assert.assertEquals(Assert.java:200)
	at com.pageLibrary.Bill_Settlement_page.BS_50_click_add_settlement_without_selelect_member_name(Bill_Settlement_page.java:1843)
	at com.testScripts.Bill_Settlement_page_test.BS_50_Click_add_settlement_without_selelect_member_name(Bill_Settlement_page_test.java:296)
	at sun.reflect.NativeMethodAccessorImpl.invoke0(Native Method)
	at sun.reflect.NativeMethodAccessorImpl.invoke(NativeMethodAccessorImpl.java:62)
	at sun.reflect.DelegatingMethodAccessorImpl.invoke(DelegatingMethodAccessorImpl.java:43)
	at java.lang.reflect.Method.invoke(Method.java:498)
	at org.testng.internal.MethodInvocationHelper.invokeMethod(MethodInvocationHelper.java:86)
	at org.testng.internal.Invoker.invokeMethod(Invoker.java:643)
	at org.testng.internal.Invoker.invokeTestMethod(Invoker.java:820)
	at org.testng.internal.Invoker.invokeTestMethods(Invoker.java:1128)
	at org.testng.internal.TestMethodWorker.invokeTestMethods(TestMethodWorker.java:129)
	at org.testng.internal.TestMethodWorker.run(TestMethodWorker.java:112)
	at org.testng.TestRunner.privateRun(TestRunner.java:782)
	at org.testng.TestRunner.run(TestRunner.java:632)
	at org.testng.SuiteRunner.runTest(SuiteRunner.java:366)
	at org.testng.SuiteRunner.runSequentially(SuiteRunner.java:361)
	at org.testng.SuiteRunner.privateRun(SuiteRunner.java:319)
	at org.testng.SuiteRunner.run(SuiteRunner.java:268)
	at org.testng.SuiteRunnerWorker.runSuite(SuiteRunnerWorker.java:52)
	at org.testng.SuiteRunnerWorker.run(SuiteRunnerWorker.java:86)
	at org.testng.TestNG.runSuitesSequentially(TestNG.java:1244)
	at org.testng.TestNG.runSuitesLocally(TestNG.java:1169)
	at org.testng.TestNG.run(TestNG.java:1064)
	at org.testng.remote.AbstractRemoteTestNG.run(AbstractRemoteTestNG.java:132)
	at org.testng.remote.RemoteTestNG.initAndRun(RemoteTestNG.java:230)
	at org.testng.remote.RemoteTestNG.main(RemoteTestNG.java:76)
</pre></div></td>
<td>5</td>
<td>com.testScripts.Bill_Settlement_page_test@1529185</td></tr>
<tr>
<td title='com.testScripts.Staff_Login_Test.SL_04_Verify_Login_Invaild_Username_Invalid_Password()'><b>SL_04_Verify_Login_Invaild_Username_Invalid_Password</b><br>Test class: com.testScripts.Staff_Login_Test<br/>
<a href="#Output-12672395" onClick='toggleBox("Output-12672395", this, "Show output", "Hide output");'>Show output</a>

<a href="#Output-12672395" onClick="toggleAllBoxes();">Show all outputs</a>
<div class='log' id="Output-12672395">
Launch_Application: Wellness Application Launched Successfully<br/>
                               <br/>
Entered Invalid Username<br/>
Entered Invalid Password<br/>
Alert not presented<br/>
Shoud display message as Please Enter Username and Password Correctly<br/>
</div>
</td>
<td><div><pre>java.lang.AssertionError: expected [true] but found [false]
	at com.pageLibrary.Staff_Login.sl_04_Verify_Staff_Login_InValid_Username_InValid_Password(Staff_Login.java:132)
	at com.testScripts.Staff_Login_Test.SL_04_Verify_Login_Invaild_Username_Invalid_Password(Staff_Login_Test.java:46)
... Removed 28 stack frames</pre></div><a href='#' onClick='toggleBox("stack-trace12672395", this, "Click to show all stack frames", "Click to hide stack frames")'>Click to show all stack frames</a>
<div class='stack-trace' id='stack-trace12672395'><pre>java.lang.AssertionError: expected [true] but found [false]
	at org.testng.Assert.fail(Assert.java:94)
	at org.testng.Assert.failNotEquals(Assert.java:513)
	at org.testng.Assert.assertTrue(Assert.java:42)
	at org.testng.Assert.assertTrue(Assert.java:52)
	at com.pageLibrary.Staff_Login.sl_04_Verify_Staff_Login_InValid_Username_InValid_Password(Staff_Login.java:132)
	at com.testScripts.Staff_Login_Test.SL_04_Verify_Login_Invaild_Username_Invalid_Password(Staff_Login_Test.java:46)
	at sun.reflect.NativeMethodAccessorImpl.invoke0(Native Method)
	at sun.reflect.NativeMethodAccessorImpl.invoke(NativeMethodAccessorImpl.java:62)
	at sun.reflect.DelegatingMethodAccessorImpl.invoke(DelegatingMethodAccessorImpl.java:43)
	at java.lang.reflect.Method.invoke(Method.java:498)
	at org.testng.internal.MethodInvocationHelper.invokeMethod(MethodInvocationHelper.java:86)
	at org.testng.internal.Invoker.invokeMethod(Invoker.java:643)
	at org.testng.internal.Invoker.invokeTestMethod(Invoker.java:820)
	at org.testng.internal.Invoker.invokeTestMethods(Invoker.java:1128)
	at org.testng.internal.TestMethodWorker.invokeTestMethods(TestMethodWorker.java:129)
	at org.testng.internal.TestMethodWorker.run(TestMethodWorker.java:112)
	at org.testng.TestRunner.privateRun(TestRunner.java:782)
	at org.testng.TestRunner.run(TestRunner.java:632)
	at org.testng.SuiteRunner.runTest(SuiteRunner.java:366)
	at org.testng.SuiteRunner.runSequentially(SuiteRunner.java:361)
	at org.testng.SuiteRunner.privateRun(SuiteRunner.java:319)
	at org.testng.SuiteRunner.run(SuiteRunner.java:268)
	at org.testng.SuiteRunnerWorker.runSuite(SuiteRunnerWorker.java:52)
	at org.testng.SuiteRunnerWorker.run(SuiteRunnerWorker.java:86)
	at org.testng.TestNG.runSuitesSequentially(TestNG.java:1244)
	at org.testng.TestNG.runSuitesLocally(TestNG.java:1169)
	at org.testng.TestNG.run(TestNG.java:1064)
	at org.testng.remote.AbstractRemoteTestNG.run(AbstractRemoteTestNG.java:132)
	at org.testng.remote.RemoteTestNG.initAndRun(RemoteTestNG.java:230)
	at org.testng.remote.RemoteTestNG.main(RemoteTestNG.java:76)
</pre></div></td>
<td>8</td>
<td>com.testScripts.Staff_Login_Test@145b572</td></tr>
<tr>
<td title='com.testScripts.Staff_Login_Test.SL_05_Verify_Login_Vaild_Username_Invalid_Password()'><b>SL_05_Verify_Login_Vaild_Username_Invalid_Password</b><br>Test class: com.testScripts.Staff_Login_Test<br/>
<a href="#Output-15450979" onClick='toggleBox("Output-15450979", this, "Show output", "Hide output");'>Show output</a>

<a href="#Output-15450979" onClick="toggleAllBoxes();">Show all outputs</a>
<div class='log' id="Output-15450979">
Launch_Application: Wellness Application Launched Successfully<br/>
                               <br/>
Entered Valid Username<br/>
Entered Invalid Password<br/>
Alert not presented<br/>
Shoud display message as Please Enter Password Correctly<br/>
</div>
</td>
<td><div><pre>java.lang.AssertionError: expected [true] but found [false]
	at com.pageLibrary.Staff_Login.sl_05_Verify_Staff_Login_Valid_Username_InValid_Password(Staff_Login.java:175)
	at com.testScripts.Staff_Login_Test.SL_05_Verify_Login_Vaild_Username_Invalid_Password(Staff_Login_Test.java:53)
... Removed 28 stack frames</pre></div><a href='#' onClick='toggleBox("stack-trace15450979", this, "Click to show all stack frames", "Click to hide stack frames")'>Click to show all stack frames</a>
<div class='stack-trace' id='stack-trace15450979'><pre>java.lang.AssertionError: expected [true] but found [false]
	at org.testng.Assert.fail(Assert.java:94)
	at org.testng.Assert.failNotEquals(Assert.java:513)
	at org.testng.Assert.assertTrue(Assert.java:42)
	at org.testng.Assert.assertTrue(Assert.java:52)
	at com.pageLibrary.Staff_Login.sl_05_Verify_Staff_Login_Valid_Username_InValid_Password(Staff_Login.java:175)
	at com.testScripts.Staff_Login_Test.SL_05_Verify_Login_Vaild_Username_Invalid_Password(Staff_Login_Test.java:53)
	at sun.reflect.NativeMethodAccessorImpl.invoke0(Native Method)
	at sun.reflect.NativeMethodAccessorImpl.invoke(NativeMethodAccessorImpl.java:62)
	at sun.reflect.DelegatingMethodAccessorImpl.invoke(DelegatingMethodAccessorImpl.java:43)
	at java.lang.reflect.Method.invoke(Method.java:498)
	at org.testng.internal.MethodInvocationHelper.invokeMethod(MethodInvocationHelper.java:86)
	at org.testng.internal.Invoker.invokeMethod(Invoker.java:643)
	at org.testng.internal.Invoker.invokeTestMethod(Invoker.java:820)
	at org.testng.internal.Invoker.invokeTestMethods(Invoker.java:1128)
	at org.testng.internal.TestMethodWorker.invokeTestMethods(TestMethodWorker.java:129)
	at org.testng.internal.TestMethodWorker.run(TestMethodWorker.java:112)
	at org.testng.TestRunner.privateRun(TestRunner.java:782)
	at org.testng.TestRunner.run(TestRunner.java:632)
	at org.testng.SuiteRunner.runTest(SuiteRunner.java:366)
	at org.testng.SuiteRunner.runSequentially(SuiteRunner.java:361)
	at org.testng.SuiteRunner.privateRun(SuiteRunner.java:319)
	at org.testng.SuiteRunner.run(SuiteRunner.java:268)
	at org.testng.SuiteRunnerWorker.runSuite(SuiteRunnerWorker.java:52)
	at org.testng.SuiteRunnerWorker.run(SuiteRunnerWorker.java:86)
	at org.testng.TestNG.runSuitesSequentially(TestNG.java:1244)
	at org.testng.TestNG.runSuitesLocally(TestNG.java:1169)
	at org.testng.TestNG.run(TestNG.java:1064)
	at org.testng.remote.AbstractRemoteTestNG.run(AbstractRemoteTestNG.java:132)
	at org.testng.remote.RemoteTestNG.initAndRun(RemoteTestNG.java:230)
	at org.testng.remote.RemoteTestNG.main(RemoteTestNG.java:76)
</pre></div></td>
<td>8</td>
<td>com.testScripts.Staff_Login_Test@145b572</td></tr>
<tr>
<td title='com.testScripts.Staff_Login_Test.SL_06_Verify_Login_Invaild_Username_Valid_Password()'><b>SL_06_Verify_Login_Invaild_Username_Valid_Password</b><br>Test class: com.testScripts.Staff_Login_Test<br/>
<a href="#Output-18242360" onClick='toggleBox("Output-18242360", this, "Show output", "Hide output");'>Show output</a>

<a href="#Output-18242360" onClick="toggleAllBoxes();">Show all outputs</a>
<div class='log' id="Output-18242360">
Launch_Application: Wellness Application Launched Successfully<br/>
                               <br/>
Entered Invalid Username<br/>
Entered Valid Password<br/>
Alert not presented<br/>
Shoud display message as Please Enter Username Correctly<br/>
</div>
</td>
<td><div><pre>java.lang.AssertionError: expected [true] but found [false]
	at com.pageLibrary.Staff_Login.sl_06_Verify_Staff_Login_InValid_Username_Valid_Password(Staff_Login.java:220)
	at com.testScripts.Staff_Login_Test.SL_06_Verify_Login_Invaild_Username_Valid_Password(Staff_Login_Test.java:60)
... Removed 28 stack frames</pre></div><a href='#' onClick='toggleBox("stack-trace18242360", this, "Click to show all stack frames", "Click to hide stack frames")'>Click to show all stack frames</a>
<div class='stack-trace' id='stack-trace18242360'><pre>java.lang.AssertionError: expected [true] but found [false]
	at org.testng.Assert.fail(Assert.java:94)
	at org.testng.Assert.failNotEquals(Assert.java:513)
	at org.testng.Assert.assertTrue(Assert.java:42)
	at org.testng.Assert.assertTrue(Assert.java:52)
	at com.pageLibrary.Staff_Login.sl_06_Verify_Staff_Login_InValid_Username_Valid_Password(Staff_Login.java:220)
	at com.testScripts.Staff_Login_Test.SL_06_Verify_Login_Invaild_Username_Valid_Password(Staff_Login_Test.java:60)
	at sun.reflect.NativeMethodAccessorImpl.invoke0(Native Method)
	at sun.reflect.NativeMethodAccessorImpl.invoke(NativeMethodAccessorImpl.java:62)
	at sun.reflect.DelegatingMethodAccessorImpl.invoke(DelegatingMethodAccessorImpl.java:43)
	at java.lang.reflect.Method.invoke(Method.java:498)
	at org.testng.internal.MethodInvocationHelper.invokeMethod(MethodInvocationHelper.java:86)
	at org.testng.internal.Invoker.invokeMethod(Invoker.java:643)
	at org.testng.internal.Invoker.invokeTestMethod(Invoker.java:820)
	at org.testng.internal.Invoker.invokeTestMethods(Invoker.java:1128)
	at org.testng.internal.TestMethodWorker.invokeTestMethods(TestMethodWorker.java:129)
	at org.testng.internal.TestMethodWorker.run(TestMethodWorker.java:112)
	at org.testng.TestRunner.privateRun(TestRunner.java:782)
	at org.testng.TestRunner.run(TestRunner.java:632)
	at org.testng.SuiteRunner.runTest(SuiteRunner.java:366)
	at org.testng.SuiteRunner.runSequentially(SuiteRunner.java:361)
	at org.testng.SuiteRunner.privateRun(SuiteRunner.java:319)
	at org.testng.SuiteRunner.run(SuiteRunner.java:268)
	at org.testng.SuiteRunnerWorker.runSuite(SuiteRunnerWorker.java:52)
	at org.testng.SuiteRunnerWorker.run(SuiteRunnerWorker.java:86)
	at org.testng.TestNG.runSuitesSequentially(TestNG.java:1244)
	at org.testng.TestNG.runSuitesLocally(TestNG.java:1169)
	at org.testng.TestNG.run(TestNG.java:1064)
	at org.testng.remote.AbstractRemoteTestNG.run(AbstractRemoteTestNG.java:132)
	at org.testng.remote.RemoteTestNG.initAndRun(RemoteTestNG.java:230)
	at org.testng.remote.RemoteTestNG.main(RemoteTestNG.java:76)
</pre></div></td>
<td>8</td>
<td>com.testScripts.Staff_Login_Test@145b572</td></tr>
<tr>
<td title='com.testScripts.Staff_Login_Test.SL_07_Verify_Login_Vaild_Username_Blank_Password()'><b>SL_07_Verify_Login_Vaild_Username_Blank_Password</b><br>Test class: com.testScripts.Staff_Login_Test<br/>
<a href="#Output-11134187" onClick='toggleBox("Output-11134187", this, "Show output", "Hide output");'>Show output</a>

<a href="#Output-11134187" onClick="toggleAllBoxes();">Show all outputs</a>
<div class='log' id="Output-11134187">
Launch_Application: Wellness Application Launched Successfully<br/>
                               <br/>
Entered Valid Username<br/>
Entered Blank Password<br/>
Alert not presented<br/>
Shoud display message as Please Enter Password <br/>
</div>
</td>
<td><div><pre>java.lang.AssertionError: expected [true] but found [false]
	at com.pageLibrary.Staff_Login.sl_07_Verify_Staff_Login_Valid_Username_Blank_Password(Staff_Login.java:262)
	at com.testScripts.Staff_Login_Test.SL_07_Verify_Login_Vaild_Username_Blank_Password(Staff_Login_Test.java:67)
... Removed 28 stack frames</pre></div><a href='#' onClick='toggleBox("stack-trace11134187", this, "Click to show all stack frames", "Click to hide stack frames")'>Click to show all stack frames</a>
<div class='stack-trace' id='stack-trace11134187'><pre>java.lang.AssertionError: expected [true] but found [false]
	at org.testng.Assert.fail(Assert.java:94)
	at org.testng.Assert.failNotEquals(Assert.java:513)
	at org.testng.Assert.assertTrue(Assert.java:42)
	at org.testng.Assert.assertTrue(Assert.java:52)
	at com.pageLibrary.Staff_Login.sl_07_Verify_Staff_Login_Valid_Username_Blank_Password(Staff_Login.java:262)
	at com.testScripts.Staff_Login_Test.SL_07_Verify_Login_Vaild_Username_Blank_Password(Staff_Login_Test.java:67)
	at sun.reflect.NativeMethodAccessorImpl.invoke0(Native Method)
	at sun.reflect.NativeMethodAccessorImpl.invoke(NativeMethodAccessorImpl.java:62)
	at sun.reflect.DelegatingMethodAccessorImpl.invoke(DelegatingMethodAccessorImpl.java:43)
	at java.lang.reflect.Method.invoke(Method.java:498)
	at org.testng.internal.MethodInvocationHelper.invokeMethod(MethodInvocationHelper.java:86)
	at org.testng.internal.Invoker.invokeMethod(Invoker.java:643)
	at org.testng.internal.Invoker.invokeTestMethod(Invoker.java:820)
	at org.testng.internal.Invoker.invokeTestMethods(Invoker.java:1128)
	at org.testng.internal.TestMethodWorker.invokeTestMethods(TestMethodWorker.java:129)
	at org.testng.internal.TestMethodWorker.run(TestMethodWorker.java:112)
	at org.testng.TestRunner.privateRun(TestRunner.java:782)
	at org.testng.TestRunner.run(TestRunner.java:632)
	at org.testng.SuiteRunner.runTest(SuiteRunner.java:366)
	at org.testng.SuiteRunner.runSequentially(SuiteRunner.java:361)
	at org.testng.SuiteRunner.privateRun(SuiteRunner.java:319)
	at org.testng.SuiteRunner.run(SuiteRunner.java:268)
	at org.testng.SuiteRunnerWorker.runSuite(SuiteRunnerWorker.java:52)
	at org.testng.SuiteRunnerWorker.run(SuiteRunnerWorker.java:86)
	at org.testng.TestNG.runSuitesSequentially(TestNG.java:1244)
	at org.testng.TestNG.runSuitesLocally(TestNG.java:1169)
	at org.testng.TestNG.run(TestNG.java:1064)
	at org.testng.remote.AbstractRemoteTestNG.run(AbstractRemoteTestNG.java:132)
	at org.testng.remote.RemoteTestNG.initAndRun(RemoteTestNG.java:230)
	at org.testng.remote.RemoteTestNG.main(RemoteTestNG.java:76)
</pre></div></td>
<td>8</td>
<td>com.testScripts.Staff_Login_Test@145b572</td></tr>
<tr>
<td title='com.testScripts.Staff_Login_Test.SL_08_Verify_Login_Blank_Username_Valid_Password()'><b>SL_08_Verify_Login_Blank_Username_Valid_Password</b><br>Test class: com.testScripts.Staff_Login_Test<br/>
<a href="#Output-12007611" onClick='toggleBox("Output-12007611", this, "Show output", "Hide output");'>Show output</a>

<a href="#Output-12007611" onClick="toggleAllBoxes();">Show all outputs</a>
<div class='log' id="Output-12007611">
Launch_Application: Wellness Application Launched Successfully<br/>
                               <br/>
Blank Username<br/>
Entered Valid Password<br/>
Alert not presented<br/>
Shoud display message as Please Enter Username<br/>
</div>
</td>
<td><div><pre>java.lang.AssertionError: expected [true] but found [false]
	at com.pageLibrary.Staff_Login.sl_08_Verify_Staff_Login_Blank_Username_Valid_Password(Staff_Login.java:305)
	at com.testScripts.Staff_Login_Test.SL_08_Verify_Login_Blank_Username_Valid_Password(Staff_Login_Test.java:74)
... Removed 28 stack frames</pre></div><a href='#' onClick='toggleBox("stack-trace12007611", this, "Click to show all stack frames", "Click to hide stack frames")'>Click to show all stack frames</a>
<div class='stack-trace' id='stack-trace12007611'><pre>java.lang.AssertionError: expected [true] but found [false]
	at org.testng.Assert.fail(Assert.java:94)
	at org.testng.Assert.failNotEquals(Assert.java:513)
	at org.testng.Assert.assertTrue(Assert.java:42)
	at org.testng.Assert.assertTrue(Assert.java:52)
	at com.pageLibrary.Staff_Login.sl_08_Verify_Staff_Login_Blank_Username_Valid_Password(Staff_Login.java:305)
	at com.testScripts.Staff_Login_Test.SL_08_Verify_Login_Blank_Username_Valid_Password(Staff_Login_Test.java:74)
	at sun.reflect.NativeMethodAccessorImpl.invoke0(Native Method)
	at sun.reflect.NativeMethodAccessorImpl.invoke(NativeMethodAccessorImpl.java:62)
	at sun.reflect.DelegatingMethodAccessorImpl.invoke(DelegatingMethodAccessorImpl.java:43)
	at java.lang.reflect.Method.invoke(Method.java:498)
	at org.testng.internal.MethodInvocationHelper.invokeMethod(MethodInvocationHelper.java:86)
	at org.testng.internal.Invoker.invokeMethod(Invoker.java:643)
	at org.testng.internal.Invoker.invokeTestMethod(Invoker.java:820)
	at org.testng.internal.Invoker.invokeTestMethods(Invoker.java:1128)
	at org.testng.internal.TestMethodWorker.invokeTestMethods(TestMethodWorker.java:129)
	at org.testng.internal.TestMethodWorker.run(TestMethodWorker.java:112)
	at org.testng.TestRunner.privateRun(TestRunner.java:782)
	at org.testng.TestRunner.run(TestRunner.java:632)
	at org.testng.SuiteRunner.runTest(SuiteRunner.java:366)
	at org.testng.SuiteRunner.runSequentially(SuiteRunner.java:361)
	at org.testng.SuiteRunner.privateRun(SuiteRunner.java:319)
	at org.testng.SuiteRunner.run(SuiteRunner.java:268)
	at org.testng.SuiteRunnerWorker.runSuite(SuiteRunnerWorker.java:52)
	at org.testng.SuiteRunnerWorker.run(SuiteRunnerWorker.java:86)
	at org.testng.TestNG.runSuitesSequentially(TestNG.java:1244)
	at org.testng.TestNG.runSuitesLocally(TestNG.java:1169)
	at org.testng.TestNG.run(TestNG.java:1064)
	at org.testng.remote.AbstractRemoteTestNG.run(AbstractRemoteTestNG.java:132)
	at org.testng.remote.RemoteTestNG.initAndRun(RemoteTestNG.java:230)
	at org.testng.remote.RemoteTestNG.main(RemoteTestNG.java:76)
</pre></div></td>
<td>8</td>
<td>com.testScripts.Staff_Login_Test@145b572</td></tr>
<tr>
<td title='com.testScripts.Staff_Login_Test.SL_09_Verify_Login_Blank_Username_Blank_Password()'><b>SL_09_Verify_Login_Blank_Username_Blank_Password</b><br>Test class: com.testScripts.Staff_Login_Test<br/>
<a href="#Output-31329084" onClick='toggleBox("Output-31329084", this, "Show output", "Hide output");'>Show output</a>

<a href="#Output-31329084" onClick="toggleAllBoxes();">Show all outputs</a>
<div class='log' id="Output-31329084">
Launch_Application: Wellness Application Launched Successfully<br/>
                               <br/>
Blank Username<br/>
Blank Password<br/>
Alert not presented<br/>
Shoud display message as Please Enter Username and Password<br/>
</div>
</td>
<td><div><pre>java.lang.AssertionError: expected [true] but found [false]
	at com.pageLibrary.Staff_Login.sl_09_Verify_Staff_Login_Blank_Username_Blank_Password(Staff_Login.java:348)
	at com.testScripts.Staff_Login_Test.SL_09_Verify_Login_Blank_Username_Blank_Password(Staff_Login_Test.java:81)
... Removed 28 stack frames</pre></div><a href='#' onClick='toggleBox("stack-trace31329084", this, "Click to show all stack frames", "Click to hide stack frames")'>Click to show all stack frames</a>
<div class='stack-trace' id='stack-trace31329084'><pre>java.lang.AssertionError: expected [true] but found [false]
	at org.testng.Assert.fail(Assert.java:94)
	at org.testng.Assert.failNotEquals(Assert.java:513)
	at org.testng.Assert.assertTrue(Assert.java:42)
	at org.testng.Assert.assertTrue(Assert.java:52)
	at com.pageLibrary.Staff_Login.sl_09_Verify_Staff_Login_Blank_Username_Blank_Password(Staff_Login.java:348)
	at com.testScripts.Staff_Login_Test.SL_09_Verify_Login_Blank_Username_Blank_Password(Staff_Login_Test.java:81)
	at sun.reflect.NativeMethodAccessorImpl.invoke0(Native Method)
	at sun.reflect.NativeMethodAccessorImpl.invoke(NativeMethodAccessorImpl.java:62)
	at sun.reflect.DelegatingMethodAccessorImpl.invoke(DelegatingMethodAccessorImpl.java:43)
	at java.lang.reflect.Method.invoke(Method.java:498)
	at org.testng.internal.MethodInvocationHelper.invokeMethod(MethodInvocationHelper.java:86)
	at org.testng.internal.Invoker.invokeMethod(Invoker.java:643)
	at org.testng.internal.Invoker.invokeTestMethod(Invoker.java:820)
	at org.testng.internal.Invoker.invokeTestMethods(Invoker.java:1128)
	at org.testng.internal.TestMethodWorker.invokeTestMethods(TestMethodWorker.java:129)
	at org.testng.internal.TestMethodWorker.run(TestMethodWorker.java:112)
	at org.testng.TestRunner.privateRun(TestRunner.java:782)
	at org.testng.TestRunner.run(TestRunner.java:632)
	at org.testng.SuiteRunner.runTest(SuiteRunner.java:366)
	at org.testng.SuiteRunner.runSequentially(SuiteRunner.java:361)
	at org.testng.SuiteRunner.privateRun(SuiteRunner.java:319)
	at org.testng.SuiteRunner.run(SuiteRunner.java:268)
	at org.testng.SuiteRunnerWorker.runSuite(SuiteRunnerWorker.java:52)
	at org.testng.SuiteRunnerWorker.run(SuiteRunnerWorker.java:86)
	at org.testng.TestNG.runSuitesSequentially(TestNG.java:1244)
	at org.testng.TestNG.runSuitesLocally(TestNG.java:1169)
	at org.testng.TestNG.run(TestNG.java:1064)
	at org.testng.remote.AbstractRemoteTestNG.run(AbstractRemoteTestNG.java:132)
	at org.testng.remote.RemoteTestNG.initAndRun(RemoteTestNG.java:230)
	at org.testng.remote.RemoteTestNG.main(RemoteTestNG.java:76)
</pre></div></td>
<td>8</td>
<td>com.testScripts.Staff_Login_Test@145b572</td></tr>
</table><p>
<table width='100%' border='1' class='invocation-passed'>
<tr><td colspan='4' align='center'><b>PASSED TESTS</b></td></tr>
<tr><td><b>Test method</b></td>
<td width="30%"><b>Exception</b></td>
<td width="10%"><b>Time (seconds)</b></td>
<td><b>Instance</b></td>
</tr>
<tr>
<td title='com.testScripts.Bill_Settlement_page_test.BS_01_Display_bill_settlement_page()'><b>BS_01_Display_bill_settlement_page</b><br>Test class: com.testScripts.Bill_Settlement_page_test<br/>
<a href="#Output-14165769" onClick='toggleBox("Output-14165769", this, "Show output", "Hide output");'>Show output</a>

<a href="#Output-14165769" onClick="toggleAllBoxes();">Show all outputs</a>
<div class='log' id="Output-14165769">
Options of appointment are displayed<br/>
Bill Settlement Page is displayed<br/>
---------------------------------------------------------------------------------<br/>
</div>
</td>
<td></td>
<td>4</td>
<td>com.testScripts.Bill_Settlement_page_test@1529185</td></tr>
<tr>
<td title='com.testScripts.Bill_Settlement_page_test.BS_02_Verify_spelling_mistake()'><b>BS_02_Verify_spelling_mistake</b><br>Test class: com.testScripts.Bill_Settlement_page_test<br/>
<a href="#Output-23262553" onClick='toggleBox("Output-23262553", this, "Show output", "Hide output");'>Show output</a>

<a href="#Output-23262553" onClick="toggleAllBoxes();">Show all outputs</a>
<div class='log' id="Output-23262553">
It's not possible in automation<br/>
</div>
</td>
<td></td>
<td>0</td>
<td>com.testScripts.Bill_Settlement_page_test@1529185</td></tr>
<tr>
<td title='com.testScripts.Bill_Settlement_page_test.BS_03_Header_display()'><b>BS_03_Header_display</b><br>Test class: com.testScripts.Bill_Settlement_page_test<br/>
<a href="#Output-27576421" onClick='toggleBox("Output-27576421", this, "Show output", "Hide output");'>Show output</a>

<a href="#Output-27576421" onClick="toggleAllBoxes();">Show all outputs</a>
<div class='log' id="Output-27576421">
Heading of bill settlement page is : Bill Settlement List<br/>
Sub heading of bill settlement page is :  List of Bills<br/>
---------------------------------------------------------------------------------<br/>
</div>
</td>
<td></td>
<td>2</td>
<td>com.testScripts.Bill_Settlement_page_test@1529185</td></tr>
<tr>
<td title='com.testScripts.Bill_Settlement_page_test.BS_04_Display_list_of_bills_webtable()'><b>BS_04_Display_list_of_bills_webtable</b><br>Test class: com.testScripts.Bill_Settlement_page_test<br/>
<a href="#Output-24179824" onClick='toggleBox("Output-24179824", this, "Show output", "Hide output");'>Show output</a>

<a href="#Output-24179824" onClick="toggleAllBoxes();">Show all outputs</a>
<div class='log' id="Output-24179824">
List of bills of webtable is displayed<br/>
---------------------------------------------------------------------------------<br/>
</div>
</td>
<td></td>
<td>2</td>
<td>com.testScripts.Bill_Settlement_page_test@1529185</td></tr>
<tr>
<td title='com.testScripts.Bill_Settlement_page_test.BS_05_Search_by_guest_name()'><b>BS_05_Search_by_guest_name</b><br>Test class: com.testScripts.Bill_Settlement_page_test<br/>
<a href="#Output-32619253" onClick='toggleBox("Output-32619253", this, "Show output", "Hide output");'>Show output</a>

<a href="#Output-32619253" onClick="toggleAllBoxes();">Show all outputs</a>
<div class='log' id="Output-32619253">
Entered Ram at Guest Name<br/>
Clicked on Search button<br/>
Bill No Bill Generated Date Guest Name Bill amount Due Amount Staff Name<br/>
-------------------------------------------------------<br/>
Search Results displyed as Ram only<br/>
---------------------------------------------------------------------------------<br/>
</div>
</td>
<td></td>
<td>3</td>
<td>com.testScripts.Bill_Settlement_page_test@1529185</td></tr>
<tr>
<td title='com.testScripts.Bill_Settlement_page_test.BS_07_Search_unavailable_guest_name()'><b>BS_07_Search_unavailable_guest_name</b><br>Test class: com.testScripts.Bill_Settlement_page_test<br/>
<a href="#Output-21453518" onClick='toggleBox("Output-21453518", this, "Show output", "Hide output");'>Show output</a>

<a href="#Output-21453518" onClick="toggleAllBoxes();">Show all outputs</a>
<div class='log' id="Output-21453518">
Entered xyz as Guest Name<br/>
Clicked on Search button<br/>
No records are found!
Bill No Bill Generated Date Guest Name Bill amount Due Amount Staff Name<br/>
No record found message is displayed<br/>
---------------------------------------------------------------------------------<br/>
</div>
</td>
<td></td>
<td>2</td>
<td>com.testScripts.Bill_Settlement_page_test@1529185</td></tr>
<tr>
<td title='com.testScripts.Bill_Settlement_page_test.BS_08_Type_guest_name_alphabetic()'><b>BS_08_Type_guest_name_alphabetic</b><br>Test class: com.testScripts.Bill_Settlement_page_test<br/>
<a href="#Output-33017129" onClick='toggleBox("Output-33017129", this, "Show output", "Hide output");'>Show output</a>

<a href="#Output-33017129" onClick="toggleAllBoxes();">Show all outputs</a>
<div class='log' id="Output-33017129">
Entered gust name alphabetic character<br/>
Clicked on Search button<br/>
Bill No Bill Generated Date Guest Name Bill amount Due Amount Staff Name<br/>
-------------------------------------------------------<br/>
System accepted alphabetic character as a guest name<br/>
---------------------------------------------------------------------------------<br/>
</div>
</td>
<td></td>
<td>3</td>
<td>com.testScripts.Bill_Settlement_page_test@1529185</td></tr>
<tr>
<td title='com.testScripts.Bill_Settlement_page_test.BS_10_bill_n0_Link_isenable()'><b>BS_10_bill_n0_Link_isenable</b><br>Test class: com.testScripts.Bill_Settlement_page_test<br/>
<a href="#Output-22652312" onClick='toggleBox("Output-22652312", this, "Show output", "Hide output");'>Show output</a>

<a href="#Output-22652312" onClick="toggleAllBoxes();">Show all outputs</a>
<div class='log' id="Output-22652312">
cleared textbox of search by guest name<br/>
Clicked on Search button<br/>
Bill No Bill Generated Date Guest Name Bill amount Due Amount Staff Name<br/>
 Bill No Id link is enable in the table<br/>
---------------------------------------------------------------------------------<br/>
</div>
</td>
<td></td>
<td>5</td>
<td>com.testScripts.Bill_Settlement_page_test@1529185</td></tr>
<tr>
<td title='com.testScripts.Bill_Settlement_page_test.BS_12_Verify_Bill_Id_disable()'><b>BS_12_Verify_Bill_Id_disable</b><br>Test class: com.testScripts.Bill_Settlement_page_test<br/>
<a href="#Output-9919528" onClick='toggleBox("Output-9919528", this, "Show output", "Hide output");'>Show output</a>

<a href="#Output-9919528" onClick="toggleAllBoxes();">Show all outputs</a>
<div class='log' id="Output-9919528">
cleared textbox of search by guest name<br/>
Clicked on Search button<br/>
After Bill no Bill settlement page is displayed & verified bill ID textbox is disabled<br/>
---------------------------------------------------------------------------------<br/>
</div>
</td>
<td></td>
<td>7</td>
<td>com.testScripts.Bill_Settlement_page_test@1529185</td></tr>
<tr>
<td title='com.testScripts.Bill_Settlement_page_test.BS_13_Verify_Bill_Amount_disable()'><b>BS_13_Verify_Bill_Amount_disable</b><br>Test class: com.testScripts.Bill_Settlement_page_test<br/>
<a href="#Output-23943260" onClick='toggleBox("Output-23943260", this, "Show output", "Hide output");'>Show output</a>

<a href="#Output-23943260" onClick="toggleAllBoxes();">Show all outputs</a>
<div class='log' id="Output-23943260">
cleared textbox of search by guest name<br/>
Clicked on Search button<br/>
After Bill no Bill settlement page is displayed & verified bill amount textbox is disabled<br/>
---------------------------------------------------------------------------------<br/>
</div>
</td>
<td></td>
<td>6</td>
<td>com.testScripts.Bill_Settlement_page_test@1529185</td></tr>
<tr>
<td title='com.testScripts.Bill_Settlement_page_test.BS_14_Verify_Guest_name_textbox_disable()'><b>BS_14_Verify_Guest_name_textbox_disable</b><br>Test class: com.testScripts.Bill_Settlement_page_test<br/>
<a href="#Output-29501514" onClick='toggleBox("Output-29501514", this, "Show output", "Hide output");'>Show output</a>

<a href="#Output-29501514" onClick="toggleAllBoxes();">Show all outputs</a>
<div class='log' id="Output-29501514">
cleared textbox of search by guest name<br/>
Clicked on Search button<br/>
After Bill no Bill settlement page is displayed & verified guest name textbox is disabled<br/>
---------------------------------------------------------------------------------<br/>
</div>
</td>
<td></td>
<td>6</td>
<td>com.testScripts.Bill_Settlement_page_test@1529185</td></tr>
<tr>
<td title='com.testScripts.Bill_Settlement_page_test.BS_15_Enter_tip_amount_numeric()'><b>BS_15_Enter_tip_amount_numeric</b><br>Test class: com.testScripts.Bill_Settlement_page_test<br/>
<a href="#Output-19375922" onClick='toggleBox("Output-19375922", this, "Show output", "Hide output");'>Show output</a>

<a href="#Output-19375922" onClick="toggleAllBoxes();">Show all outputs</a>
<div class='log' id="Output-19375922">
cleared textbox of search by guest name<br/>
Clicked on Search button<br/>
Entered tip amount in the textbox<br/>
Dropdown displayed as : Cash<br/>
Add Tip button is clicked<br/>
Add Settlement button is clicked<br/>
Bill No Guest Name Type of Payment Cash Amount<br/>
112 Ram Cash 100.00<br/>
Cash Amount is displaying as : 100.00<br/>
Entered numeric value in tip amount textbox<br/>
---------------------------------------------------------------------------------<br/>
</div>
</td>
<td></td>
<td>19</td>
<td>com.testScripts.Bill_Settlement_page_test@1529185</td></tr>
<tr>
<td title='com.testScripts.Bill_Settlement_page_test.BS_16_Enter_tip_amount_alphanumeric_with_special_character()'><b>BS_16_Enter_tip_amount_alphanumeric_with_special_character</b><br>Test class: com.testScripts.Bill_Settlement_page_test<br/>
<a href="#Output-32376008" onClick='toggleBox("Output-32376008", this, "Show output", "Hide output");'>Show output</a>

<a href="#Output-32376008" onClick="toggleAllBoxes();">Show all outputs</a>
<div class='log' id="Output-32376008">
cleared textbox of search by guest name<br/>
Clicked on Search button<br/>
Entered tip amount in the textbox<br/>
Dropdown displayed as : Cash<br/>
Add Tip button is clicked<br/>
no alert open
  (Session info: chrome=57.0.2987.133)
  (Driver info: chromedriver=2.29.461591 (62ebf098771772160f391d75e589dc567915b233),platform=Windows NT 6.1.7600 x86) (WARNING: The server did not provide any stacktrace information)
Command duration or timeout: 2 milliseconds
Build info: version: '2.2.1', revision: '16551', time: '2012-04-11 21:42:35'
System info: os.name: 'Windows 7', os.arch: 'x86', os.version: '6.1', java.version: '1.8.0_121'
Driver info: driver.version: RemoteWebDriver<br/>
</div>
</td>
<td></td>
<td>16</td>
<td>com.testScripts.Bill_Settlement_page_test@1529185</td></tr>
<tr>
<td title='com.testScripts.Bill_Settlement_page_test.BS_17_Verify_add_tip_button_enable()'><b>BS_17_Verify_add_tip_button_enable</b><br>Test class: com.testScripts.Bill_Settlement_page_test<br/>
<a href="#Output-19671650" onClick='toggleBox("Output-19671650", this, "Show output", "Hide output");'>Show output</a>

<a href="#Output-19671650" onClick="toggleAllBoxes();">Show all outputs</a>
<div class='log' id="Output-19671650">
Add tip button is enabled<br/>
---------------------------------------------------------------------------------<br/>
</div>
</td>
<td></td>
<td>3</td>
<td>com.testScripts.Bill_Settlement_page_test@1529185</td></tr>
<tr>
<td title='com.testScripts.Bill_Settlement_page_test.BS_18_Verify_tip_amount_added_with_net_amount()'><b>BS_18_Verify_tip_amount_added_with_net_amount</b><br>Test class: com.testScripts.Bill_Settlement_page_test<br/>
<a href="#Output-31801694" onClick='toggleBox("Output-31801694", this, "Show output", "Hide output");'>Show output</a>

<a href="#Output-31801694" onClick="toggleAllBoxes();">Show all outputs</a>
<div class='log' id="Output-31801694">
Entered tip amount in the textbox<br/>
For input string: ""<br/>
</div>
</td>
<td></td>
<td>2</td>
<td>com.testScripts.Bill_Settlement_page_test@1529185</td></tr>
<tr>
<td title='com.testScripts.Bill_Settlement_page_test.BS_19_Verify_add_tip_button_disable()'><b>BS_19_Verify_add_tip_button_disable</b><br>Test class: com.testScripts.Bill_Settlement_page_test<br/>
<a href="#Output-14899164" onClick='toggleBox("Output-14899164", this, "Show output", "Hide output");'>Show output</a>

<a href="#Output-14899164" onClick="toggleAllBoxes();">Show all outputs</a>
<div class='log' id="Output-14899164">
Entered tip amount in the textbox<br/>
Add Tip button is clicked<br/>
Add Tip button is disabled<br/>
---------------------------------------------------------------------------------<br/>
</div>
</td>
<td></td>
<td>4</td>
<td>com.testScripts.Bill_Settlement_page_test@1529185</td></tr>
<tr>
<td title='com.testScripts.Bill_Settlement_page_test.BS_20_Verify_by_default_dropdown_value_payment_mode()'><b>BS_20_Verify_by_default_dropdown_value_payment_mode</b><br>Test class: com.testScripts.Bill_Settlement_page_test<br/>
<a href="#Output-4708526" onClick='toggleBox("Output-4708526", this, "Show output", "Hide output");'>Show output</a>

<a href="#Output-4708526" onClick="toggleAllBoxes();">Show all outputs</a>
<div class='log' id="Output-4708526">
Clicked bill no link <br/>
Select<br/>
Add tip button is enabled<br/>
---------------------------------------------------------------------------------<br/>
</div>
</td>
<td></td>
<td>3</td>
<td>com.testScripts.Bill_Settlement_page_test@1529185</td></tr>
<tr>
<td title='com.testScripts.Bill_Settlement_page_test.BS_22_Click_popup_ok_button()'><b>BS_22_Click_popup_ok_button</b><br>Test class: com.testScripts.Bill_Settlement_page_test<br/>
<a href="#Output-1659610" onClick='toggleBox("Output-1659610", this, "Show output", "Hide output");'>Show output</a>

<a href="#Output-1659610" onClick="toggleAllBoxes();">Show all outputs</a>
<div class='log' id="Output-1659610">
Popup ok button is clicked<br/>
---------------------------------------------------------------------------------<br/>
</div>
</td>
<td></td>
<td>6</td>
<td>com.testScripts.Bill_Settlement_page_test@1529185</td></tr>
<tr>
<td title='com.testScripts.Bill_Settlement_page_test.BS_23_Click_cancel_on_popup()'><b>BS_23_Click_cancel_on_popup</b><br>Test class: com.testScripts.Bill_Settlement_page_test<br/>
<a href="#Output-28046271" onClick='toggleBox("Output-28046271", this, "Show output", "Hide output");'>Show output</a>

<a href="#Output-28046271" onClick="toggleAllBoxes();">Show all outputs</a>
<div class='log' id="Output-28046271">
click cancel on popup not possible ins selenium<br/>
---------------------------------------------------------------------------------<br/>
</div>
</td>
<td></td>
<td>0</td>
<td>com.testScripts.Bill_Settlement_page_test@1529185</td></tr>
<tr>
<td title='com.testScripts.Bill_Settlement_page_test.BS_24_Select_dropdown_value_payment_mode()'><b>BS_24_Select_dropdown_value_payment_mode</b><br>Test class: com.testScripts.Bill_Settlement_page_test<br/>
<a href="#Output-16697924" onClick='toggleBox("Output-16697924", this, "Show output", "Hide output");'>Show output</a>

<a href="#Output-16697924" onClick="toggleAllBoxes();">Show all outputs</a>
<div class='log' id="Output-16697924">
Bill No. link is clicked<br/>
Payment mode option selected from dropdown<br/>
BillToCompany select from dropdown of payment mode<br/>
---------------------------------------------------------------------------------<br/>
</div>
</td>
<td></td>
<td>3</td>
<td>com.testScripts.Bill_Settlement_page_test@1529185</td></tr>
<tr>
<td title='com.testScripts.Bill_Settlement_page_test.BS_25_Verify_select_dropdown_value_payment_mode()'><b>BS_25_Verify_select_dropdown_value_payment_mode</b><br>Test class: com.testScripts.Bill_Settlement_page_test<br/>
<a href="#Output-13830129" onClick='toggleBox("Output-13830129", this, "Show output", "Hide output");'>Show output</a>

<a href="#Output-13830129" onClick="toggleAllBoxes();">Show all outputs</a>
<div class='log' id="Output-13830129">
Bill No. link is clicked<br/>
BillToCompany<br/>
System displaying related Payment Mode options in Bill Settlement Page<br/>
---------------------------------------------------------------------------------<br/>
</div>
</td>
<td></td>
<td>4</td>
<td>com.testScripts.Bill_Settlement_page_test@1529185</td></tr>
<tr>
<td title='com.testScripts.Bill_Settlement_page_test.BS_26_Display_by_default_dropdown_corporate()'><b>BS_26_Display_by_default_dropdown_corporate</b><br>Test class: com.testScripts.Bill_Settlement_page_test<br/>
<a href="#Output-27564032" onClick='toggleBox("Output-27564032", this, "Show output", "Hide output");'>Show output</a>

<a href="#Output-27564032" onClick="toggleAllBoxes();">Show all outputs</a>
<div class='log' id="Output-27564032">
Bill No. link is clicked<br/>
BillToCompany Selected at Payment Mode Dropdown<br/>
No options are selected
For documentation on this error, please visit: http://seleniumhq.org/exceptions/no_such_element.html
Build info: version: '2.2.1', revision: '16551', time: '2012-04-11 21:42:35'
System info: os.name: 'Windows 7', os.arch: 'x86', os.version: '6.1', java.version: '1.8.0_121'
Driver info: driver.version: unknown<br/>
</div>
</td>
<td></td>
<td>7</td>
<td>com.testScripts.Bill_Settlement_page_test@1529185</td></tr>
<tr>
<td title='com.testScripts.Bill_Settlement_page_test.BS_27_display_dropdown_List_of_corporate()'><b>BS_27_display_dropdown_List_of_corporate</b><br>Test class: com.testScripts.Bill_Settlement_page_test<br/>
<a href="#Output-26768214" onClick='toggleBox("Output-26768214", this, "Show output", "Hide output");'>Show output</a>

<a href="#Output-26768214" onClick="toggleAllBoxes();">Show all outputs</a>
<div class='log' id="Output-26768214">
Bill No. link is clicked<br/>
BillToCompany<br/>
Select   option is displayed at corporate dropdown<br/>
---------------------------------------------------------------------------------<br/>
ramu   option is displayed at corporate dropdown<br/>
---------------------------------------------------------------------------------<br/>
IDBI   option is displayed at corporate dropdown<br/>
---------------------------------------------------------------------------------<br/>
ICICI   option is displayed at corporate dropdown<br/>
---------------------------------------------------------------------------------<br/>
ICICI   option is displayed at corporate dropdown<br/>
---------------------------------------------------------------------------------<br/>
ramu   option is displayed at corporate dropdown<br/>
---------------------------------------------------------------------------------<br/>
ramu   option is displayed at corporate dropdown<br/>
---------------------------------------------------------------------------------<br/>
suresh   option is displayed at corporate dropdown<br/>
---------------------------------------------------------------------------------<br/>
ramu   option is displayed at corporate dropdown<br/>
---------------------------------------------------------------------------------<br/>
ICICI   option is displayed at corporate dropdown<br/>
---------------------------------------------------------------------------------<br/>
grf   option is displayed at corporate dropdown<br/>
---------------------------------------------------------------------------------<br/>
suresh   option is displayed at corporate dropdown<br/>
---------------------------------------------------------------------------------<br/>
IDBI   option is displayed at corporate dropdown<br/>
---------------------------------------------------------------------------------<br/>
BOB   option is displayed at corporate dropdown<br/>
---------------------------------------------------------------------------------<br/>
IDBI   option is displayed at corporate dropdown<br/>
---------------------------------------------------------------------------------<br/>
SBI   option is displayed at corporate dropdown<br/>
---------------------------------------------------------------------------------<br/>
</div>
</td>
<td></td>
<td>5</td>
<td>com.testScripts.Bill_Settlement_page_test@1529185</td></tr>
<tr>
<td title='com.testScripts.Bill_Settlement_page_test.BS_28_Select_from_List_of_corporate_dropdown()'><b>BS_28_Select_from_List_of_corporate_dropdown</b><br>Test class: com.testScripts.Bill_Settlement_page_test<br/>
<a href="#Output-11478766" onClick='toggleBox("Output-11478766", this, "Show output", "Hide output");'>Show output</a>

<a href="#Output-11478766" onClick="toggleAllBoxes();">Show all outputs</a>
<div class='log' id="Output-11478766">
Bill No. link is clicked<br/>
BillToCompany<br/>
Available CreditList Amount:100000 selected value is displayed<br/>
Popup message is displayed as : Available CreditList Amount:100000<br/>
</div>
</td>
<td></td>
<td>4</td>
<td>com.testScripts.Bill_Settlement_page_test@1529185</td></tr>
<tr>
<td title='com.testScripts.Bill_Settlement_page_test.BS_29_Click_ok_button_at_popup()'><b>BS_29_Click_ok_button_at_popup</b><br>Test class: com.testScripts.Bill_Settlement_page_test<br/>
<a href="#Output-10753302" onClick='toggleBox("Output-10753302", this, "Show output", "Hide output");'>Show output</a>

<a href="#Output-10753302" onClick="toggleAllBoxes();">Show all outputs</a>
<div class='log' id="Output-10753302">
Bill No. link is clicked<br/>
BillToCompany<br/>
Available CreditList Amount:100000 selected value is displayed<br/>
IDBI<br/>
Popup message is displayed as : Available CreditList Amount:100000<br/>
</div>
</td>
<td></td>
<td>7</td>
<td>com.testScripts.Bill_Settlement_page_test@1529185</td></tr>
<tr>
<td title='com.testScripts.Bill_Settlement_page_test.BS_30_Verify_credit_list_amount()'><b>BS_30_Verify_credit_list_amount</b><br>Test class: com.testScripts.Bill_Settlement_page_test<br/>
<a href="#Output-17078788" onClick='toggleBox("Output-17078788", this, "Show output", "Hide output");'>Show output</a>

<a href="#Output-17078788" onClick="toggleAllBoxes();">Show all outputs</a>
<div class='log' id="Output-17078788">
Bill No. link is clicked<br/>
BillToCompany<br/>
Available CreditList Amount:100000 selected value is displayed<br/>
popup is accepted<br/>
CreditList amount txtbox is disabled<br/>
</div>
</td>
<td></td>
<td>7</td>
<td>com.testScripts.Bill_Settlement_page_test@1529185</td></tr>
<tr>
<td title='com.testScripts.Bill_Settlement_page_test.BS_32_enter_amount_moreThan_netAmount()'><b>BS_32_enter_amount_moreThan_netAmount</b><br>Test class: com.testScripts.Bill_Settlement_page_test<br/>
<a href="#Output-14648372" onClick='toggleBox("Output-14648372", this, "Show output", "Hide output");'>Show output</a>

<a href="#Output-14648372" onClick="toggleAllBoxes();">Show all outputs</a>
<div class='log' id="Output-14648372">
BillToCompany is selected<br/>
Available CreditList Amount:100000 selected value is displayed<br/>
Entered amount in textbox<br/>
Clicked add settlement button<br/>
popup is accepted<br/>
Settlement amount not matching with Net Amount<br/>
Enter amount more than net amount alert message ia displayed as : Settlement amount not matching with Net Amount<br/>
---------------------------------------------------------------------------------<br/>
</div>
</td>
<td></td>
<td>9</td>
<td>com.testScripts.Bill_Settlement_page_test@1529185</td></tr>
<tr>
<td title='com.testScripts.Bill_Settlement_page_test.BS_34_Enter_amount_lessThan_creditListAmount()'><b>BS_34_Enter_amount_lessThan_creditListAmount</b><br>Test class: com.testScripts.Bill_Settlement_page_test<br/>
<a href="#Output-17530428" onClick='toggleBox("Output-17530428", this, "Show output", "Hide output");'>Show output</a>

<a href="#Output-17530428" onClick="toggleAllBoxes();">Show all outputs</a>
<div class='log' id="Output-17530428">
BillToCompany is selected<br/>
popup is accepted<br/>
Entered amount in textbox<br/>
popup is accepted<br/>
no alert open
  (Session info: chrome=57.0.2987.133)
  (Driver info: chromedriver=2.29.461591 (62ebf098771772160f391d75e589dc567915b233),platform=Windows NT 6.1.7600 x86) (WARNING: The server did not provide any stacktrace information)
Command duration or timeout: 2 milliseconds
Build info: version: '2.2.1', revision: '16551', time: '2012-04-11 21:42:35'
System info: os.name: 'Windows 7', os.arch: 'x86', os.version: '6.1', java.version: '1.8.0_121'
Driver info: driver.version: RemoteWebDriver<br/>
</div>
</td>
<td></td>
<td>11</td>
<td>com.testScripts.Bill_Settlement_page_test@1529185</td></tr>
<tr>
<td title='com.testScripts.Bill_Settlement_page_test.BS_35_Click_ok_button_display_bill_settlement_page()'><b>BS_35_Click_ok_button_display_bill_settlement_page</b><br>Test class: com.testScripts.Bill_Settlement_page_test<br/>
<a href="#Output-3454540" onClick='toggleBox("Output-3454540", this, "Show output", "Hide output");'>Show output</a>

<a href="#Output-3454540" onClick="toggleAllBoxes();">Show all outputs</a>
<div class='log' id="Output-3454540">
BillToCompany is selected<br/>
Available CreditList Amount:100000<br/>
Popup is accepted<br/>
Entered amount in textbox<br/>
Settlement amount not matching with Net Amount<br/>
no alert open
  (Session info: chrome=57.0.2987.133)
  (Driver info: chromedriver=2.29.461591 (62ebf098771772160f391d75e589dc567915b233),platform=Windows NT 6.1.7600 x86) (WARNING: The server did not provide any stacktrace information)
Command duration or timeout: 3 milliseconds
Build info: version: '2.2.1', revision: '16551', time: '2012-04-11 21:42:35'
System info: os.name: 'Windows 7', os.arch: 'x86', os.version: '6.1', java.version: '1.8.0_121'
Driver info: driver.version: RemoteWebDriver<br/>
</div>
</td>
<td></td>
<td>13</td>
<td>com.testScripts.Bill_Settlement_page_test@1529185</td></tr>
<tr>
<td title='com.testScripts.Bill_Settlement_page_test.BS_37_Click_add_settlement_button_without_select_corporate()'><b>BS_37_Click_add_settlement_button_without_select_corporate</b><br>Test class: com.testScripts.Bill_Settlement_page_test<br/>
<a href="#Output-4766562" onClick='toggleBox("Output-4766562", this, "Show output", "Hide output");'>Show output</a>

<a href="#Output-4766562" onClick="toggleAllBoxes();">Show all outputs</a>
<div class='log' id="Output-4766562">
Entered amount in textbox<br/>
no alert open
  (Session info: chrome=57.0.2987.133)
  (Driver info: chromedriver=2.29.461591 (62ebf098771772160f391d75e589dc567915b233),platform=Windows NT 6.1.7600 x86) (WARNING: The server did not provide any stacktrace information)
Command duration or timeout: 2 milliseconds
Build info: version: '2.2.1', revision: '16551', time: '2012-04-11 21:42:35'
System info: os.name: 'Windows 7', os.arch: 'x86', os.version: '6.1', java.version: '1.8.0_121'
Driver info: driver.version: RemoteWebDriver<br/>
</div>
</td>
<td></td>
<td>9</td>
<td>com.testScripts.Bill_Settlement_page_test@1529185</td></tr>
<tr>
<td title='com.testScripts.Bill_Settlement_page_test.BS_38_select_membership()'><b>BS_38_select_membership</b><br>Test class: com.testScripts.Bill_Settlement_page_test<br/>
<a href="#Output-4198701" onClick='toggleBox("Output-4198701", this, "Show output", "Hide output");'>Show output</a>

<a href="#Output-4198701" onClick="toggleAllBoxes();">Show all outputs</a>
<div class='log' id="Output-4198701">
Selected from dropown<br/>
Member Name<br/>
Membership Amount<br/>
Related to paymentmode options is displayed<br/>
---------------------------------------------------------------------------------<br/>
</div>
</td>
<td></td>
<td>7</td>
<td>com.testScripts.Bill_Settlement_page_test@1529185</td></tr>
<tr>
<td title='com.testScripts.Bill_Settlement_page_test.BS_39_Display_by_default_select_member_name()'><b>BS_39_Display_by_default_select_member_name</b><br>Test class: com.testScripts.Bill_Settlement_page_test<br/>
<a href="#Output-10389560" onClick='toggleBox("Output-10389560", this, "Show output", "Hide output");'>Show output</a>

<a href="#Output-10389560" onClick="toggleAllBoxes();">Show all outputs</a>
<div class='log' id="Output-10389560">
By default member name dropdown box displayed as : Select<br/>
---------------------------------------------------------------------------------<br/>
</div>
</td>
<td></td>
<td>4</td>
<td>com.testScripts.Bill_Settlement_page_test@1529185</td></tr>
<tr>
<td title='com.testScripts.Bill_Settlement_page_test.BS_40_Display_list_of_dropdown_values_member_name()'><b>BS_40_Display_list_of_dropdown_values_member_name</b><br>Test class: com.testScripts.Bill_Settlement_page_test<br/>
<a href="#Output-3973174" onClick='toggleBox("Output-3973174", this, "Show output", "Hide output");'>Show output</a>

<a href="#Output-3973174" onClick="toggleAllBoxes();">Show all outputs</a>
<div class='log' id="Output-3973174">
option is Tagname, Value of dropdown as : Select<br/>
option is Tagname, Value of dropdown as : raghava<br/>
option is Tagname, Value of dropdown as : raghava<br/>
option is Tagname, Value of dropdown as : Ram<br/>
option is Tagname, Value of dropdown as : srinu<br/>
option is Tagname, Value of dropdown as : raghava<br/>
---------------------------------------------------------------------------------<br/>
</div>
</td>
<td></td>
<td>4</td>
<td>com.testScripts.Bill_Settlement_page_test@1529185</td></tr>
<tr>
<td title='com.testScripts.Bill_Settlement_page_test.BS_41_Display_alert_message_after_select_member_name()'><b>BS_41_Display_alert_message_after_select_member_name</b><br>Test class: com.testScripts.Bill_Settlement_page_test<br/>
<a href="#Output-11392251" onClick='toggleBox("Output-11392251", this, "Show output", "Hide output");'>Show output</a>

<a href="#Output-11392251" onClick="toggleAllBoxes();">Show all outputs</a>
<div class='log' id="Output-11392251">
Alert message is displayed as : Available Memebership Amount:4545<br/>
---------------------------------------------------------------------------------<br/>
</div>
</td>
<td></td>
<td>6</td>
<td>com.testScripts.Bill_Settlement_page_test@1529185</td></tr>
<tr>
<td title='com.testScripts.Bill_Settlement_page_test.BS_42_Accept_ok_button_of_alert_message_after_select_member_name()'><b>BS_42_Accept_ok_button_of_alert_message_after_select_member_name</b><br>Test class: com.testScripts.Bill_Settlement_page_test<br/>
<a href="#Output-17671287" onClick='toggleBox("Output-17671287", this, "Show output", "Hide output");'>Show output</a>

<a href="#Output-17671287" onClick="toggleAllBoxes();">Show all outputs</a>
<div class='log' id="Output-17671287">
Clicked ok button<br/>
---------------------------------------------------------------------------------<br/>
</div>
</td>
<td></td>
<td>6</td>
<td>com.testScripts.Bill_Settlement_page_test@1529185</td></tr>
<tr>
<td title='com.testScripts.Bill_Settlement_page_test.BS_43_Display_membership_amount_txtbox_in_disable()'><b>BS_43_Display_membership_amount_txtbox_in_disable</b><br>Test class: com.testScripts.Bill_Settlement_page_test<br/>
<a href="#Output-9550264" onClick='toggleBox("Output-9550264", this, "Show output", "Hide output");'>Show output</a>

<a href="#Output-9550264" onClick="toggleAllBoxes();">Show all outputs</a>
<div class='log' id="Output-9550264">
Membership amount is displayed in textbox<br/>
Membership amount is displayed in textbox as a disable mode<br/>
---------------------------------------------------------------------------------<br/>
</div>
</td>
<td></td>
<td>6</td>
<td>com.testScripts.Bill_Settlement_page_test@1529185</td></tr>
<tr>
<td title='com.testScripts.Bill_Settlement_page_test.BS_44_enter_amount_click_add_settlement()'><b>BS_44_enter_amount_click_add_settlement</b><br>Test class: com.testScripts.Bill_Settlement_page_test<br/>
<a href="#Output-17477951" onClick='toggleBox("Output-17477951", this, "Show output", "Hide output");'>Show output</a>

<a href="#Output-17477951" onClick="toggleAllBoxes();">Show all outputs</a>
<div class='log' id="Output-17477951">
Membership is selected<br/>
Entered amount in textbox<br/>
no alert open
  (Session info: chrome=57.0.2987.133)
  (Driver info: chromedriver=2.29.461591 (62ebf098771772160f391d75e589dc567915b233),platform=Windows NT 6.1.7600 x86) (WARNING: The server did not provide any stacktrace information)
Command duration or timeout: 5 milliseconds
Build info: version: '2.2.1', revision: '16551', time: '2012-04-11 21:42:35'
System info: os.name: 'Windows 7', os.arch: 'x86', os.version: '6.1', java.version: '1.8.0_121'
Driver info: driver.version: RemoteWebDriver<br/>
</div>
</td>
<td></td>
<td>8</td>
<td>com.testScripts.Bill_Settlement_page_test@1529185</td></tr>
<tr>
<td title='com.testScripts.Bill_Settlement_page_test.BS_45_Enter_amount_more_than_net_amount_click_add_settlement()'><b>BS_45_Enter_amount_more_than_net_amount_click_add_settlement</b><br>Test class: com.testScripts.Bill_Settlement_page_test<br/>
<a href="#Output-20874837" onClick='toggleBox("Output-20874837", this, "Show output", "Hide output");'>Show output</a>

<a href="#Output-20874837" onClick="toggleAllBoxes();">Show all outputs</a>
<div class='log' id="Output-20874837">
Membership is selected<br/>
Popup is accepted<br/>
Entered amount in textbox<br/>
Clicked add settlement button<br/>
no alert open
  (Session info: chrome=57.0.2987.133)
  (Driver info: chromedriver=2.29.461591 (62ebf098771772160f391d75e589dc567915b233),platform=Windows NT 6.1.7600 x86) (WARNING: The server did not provide any stacktrace information)
Command duration or timeout: 3 milliseconds
Build info: version: '2.2.1', revision: '16551', time: '2012-04-11 21:42:35'
System info: os.name: 'Windows 7', os.arch: 'x86', os.version: '6.1', java.version: '1.8.0_121'
Driver info: driver.version: RemoteWebDriver<br/>
</div>
</td>
<td></td>
<td>11</td>
<td>com.testScripts.Bill_Settlement_page_test@1529185</td></tr>
<tr>
<td title='com.testScripts.Bill_Settlement_page_test.BS_46_Enter_amount_less_than_or_equal_membership_amount_click_add_settlement()'><b>BS_46_Enter_amount_less_than_or_equal_membership_amount_click_add_settlement</b><br>Test class: com.testScripts.Bill_Settlement_page_test<br/>
<a href="#Output-8827989" onClick='toggleBox("Output-8827989", this, "Show output", "Hide output");'>Show output</a>

<a href="#Output-8827989" onClick="toggleAllBoxes();">Show all outputs</a>
<div class='log' id="Output-8827989">
Membership is selected<br/>
Entered amount in textbox<br/>
no alert open
  (Session info: chrome=57.0.2987.133)
  (Driver info: chromedriver=2.29.461591 (62ebf098771772160f391d75e589dc567915b233),platform=Windows NT 6.1.7600 x86) (WARNING: The server did not provide any stacktrace information)
Command duration or timeout: 6 milliseconds
Build info: version: '2.2.1', revision: '16551', time: '2012-04-11 21:42:35'
System info: os.name: 'Windows 7', os.arch: 'x86', os.version: '6.1', java.version: '1.8.0_121'
Driver info: driver.version: RemoteWebDriver<br/>
</div>
</td>
<td></td>
<td>8</td>
<td>com.testScripts.Bill_Settlement_page_test@1529185</td></tr>
<tr>
<td title='com.testScripts.Bill_Settlement_page_test.BS_47_Enter_amount_more_than__membership_amount_click_add_settlement()'><b>BS_47_Enter_amount_more_than__membership_amount_click_add_settlement</b><br>Test class: com.testScripts.Bill_Settlement_page_test<br/>
<a href="#Output-9208166" onClick='toggleBox("Output-9208166", this, "Show output", "Hide output");'>Show output</a>

<a href="#Output-9208166" onClick="toggleAllBoxes();">Show all outputs</a>
<div class='log' id="Output-9208166">
Membership is selected<br/>
Entered 26 amount in textbox<br/>
Clicked add settlement button<br/>
no alert open
  (Session info: chrome=57.0.2987.133)
  (Driver info: chromedriver=2.29.461591 (62ebf098771772160f391d75e589dc567915b233),platform=Windows NT 6.1.7600 x86) (WARNING: The server did not provide any stacktrace information)
Command duration or timeout: 2 milliseconds
Build info: version: '2.2.1', revision: '16551', time: '2012-04-11 21:42:35'
System info: os.name: 'Windows 7', os.arch: 'x86', os.version: '6.1', java.version: '1.8.0_121'
Driver info: driver.version: RemoteWebDriver<br/>
</div>
</td>
<td></td>
<td>16</td>
<td>com.testScripts.Bill_Settlement_page_test@1529185</td></tr>
<tr>
<td title='com.testScripts.Bill_Settlement_page_test.BS_48_click_ok_button()'><b>BS_48_click_ok_button</b><br>Test class: com.testScripts.Bill_Settlement_page_test<br/>
<a href="#Output-13928019" onClick='toggleBox("Output-13928019", this, "Show output", "Hide output");'>Show output</a>

<a href="#Output-13928019" onClick="toggleAllBoxes();">Show all outputs</a>
<div class='log' id="Output-13928019">
Membership is selected<br/>
Entered amount in textbox<br/>
Your Memebership Amount is : 25<br/>
your are entering more amount than your membership amount <br/>
no alert open
  (Session info: chrome=57.0.2987.133)
  (Driver info: chromedriver=2.29.461591 (62ebf098771772160f391d75e589dc567915b233),platform=Windows NT 6.1.7600 x86) (WARNING: The server did not provide any stacktrace information)
Command duration or timeout: 2 milliseconds
Build info: version: '2.2.1', revision: '16551', time: '2012-04-11 21:42:35'
System info: os.name: 'Windows 7', os.arch: 'x86', os.version: '6.1', java.version: '1.8.0_121'
Driver info: driver.version: RemoteWebDriver<br/>
</div>
</td>
<td></td>
<td>16</td>
<td>com.testScripts.Bill_Settlement_page_test@1529185</td></tr>
<tr>
<td title='com.testScripts.Bill_Settlement_page_test.BS_49_deselect_after_select_dropdown_corporate()'><b>BS_49_deselect_after_select_dropdown_corporate</b><br>Test class: com.testScripts.Bill_Settlement_page_test<br/>
<a href="#Output-27127772" onClick='toggleBox("Output-27127772", this, "Show output", "Hide output");'>Show output</a>

<a href="#Output-27127772" onClick="toggleAllBoxes();">Show all outputs</a>
<div class='log' id="Output-27127772">
Bill no link is clicked<br/>
Dropdown selected from paymentmode<br/>
Accepted popup<br/>
Select<br/>
Cleared CreditList amount textbox<br/>
---------------------------------------------------------------------------------<br/>
</div>
</td>
<td></td>
<td>13</td>
<td>com.testScripts.Bill_Settlement_page_test@1529185</td></tr>
<tr>
<td title='com.testScripts.HomePage_Test.HP_01_Verify_HomePage()'><b>HP_01_Verify_HomePage</b><br>Test class: com.testScripts.HomePage_Test<br/>
<a href="#Output-23472759" onClick='toggleBox("Output-23472759", this, "Show output", "Hide output");'>Show output</a>

<a href="#Output-23472759" onClick="toggleAllBoxes();">Show all outputs</a>
<div class='log' id="Output-23472759">
Launch_Application: Wellness Application Launched Successfully<br/>
                               <br/>
As expected HomePage Displayed Successfully<br/>
PageURL displayed as : http://172.22.5.34:8080/wellness/ at HomePage<br/>
</div>
</td>
<td></td>
<td>3</td>
<td>com.testScripts.HomePage_Test@1eb5ee5</td></tr>
<tr>
<td title='com.testScripts.HomePage_Test.HP_02_Verify_UI()'><b>HP_02_Verify_UI</b><br>Test class: com.testScripts.HomePage_Test<br/>
<a href="#Output-3248550" onClick='toggleBox("Output-3248550", this, "Show output", "Hide output");'>Show output</a>

<a href="#Output-3248550" onClick="toggleAllBoxes();">Show all outputs</a>
<div class='log' id="Output-3248550">
Launch_Application: Wellness Application Launched Successfully<br/>
                               <br/>
Total images in Home page 2<br/>
2 images displayed<br/>
Total Links in Home page 1<br/>
Click here to login link is displayed and enabled <br/>
</div>
</td>
<td></td>
<td>1</td>
<td>com.testScripts.HomePage_Test@1eb5ee5</td></tr>
<tr>
<td title='com.testScripts.HomePage_Test.HP_03_Verify_Click_here_to_login_button()'><b>HP_03_Verify_Click_here_to_login_button</b><br>Test class: com.testScripts.HomePage_Test<br/>
<a href="#Output-12635565" onClick='toggleBox("Output-12635565", this, "Show output", "Hide output");'>Show output</a>

<a href="#Output-12635565" onClick="toggleAllBoxes();">Show all outputs</a>
<div class='log' id="Output-12635565">
Launch_Application: Wellness Application Launched Successfully<br/>
                               <br/>
As expected Click Here To Login button is displayed<br/>
As expected Click Here To Login button is enabled<br/>
</div>
</td>
<td></td>
<td>1</td>
<td>com.testScripts.HomePage_Test@1eb5ee5</td></tr>
<tr>
<td title='com.testScripts.HomePage_Test.HP_04_Verify_StaffLoginPage()'><b>HP_04_Verify_StaffLoginPage</b><br>Test class: com.testScripts.HomePage_Test<br/>
<a href="#Output-1135548" onClick='toggleBox("Output-1135548", this, "Show output", "Hide output");'>Show output</a>

<a href="#Output-1135548" onClick="toggleAllBoxes();">Show all outputs</a>
<div class='log' id="Output-1135548">
Launch_Application: Wellness Application Launched Successfully<br/>
                               <br/>
As expected Staff Login Page Displayed Successfully<br/>
PageURL displayed as : http://172.22.5.34:8080/wellness/login at Staff Login Page<br/>
</div>
</td>
<td></td>
<td>6</td>
<td>com.testScripts.HomePage_Test@1eb5ee5</td></tr>
<tr>
<td title='com.testScripts.Staff_Login_Test.SL_01_Verify_Staff_Login_Page()'><b>SL_01_Verify_Staff_Login_Page</b><br>Test class: com.testScripts.Staff_Login_Test<br/>
<a href="#Output-27388329" onClick='toggleBox("Output-27388329", this, "Show output", "Hide output");'>Show output</a>

<a href="#Output-27388329" onClick="toggleAllBoxes();">Show all outputs</a>
<div class='log' id="Output-27388329">
Launch_Application: Wellness Application Launched Successfully<br/>
                               <br/>
As expected Staff Login Page Displayed Successfully<br/>
PageURL displayed as : http://172.22.5.34:8080/wellness/login at Staff Login Page<br/>
</div>
</td>
<td></td>
<td>3</td>
<td>com.testScripts.Staff_Login_Test@145b572</td></tr>
<tr>
<td title='com.testScripts.Staff_Login_Test.SL_02_Verify_Main_Heading()'><b>SL_02_Verify_Main_Heading</b><br>Test class: com.testScripts.Staff_Login_Test<br/>
<a href="#Output-28680322" onClick='toggleBox("Output-28680322", this, "Show output", "Hide output");'>Show output</a>

<a href="#Output-28680322" onClick="toggleAllBoxes();">Show all outputs</a>
<div class='log' id="Output-28680322">
Launch_Application: Wellness Application Launched Successfully<br/>
                               <br/>
As expected displayed Main Heading as Staff Login<br/>
</div>
</td>
<td></td>
<td>6</td>
<td>com.testScripts.Staff_Login_Test@145b572</td></tr>
<tr>
<td title='com.testScripts.Staff_Login_Test.SL_03_Verify_LoginButton()'><b>SL_03_Verify_LoginButton</b><br>Test class: com.testScripts.Staff_Login_Test<br/>
<a href="#Output-27012125" onClick='toggleBox("Output-27012125", this, "Show output", "Hide output");'>Show output</a>

<a href="#Output-27012125" onClick="toggleAllBoxes();">Show all outputs</a>
<div class='log' id="Output-27012125">
Launch_Application: Wellness Application Launched Successfully<br/>
                               <br/>
As expected Login button is enabled <br/>
</div>
</td>
<td></td>
<td>6</td>
<td>com.testScripts.Staff_Login_Test@145b572</td></tr>
<tr>
<td title='com.testScripts.Staff_Login_Test.SL_10_Verify_Password_Visibility()'><b>SL_10_Verify_Password_Visibility</b><br>Test class: com.testScripts.Staff_Login_Test<br/>
<a href="#Output-14118705" onClick='toggleBox("Output-14118705", this, "Show output", "Hide output");'>Show output</a>

<a href="#Output-14118705" onClick="toggleAllBoxes();">Show all outputs</a>
<div class='log' id="Output-14118705">
Launch_Application: Wellness Application Launched Successfully<br/>
                               <br/>
As expected password characters not visible, displaying as ***** <br/>
</div>
</td>
<td></td>
<td>3</td>
<td>com.testScripts.Staff_Login_Test@145b572</td></tr>
<tr>
<td title='com.testScripts.Staff_Login_Test.SL_11_Verify_Login_Valid_Username_Valid_Password()'><b>SL_11_Verify_Login_Valid_Username_Valid_Password</b><br>Test class: com.testScripts.Staff_Login_Test<br/>
<a href="#Output-14827665" onClick='toggleBox("Output-14827665", this, "Show output", "Hide output");'>Show output</a>

<a href="#Output-14827665" onClick="toggleAllBoxes();">Show all outputs</a>
<div class='log' id="Output-14827665">
Launch_Application: Wellness Application Launched Successfully<br/>
                               <br/>
Entered Valid Username<br/>
Entered Valid Password<br/>
As expected Alert not presented<br/>
As expected Appointment List Page Displayed Successfully<br/>
PageURL displayed as : http://172.22.5.34:8080/wellness/appointmentslist at Appointment List Page<br/>
</div>
</td>
<td></td>
<td>9</td>
<td>com.testScripts.Staff_Login_Test@145b572</td></tr>
</table><p>
</body>
</html>